============================================================
data:
  name: etth2
  root_path: data/ETT-small
  data_path: ETTh2.csv
  data_kind: ETTh
  features: M
  target: OT
  freq: h
  n_vars: 7
model:
  name: metatsf_vglg
  type: vglg
  d_model: 128
  n_layers: 2
  dropout: 0.1
  channel_mlp_mult: 2
  revin: true
  affine: true
  mixer:
    type: vglg
    kernel_size: 31
    rank: 8
    dropout: 0.1
    gate_hidden: 16
    gate_entropy_reg: 0.0
    gate_mode: learned
train:
  name: default
  seq_len: 96
  label_len: 48
  pred_len: 336
  batch_size: 32
  num_workers: 4
  train_epochs: 30
  patience: 8
  learning_rate: 0.001
  loss: mse
  lradj: type3
  weight_decay: 0.0001
  gradient_clip: 1.0
  use_amp: true
  gpu_resident_data: false
  matmul_precision: highest
  log_interval: 50
  val_interval: 1
  checkpoint_dir: checkpoints
  use_wandb: false
  wandb_project: vglg-tsf
seed: 2021
device: cuda
project: vglg-tsf
run_name: etth2_metatsf_vglg_h336_wd0p0001_s2021
tag: metatsf_h720_scout

============================================================
Loaded data | train=8209 val=2545 test=2545
Built model: metatsf_vglg | params=61,018
  epoch 1 batch 50/256 loss=0.680836
  epoch 1 batch 100/256 loss=0.663218
  epoch 1 batch 150/256 loss=0.665729
  epoch 1 batch 200/256 loss=0.654802
  epoch 1 batch 250/256 loss=0.639324
Epoch 1 | train_loss=0.640377 val_mse=0.382212 val_mae=0.416513 (7.0s)
  Validation improved to 0.382212; saved checkpoint.
  epoch 2 batch 50/256 loss=0.597971
  epoch 2 batch 100/256 loss=0.582468
  epoch 2 batch 150/256 loss=0.572660
  epoch 2 batch 200/256 loss=0.563064
  epoch 2 batch 250/256 loss=0.555860
Epoch 2 | train_loss=0.555502 val_mse=0.381361 val_mae=0.416458 (6.5s)
  Validation improved to 0.381361; saved checkpoint.
  epoch 3 batch 50/256 loss=0.491288
  epoch 3 batch 100/256 loss=0.497303
  epoch 3 batch 150/256 loss=0.512123
  epoch 3 batch 200/256 loss=0.514278
  epoch 3 batch 250/256 loss=0.510263
Epoch 3 | train_loss=0.510358 val_mse=0.378058 val_mae=0.419097 (6.6s)
  Validation improved to 0.378058; saved checkpoint.
  epoch 4 batch 50/256 loss=0.514384
  epoch 4 batch 100/256 loss=0.514318
  epoch 4 batch 150/256 loss=0.496568
  epoch 4 batch 200/256 loss=0.493715
  epoch 4 batch 250/256 loss=0.494159
Epoch 4 | train_loss=0.492978 val_mse=0.380184 val_mae=0.425696 (6.9s)
  EarlyStopping: 1/8
  epoch 5 batch 50/256 loss=0.491252
  epoch 5 batch 100/256 loss=0.476182
  epoch 5 batch 150/256 loss=0.484191
  epoch 5 batch 200/256 loss=0.483646
  epoch 5 batch 250/256 loss=0.477927
Epoch 5 | train_loss=0.479929 val_mse=0.385834 val_mae=0.421965 (6.6s)
  EarlyStopping: 2/8
  epoch 6 batch 50/256 loss=0.466103
  epoch 6 batch 100/256 loss=0.470851
  epoch 6 batch 150/256 loss=0.476617
  epoch 6 batch 200/256 loss=0.473533
  epoch 6 batch 250/256 loss=0.471235
Epoch 6 | train_loss=0.471295 val_mse=0.387001 val_mae=0.424325 (6.7s)
  EarlyStopping: 3/8
  epoch 7 batch 50/256 loss=0.478230
  epoch 7 batch 100/256 loss=0.469382
  epoch 7 batch 150/256 loss=0.460354
  epoch 7 batch 200/256 loss=0.460164
  epoch 7 batch 250/256 loss=0.460949
Epoch 7 | train_loss=0.462611 val_mse=0.396393 val_mae=0.427664 (6.7s)
  EarlyStopping: 4/8
  epoch 8 batch 50/256 loss=0.470938
  epoch 8 batch 100/256 loss=0.474312
  epoch 8 batch 150/256 loss=0.462057
  epoch 8 batch 200/256 loss=0.454670
  epoch 8 batch 250/256 loss=0.456630
Epoch 8 | train_loss=0.457008 val_mse=0.399005 val_mae=0.429290 (6.0s)
  EarlyStopping: 5/8
  epoch 9 batch 50/256 loss=0.462549
  epoch 9 batch 100/256 loss=0.454681
  epoch 9 batch 150/256 loss=0.455692
  epoch 9 batch 200/256 loss=0.452247
  epoch 9 batch 250/256 loss=0.449946
Epoch 9 | train_loss=0.450673 val_mse=0.401234 val_mae=0.428475 (7.0s)
  EarlyStopping: 6/8
  epoch 10 batch 50/256 loss=0.445043
  epoch 10 batch 100/256 loss=0.450163
  epoch 10 batch 150/256 loss=0.435042
  epoch 10 batch 200/256 loss=0.443140
  epoch 10 batch 250/256 loss=0.446529
Epoch 10 | train_loss=0.445800 val_mse=0.410508 val_mae=0.433449 (6.7s)
  EarlyStopping: 7/8
  epoch 11 batch 50/256 loss=0.459166
  epoch 11 batch 100/256 loss=0.442817
  epoch 11 batch 150/256 loss=0.440535
  epoch 11 batch 200/256 loss=0.442272
  epoch 11 batch 250/256 loss=0.442674
Epoch 11 | train_loss=0.441596 val_mse=0.397783 val_mae=0.427327 (6.7s)
  EarlyStopping: 8/8
Early stopping at epoch 11.

Test | mse=0.457425 mae=0.449514 rmse=0.676332
