============================================================
data:
  name: etth1
  root_path: data/ETT-small
  data_path: ETTh1.csv
  data_kind: ETTh
  features: M
  target: OT
  freq: h
  n_vars: 7
model:
  name: metatsf_vglg
  type: vglg
  d_model: 128
  n_layers: 2
  dropout: 0.1
  channel_mlp_mult: 2
  revin: true
  affine: true
  mixer:
    type: vglg
    kernel_size: 31
    rank: 8
    dropout: 0.1
    gate_hidden: 16
    gate_entropy_reg: 0.0
    gate_mode: learned
train:
  name: default
  seq_len: 96
  label_len: 48
  pred_len: 336
  batch_size: 32
  num_workers: 4
  train_epochs: 30
  patience: 8
  learning_rate: 0.001
  loss: mse
  lradj: type3
  weight_decay: 0.0005
  gradient_clip: 1.0
  use_amp: true
  gpu_resident_data: false
  matmul_precision: highest
  log_interval: 50
  val_interval: 1
  checkpoint_dir: checkpoints
  use_wandb: false
  wandb_project: vglg-tsf
seed: 2021
device: cuda
project: vglg-tsf
run_name: etth1_metatsf_vglg_h336_wd0p0005_s2021
tag: metatsf_h720_scout

============================================================
Loaded data | train=8209 val=2545 test=2545
Built model: metatsf_vglg | params=61,018
  epoch 1 batch 50/256 loss=0.567610
  epoch 1 batch 100/256 loss=0.529650
  epoch 1 batch 150/256 loss=0.519906
  epoch 1 batch 200/256 loss=0.513233
  epoch 1 batch 250/256 loss=0.507554
Epoch 1 | train_loss=0.507034 val_mse=1.290959 val_mae=0.758819 (6.7s)
  Validation improved to 1.290959; saved checkpoint.
  epoch 2 batch 50/256 loss=0.492657
  epoch 2 batch 100/256 loss=0.483375
  epoch 2 batch 150/256 loss=0.482341
  epoch 2 batch 200/256 loss=0.477961
  epoch 2 batch 250/256 loss=0.475797
Epoch 2 | train_loss=0.476339 val_mse=1.288864 val_mae=0.755203 (6.5s)
  Validation improved to 1.288864; saved checkpoint.
  epoch 3 batch 50/256 loss=0.467812
  epoch 3 batch 100/256 loss=0.464472
  epoch 3 batch 150/256 loss=0.466442
  epoch 3 batch 200/256 loss=0.465535
  epoch 3 batch 250/256 loss=0.468326
Epoch 3 | train_loss=0.468523 val_mse=1.291963 val_mae=0.758740 (6.8s)
  EarlyStopping: 1/8
  epoch 4 batch 50/256 loss=0.451688
  epoch 4 batch 100/256 loss=0.455255
  epoch 4 batch 150/256 loss=0.455043
  epoch 4 batch 200/256 loss=0.453380
  epoch 4 batch 250/256 loss=0.453696
Epoch 4 | train_loss=0.453692 val_mse=1.308783 val_mae=0.767762 (6.9s)
  EarlyStopping: 2/8
  epoch 5 batch 50/256 loss=0.442507
  epoch 5 batch 100/256 loss=0.445476
  epoch 5 batch 150/256 loss=0.442865
  epoch 5 batch 200/256 loss=0.441808
  epoch 5 batch 250/256 loss=0.440176
Epoch 5 | train_loss=0.440434 val_mse=1.338041 val_mae=0.776282 (6.3s)
  EarlyStopping: 3/8
  epoch 6 batch 50/256 loss=0.432453
  epoch 6 batch 100/256 loss=0.432372
  epoch 6 batch 150/256 loss=0.429566
  epoch 6 batch 200/256 loss=0.429546
  epoch 6 batch 250/256 loss=0.429487
Epoch 6 | train_loss=0.429622 val_mse=1.325488 val_mae=0.777323 (6.5s)
  EarlyStopping: 4/8
  epoch 7 batch 50/256 loss=0.419262
  epoch 7 batch 100/256 loss=0.420483
  epoch 7 batch 150/256 loss=0.420445
  epoch 7 batch 200/256 loss=0.420413
  epoch 7 batch 250/256 loss=0.421405
Epoch 7 | train_loss=0.421408 val_mse=1.310738 val_mae=0.772620 (6.5s)
  EarlyStopping: 5/8
  epoch 8 batch 50/256 loss=0.413401
  epoch 8 batch 100/256 loss=0.417137
  epoch 8 batch 150/256 loss=0.414583
  epoch 8 batch 200/256 loss=0.414098
  epoch 8 batch 250/256 loss=0.414730
Epoch 8 | train_loss=0.414682 val_mse=1.323325 val_mae=0.779367 (6.4s)
  EarlyStopping: 6/8
  epoch 9 batch 50/256 loss=0.402646
  epoch 9 batch 100/256 loss=0.408819
  epoch 9 batch 150/256 loss=0.410473
  epoch 9 batch 200/256 loss=0.409592
  epoch 9 batch 250/256 loss=0.408803
Epoch 9 | train_loss=0.408822 val_mse=1.310075 val_mae=0.776139 (6.6s)
  EarlyStopping: 7/8
  epoch 10 batch 50/256 loss=0.407717
  epoch 10 batch 100/256 loss=0.404240
  epoch 10 batch 150/256 loss=0.402320
  epoch 10 batch 200/256 loss=0.404599
  epoch 10 batch 250/256 loss=0.404873
Epoch 10 | train_loss=0.404716 val_mse=1.334809 val_mae=0.785361 (6.6s)
  EarlyStopping: 8/8
Early stopping at epoch 10.

Test | mse=0.476847 mae=0.448180 rmse=0.690541
