============================================================
data:
  name: traffic
  root_path: data/traffic
  data_path: traffic.csv
  data_kind: custom
  features: M
  target: OT
  freq: h
  n_vars: 862
model:
  name: metatsf_vglg
  type: vglg
  d_model: 128
  n_layers: 2
  dropout: 0.1
  channel_mlp_mult: 2
  revin: true
  affine: true
  mixer:
    type: vglg
    kernel_size: 31
    rank: 8
    dropout: 0.1
    gate_hidden: 16
    gate_entropy_reg: 0.0
    gate_mode: learned
train:
  name: default
  seq_len: 96
  label_len: 48
  pred_len: 336
  batch_size: 32
  num_workers: 4
  train_epochs: 30
  patience: 8
  learning_rate: 0.001
  loss: mse
  lradj: type3
  weight_decay: 0.0005
  gradient_clip: 1.0
  use_amp: true
  gpu_resident_data: false
  matmul_precision: highest
  log_interval: 50
  val_interval: 1
  checkpoint_dir: checkpoints
  use_wandb: false
  wandb_project: vglg-tsf
seed: 2021
device: cuda
project: vglg-tsf
run_name: traffic_metatsf_vglg_h336_wd0p0005_s2021
tag: metatsf_h720_scout

============================================================
Loaded data | train=11849 val=1421 test=3173
Built model: metatsf_vglg | params=6,073,378
  epoch 1 batch 50/370 loss=0.628554
  epoch 1 batch 100/370 loss=0.522871
  epoch 1 batch 150/370 loss=0.471739
  epoch 1 batch 200/370 loss=0.440726
  epoch 1 batch 250/370 loss=0.419486
  epoch 1 batch 300/370 loss=0.403322
  epoch 1 batch 350/370 loss=0.390336
Epoch 1 | train_loss=0.385961 val_mse=0.443592 val_mae=0.334334 (16.3s)
  Validation improved to 0.443592; saved checkpoint.
  epoch 2 batch 50/370 loss=0.301013
  epoch 2 batch 100/370 loss=0.298222
  epoch 2 batch 150/370 loss=0.295233
  epoch 2 batch 200/370 loss=0.293200
  epoch 2 batch 250/370 loss=0.291261
  epoch 2 batch 300/370 loss=0.289490
  epoch 2 batch 350/370 loss=0.288325
Epoch 2 | train_loss=0.287988 val_mse=0.419797 val_mae=0.309377 (14.8s)
  Validation improved to 0.419797; saved checkpoint.
  epoch 3 batch 50/370 loss=0.274075
  epoch 3 batch 100/370 loss=0.275111
  epoch 3 batch 150/370 loss=0.275011
  epoch 3 batch 200/370 loss=0.274961
  epoch 3 batch 250/370 loss=0.274766
  epoch 3 batch 300/370 loss=0.274338
  epoch 3 batch 350/370 loss=0.274331
Epoch 3 | train_loss=0.274114 val_mse=0.414396 val_mae=0.305585 (14.7s)
  Validation improved to 0.414396; saved checkpoint.
  epoch 4 batch 50/370 loss=0.270135
  epoch 4 batch 100/370 loss=0.270391
  epoch 4 batch 150/370 loss=0.271018
  epoch 4 batch 200/370 loss=0.270910
  epoch 4 batch 250/370 loss=0.270856
  epoch 4 batch 300/370 loss=0.270477
  epoch 4 batch 350/370 loss=0.270491
Epoch 4 | train_loss=0.270570 val_mse=0.416941 val_mae=0.307044 (15.1s)
  EarlyStopping: 1/8
  epoch 5 batch 50/370 loss=0.268590
  epoch 5 batch 100/370 loss=0.268282
  epoch 5 batch 150/370 loss=0.268389
  epoch 5 batch 200/370 loss=0.268370
  epoch 5 batch 250/370 loss=0.268309
  epoch 5 batch 300/370 loss=0.268229
  epoch 5 batch 350/370 loss=0.268163
Epoch 5 | train_loss=0.268165 val_mse=0.412971 val_mae=0.301647 (14.6s)
  Validation improved to 0.412971; saved checkpoint.
  epoch 6 batch 50/370 loss=0.266262
  epoch 6 batch 100/370 loss=0.267021
  epoch 6 batch 150/370 loss=0.266705
  epoch 6 batch 200/370 loss=0.266612
  epoch 6 batch 250/370 loss=0.265793
  epoch 6 batch 300/370 loss=0.265955
  epoch 6 batch 350/370 loss=0.265861
Epoch 6 | train_loss=0.265905 val_mse=0.420676 val_mae=0.310170 (15.3s)
  EarlyStopping: 1/8
  epoch 7 batch 50/370 loss=0.265128
  epoch 7 batch 100/370 loss=0.264629
  epoch 7 batch 150/370 loss=0.264316
  epoch 7 batch 200/370 loss=0.263776
  epoch 7 batch 250/370 loss=0.263746
  epoch 7 batch 300/370 loss=0.263446
  epoch 7 batch 350/370 loss=0.263111
Epoch 7 | train_loss=0.263096 val_mse=0.416941 val_mae=0.300742 (14.9s)
  EarlyStopping: 2/8
  epoch 8 batch 50/370 loss=0.262880
  epoch 8 batch 100/370 loss=0.262132
  epoch 8 batch 150/370 loss=0.261474
  epoch 8 batch 200/370 loss=0.261169
  epoch 8 batch 250/370 loss=0.261262
  epoch 8 batch 300/370 loss=0.261090
  epoch 8 batch 350/370 loss=0.260940
Epoch 8 | train_loss=0.260740 val_mse=0.415722 val_mae=0.299281 (15.0s)
  EarlyStopping: 3/8
  epoch 9 batch 50/370 loss=0.258161
  epoch 9 batch 100/370 loss=0.258173
  epoch 9 batch 150/370 loss=0.258245
  epoch 9 batch 200/370 loss=0.258569
  epoch 9 batch 250/370 loss=0.258411
  epoch 9 batch 300/370 loss=0.258566
  epoch 9 batch 350/370 loss=0.258482
Epoch 9 | train_loss=0.258452 val_mse=0.422829 val_mae=0.301673 (14.9s)
  EarlyStopping: 4/8
  epoch 10 batch 50/370 loss=0.256928
  epoch 10 batch 100/370 loss=0.257686
  epoch 10 batch 150/370 loss=0.257791
  epoch 10 batch 200/370 loss=0.257373
  epoch 10 batch 250/370 loss=0.257465
  epoch 10 batch 300/370 loss=0.257025
  epoch 10 batch 350/370 loss=0.256959
Epoch 10 | train_loss=0.256903 val_mse=0.418621 val_mae=0.297619 (14.9s)
  EarlyStopping: 5/8
  epoch 11 batch 50/370 loss=0.255178
  epoch 11 batch 100/370 loss=0.255070
  epoch 11 batch 150/370 loss=0.255401
  epoch 11 batch 200/370 loss=0.255496
  epoch 11 batch 250/370 loss=0.255390
  epoch 11 batch 300/370 loss=0.255287
  epoch 11 batch 350/370 loss=0.255356
Epoch 11 | train_loss=0.255348 val_mse=0.417354 val_mae=0.298715 (15.0s)
  EarlyStopping: 6/8
  epoch 12 batch 50/370 loss=0.256232
  epoch 12 batch 100/370 loss=0.254491
  epoch 12 batch 150/370 loss=0.253797
  epoch 12 batch 200/370 loss=0.253472
  epoch 12 batch 250/370 loss=0.253521
  epoch 12 batch 300/370 loss=0.253776
  epoch 12 batch 350/370 loss=0.253855
Epoch 12 | train_loss=0.253823 val_mse=0.419896 val_mae=0.297410 (15.0s)
  EarlyStopping: 7/8
  epoch 13 batch 50/370 loss=0.252469
  epoch 13 batch 100/370 loss=0.251899
  epoch 13 batch 150/370 loss=0.252226
  epoch 13 batch 200/370 loss=0.252161
  epoch 13 batch 250/370 loss=0.252402
  epoch 13 batch 300/370 loss=0.252232
  epoch 13 batch 350/370 loss=0.252109
Epoch 13 | train_loss=0.252155 val_mse=0.417717 val_mae=0.298773 (15.7s)
  EarlyStopping: 8/8
Early stopping at epoch 13.

Test | mse=0.497624 mae=0.337492 rmse=0.705425
