============================================================
data:
  name: electricity
  root_path: data/electricity
  data_path: electricity.csv
  data_kind: custom
  features: M
  target: OT
  freq: h
  n_vars: 321
model:
  name: metatsf_attn
  type: transformer
  d_model: 128
  n_layers: 2
  dropout: 0.1
  channel_mlp_mult: 2
  revin: true
  affine: true
  mixer:
    type: attn
    n_heads: 4
    dropout: 0.1
train:
  name: default
  seq_len: 96
  label_len: 48
  pred_len: 192
  batch_size: 32
  num_workers: 4
  train_epochs: 30
  patience: 8
  learning_rate: 0.001
  loss: mse
  lradj: type3
  weight_decay: 0.0
  gradient_clip: 1.0
  use_amp: true
  gpu_resident_data: false
  matmul_precision: highest
  log_interval: 50
  val_interval: 1
  checkpoint_dir: checkpoints
  use_wandb: false
  wandb_project: vglg-tsf
seed: 2021
device: cuda
project: vglg-tsf
run_name: null
tag: metatsf_tuned

============================================================
Loaded data | train=18125 val=2441 test=5069
Built model: metatsf_attn | params=998,744
  epoch 1 batch 50/566 loss=0.382585
  epoch 1 batch 100/566 loss=0.302147
  epoch 1 batch 150/566 loss=0.268617
  epoch 1 batch 200/566 loss=0.248086
  epoch 1 batch 250/566 loss=0.235084
  epoch 1 batch 300/566 loss=0.225261
  epoch 1 batch 350/566 loss=0.217283
  epoch 1 batch 400/566 loss=0.210846
  epoch 1 batch 450/566 loss=0.205169
  epoch 1 batch 500/566 loss=0.200075
  epoch 1 batch 550/566 loss=0.195052
Epoch 1 | train_loss=0.193575 val_mse=0.155199 val_mae=0.254702 (10.9s)
  Validation improved to 0.155199; saved checkpoint.
  epoch 2 batch 50/566 loss=0.138948
  epoch 2 batch 100/566 loss=0.137609
  epoch 2 batch 150/566 loss=0.135122
  epoch 2 batch 200/566 loss=0.133515
  epoch 2 batch 250/566 loss=0.131956
  epoch 2 batch 300/566 loss=0.130586
  epoch 2 batch 350/566 loss=0.129477
  epoch 2 batch 400/566 loss=0.128228
  epoch 2 batch 450/566 loss=0.127205
  epoch 2 batch 500/566 loss=0.126346
  epoch 2 batch 550/566 loss=0.125368
Epoch 2 | train_loss=0.125044 val_mse=0.151476 val_mae=0.249417 (10.9s)
  Validation improved to 0.151476; saved checkpoint.
  epoch 3 batch 50/566 loss=0.114341
  epoch 3 batch 100/566 loss=0.113536
  epoch 3 batch 150/566 loss=0.112579
  epoch 3 batch 200/566 loss=0.111739
  epoch 3 batch 250/566 loss=0.110830
  epoch 3 batch 300/566 loss=0.110289
  epoch 3 batch 350/566 loss=0.109759
  epoch 3 batch 400/566 loss=0.109037
  epoch 3 batch 450/566 loss=0.108444
  epoch 3 batch 500/566 loss=0.107858
  epoch 3 batch 550/566 loss=0.107277
Epoch 3 | train_loss=0.107092 val_mse=0.150084 val_mae=0.247597 (10.8s)
  Validation improved to 0.150084; saved checkpoint.
  epoch 4 batch 50/566 loss=0.099801
  epoch 4 batch 100/566 loss=0.100009
  epoch 4 batch 150/566 loss=0.099499
  epoch 4 batch 200/566 loss=0.098521
  epoch 4 batch 250/566 loss=0.098041
  epoch 4 batch 300/566 loss=0.097715
  epoch 4 batch 350/566 loss=0.097439
  epoch 4 batch 400/566 loss=0.097163
  epoch 4 batch 450/566 loss=0.096957
  epoch 4 batch 500/566 loss=0.096638
  epoch 4 batch 550/566 loss=0.096347
Epoch 4 | train_loss=0.096219 val_mse=0.150296 val_mae=0.247766 (10.6s)
  EarlyStopping: 1/8
  epoch 5 batch 50/566 loss=0.091911
  epoch 5 batch 100/566 loss=0.091526
  epoch 5 batch 150/566 loss=0.091527
  epoch 5 batch 200/566 loss=0.091485
  epoch 5 batch 250/566 loss=0.091196
  epoch 5 batch 300/566 loss=0.091011
  epoch 5 batch 350/566 loss=0.090836
  epoch 5 batch 400/566 loss=0.090668
  epoch 5 batch 450/566 loss=0.090316
  epoch 5 batch 500/566 loss=0.090007
  epoch 5 batch 550/566 loss=0.089780
Epoch 5 | train_loss=0.089724 val_mse=0.149743 val_mae=0.246419 (10.7s)
  Validation improved to 0.149743; saved checkpoint.
  epoch 6 batch 50/566 loss=0.087742
  epoch 6 batch 100/566 loss=0.086841
  epoch 6 batch 150/566 loss=0.086927
  epoch 6 batch 200/566 loss=0.086978
  epoch 6 batch 250/566 loss=0.086788
  epoch 6 batch 300/566 loss=0.086593
  epoch 6 batch 350/566 loss=0.086442
  epoch 6 batch 400/566 loss=0.086281
  epoch 6 batch 450/566 loss=0.086232
  epoch 6 batch 500/566 loss=0.086070
  epoch 6 batch 550/566 loss=0.085945
Epoch 6 | train_loss=0.085942 val_mse=0.151244 val_mae=0.247896 (10.7s)
  EarlyStopping: 1/8
  epoch 7 batch 50/566 loss=0.083315
  epoch 7 batch 100/566 loss=0.083749
  epoch 7 batch 150/566 loss=0.083779
  epoch 7 batch 200/566 loss=0.083753
  epoch 7 batch 250/566 loss=0.083636
  epoch 7 batch 300/566 loss=0.083736
  epoch 7 batch 350/566 loss=0.083557
  epoch 7 batch 400/566 loss=0.083429
  epoch 7 batch 450/566 loss=0.083352
  epoch 7 batch 500/566 loss=0.083242
  epoch 7 batch 550/566 loss=0.083128
Epoch 7 | train_loss=0.083060 val_mse=0.153399 val_mae=0.248236 (11.5s)
  EarlyStopping: 2/8
  epoch 8 batch 50/566 loss=0.082103
  epoch 8 batch 100/566 loss=0.081361
  epoch 8 batch 150/566 loss=0.081287
  epoch 8 batch 200/566 loss=0.081292
  epoch 8 batch 250/566 loss=0.081044
  epoch 8 batch 300/566 loss=0.080975
  epoch 8 batch 350/566 loss=0.081001
  epoch 8 batch 400/566 loss=0.080922
  epoch 8 batch 450/566 loss=0.080926
  epoch 8 batch 500/566 loss=0.080796
  epoch 8 batch 550/566 loss=0.080643
Epoch 8 | train_loss=0.080587 val_mse=0.153140 val_mae=0.248616 (11.2s)
  EarlyStopping: 3/8
  epoch 9 batch 50/566 loss=0.079466
  epoch 9 batch 100/566 loss=0.079308
  epoch 9 batch 150/566 loss=0.079400
  epoch 9 batch 200/566 loss=0.079347
  epoch 9 batch 250/566 loss=0.079264
  epoch 9 batch 300/566 loss=0.079212
  epoch 9 batch 350/566 loss=0.079111
  epoch 9 batch 400/566 loss=0.079108
  epoch 9 batch 450/566 loss=0.079019
  epoch 9 batch 500/566 loss=0.079027
  epoch 9 batch 550/566 loss=0.078934
Epoch 9 | train_loss=0.078930 val_mse=0.154011 val_mae=0.248793 (10.7s)
  EarlyStopping: 4/8
  epoch 10 batch 50/566 loss=0.077615
  epoch 10 batch 100/566 loss=0.077860
  epoch 10 batch 150/566 loss=0.077388
  epoch 10 batch 200/566 loss=0.077591
  epoch 10 batch 250/566 loss=0.077705
  epoch 10 batch 300/566 loss=0.077744
  epoch 10 batch 350/566 loss=0.077492
  epoch 10 batch 400/566 loss=0.077509
  epoch 10 batch 450/566 loss=0.077437
  epoch 10 batch 500/566 loss=0.077457
  epoch 10 batch 550/566 loss=0.077473
Epoch 10 | train_loss=0.077471 val_mse=0.152914 val_mae=0.249347 (10.8s)
  EarlyStopping: 5/8
  epoch 11 batch 50/566 loss=0.076495
  epoch 11 batch 100/566 loss=0.076420
  epoch 11 batch 150/566 loss=0.076260
  epoch 11 batch 200/566 loss=0.076246
  epoch 11 batch 250/566 loss=0.076325
  epoch 11 batch 300/566 loss=0.076371
  epoch 11 batch 350/566 loss=0.076277
  epoch 11 batch 400/566 loss=0.076309
  epoch 11 batch 450/566 loss=0.076239
  epoch 11 batch 500/566 loss=0.076127
  epoch 11 batch 550/566 loss=0.076084
Epoch 11 | train_loss=0.076072 val_mse=0.155461 val_mae=0.251203 (11.0s)
  EarlyStopping: 6/8
  epoch 12 batch 50/566 loss=0.076511
  epoch 12 batch 100/566 loss=0.075792
  epoch 12 batch 150/566 loss=0.075724
  epoch 12 batch 200/566 loss=0.075565
  epoch 12 batch 250/566 loss=0.075387
  epoch 12 batch 300/566 loss=0.075184
  epoch 12 batch 350/566 loss=0.075141
  epoch 12 batch 400/566 loss=0.075148
  epoch 12 batch 450/566 loss=0.075083
  epoch 12 batch 500/566 loss=0.074989
  epoch 12 batch 550/566 loss=0.074998
Epoch 12 | train_loss=0.074983 val_mse=0.154398 val_mae=0.250335 (11.6s)
  EarlyStopping: 7/8
  epoch 13 batch 50/566 loss=0.073914
  epoch 13 batch 100/566 loss=0.073860
  epoch 13 batch 150/566 loss=0.073816
  epoch 13 batch 200/566 loss=0.073957
  epoch 13 batch 250/566 loss=0.074105
  epoch 13 batch 300/566 loss=0.074127
  epoch 13 batch 350/566 loss=0.074115
  epoch 13 batch 400/566 loss=0.074063
  epoch 13 batch 450/566 loss=0.074039
  epoch 13 batch 500/566 loss=0.074083
  epoch 13 batch 550/566 loss=0.074031
Epoch 13 | train_loss=0.074026 val_mse=0.156798 val_mae=0.252157 (14.5s)
  EarlyStopping: 8/8
Early stopping at epoch 13.

Test | mse=0.183586 mae=0.279827 rmse=0.428469
