============================================================
data:
  name: etth2
  root_path: data/ETT-small
  data_path: ETTh2.csv
  data_kind: ETTh
  features: M
  target: OT
  freq: h
  n_vars: 7
model:
  name: metatsf_vglg
  type: vglg
  d_model: 128
  n_layers: 2
  dropout: 0.1
  channel_mlp_mult: 2
  revin: true
  affine: true
  mixer:
    type: vglg
    kernel_size: 31
    rank: 8
    dropout: 0.1
    gate_hidden: 16
    gate_entropy_reg: 0.0
    gate_mode: learned
train:
  name: default
  seq_len: 96
  label_len: 48
  pred_len: 96
  batch_size: 32
  num_workers: 4
  train_epochs: 30
  patience: 8
  learning_rate: 0.001
  loss: mse
  lradj: type3
  weight_decay: 0.0
  gradient_clip: 1.0
  use_amp: true
  gpu_resident_data: false
  matmul_precision: highest
  log_interval: 50
  val_interval: 1
  checkpoint_dir: checkpoints
  use_wandb: false
  wandb_project: vglg-tsf
seed: 2021
device: cuda
project: vglg-tsf
run_name: null
tag: metatsf_tuned

============================================================
Loaded data | train=8449 val=2785 test=2785
Built model: metatsf_vglg | params=30,058
  epoch 1 batch 50/264 loss=0.461298
  epoch 1 batch 100/264 loss=0.452685
  epoch 1 batch 150/264 loss=0.435057
  epoch 1 batch 200/264 loss=0.422558
  epoch 1 batch 250/264 loss=0.416721
Epoch 1 | train_loss=0.415602 val_mse=0.230858 val_mae=0.327608 (8.3s)
  Validation improved to 0.230858; saved checkpoint.
  epoch 2 batch 50/264 loss=0.429846
  epoch 2 batch 100/264 loss=0.392376
  epoch 2 batch 150/264 loss=0.372875
  epoch 2 batch 200/264 loss=0.361621
  epoch 2 batch 250/264 loss=0.362307
Epoch 2 | train_loss=0.363128 val_mse=0.253209 val_mae=0.341052 (6.5s)
  EarlyStopping: 1/8
  epoch 3 batch 50/264 loss=0.358963
  epoch 3 batch 100/264 loss=0.340679
  epoch 3 batch 150/264 loss=0.335469
  epoch 3 batch 200/264 loss=0.327893
  epoch 3 batch 250/264 loss=0.328936
Epoch 3 | train_loss=0.330387 val_mse=0.245109 val_mae=0.340298 (7.0s)
  EarlyStopping: 2/8
  epoch 4 batch 50/264 loss=0.317623
  epoch 4 batch 100/264 loss=0.316728
  epoch 4 batch 150/264 loss=0.313827
  epoch 4 batch 200/264 loss=0.313414
  epoch 4 batch 250/264 loss=0.310689
Epoch 4 | train_loss=0.309482 val_mse=0.246394 val_mae=0.341730 (6.9s)
  EarlyStopping: 3/8
  epoch 5 batch 50/264 loss=0.289910
  epoch 5 batch 100/264 loss=0.289114
  epoch 5 batch 150/264 loss=0.291656
  epoch 5 batch 200/264 loss=0.294185
  epoch 5 batch 250/264 loss=0.295965
Epoch 5 | train_loss=0.296417 val_mse=0.249641 val_mae=0.345397 (7.0s)
  EarlyStopping: 4/8
  epoch 6 batch 50/264 loss=0.292181
  epoch 6 batch 100/264 loss=0.287829
  epoch 6 batch 150/264 loss=0.285130
  epoch 6 batch 200/264 loss=0.288130
  epoch 6 batch 250/264 loss=0.285790
Epoch 6 | train_loss=0.285498 val_mse=0.252914 val_mae=0.346631 (7.3s)
  EarlyStopping: 5/8
  epoch 7 batch 50/264 loss=0.291444
  epoch 7 batch 100/264 loss=0.277621
  epoch 7 batch 150/264 loss=0.286132
  epoch 7 batch 200/264 loss=0.282503
  epoch 7 batch 250/264 loss=0.280874
Epoch 7 | train_loss=0.280528 val_mse=0.255771 val_mae=0.349133 (7.1s)
  EarlyStopping: 6/8
  epoch 8 batch 50/264 loss=0.268481
  epoch 8 batch 100/264 loss=0.267305
  epoch 8 batch 150/264 loss=0.265775
  epoch 8 batch 200/264 loss=0.270859
  epoch 8 batch 250/264 loss=0.269552
Epoch 8 | train_loss=0.270538 val_mse=0.254629 val_mae=0.348725 (5.7s)
  EarlyStopping: 7/8
  epoch 9 batch 50/264 loss=0.275641
  epoch 9 batch 100/264 loss=0.266061
  epoch 9 batch 150/264 loss=0.269031
  epoch 9 batch 200/264 loss=0.268357
  epoch 9 batch 250/264 loss=0.265649
Epoch 9 | train_loss=0.265654 val_mse=0.255725 val_mae=0.347533 (7.1s)
  EarlyStopping: 8/8
Early stopping at epoch 9.

Test | mse=0.311286 mae=0.353995 rmse=0.557931
