============================================================
data:
  name: etth2
  root_path: data/ETT-small
  data_path: ETTh2.csv
  data_kind: ETTh
  features: M
  target: OT
  freq: h
  n_vars: 7
model:
  name: metatsf_mlp
  type: mlp
  d_model: 128
  n_layers: 2
  dropout: 0.1
  channel_mlp_mult: 2
  revin: true
  affine: true
  mixer:
    type: mlp
    hidden_mult: 2
    dropout: 0.1
train:
  name: default
  seq_len: 96
  label_len: 48
  pred_len: 192
  batch_size: 32
  num_workers: 4
  train_epochs: 30
  patience: 8
  learning_rate: 0.001
  loss: mse
  lradj: type3
  weight_decay: 0.0
  gradient_clip: 1.0
  use_amp: true
  gpu_resident_data: false
  matmul_precision: highest
  log_interval: 50
  val_interval: 1
  checkpoint_dir: checkpoints
  use_wandb: false
  wandb_project: vglg-tsf
seed: 2021
device: cuda
project: vglg-tsf
run_name: null
tag: metatsf_tuned

============================================================
Loaded data | train=8353 val=2689 test=2689
Built model: metatsf_mlp | params=169,528
  epoch 1 batch 50/261 loss=0.583613
  epoch 1 batch 100/261 loss=0.557082
  epoch 1 batch 150/261 loss=0.544456
  epoch 1 batch 200/261 loss=0.531390
  epoch 1 batch 250/261 loss=0.531893
Epoch 1 | train_loss=0.528082 val_mse=0.290553 val_mae=0.366911 (4.6s)
  Validation improved to 0.290553; saved checkpoint.
  epoch 2 batch 50/261 loss=0.499405
  epoch 2 batch 100/261 loss=0.493034
  epoch 2 batch 150/261 loss=0.482162
  epoch 2 batch 200/261 loss=0.468746
  epoch 2 batch 250/261 loss=0.465302
Epoch 2 | train_loss=0.461352 val_mse=0.291418 val_mae=0.368857 (4.2s)
  EarlyStopping: 1/8
  epoch 3 batch 50/261 loss=0.415059
  epoch 3 batch 100/261 loss=0.408380
  epoch 3 batch 150/261 loss=0.413933
  epoch 3 batch 200/261 loss=0.413984
  epoch 3 batch 250/261 loss=0.415100
Epoch 3 | train_loss=0.413643 val_mse=0.304203 val_mae=0.378588 (5.0s)
  EarlyStopping: 2/8
  epoch 4 batch 50/261 loss=0.419563
  epoch 4 batch 100/261 loss=0.400137
  epoch 4 batch 150/261 loss=0.393259
  epoch 4 batch 200/261 loss=0.386680
  epoch 4 batch 250/261 loss=0.384910
Epoch 4 | train_loss=0.385157 val_mse=0.303297 val_mae=0.379242 (4.2s)
  EarlyStopping: 3/8
  epoch 5 batch 50/261 loss=0.366407
  epoch 5 batch 100/261 loss=0.371515
  epoch 5 batch 150/261 loss=0.373796
  epoch 5 batch 200/261 loss=0.370619
  epoch 5 batch 250/261 loss=0.370381
Epoch 5 | train_loss=0.370052 val_mse=0.301928 val_mae=0.375561 (5.5s)
  EarlyStopping: 4/8
  epoch 6 batch 50/261 loss=0.377412
  epoch 6 batch 100/261 loss=0.375329
  epoch 6 batch 150/261 loss=0.362459
  epoch 6 batch 200/261 loss=0.357079
  epoch 6 batch 250/261 loss=0.355213
Epoch 6 | train_loss=0.355528 val_mse=0.295827 val_mae=0.374429 (4.1s)
  EarlyStopping: 5/8
  epoch 7 batch 50/261 loss=0.328922
  epoch 7 batch 100/261 loss=0.332117
  epoch 7 batch 150/261 loss=0.335756
  epoch 7 batch 200/261 loss=0.342668
  epoch 7 batch 250/261 loss=0.344816
Epoch 7 | train_loss=0.345420 val_mse=0.292501 val_mae=0.372206 (4.0s)
  EarlyStopping: 6/8
  epoch 8 batch 50/261 loss=0.321010
  epoch 8 batch 100/261 loss=0.333639
  epoch 8 batch 150/261 loss=0.335453
  epoch 8 batch 200/261 loss=0.334907
  epoch 8 batch 250/261 loss=0.332756
Epoch 8 | train_loss=0.334378 val_mse=0.292267 val_mae=0.374348 (4.3s)
  EarlyStopping: 7/8
  epoch 9 batch 50/261 loss=0.324331
  epoch 9 batch 100/261 loss=0.334696
  epoch 9 batch 150/261 loss=0.324983
  epoch 9 batch 200/261 loss=0.321785
  epoch 9 batch 250/261 loss=0.325148
Epoch 9 | train_loss=0.327529 val_mse=0.293786 val_mae=0.375524 (5.9s)
  EarlyStopping: 8/8
Early stopping at epoch 9.

Test | mse=0.397460 mae=0.408357 rmse=0.630444
