============================================================
data:
  name: etth2
  root_path: data/ETT-small
  data_path: ETTh2.csv
  data_kind: ETTh
  features: M
  target: OT
  freq: h
  n_vars: 7
model:
  name: metatsf_conv
  type: cnn
  d_model: 128
  n_layers: 2
  dropout: 0.1
  channel_mlp_mult: 2
  revin: true
  affine: true
  mixer:
    type: conv
    kernel_size: 31
    dropout: 0.1
train:
  name: default
  seq_len: 96
  label_len: 48
  pred_len: 336
  batch_size: 32
  num_workers: 4
  train_epochs: 30
  patience: 8
  learning_rate: 0.001
  loss: mse
  lradj: type3
  weight_decay: 0.0
  gradient_clip: 1.0
  use_amp: true
  gpu_resident_data: false
  matmul_precision: highest
  log_interval: 50
  val_interval: 1
  checkpoint_dir: checkpoints
  use_wandb: false
  wandb_project: vglg-tsf
seed: 2021
device: cuda
project: vglg-tsf
run_name: null
tag: metatsf_tuned

============================================================
Loaded data | train=8209 val=2545 test=2545
Built model: metatsf_conv | params=56,824
  epoch 1 batch 50/256 loss=0.723828
  epoch 1 batch 100/256 loss=0.654649
  epoch 1 batch 150/256 loss=0.649950
  epoch 1 batch 200/256 loss=0.643598
  epoch 1 batch 250/256 loss=0.644111
Epoch 1 | train_loss=0.643185 val_mse=0.394554 val_mae=0.421194 (4.2s)
  Validation improved to 0.394554; saved checkpoint.
  epoch 2 batch 50/256 loss=0.558347
  epoch 2 batch 100/256 loss=0.584418
  epoch 2 batch 150/256 loss=0.567577
  epoch 2 batch 200/256 loss=0.569356
  epoch 2 batch 250/256 loss=0.566583
Epoch 2 | train_loss=0.565603 val_mse=0.419534 val_mae=0.433597 (3.9s)
  EarlyStopping: 1/8
  epoch 3 batch 50/256 loss=0.510200
  epoch 3 batch 100/256 loss=0.524861
  epoch 3 batch 150/256 loss=0.526978
  epoch 3 batch 200/256 loss=0.516644
  epoch 3 batch 250/256 loss=0.513314
Epoch 3 | train_loss=0.513559 val_mse=0.413980 val_mae=0.433038 (6.2s)
  EarlyStopping: 2/8
  epoch 4 batch 50/256 loss=0.490023
  epoch 4 batch 100/256 loss=0.493537
  epoch 4 batch 150/256 loss=0.489055
  epoch 4 batch 200/256 loss=0.482863
  epoch 4 batch 250/256 loss=0.489407
Epoch 4 | train_loss=0.489274 val_mse=0.413894 val_mae=0.435442 (3.7s)
  EarlyStopping: 3/8
  epoch 5 batch 50/256 loss=0.440364
  epoch 5 batch 100/256 loss=0.472311
  epoch 5 batch 150/256 loss=0.468746
  epoch 5 batch 200/256 loss=0.469748
  epoch 5 batch 250/256 loss=0.475750
Epoch 5 | train_loss=0.475348 val_mse=0.413565 val_mae=0.433474 (3.5s)
  EarlyStopping: 4/8
  epoch 6 batch 50/256 loss=0.456771
  epoch 6 batch 100/256 loss=0.469123
  epoch 6 batch 150/256 loss=0.464669
  epoch 6 batch 200/256 loss=0.465520
  epoch 6 batch 250/256 loss=0.464109
Epoch 6 | train_loss=0.464598 val_mse=0.402546 val_mae=0.432534 (3.4s)
  EarlyStopping: 5/8
  epoch 7 batch 50/256 loss=0.470280
  epoch 7 batch 100/256 loss=0.453685
  epoch 7 batch 150/256 loss=0.456306
  epoch 7 batch 200/256 loss=0.459949
  epoch 7 batch 250/256 loss=0.458668
Epoch 7 | train_loss=0.456561 val_mse=0.409138 val_mae=0.435571 (3.9s)
  EarlyStopping: 6/8
  epoch 8 batch 50/256 loss=0.434880
  epoch 8 batch 100/256 loss=0.443753
  epoch 8 batch 150/256 loss=0.450789
  epoch 8 batch 200/256 loss=0.449214
  epoch 8 batch 250/256 loss=0.451316
Epoch 8 | train_loss=0.450015 val_mse=0.407165 val_mae=0.434137 (4.7s)
  EarlyStopping: 7/8
  epoch 9 batch 50/256 loss=0.465352
  epoch 9 batch 100/256 loss=0.460800
  epoch 9 batch 150/256 loss=0.449265
  epoch 9 batch 200/256 loss=0.444832
  epoch 9 batch 250/256 loss=0.444110
Epoch 9 | train_loss=0.443788 val_mse=0.406254 val_mae=0.433442 (4.0s)
  EarlyStopping: 8/8
Early stopping at epoch 9.

Test | mse=0.448930 mae=0.446066 rmse=0.670022
