============================================================
data:
  name: etth1
  root_path: data/ETT-small
  data_path: ETTh1.csv
  data_kind: ETTh
  features: M
  target: OT
  freq: h
  n_vars: 7
model:
  name: metatsf_attn
  type: transformer
  d_model: 128
  n_layers: 2
  dropout: 0.1
  channel_mlp_mult: 2
  revin: true
  affine: true
  mixer:
    type: attn
    n_heads: 4
    dropout: 0.1
train:
  name: default
  seq_len: 96
  label_len: 48
  pred_len: 336
  batch_size: 32
  num_workers: 4
  train_epochs: 30
  patience: 8
  learning_rate: 0.001
  loss: mse
  lradj: type3
  weight_decay: 0.0005
  gradient_clip: 1.0
  use_amp: true
  gpu_resident_data: false
  matmul_precision: highest
  log_interval: 50
  val_interval: 1
  checkpoint_dir: checkpoints
  use_wandb: false
  wandb_project: vglg-tsf
seed: 2021
device: cuda
project: vglg-tsf
run_name: null
tag: metatsf_tuned3

============================================================
Loaded data | train=8209 val=2545 test=2545
Built model: metatsf_attn | params=188,360
  epoch 1 batch 50/256 loss=0.559095
  epoch 1 batch 100/256 loss=0.529378
  epoch 1 batch 150/256 loss=0.514136
  epoch 1 batch 200/256 loss=0.507791
  epoch 1 batch 250/256 loss=0.502670
Epoch 1 | train_loss=0.500911 val_mse=1.300431 val_mae=0.764861 (4.8s)
  Validation improved to 1.300431; saved checkpoint.
  epoch 2 batch 50/256 loss=0.472146
  epoch 2 batch 100/256 loss=0.469911
  epoch 2 batch 150/256 loss=0.465994
  epoch 2 batch 200/256 loss=0.464050
  epoch 2 batch 250/256 loss=0.463573
Epoch 2 | train_loss=0.462991 val_mse=1.310999 val_mae=0.765972 (4.4s)
  EarlyStopping: 1/8
  epoch 3 batch 50/256 loss=0.444799
  epoch 3 batch 100/256 loss=0.448485
  epoch 3 batch 150/256 loss=0.451917
  epoch 3 batch 200/256 loss=0.449936
  epoch 3 batch 250/256 loss=0.449992
Epoch 3 | train_loss=0.449652 val_mse=1.325116 val_mae=0.773915 (4.6s)
  EarlyStopping: 2/8
  epoch 4 batch 50/256 loss=0.435064
  epoch 4 batch 100/256 loss=0.442048
  epoch 4 batch 150/256 loss=0.441393
  epoch 4 batch 200/256 loss=0.441489
  epoch 4 batch 250/256 loss=0.439990
Epoch 4 | train_loss=0.440402 val_mse=1.311062 val_mae=0.770495 (4.3s)
  EarlyStopping: 3/8
  epoch 5 batch 50/256 loss=0.431945
  epoch 5 batch 100/256 loss=0.430462
  epoch 5 batch 150/256 loss=0.434371
  epoch 5 batch 200/256 loss=0.436128
  epoch 5 batch 250/256 loss=0.435660
Epoch 5 | train_loss=0.435561 val_mse=1.311350 val_mae=0.772110 (4.5s)
  EarlyStopping: 4/8
  epoch 6 batch 50/256 loss=0.427661
  epoch 6 batch 100/256 loss=0.430633
  epoch 6 batch 150/256 loss=0.431012
  epoch 6 batch 200/256 loss=0.430930
  epoch 6 batch 250/256 loss=0.430230
Epoch 6 | train_loss=0.430307 val_mse=1.302831 val_mae=0.770021 (4.3s)
  EarlyStopping: 5/8
  epoch 7 batch 50/256 loss=0.418461
  epoch 7 batch 100/256 loss=0.422071
  epoch 7 batch 150/256 loss=0.423500
  epoch 7 batch 200/256 loss=0.424269
  epoch 7 batch 250/256 loss=0.425368
Epoch 7 | train_loss=0.425132 val_mse=1.298889 val_mae=0.767254 (4.5s)
  Validation improved to 1.298889; saved checkpoint.
  epoch 8 batch 50/256 loss=0.421367
  epoch 8 batch 100/256 loss=0.418753
  epoch 8 batch 150/256 loss=0.420522
  epoch 8 batch 200/256 loss=0.419599
  epoch 8 batch 250/256 loss=0.420822
Epoch 8 | train_loss=0.420595 val_mse=1.298959 val_mae=0.768176 (5.0s)
  EarlyStopping: 1/8
  epoch 9 batch 50/256 loss=0.410563
  epoch 9 batch 100/256 loss=0.413345
  epoch 9 batch 150/256 loss=0.416464
  epoch 9 batch 200/256 loss=0.418055
  epoch 9 batch 250/256 loss=0.417584
Epoch 9 | train_loss=0.417448 val_mse=1.297464 val_mae=0.767922 (3.9s)
  Validation improved to 1.297464; saved checkpoint.
  epoch 10 batch 50/256 loss=0.410385
  epoch 10 batch 100/256 loss=0.407762
  epoch 10 batch 150/256 loss=0.408212
  epoch 10 batch 200/256 loss=0.410643
  epoch 10 batch 250/256 loss=0.412940
Epoch 10 | train_loss=0.412712 val_mse=1.300051 val_mae=0.769214 (4.7s)
  EarlyStopping: 1/8
  epoch 11 batch 50/256 loss=0.410191
  epoch 11 batch 100/256 loss=0.409108
  epoch 11 batch 150/256 loss=0.409576
  epoch 11 batch 200/256 loss=0.409803
  epoch 11 batch 250/256 loss=0.409500
Epoch 11 | train_loss=0.409834 val_mse=1.297847 val_mae=0.768514 (4.7s)
  EarlyStopping: 2/8
  epoch 12 batch 50/256 loss=0.405455
  epoch 12 batch 100/256 loss=0.403129
  epoch 12 batch 150/256 loss=0.405013
  epoch 12 batch 200/256 loss=0.404324
  epoch 12 batch 250/256 loss=0.406159
Epoch 12 | train_loss=0.405768 val_mse=1.294339 val_mae=0.766995 (4.0s)
  Validation improved to 1.294339; saved checkpoint.
  epoch 13 batch 50/256 loss=0.403585
  epoch 13 batch 100/256 loss=0.399701
  epoch 13 batch 150/256 loss=0.401036
  epoch 13 batch 200/256 loss=0.401826
  epoch 13 batch 250/256 loss=0.402553
Epoch 13 | train_loss=0.402753 val_mse=1.305056 val_mae=0.772467 (3.2s)
  EarlyStopping: 1/8
  epoch 14 batch 50/256 loss=0.393448
  epoch 14 batch 100/256 loss=0.393327
  epoch 14 batch 150/256 loss=0.396588
  epoch 14 batch 200/256 loss=0.397791
  epoch 14 batch 250/256 loss=0.398897
Epoch 14 | train_loss=0.398486 val_mse=1.300962 val_mae=0.770854 (4.3s)
  EarlyStopping: 2/8
  epoch 15 batch 50/256 loss=0.388835
  epoch 15 batch 100/256 loss=0.390556
  epoch 15 batch 150/256 loss=0.393025
  epoch 15 batch 200/256 loss=0.393412
  epoch 15 batch 250/256 loss=0.394727
Epoch 15 | train_loss=0.395083 val_mse=1.306459 val_mae=0.774266 (4.8s)
  EarlyStopping: 3/8
  epoch 16 batch 50/256 loss=0.392543
  epoch 16 batch 100/256 loss=0.391793
  epoch 16 batch 150/256 loss=0.393430
  epoch 16 batch 200/256 loss=0.393487
  epoch 16 batch 250/256 loss=0.393274
Epoch 16 | train_loss=0.393529 val_mse=1.307702 val_mae=0.773076 (4.6s)
  EarlyStopping: 4/8
  epoch 17 batch 50/256 loss=0.390160
  epoch 17 batch 100/256 loss=0.392554
  epoch 17 batch 150/256 loss=0.389601
  epoch 17 batch 200/256 loss=0.389247
  epoch 17 batch 250/256 loss=0.389963
Epoch 17 | train_loss=0.389969 val_mse=1.303839 val_mae=0.770839 (4.3s)
  EarlyStopping: 5/8
  epoch 18 batch 50/256 loss=0.389998
  epoch 18 batch 100/256 loss=0.386587
  epoch 18 batch 150/256 loss=0.386750
  epoch 18 batch 200/256 loss=0.386270
  epoch 18 batch 250/256 loss=0.386519
Epoch 18 | train_loss=0.386995 val_mse=1.312568 val_mae=0.775730 (4.5s)
  EarlyStopping: 6/8
  epoch 19 batch 50/256 loss=0.385133
  epoch 19 batch 100/256 loss=0.384311
  epoch 19 batch 150/256 loss=0.383274
  epoch 19 batch 200/256 loss=0.383953
  epoch 19 batch 250/256 loss=0.385095
Epoch 19 | train_loss=0.385044 val_mse=1.303218 val_mae=0.772393 (4.5s)
  EarlyStopping: 7/8
  epoch 20 batch 50/256 loss=0.380338
  epoch 20 batch 100/256 loss=0.385457
  epoch 20 batch 150/256 loss=0.383726
  epoch 20 batch 200/256 loss=0.382797
  epoch 20 batch 250/256 loss=0.383194
Epoch 20 | train_loss=0.382886 val_mse=1.308146 val_mae=0.773621 (4.6s)
  EarlyStopping: 8/8
Early stopping at epoch 20.

Test | mse=0.505443 mae=0.475316 rmse=0.710945
