[2026-05-29 22:30:21] BEGIN tuned3 GPU 6 work='weather:336 weather:720 etth2:336 etth2:720'
[2026-05-29 22:30:21] START weather_metatsf_mlp_h336_s2021 (wd=0.0005)
[2026-05-29 22:33:57] OK    weather_metatsf_mlp_h336_s2021 (216s) mse=0.279956
[2026-05-29 22:33:57] START weather_metatsf_conv_h336_s2021 (wd=0.0005)
[2026-05-29 22:36:48] OK    weather_metatsf_conv_h336_s2021 (171s) mse=0.271858
[2026-05-29 22:36:48] START weather_metatsf_attn_h336_s2021 (wd=0.0005)
[2026-05-29 22:39:53] OK    weather_metatsf_attn_h336_s2021 (185s) mse=0.272012
[2026-05-29 22:39:53] SKIP  weather_metatsf_vglg_h336_s2021
[2026-05-29 22:39:53] START weather_metatsf_mlp_h720_s2021 (wd=0.0001)
[2026-05-29 22:42:52] OK    weather_metatsf_mlp_h720_s2021 (179s) mse=0.361932
[2026-05-29 22:42:52] START weather_metatsf_conv_h720_s2021 (wd=0.0001)
[2026-05-29 22:45:50] OK    weather_metatsf_conv_h720_s2021 (178s) mse=0.357236
[2026-05-29 22:45:50] START weather_metatsf_attn_h720_s2021 (wd=0.0001)
[2026-05-29 22:49:19] OK    weather_metatsf_attn_h720_s2021 (209s) mse=0.359395
[2026-05-29 22:49:19] SKIP  weather_metatsf_vglg_h720_s2021
[2026-05-29 22:49:19] START etth2_metatsf_mlp_h336_s2021 (wd=0.0005)
[2026-05-29 22:50:11] OK    etth2_metatsf_mlp_h336_s2021 (52s) mse=0.437526
[2026-05-29 22:50:11] START etth2_metatsf_conv_h336_s2021 (wd=0.0005)
[2026-05-29 22:50:54] OK    etth2_metatsf_conv_h336_s2021 (43s) mse=0.445562
[2026-05-29 22:50:54] START etth2_metatsf_attn_h336_s2021 (wd=0.0005)
[2026-05-29 22:51:40] OK    etth2_metatsf_attn_h336_s2021 (46s) mse=0.440545
[2026-05-29 22:51:40] SKIP  etth2_metatsf_vglg_h336_s2021
[2026-05-29 22:51:40] START etth2_metatsf_mlp_h720_s2021 (wd=0.0001)
[2026-05-29 22:52:43] OK    etth2_metatsf_mlp_h720_s2021 (63s) mse=0.517503
[2026-05-29 22:52:43] START etth2_metatsf_conv_h720_s2021 (wd=0.0001)
[2026-05-29 22:53:31] OK    etth2_metatsf_conv_h720_s2021 (48s) mse=0.462424
[2026-05-29 22:53:31] START etth2_metatsf_attn_h720_s2021 (wd=0.0001)
[2026-05-29 22:54:55] OK    etth2_metatsf_attn_h720_s2021 (84s) mse=0.468423
[2026-05-29 22:54:55] SKIP  etth2_metatsf_vglg_h720_s2021
[2026-05-29 22:54:55] END tuned3 GPU 6
