[2026-05-29 22:30:21] BEGIN tuned3 GPU 5 work='electricity:336 electricity:720 etth1:336 etth1:720'
[2026-05-29 22:30:21] START electricity_metatsf_mlp_h336_s2021 (wd=0.0005)
[2026-05-29 22:35:14] OK    electricity_metatsf_mlp_h336_s2021 (293s) mse=0.194892
[2026-05-29 22:35:14] START electricity_metatsf_conv_h336_s2021 (wd=0.0005)
[2026-05-29 22:37:39] OK    electricity_metatsf_conv_h336_s2021 (145s) mse=0.192541
[2026-05-29 22:37:39] START electricity_metatsf_attn_h336_s2021 (wd=0.0005)
[2026-05-29 22:39:40] OK    electricity_metatsf_attn_h336_s2021 (121s) mse=0.190385
[2026-05-29 22:39:40] SKIP  electricity_metatsf_vglg_h336_s2021
[2026-05-29 22:39:40] START electricity_metatsf_mlp_h720_s2021 (wd=0.0001)
[2026-05-29 22:43:29] OK    electricity_metatsf_mlp_h720_s2021 (229s) mse=0.213393
[2026-05-29 22:43:29] START electricity_metatsf_conv_h720_s2021 (wd=0.0001)
[2026-05-29 22:48:17] OK    electricity_metatsf_conv_h720_s2021 (288s) mse=0.210178
[2026-05-29 22:48:17] START electricity_metatsf_attn_h720_s2021 (wd=0.0001)
[2026-05-29 22:51:51] OK    electricity_metatsf_attn_h720_s2021 (214s) mse=0.207511
[2026-05-29 22:51:51] SKIP  electricity_metatsf_vglg_h720_s2021
[2026-05-29 22:51:51] START etth1_metatsf_mlp_h336_s2021 (wd=0.0005)
[2026-05-29 22:52:33] OK    etth1_metatsf_mlp_h336_s2021 (42s) mse=0.479253
[2026-05-29 22:52:33] START etth1_metatsf_conv_h336_s2021 (wd=0.0005)
[2026-05-29 22:53:17] OK    etth1_metatsf_conv_h336_s2021 (44s) mse=0.477057
[2026-05-29 22:53:17] START etth1_metatsf_attn_h336_s2021 (wd=0.0005)
[2026-05-29 22:54:52] OK    etth1_metatsf_attn_h336_s2021 (95s) mse=0.505443
[2026-05-29 22:54:52] SKIP  etth1_metatsf_vglg_h336_s2021
[2026-05-29 22:54:52] START etth1_metatsf_mlp_h720_s2021 (wd=0.0001)
[2026-05-29 22:55:33] OK    etth1_metatsf_mlp_h720_s2021 (41s) mse=0.484777
[2026-05-29 22:55:33] START etth1_metatsf_conv_h720_s2021 (wd=0.0001)
[2026-05-29 22:56:16] OK    etth1_metatsf_conv_h720_s2021 (43s) mse=0.480401
[2026-05-29 22:56:16] START etth1_metatsf_attn_h720_s2021 (wd=0.0001)
[2026-05-29 22:57:01] OK    etth1_metatsf_attn_h720_s2021 (45s) mse=0.523451
[2026-05-29 22:57:01] SKIP  etth1_metatsf_vglg_h720_s2021
[2026-05-29 22:57:01] END tuned3 GPU 5
