============================================================
data:
  name: traffic
  root_path: data/traffic
  data_path: traffic.csv
  data_kind: custom
  features: M
  target: OT
  freq: h
  n_vars: 862
model:
  name: metatsf_attn
  type: transformer
  d_model: 128
  n_layers: 2
  dropout: 0.1
  channel_mlp_mult: 2
  revin: true
  affine: true
  mixer:
    type: attn
    n_heads: 4
    dropout: 0.1
train:
  name: default
  seq_len: 96
  label_len: 48
  pred_len: 720
  batch_size: 32
  num_workers: 4
  train_epochs: 30
  patience: 8
  learning_rate: 0.001
  loss: mse
  lradj: type3
  weight_decay: 0.0001
  gradient_clip: 1.0
  use_amp: true
  gpu_resident_data: false
  matmul_precision: highest
  log_interval: 50
  val_interval: 1
  checkpoint_dir: checkpoints
  use_wandb: false
  wandb_project: vglg-tsf
seed: 2021
device: cuda
project: vglg-tsf
run_name: null
tag: metatsf_tuned3

============================================================
Loaded data | train=11465 val=1037 test=2789
Built model: metatsf_attn | params=6,195,536
  epoch 1 batch 50/358 loss=0.636809
  epoch 1 batch 100/358 loss=0.536406
  epoch 1 batch 150/358 loss=0.481716
  epoch 1 batch 200/358 loss=0.445359
  epoch 1 batch 250/358 loss=0.420104
  epoch 1 batch 300/358 loss=0.401717
  epoch 1 batch 350/358 loss=0.387587
Epoch 1 | train_loss=0.385637 val_mse=0.475548 val_mae=0.340268 (27.3s)
  Validation improved to 0.475548; saved checkpoint.
  epoch 2 batch 50/358 loss=0.295776
  epoch 2 batch 100/358 loss=0.294745
  epoch 2 batch 150/358 loss=0.293059
  epoch 2 batch 200/358 loss=0.290775
  epoch 2 batch 250/358 loss=0.288802
  epoch 2 batch 300/358 loss=0.287216
  epoch 2 batch 350/358 loss=0.285776
Epoch 2 | train_loss=0.285574 val_mse=0.481554 val_mae=0.341402 (25.9s)
  EarlyStopping: 1/8
  epoch 3 batch 50/358 loss=0.271411
  epoch 3 batch 100/358 loss=0.270755
  epoch 3 batch 150/358 loss=0.269092
  epoch 3 batch 200/358 loss=0.267715
  epoch 3 batch 250/358 loss=0.265933
  epoch 3 batch 300/358 loss=0.264831
  epoch 3 batch 350/358 loss=0.263955
Epoch 3 | train_loss=0.263815 val_mse=0.490529 val_mae=0.341727 (23.8s)
  EarlyStopping: 2/8
  epoch 4 batch 50/358 loss=0.256230
  epoch 4 batch 100/358 loss=0.255682
  epoch 4 batch 150/358 loss=0.255464
  epoch 4 batch 200/358 loss=0.255044
  epoch 4 batch 250/358 loss=0.254774
  epoch 4 batch 300/358 loss=0.254335
  epoch 4 batch 350/358 loss=0.253678
Epoch 4 | train_loss=0.253632 val_mse=0.484075 val_mae=0.334798 (23.5s)
  EarlyStopping: 3/8
  epoch 5 batch 50/358 loss=0.250521
  epoch 5 batch 100/358 loss=0.250373
  epoch 5 batch 150/358 loss=0.249793
  epoch 5 batch 200/358 loss=0.249611
  epoch 5 batch 250/358 loss=0.249268
  epoch 5 batch 300/358 loss=0.249132
  epoch 5 batch 350/358 loss=0.248861
Epoch 5 | train_loss=0.248772 val_mse=0.495663 val_mae=0.345912 (23.3s)
  EarlyStopping: 4/8
  epoch 6 batch 50/358 loss=0.245816
  epoch 6 batch 100/358 loss=0.246142
  epoch 6 batch 150/358 loss=0.245705
  epoch 6 batch 200/358 loss=0.245317
  epoch 6 batch 250/358 loss=0.245303
  epoch 6 batch 300/358 loss=0.245463
  epoch 6 batch 350/358 loss=0.245205
Epoch 6 | train_loss=0.245183 val_mse=0.511058 val_mae=0.356763 (23.2s)
  EarlyStopping: 5/8
  epoch 7 batch 50/358 loss=0.243053
  epoch 7 batch 100/358 loss=0.242468
  epoch 7 batch 150/358 loss=0.243089
  epoch 7 batch 200/358 loss=0.243040
  epoch 7 batch 250/358 loss=0.242832
  epoch 7 batch 300/358 loss=0.242815
  epoch 7 batch 350/358 loss=0.242703
Epoch 7 | train_loss=0.242706 val_mse=0.515036 val_mae=0.360286 (23.4s)
  EarlyStopping: 6/8
  epoch 8 batch 50/358 loss=0.241436
  epoch 8 batch 100/358 loss=0.240680
  epoch 8 batch 150/358 loss=0.240378
  epoch 8 batch 200/358 loss=0.240310
  epoch 8 batch 250/358 loss=0.240205
  epoch 8 batch 300/358 loss=0.240162
  epoch 8 batch 350/358 loss=0.240026
Epoch 8 | train_loss=0.239974 val_mse=0.520656 val_mae=0.365245 (23.8s)
  EarlyStopping: 7/8
  epoch 9 batch 50/358 loss=0.238101
  epoch 9 batch 100/358 loss=0.238626
  epoch 9 batch 150/358 loss=0.238289
  epoch 9 batch 200/358 loss=0.237993
  epoch 9 batch 250/358 loss=0.237811
  epoch 9 batch 300/358 loss=0.237742
  epoch 9 batch 350/358 loss=0.237732
Epoch 9 | train_loss=0.237746 val_mse=0.532401 val_mae=0.375168 (23.8s)
  EarlyStopping: 8/8
Early stopping at epoch 9.

Test | mse=0.560505 mae=0.388206 rmse=0.748669
