============================================================
data:
  name: etth1
  root_path: data/ETT-small
  data_path: ETTh1.csv
  data_kind: ETTh
  features: M
  target: OT
  freq: h
  n_vars: 7
model:
  name: metatsf_vglg
  type: vglg
  d_model: 128
  n_layers: 2
  dropout: 0.1
  channel_mlp_mult: 2
  revin: true
  affine: true
  mixer:
    type: vglg
    kernel_size: 31
    rank: 4
    dropout: 0.1
    gate_hidden: 16
    gate_entropy_reg: 0.0
    gate_mode: learned
train:
  name: default
  seq_len: 96
  label_len: 48
  pred_len: 720
  batch_size: 32
  num_workers: 4
  train_epochs: 10
  patience: 3
  learning_rate: 0.0001
  loss: mse
  lradj: type1
  weight_decay: 0.0
  gradient_clip: 1.0
  use_amp: true
  log_interval: 50
  val_interval: 1
  checkpoint_dir: checkpoints
  use_wandb: false
  wandb_project: vglg-tsf
seed: 2022
device: cuda
project: vglg-tsf
run_name: null
tag: ablation_rank_4

============================================================
Loaded data | train=7825 val=2161 test=2161
Built model: metatsf_vglg | params=108,506
  epoch 1 batch 50/244 loss=0.842663
  epoch 1 batch 100/244 loss=0.808808
  epoch 1 batch 150/244 loss=0.789432
  epoch 1 batch 200/244 loss=0.767368
Epoch 1 | train_loss=0.753279 val_mse=1.671312 val_mae=0.897867 (3.6s)
  Validation improved to 1.671312; saved checkpoint.
  epoch 2 batch 50/244 loss=0.675980
  epoch 2 batch 100/244 loss=0.666482
  epoch 2 batch 150/244 loss=0.661323
  epoch 2 batch 200/244 loss=0.655696
Epoch 2 | train_loss=0.651712 val_mse=1.602154 val_mae=0.868697 (2.9s)
  Validation improved to 1.602154; saved checkpoint.
  epoch 3 batch 50/244 loss=0.631963
  epoch 3 batch 100/244 loss=0.632031
  epoch 3 batch 150/244 loss=0.630354
  epoch 3 batch 200/244 loss=0.630534
Epoch 3 | train_loss=0.630672 val_mse=1.588222 val_mae=0.862458 (2.9s)
  Validation improved to 1.588222; saved checkpoint.
  epoch 4 batch 50/244 loss=0.629508
  epoch 4 batch 100/244 loss=0.624408
  epoch 4 batch 150/244 loss=0.626503
  epoch 4 batch 200/244 loss=0.626138
Epoch 4 | train_loss=0.624934 val_mse=1.583289 val_mae=0.860286 (2.9s)
  Validation improved to 1.583289; saved checkpoint.
  epoch 5 batch 50/244 loss=0.634093
  epoch 5 batch 100/244 loss=0.632623
  epoch 5 batch 150/244 loss=0.630274
  epoch 5 batch 200/244 loss=0.626041
Epoch 5 | train_loss=0.622795 val_mse=1.581331 val_mae=0.859414 (3.0s)
  Validation improved to 1.581331; saved checkpoint.
  epoch 6 batch 50/244 loss=0.615014
  epoch 6 batch 100/244 loss=0.625606
  epoch 6 batch 150/244 loss=0.619981
  epoch 6 batch 200/244 loss=0.620055
Epoch 6 | train_loss=0.621777 val_mse=1.580427 val_mae=0.859000 (2.8s)
  Validation improved to 1.580427; saved checkpoint.
  epoch 7 batch 50/244 loss=0.623977
  epoch 7 batch 100/244 loss=0.617735
  epoch 7 batch 150/244 loss=0.619439
  epoch 7 batch 200/244 loss=0.621503
Epoch 7 | train_loss=0.621215 val_mse=1.579960 val_mae=0.858802 (2.9s)
  Validation improved to 1.579960; saved checkpoint.
  epoch 8 batch 50/244 loss=0.631838
  epoch 8 batch 100/244 loss=0.620992
  epoch 8 batch 150/244 loss=0.622836
  epoch 8 batch 200/244 loss=0.623147
Epoch 8 | train_loss=0.620992 val_mse=1.579717 val_mae=0.858699 (3.0s)
  Validation improved to 1.579717; saved checkpoint.
  epoch 9 batch 50/244 loss=0.627790
  epoch 9 batch 100/244 loss=0.622094
  epoch 9 batch 150/244 loss=0.623319
  epoch 9 batch 200/244 loss=0.620972
Epoch 9 | train_loss=0.620799 val_mse=1.579603 val_mae=0.858651 (2.8s)
  Validation improved to 1.579603; saved checkpoint.
  epoch 10 batch 50/244 loss=0.615197
  epoch 10 batch 100/244 loss=0.618964
  epoch 10 batch 150/244 loss=0.620274
  epoch 10 batch 200/244 loss=0.623310
Epoch 10 | train_loss=0.620552 val_mse=1.579542 val_mae=0.858624 (3.0s)
  Validation improved to 1.579542; saved checkpoint.

Test | mse=0.499700 mae=0.482547 rmse=0.706895
