============================================================
data:
  name: electricity
  root_path: data/electricity
  data_path: electricity.csv
  data_kind: custom
  features: M
  target: OT
  freq: h
  n_vars: 321
model:
  name: metatsf_vglg
  type: vglg
  d_model: 128
  n_layers: 2
  dropout: 0.1
  channel_mlp_mult: 2
  revin: true
  affine: true
  mixer:
    type: vglg
    kernel_size: 31
    rank: 8
    dropout: 0.1
    gate_hidden: 16
    gate_entropy_reg: 0.0
    gate_mode: learned
train:
  name: distill
  seq_len: 96
  label_len: 48
  pred_len: 96
  batch_size: 16
  num_workers: 4
  train_epochs: 10
  patience: 3
  learning_rate: 0.0001
  loss: mse
  lradj: type1
  weight_decay: 0.0
  gradient_clip: 1.0
  use_amp: true
  gpu_resident_data: false
  matmul_precision: highest
  log_interval: 50
  val_interval: 1
  checkpoint_dir: checkpoints
  use_wandb: false
  wandb_project: vglg-tsf
  teacher: amazon/chronos-bolt-base
  teacher_cache_dir: cache/teacher
  distill_lambda_mse: 1.0
  distill_lambda_trend: 0.0002
  distill_lambda_freq: 0.001
  distill_lambda_diff: 1.0
  distill_warmup_epochs: 1
seed: 2022
device: cuda
project: vglg-tsf
run_name: null
tag: distill

============================================================
Loaded data | train=18221 val=2537 test=5165
Built model: metatsf_vglg | params=879,114
  epoch 1 batch 50/1138 loss=0.813590 trend=0.0000 freq=0.0000 diff=0.0000
  epoch 1 batch 100/1138 loss=0.641723 trend=0.0000 freq=0.0000 diff=0.0000
  epoch 1 batch 150/1138 loss=0.547363 trend=0.0000 freq=0.0000 diff=0.0000
  epoch 1 batch 200/1138 loss=0.490793 trend=0.0000 freq=0.0000 diff=0.0000
  epoch 1 batch 250/1138 loss=0.452016 trend=0.0000 freq=0.0000 diff=0.0000
  epoch 1 batch 300/1138 loss=0.423984 trend=0.0000 freq=0.0000 diff=0.0000
  epoch 1 batch 350/1138 loss=0.402213 trend=0.0000 freq=0.0000 diff=0.0000
  epoch 1 batch 400/1138 loss=0.384449 trend=0.0000 freq=0.0000 diff=0.0000
  epoch 1 batch 450/1138 loss=0.369981 trend=0.0000 freq=0.0000 diff=0.0000
  epoch 1 batch 500/1138 loss=0.357626 trend=0.0000 freq=0.0000 diff=0.0000
  epoch 1 batch 550/1138 loss=0.346287 trend=0.0000 freq=0.0000 diff=0.0000
  epoch 1 batch 600/1138 loss=0.336394 trend=0.0000 freq=0.0000 diff=0.0000
  epoch 1 batch 650/1138 loss=0.327552 trend=0.0000 freq=0.0000 diff=0.0000
  epoch 1 batch 700/1138 loss=0.320073 trend=0.0000 freq=0.0000 diff=0.0000
  epoch 1 batch 750/1138 loss=0.312675 trend=0.0000 freq=0.0000 diff=0.0000
  epoch 1 batch 800/1138 loss=0.306100 trend=0.0000 freq=0.0000 diff=0.0000
  epoch 1 batch 850/1138 loss=0.300366 trend=0.0000 freq=0.0000 diff=0.0000
  epoch 1 batch 900/1138 loss=0.294870 trend=0.0000 freq=0.0000 diff=0.0000
  epoch 1 batch 950/1138 loss=0.289965 trend=0.0000 freq=0.0000 diff=0.0000
  epoch 1 batch 1000/1138 loss=0.285547 trend=0.0000 freq=0.0000 diff=0.0000
  epoch 1 batch 1050/1138 loss=0.281112 trend=0.0000 freq=0.0000 diff=0.0000
  epoch 1 batch 1100/1138 loss=0.277195 trend=0.0000 freq=0.0000 diff=0.0000
Epoch 1 | train_loss=0.274297 val_mse=0.176853 val_mae=0.274408 (32.2s)
  Validation improved to 0.176853; saved checkpoint.
  epoch 2 batch 50/1138 loss=7606.548164 trend=20456968.5800 freq=3436823.4200 diff=78.1367
  epoch 2 batch 100/1138 loss=9198.304036 trend=24737966.0750 freq=4156041.9925 diff=94.4767
  epoch 2 batch 150/1138 loss=9143.855560 trend=24591536.3867 freq=4131441.0308 diff=93.9161
  epoch 2 batch 200/1138 loss=9058.817911 trend=24362837.4400 freq=4093018.9131 diff=93.0415
  epoch 2 batch 250/1138 loss=8590.363211 trend=23102948.8840 freq=3881354.3350 diff=88.2303
  epoch 2 batch 300/1138 loss=8806.317424 trend=23683761.1233 freq=3978932.0917 diff=90.4460
  epoch 2 batch 350/1138 loss=9050.648098 trend=24340885.8143 freq=4089330.6229 diff=92.9534
  epoch 2 batch 400/1138 loss=8865.570100 trend=23843128.0050 freq=4005705.8919 diff=91.0522
  epoch 2 batch 450/1138 loss=8480.497230 trend=22807489.0489 freq=3831715.7308 diff=87.0978
  epoch 2 batch 500/1138 loss=8596.768332 trend=23120201.4620 freq=3884252.0180 diff=88.2906
  epoch 2 batch 550/1138 loss=8543.992097 trend=22978264.9564 freq=3860406.0866 diff=87.7480
  epoch 2 batch 600/1138 loss=8785.670422 trend=23628255.1742 freq=3969605.9081 diff=90.2285
  epoch 2 batch 650/1138 loss=8623.299585 trend=23191566.3731 freq=3896240.7469 diff=88.5609
  epoch 2 batch 700/1138 loss=8767.643231 trend=23579778.5571 freq=3961461.0889 diff=90.0422
  epoch 2 batch 750/1138 loss=8768.320312 trend=23581602.8093 freq=3961767.1125 diff=90.0486
  epoch 2 batch 800/1138 loss=8862.450376 trend=23834766.2806 freq=4004298.7258 diff=91.0146
  epoch 2 batch 850/1138 loss=8795.795853 trend=23655504.2394 freq=3974181.4601 diff=90.3298
  epoch 2 batch 900/1138 loss=8973.436643 trend=24133265.6656 freq=4054444.8179 diff=92.1536
  epoch 2 batch 950/1138 loss=8770.154723 trend=23586452.4784 freq=3962578.4800 diff=90.0702
  epoch 2 batch 1000/1138 loss=8773.238903 trend=23594583.9415 freq=3963947.8801 diff=90.1067
  epoch 2 batch 1050/1138 loss=8701.118122 trend=23399976.5824 freq=3931260.3262 diff=89.3874
  epoch 2 batch 1100/1138 loss=8689.992397 trend=23369306.5095 freq=3926114.9414 diff=89.2964
Epoch 2 | train_loss=8656.268913 val_mse=29272.306641 val_mae=6.234751 (44.5s)
  EarlyStopping: 1/3
  epoch 3 batch 50/1138 loss=8840.947148 trend=23751719.2800 freq=3990512.6775 diff=91.4860
  epoch 3 batch 100/1138 loss=8143.803682 trend=21882204.3550 freq=3676394.9688 diff=84.0945
  epoch 3 batch 150/1138 loss=7131.535659 trend=19158436.6767 freq=3218764.1133 diff=73.7077
  epoch 3 batch 200/1138 loss=7655.629088 trend=20569142.6075 freq=3455728.9650 diff=79.0030
  epoch 3 batch 250/1138 loss=8351.637362 trend=22436618.4340 freq=3769431.3360 diff=86.3324
  epoch 3 batch 300/1138 loss=8485.259708 trend=22795822.3583 freq=3829734.0033 diff=87.6769
  epoch 3 batch 350/1138 loss=8595.213394 trend=23093177.7414 freq=3879638.2557 diff=88.7138
  epoch 3 batch 400/1138 loss=9075.085817 trend=24385436.3275 freq=4096681.7681 diff=93.5308
  epoch 3 batch 450/1138 loss=8813.532169 trend=23681518.2900 freq=3978359.1844 diff=90.8306
  epoch 3 batch 500/1138 loss=8672.316860 trend=23300172.5390 freq=3914229.3814 diff=89.3992
  epoch 3 batch 550/1138 loss=8525.778101 trend=22907120.3418 freq=3848130.5733 diff=87.8195
  epoch 3 batch 600/1138 loss=8750.655026 trend=23513535.8625 freq=3949936.2953 diff=90.0239
  epoch 3 batch 650/1138 loss=8544.945238 trend=22961641.9254 freq=3857138.8057 diff=87.8194
  epoch 3 batch 700/1138 loss=8741.000844 trend=23490205.5293 freq=3945858.5304 diff=89.7410
  epoch 3 batch 750/1138 loss=8685.489070 trend=23339666.8467 freq=3920481.5596 diff=89.1691
  epoch 3 batch 800/1138 loss=8554.250591 trend=22987709.5056 freq=3861262.3612 diff=87.7383
  epoch 3 batch 850/1138 loss=8638.951825 trend=23215624.0712 freq=3899469.1223 diff=88.5658
  epoch 3 batch 900/1138 loss=8464.773689 trend=22748120.0194 freq=3820833.4456 diff=86.6955
  epoch 3 batch 950/1138 loss=8541.660320 trend=22954340.8742 freq=3855381.0787 diff=87.4596
  epoch 3 batch 1000/1138 loss=8661.646454 trend=23277846.1280 freq=3909628.1352 diff=88.6119
  epoch 3 batch 1050/1138 loss=8601.917938 trend=23115329.3724 freq=3882230.2191 diff=88.0313
  epoch 3 batch 1100/1138 loss=8690.525610 trend=23353828.6300 freq=3922197.4737 diff=88.8859
Epoch 3 | train_loss=8628.140487 val_mse=1492628.500000 val_mae=43.491814 (52.0s)
  EarlyStopping: 2/3
  epoch 4 batch 50/1138 loss=9696.392412 trend=26075230.8400 freq=4376739.8300 diff=97.3738
  epoch 4 batch 100/1138 loss=8104.136501 trend=21791254.2200 freq=3656956.6300 diff=81.0730
  epoch 4 batch 150/1138 loss=8277.049862 trend=22256783.7067 freq=3735135.4667 diff=82.8276
  epoch 4 batch 200/1138 loss=7806.161996 trend=20990590.6200 freq=3522360.8662 diff=77.9619
  epoch 4 batch 250/1138 loss=7437.306593 trend=19997740.0300 freq=3355495.9415 diff=74.1867
  epoch 4 batch 300/1138 loss=8047.921153 trend=21633993.8600 freq=3630338.3025 diff=80.6604
  epoch 4 batch 350/1138 loss=7826.061978 trend=21033870.3086 freq=3529418.8746 diff=78.4990
  epoch 4 batch 400/1138 loss=7710.336260 trend=20723838.5225 freq=3477216.8213 diff=77.2179
  epoch 4 batch 450/1138 loss=7432.120850 trend=19976416.8644 freq=3351550.7767 diff=74.2887
  epoch 4 batch 500/1138 loss=7925.274492 trend=21303441.8340 freq=3574388.7370 diff=79.2807
  epoch 4 batch 550/1138 loss=7914.835287 trend=21275472.4091 freq=3569601.1514 diff=79.1372
  epoch 4 batch 600/1138 loss=7937.119351 trend=21335539.5875 freq=3579595.4601 diff=79.3238
  epoch 4 batch 650/1138 loss=7813.293011 trend=21002739.7869 freq=3523577.4759 diff=78.0033
  epoch 4 batch 700/1138 loss=7808.067728 trend=20987300.2814 freq=3520879.4735 diff=77.9637
  epoch 4 batch 750/1138 loss=7794.679397 trend=20951525.2147 freq=3514757.6814 diff=77.7745
  epoch 4 batch 800/1138 loss=8134.171521 trend=21864280.0669 freq=3667999.8196 diff=81.2351
  epoch 4 batch 850/1138 loss=8570.680578 trend=23038351.5182 freq=3865136.4329 diff=85.6731
  epoch 4 batch 900/1138 loss=8763.700784 trend=23557290.7994 freq=3952197.4017 diff=87.6168
  epoch 4 batch 950/1138 loss=8626.215174 trend=23187077.3663 freq=3889868.3222 diff=86.1717
  epoch 4 batch 1000/1138 loss=8585.754607 trend=23078329.4015 freq=3871475.4596 diff=85.7101
  epoch 4 batch 1050/1138 loss=8478.318882 trend=22789467.3457 freq=3822835.5935 diff=84.5654
  epoch 4 batch 1100/1138 loss=8597.095754 trend=23108451.2518 freq=3876298.2696 diff=85.7566
Epoch 4 | train_loss=8572.413770 val_mse=4541811.500000 val_mae=75.890869 (38.2s)
  EarlyStopping: 3/3
Early stopping at epoch 4.

Test | mse=0.204533 mae=0.302242 rmse=0.452254
