============================================================
data:
  name: electricity
  root_path: data/electricity
  data_path: electricity.csv
  data_kind: custom
  features: M
  target: OT
  freq: h
  n_vars: 321
model:
  name: metatsf_vglg
  type: vglg
  d_model: 128
  n_layers: 2
  dropout: 0.1
  channel_mlp_mult: 2
  revin: true
  affine: true
  mixer:
    type: vglg
    kernel_size: 31
    rank: 8
    dropout: 0.1
    gate_hidden: 16
    gate_entropy_reg: 0.0
    gate_mode: learned
train:
  name: distill
  seq_len: 96
  label_len: 48
  pred_len: 192
  batch_size: 16
  num_workers: 4
  train_epochs: 10
  patience: 3
  learning_rate: 0.0001
  loss: mse
  lradj: type1
  weight_decay: 0.0
  gradient_clip: 1.0
  use_amp: true
  gpu_resident_data: false
  matmul_precision: highest
  log_interval: 50
  val_interval: 1
  checkpoint_dir: checkpoints
  use_wandb: false
  wandb_project: vglg-tsf
  teacher: amazon/chronos-bolt-base
  teacher_cache_dir: cache/teacher
  distill_lambda_mse: 1.0
  distill_lambda_trend: 0.0002
  distill_lambda_freq: 0.001
  distill_lambda_diff: 1.0
  distill_warmup_epochs: 1
seed: 2022
device: cuda
project: vglg-tsf
run_name: null
tag: distill

============================================================
Loaded data | train=18125 val=2441 test=5069
Built model: metatsf_vglg | params=891,498
  epoch 1 batch 50/1132 loss=0.866760 trend=0.0000 freq=0.0000 diff=0.0000
  epoch 1 batch 100/1132 loss=0.698062 trend=0.0000 freq=0.0000 diff=0.0000
  epoch 1 batch 150/1132 loss=0.596915 trend=0.0000 freq=0.0000 diff=0.0000
  epoch 1 batch 200/1132 loss=0.533276 trend=0.0000 freq=0.0000 diff=0.0000
  epoch 1 batch 250/1132 loss=0.487568 trend=0.0000 freq=0.0000 diff=0.0000
  epoch 1 batch 300/1132 loss=0.454383 trend=0.0000 freq=0.0000 diff=0.0000
  epoch 1 batch 350/1132 loss=0.429950 trend=0.0000 freq=0.0000 diff=0.0000
  epoch 1 batch 400/1132 loss=0.409705 trend=0.0000 freq=0.0000 diff=0.0000
  epoch 1 batch 450/1132 loss=0.392986 trend=0.0000 freq=0.0000 diff=0.0000
  epoch 1 batch 500/1132 loss=0.379544 trend=0.0000 freq=0.0000 diff=0.0000
  epoch 1 batch 550/1132 loss=0.367555 trend=0.0000 freq=0.0000 diff=0.0000
  epoch 1 batch 600/1132 loss=0.356851 trend=0.0000 freq=0.0000 diff=0.0000
  epoch 1 batch 650/1132 loss=0.347825 trend=0.0000 freq=0.0000 diff=0.0000
  epoch 1 batch 700/1132 loss=0.339462 trend=0.0000 freq=0.0000 diff=0.0000
  epoch 1 batch 750/1132 loss=0.331581 trend=0.0000 freq=0.0000 diff=0.0000
  epoch 1 batch 800/1132 loss=0.324549 trend=0.0000 freq=0.0000 diff=0.0000
  epoch 1 batch 850/1132 loss=0.318247 trend=0.0000 freq=0.0000 diff=0.0000
  epoch 1 batch 900/1132 loss=0.312649 trend=0.0000 freq=0.0000 diff=0.0000
  epoch 1 batch 950/1132 loss=0.307314 trend=0.0000 freq=0.0000 diff=0.0000
  epoch 1 batch 1000/1132 loss=0.302363 trend=0.0000 freq=0.0000 diff=0.0000
  epoch 1 batch 1050/1132 loss=0.298112 trend=0.0000 freq=0.0000 diff=0.0000
  epoch 1 batch 1100/1132 loss=0.293871 trend=0.0000 freq=0.0000 diff=0.0000
Epoch 1 | train_loss=0.291296 val_mse=0.183367 val_mae=0.281201 (64.9s)
  Validation improved to 0.183367; saved checkpoint.
  epoch 2 batch 50/1132 loss=97089.830039 trend=343386529.9200 freq=28321092.8700 diff=91.2265
  epoch 2 batch 100/1132 loss=115739.269902 trend=409345836.5600 freq=33761162.3350 diff=108.7324
  epoch 2 batch 150/1132 loss=120165.669570 trend=425000106.2933 freq=35052489.0167 diff=112.9023
  epoch 2 batch 200/1132 loss=121796.851807 trend=430763849.2000 freq=35528946.1925 diff=114.4926
  epoch 2 batch 250/1132 loss=122672.691617 trend=433855135.4240 freq=35784892.2540 diff=115.4085
  epoch 2 batch 300/1132 loss=119680.455827 trend=423257788.6133 freq=34911460.5650 diff=112.7398
  epoch 2 batch 350/1132 loss=118850.330050 trend=420306605.6914 freq=34668512.5729 diff=112.1096
  epoch 2 batch 400/1132 loss=117257.412866 trend=414626667.7000 freq=34200376.9087 diff=110.8549
  epoch 2 batch 450/1132 loss=113775.478490 trend=402292155.2889 freq=33183312.4367 diff=107.7499
  epoch 2 batch 500/1132 loss=115275.888586 trend=407599711.5360 freq=33621231.0610 diff=109.2704
  epoch 2 batch 550/1132 loss=120585.272770 trend=426372000.8873 freq=35169633.8536 diff=114.4047
  epoch 2 batch 600/1132 loss=116577.610104 trend=412189537.7333 freq=34000061.9775 diff=110.8002
  epoch 2 batch 650/1132 loss=112108.909609 trend=396363348.5169 freq=32694871.0046 diff=106.8161
  epoch 2 batch 700/1132 loss=110899.882065 trend=392088920.4229 freq=32342390.6057 diff=105.8256
  epoch 2 batch 750/1132 loss=111890.661667 trend=395597696.2240 freq=32631828.9360 diff=106.8990
  epoch 2 batch 800/1132 loss=113879.371406 trend=402632859.1000 freq=33212091.7500 diff=108.9327
  epoch 2 batch 850/1132 loss=111871.547909 trend=395533680.9882 freq=32626595.9765 diff=107.2041
  epoch 2 batch 900/1132 loss=110566.702057 trend=390919690.4711 freq=32246062.6956 diff=106.1546
  epoch 2 batch 950/1132 loss=110319.089762 trend=390008212.6232 freq=32170902.9263 diff=106.2112
  epoch 2 batch 1000/1132 loss=108680.872238 trend=384215174.1680 freq=31693102.0430 diff=104.8526
  epoch 2 batch 1050/1132 loss=108237.290863 trend=382647889.9124 freq=31563822.8919 diff=104.6229
  epoch 2 batch 1100/1132 loss=108748.861225 trend=384442782.9673 freq=31711835.0914 diff=105.3468
Epoch 2 | train_loss=109082.898003 val_mse=5482043.500000 val_mae=84.397919 (66.1s)
  EarlyStopping: 1/3
  epoch 3 batch 50/1132 loss=95786.419297 trend=338610321.2800 freq=27931063.4200 diff=97.9525
  epoch 3 batch 100/1132 loss=104742.966172 trend=370286610.0800 freq=30543564.6100 diff=106.4887
  epoch 3 batch 150/1132 loss=119509.987982 trend=422451110.9867 freq=34845764.2900 diff=120.6065
  epoch 3 batch 200/1132 loss=120000.968438 trend=424200259.0000 freq=34989941.7925 diff=121.1323
  epoch 3 batch 250/1132 loss=117281.617500 trend=414575871.0400 freq=34196128.3780 diff=118.8078
  epoch 3 batch 300/1132 loss=115293.744004 trend=407544071.4933 freq=33616087.5483 diff=117.0029
  epoch 3 batch 350/1132 loss=111478.966752 trend=394051732.5486 freq=32503212.8557 diff=113.5216
  epoch 3 batch 400/1132 loss=113159.624907 trend=399991989.4400 freq=32993084.7387 diff=115.3013
  epoch 3 batch 450/1132 loss=109967.327010 trend=388695252.1600 freq=32061320.7900 diff=112.5091
  epoch 3 batch 500/1132 loss=109468.901832 trend=386929942.8320 freq=31915655.7890 diff=112.1726
  epoch 3 batch 550/1132 loss=110847.386758 trend=391799722.7200 freq=32317228.4300 diff=113.6232
  epoch 3 batch 600/1132 loss=109177.801963 trend=385873927.7200 freq=31828437.6525 diff=112.2942
  epoch 3 batch 650/1132 loss=110297.263068 trend=389828285.2431 freq=32154499.5531 diff=113.4675
  epoch 3 batch 700/1132 loss=107053.610273 trend=378345716.9257 freq=31207389.1279 diff=110.5686
  epoch 3 batch 750/1132 loss=108381.522953 trend=383015546.5067 freq=31592471.3153 diff=112.0335
  epoch 3 batch 800/1132 loss=106706.710693 trend=377085477.1500 freq=31103309.1919 diff=110.6482
  epoch 3 batch 850/1132 loss=107786.282594 trend=380898240.8282 freq=31417694.2718 diff=111.8389
  epoch 3 batch 900/1132 loss=108644.818509 trend=383929994.4267 freq=31667662.0483 diff=112.7930
  epoch 3 batch 950/1132 loss=109603.247621 trend=387314505.5242 freq=31946723.3953 diff=113.8267
  epoch 3 batch 1000/1132 loss=nan trend=nan freq=nan diff=nan
  epoch 3 batch 1050/1132 loss=nan trend=nan freq=nan diff=nan
  epoch 3 batch 1100/1132 loss=nan trend=nan freq=nan diff=nan
Epoch 3 | train_loss=nan val_mse=31363582.000000 val_mae=211.493546 (60.1s)
  EarlyStopping: 2/3
  epoch 4 batch 50/1132 loss=nan trend=nan freq=nan diff=nan
  epoch 4 batch 100/1132 loss=nan trend=nan freq=nan diff=nan
  epoch 4 batch 150/1132 loss=nan trend=nan freq=nan diff=nan
  epoch 4 batch 200/1132 loss=nan trend=nan freq=nan diff=nan
  epoch 4 batch 250/1132 loss=nan trend=nan freq=nan diff=nan
  epoch 4 batch 300/1132 loss=nan trend=nan freq=nan diff=nan
  epoch 4 batch 350/1132 loss=nan trend=nan freq=nan diff=nan
  epoch 4 batch 400/1132 loss=nan trend=nan freq=nan diff=nan
  epoch 4 batch 450/1132 loss=nan trend=nan freq=nan diff=nan
  epoch 4 batch 500/1132 loss=nan trend=nan freq=nan diff=nan
  epoch 4 batch 550/1132 loss=nan trend=nan freq=nan diff=nan
  epoch 4 batch 600/1132 loss=nan trend=nan freq=nan diff=nan
  epoch 4 batch 650/1132 loss=nan trend=nan freq=nan diff=nan
  epoch 4 batch 700/1132 loss=nan trend=nan freq=nan diff=nan
  epoch 4 batch 750/1132 loss=nan trend=nan freq=nan diff=nan
  epoch 4 batch 800/1132 loss=nan trend=nan freq=nan diff=nan
  epoch 4 batch 850/1132 loss=nan trend=nan freq=nan diff=nan
  epoch 4 batch 900/1132 loss=nan trend=nan freq=nan diff=nan
  epoch 4 batch 950/1132 loss=nan trend=nan freq=nan diff=nan
  epoch 4 batch 1000/1132 loss=nan trend=nan freq=nan diff=nan
  epoch 4 batch 1050/1132 loss=nan trend=nan freq=nan diff=nan
  epoch 4 batch 1100/1132 loss=nan trend=nan freq=nan diff=nan
Epoch 4 | train_loss=nan val_mse=nan val_mae=nan (46.8s)
  EarlyStopping: 3/3
Early stopping at epoch 4.

Test | mse=0.212345 mae=0.309249 rmse=0.460809
