============================================================
data:
  name: ettm1
  root_path: data/ETT-small
  data_path: ETTm1.csv
  data_kind: ETTm
  features: M
  target: OT
  freq: t
  n_vars: 7
model:
  name: metatsf_vglg
  type: vglg
  d_model: 128
  n_layers: 2
  dropout: 0.1
  channel_mlp_mult: 2
  revin: true
  affine: true
  mixer:
    type: vglg
    kernel_size: 31
    rank: 8
    dropout: 0.1
    gate_hidden: 16
    gate_entropy_reg: 0.0
    gate_mode: learned
train:
  name: distill
  seq_len: 96
  label_len: 48
  pred_len: 192
  batch_size: 64
  num_workers: 4
  train_epochs: 10
  patience: 3
  learning_rate: 0.0001
  loss: mse
  lradj: type1
  weight_decay: 0.0
  gradient_clip: 1.0
  use_amp: true
  log_interval: 50
  val_interval: 1
  checkpoint_dir: checkpoints
  use_wandb: false
  wandb_project: vglg-tsf
  teacher: amazon/chronos-bolt-base
  teacher_cache_dir: cache/teacher
  distill_lambda_mse: 1.0
  distill_lambda_trend: 0.0002
  distill_lambda_freq: 0.001
  distill_lambda_diff: 1.0
  distill_warmup_epochs: 1
seed: 2021
device: cuda
project: vglg-tsf
run_name: null
tag: distill

============================================================
Loaded data | train=34273 val=11329 test=11329
Built model: metatsf_vglg | params=42,442
  epoch 1 batch 50/535 loss=0.552207 trend=0.0000 freq=0.0000 diff=0.0000
  epoch 1 batch 100/535 loss=0.517676 trend=0.0000 freq=0.0000 diff=0.0000
  epoch 1 batch 150/535 loss=0.488909 trend=0.0000 freq=0.0000 diff=0.0000
  epoch 1 batch 200/535 loss=0.472725 trend=0.0000 freq=0.0000 diff=0.0000
  epoch 1 batch 250/535 loss=0.460133 trend=0.0000 freq=0.0000 diff=0.0000
  epoch 1 batch 300/535 loss=0.449138 trend=0.0000 freq=0.0000 diff=0.0000
  epoch 1 batch 350/535 loss=0.441505 trend=0.0000 freq=0.0000 diff=0.0000
  epoch 1 batch 400/535 loss=0.435205 trend=0.0000 freq=0.0000 diff=0.0000
  epoch 1 batch 450/535 loss=0.430215 trend=0.0000 freq=0.0000 diff=0.0000
  epoch 1 batch 500/535 loss=0.425572 trend=0.0000 freq=0.0000 diff=0.0000
Epoch 1 | train_loss=0.422737 val_mse=0.543540 val_mae=0.488986 (6.3s)
  Validation improved to 0.543540; saved checkpoint.
  epoch 2 batch 50/535 loss=0.719213 trend=1119.3741 freq=79.0122 diff=0.0217
  epoch 2 batch 100/535 loss=0.705375 trend=1051.7788 freq=75.4925 diff=0.0197
  epoch 2 batch 150/535 loss=0.697751 trend=1018.8039 freq=73.3228 diff=0.0182
  epoch 2 batch 200/535 loss=0.695847 trend=1011.2313 freq=72.3530 diff=0.0172
  epoch 2 batch 250/535 loss=0.692296 trend=995.0218 freq=71.2799 diff=0.0162
  epoch 2 batch 300/535 loss=0.688133 trend=976.7812 freq=69.9215 diff=0.0155
  epoch 2 batch 350/535 loss=0.685919 trend=967.2860 freq=69.2882 diff=0.0148
  epoch 2 batch 400/535 loss=0.684028 trend=964.1899 freq=68.9749 diff=0.0142
  epoch 2 batch 450/535 loss=0.681191 trend=954.2088 freq=68.3147 diff=0.0137
  epoch 2 batch 500/535 loss=0.678427 trend=947.8726 freq=67.9001 diff=0.0132
Epoch 2 | train_loss=0.677077 val_mse=0.634757 val_mae=0.539425 (6.6s)
  EarlyStopping: 1/3
  epoch 3 batch 50/535 loss=0.643568 trend=859.4141 freq=61.2866 diff=0.0084
  epoch 3 batch 100/535 loss=0.659039 trend=901.3066 freq=64.2557 diff=0.0084
  epoch 3 batch 150/535 loss=0.652639 trend=884.8631 freq=63.2915 diff=0.0083
  epoch 3 batch 200/535 loss=0.652582 trend=880.1788 freq=62.9328 diff=0.0082
  epoch 3 batch 250/535 loss=0.651635 trend=878.7258 freq=62.4000 diff=0.0081
  epoch 3 batch 300/535 loss=0.650554 trend=873.5317 freq=62.1277 diff=0.0080
  epoch 3 batch 350/535 loss=0.652063 trend=876.2334 freq=62.3364 diff=0.0080
  epoch 3 batch 400/535 loss=0.652818 trend=876.8269 freq=62.5084 diff=0.0079
  epoch 3 batch 450/535 loss=0.652565 trend=878.4223 freq=62.6132 diff=0.0078
  epoch 3 batch 500/535 loss=0.652057 trend=879.2325 freq=62.6419 diff=0.0078
Epoch 3 | train_loss=0.653468 val_mse=0.631453 val_mae=0.537830 (6.5s)
  EarlyStopping: 2/3
  epoch 4 batch 50/535 loss=0.647531 trend=845.0802 freq=60.4585 diff=0.0070
  epoch 4 batch 100/535 loss=0.651178 trend=879.4982 freq=62.7829 diff=0.0070
  epoch 4 batch 150/535 loss=0.653571 trend=885.7145 freq=63.2859 diff=0.0070
  epoch 4 batch 200/535 loss=0.650356 trend=876.9907 freq=62.3802 diff=0.0070
  epoch 4 batch 250/535 loss=0.646083 trend=866.2674 freq=61.7444 diff=0.0069
  epoch 4 batch 300/535 loss=0.647827 trend=868.0087 freq=61.8414 diff=0.0069
  epoch 4 batch 350/535 loss=0.646530 trend=861.8896 freq=61.4456 diff=0.0069
  epoch 4 batch 400/535 loss=0.645781 trend=863.2356 freq=61.6033 diff=0.0069
  epoch 4 batch 450/535 loss=0.646882 trend=868.1481 freq=61.8944 diff=0.0068
  epoch 4 batch 500/535 loss=0.648266 trend=872.2291 freq=62.1195 diff=0.0068
Epoch 4 | train_loss=0.648019 val_mse=0.636134 val_mae=0.539448 (6.5s)
  EarlyStopping: 3/3
Early stopping at epoch 4.

Test | mse=0.410969 mae=0.411923 rmse=0.641069
