============================================================
data:
  name: ettm2
  root_path: data/ETT-small
  data_path: ETTm2.csv
  data_kind: ETTm
  features: M
  target: OT
  freq: t
  n_vars: 7
model:
  name: metatsf_vglg
  type: vglg
  d_model: 128
  n_layers: 2
  dropout: 0.1
  channel_mlp_mult: 2
  revin: true
  affine: true
  mixer:
    type: vglg
    kernel_size: 31
    rank: 8
    dropout: 0.1
    gate_hidden: 16
    gate_entropy_reg: 0.0
    gate_mode: learned
train:
  name: distill
  seq_len: 96
  label_len: 48
  pred_len: 720
  batch_size: 64
  num_workers: 4
  train_epochs: 10
  patience: 3
  learning_rate: 0.0001
  loss: mse
  lradj: type1
  weight_decay: 0.0
  gradient_clip: 1.0
  use_amp: true
  log_interval: 50
  val_interval: 1
  checkpoint_dir: checkpoints
  use_wandb: false
  wandb_project: vglg-tsf
  teacher: amazon/chronos-bolt-base
  teacher_cache_dir: cache/teacher
  distill_lambda_mse: 1.0
  distill_lambda_trend: 0.0002
  distill_lambda_freq: 0.001
  distill_lambda_diff: 1.0
  distill_warmup_epochs: 1
seed: 2021
device: cuda
project: vglg-tsf
run_name: null
tag: distill

============================================================
Loaded data | train=33745 val=10801 test=10801
Built model: metatsf_vglg | params=110,554
  epoch 1 batch 50/527 loss=0.609430 trend=0.0000 freq=0.0000 diff=0.0000
  epoch 1 batch 100/527 loss=0.624390 trend=0.0000 freq=0.0000 diff=0.0000
  epoch 1 batch 150/527 loss=0.624009 trend=0.0000 freq=0.0000 diff=0.0000
  epoch 1 batch 200/527 loss=0.623967 trend=0.0000 freq=0.0000 diff=0.0000
  epoch 1 batch 250/527 loss=0.616559 trend=0.0000 freq=0.0000 diff=0.0000
  epoch 1 batch 300/527 loss=0.612216 trend=0.0000 freq=0.0000 diff=0.0000
  epoch 1 batch 350/527 loss=0.609098 trend=0.0000 freq=0.0000 diff=0.0000
  epoch 1 batch 400/527 loss=0.605753 trend=0.0000 freq=0.0000 diff=0.0000
  epoch 1 batch 450/527 loss=0.606447 trend=0.0000 freq=0.0000 diff=0.0000
  epoch 1 batch 500/527 loss=0.606290 trend=0.0000 freq=0.0000 diff=0.0000
Epoch 1 | train_loss=0.606611 val_mse=0.296152 val_mae=0.371769 (7.6s)
  Validation improved to 0.296152; saved checkpoint.
  epoch 2 batch 50/527 loss=1.283841 trend=3074.1335 freq=64.5743 diff=0.0119
  epoch 2 batch 100/527 loss=1.285297 trend=3077.8321 freq=64.0800 diff=0.0113
  epoch 2 batch 150/527 loss=1.283496 trend=3080.5998 freq=64.3961 diff=0.0109
  epoch 2 batch 200/527 loss=1.268060 trend=3017.6565 freq=62.8029 diff=0.0107
  epoch 2 batch 250/527 loss=1.284794 trend=3048.9546 freq=63.1664 diff=0.0106
  epoch 2 batch 300/527 loss=1.280771 trend=2986.7603 freq=61.9507 diff=0.0104
  epoch 2 batch 350/527 loss=1.303371 trend=3078.6726 freq=63.4050 diff=0.0102
  epoch 2 batch 400/527 loss=1.308118 trend=3111.4060 freq=63.4871 diff=0.0100
  epoch 2 batch 450/527 loss=1.304664 trend=3122.0059 freq=63.5644 diff=0.0099
  epoch 2 batch 500/527 loss=1.297522 trend=3092.5938 freq=62.9015 diff=0.0097
Epoch 2 | train_loss=1.292383 val_mse=0.308119 val_mae=0.383365 (7.8s)
  EarlyStopping: 1/3
  epoch 3 batch 50/527 loss=1.299870 trend=2983.8131 freq=61.5401 diff=0.0084
  epoch 3 batch 100/527 loss=1.274213 trend=2920.4595 freq=59.1009 diff=0.0082
  epoch 3 batch 150/527 loss=1.279511 trend=2986.5686 freq=60.2885 diff=0.0081
  epoch 3 batch 200/527 loss=1.284760 trend=3034.3390 freq=61.7163 diff=0.0080
  epoch 3 batch 250/527 loss=1.271386 trend=2953.3137 freq=60.6475 diff=0.0080
  epoch 3 batch 300/527 loss=1.250172 trend=2859.3161 freq=58.7209 diff=0.0079
  epoch 3 batch 350/527 loss=1.265736 trend=2923.2405 freq=59.3212 diff=0.0079
  epoch 3 batch 400/527 loss=1.264677 trend=2938.3487 freq=59.1144 diff=0.0079
  epoch 3 batch 450/527 loss=1.259563 trend=2919.7570 freq=58.8141 diff=0.0078
  epoch 3 batch 500/527 loss=1.251351 trend=2889.3923 freq=58.3402 diff=0.0078
Epoch 3 | train_loss=1.252659 val_mse=0.309013 val_mae=0.383880 (7.5s)
  EarlyStopping: 2/3
  epoch 4 batch 50/527 loss=1.224076 trend=2755.8981 freq=55.8377 diff=0.0071
  epoch 4 batch 100/527 loss=1.239321 trend=2801.3407 freq=57.2861 diff=0.0072
  epoch 4 batch 150/527 loss=1.253762 trend=2868.1884 freq=57.7341 diff=0.0072
  epoch 4 batch 200/527 loss=1.229870 trend=2774.1155 freq=56.3094 diff=0.0073
  epoch 4 batch 250/527 loss=1.237721 trend=2836.8145 freq=57.1413 diff=0.0072
  epoch 4 batch 300/527 loss=1.224257 trend=2755.5126 freq=55.8361 diff=0.0072
  epoch 4 batch 350/527 loss=1.262603 trend=2926.1446 freq=58.5534 diff=0.0072
  epoch 4 batch 400/527 loss=1.262176 trend=2904.2384 freq=58.4673 diff=0.0072
  epoch 4 batch 450/527 loss=1.258165 trend=2897.6172 freq=58.4943 diff=0.0072
  epoch 4 batch 500/527 loss=1.248626 trend=2874.8119 freq=58.1274 diff=0.0072
Epoch 4 | train_loss=1.245426 val_mse=0.308369 val_mae=0.383488 (7.5s)
  EarlyStopping: 3/3
Early stopping at epoch 4.

Test | mse=0.415273 mae=0.406100 rmse=0.644417
