============================================================
data:
  name: ettm2
  root_path: data/ETT-small
  data_path: ETTm2.csv
  data_kind: ETTm
  features: M
  target: OT
  freq: t
  n_vars: 7
model:
  name: metatsf_vglg
  type: vglg
  d_model: 128
  n_layers: 2
  dropout: 0.1
  channel_mlp_mult: 2
  revin: true
  affine: true
  mixer:
    type: vglg
    kernel_size: 31
    rank: 8
    dropout: 0.1
    gate_hidden: 16
    gate_entropy_reg: 0.0
    gate_mode: learned
train:
  name: distill
  seq_len: 96
  label_len: 48
  pred_len: 336
  batch_size: 64
  num_workers: 4
  train_epochs: 10
  patience: 3
  learning_rate: 0.0001
  loss: mse
  lradj: type1
  weight_decay: 0.0
  gradient_clip: 1.0
  use_amp: true
  log_interval: 50
  val_interval: 1
  checkpoint_dir: checkpoints
  use_wandb: false
  wandb_project: vglg-tsf
  teacher: amazon/chronos-bolt-base
  teacher_cache_dir: cache/teacher
  distill_lambda_mse: 1.0
  distill_lambda_trend: 0.0002
  distill_lambda_freq: 0.001
  distill_lambda_diff: 1.0
  distill_warmup_epochs: 1
seed: 2022
device: cuda
project: vglg-tsf
run_name: null
tag: distill

============================================================
Loaded data | train=34129 val=11185 test=11185
Built model: metatsf_vglg | params=61,018
  epoch 1 batch 50/533 loss=0.524069 trend=0.0000 freq=0.0000 diff=0.0000
  epoch 1 batch 100/533 loss=0.495271 trend=0.0000 freq=0.0000 diff=0.0000
  epoch 1 batch 150/533 loss=0.485017 trend=0.0000 freq=0.0000 diff=0.0000
  epoch 1 batch 200/533 loss=0.491166 trend=0.0000 freq=0.0000 diff=0.0000
  epoch 1 batch 250/533 loss=0.483377 trend=0.0000 freq=0.0000 diff=0.0000
  epoch 1 batch 300/533 loss=0.471639 trend=0.0000 freq=0.0000 diff=0.0000
  epoch 1 batch 350/533 loss=0.468928 trend=0.0000 freq=0.0000 diff=0.0000
  epoch 1 batch 400/533 loss=0.465609 trend=0.0000 freq=0.0000 diff=0.0000
  epoch 1 batch 450/533 loss=0.466530 trend=0.0000 freq=0.0000 diff=0.0000
  epoch 1 batch 500/533 loss=0.468554 trend=0.0000 freq=0.0000 diff=0.0000
Epoch 1 | train_loss=0.465705 val_mse=0.224884 val_mae=0.327991 (6.5s)
  Validation improved to 0.224884; saved checkpoint.
  epoch 2 batch 50/533 loss=0.637467 trend=736.4126 freq=30.5191 diff=0.0130
  epoch 2 batch 100/533 loss=0.626559 trend=705.0226 freq=28.8269 diff=0.0121
  epoch 2 batch 150/533 loss=0.609386 trend=679.0779 freq=27.8169 diff=0.0114
  epoch 2 batch 200/533 loss=0.621852 trend=688.6255 freq=27.8296 diff=0.0108
  epoch 2 batch 250/533 loss=0.617875 trend=689.4267 freq=27.7226 diff=0.0103
  epoch 2 batch 300/533 loss=0.609341 trend=668.3366 freq=26.9637 diff=0.0099
  epoch 2 batch 350/533 loss=0.608779 trend=661.4312 freq=26.7670 diff=0.0095
  epoch 2 batch 400/533 loss=0.612315 trend=651.5037 freq=26.3811 diff=0.0092
  epoch 2 batch 450/533 loss=0.614562 trend=644.9512 freq=26.1836 diff=0.0089
  epoch 2 batch 500/533 loss=0.609180 trend=638.2531 freq=25.8661 diff=0.0087
Epoch 2 | train_loss=0.608421 val_mse=0.231492 val_mae=0.335051 (6.8s)
  EarlyStopping: 1/3
  epoch 3 batch 50/533 loss=0.543233 trend=521.9347 freq=21.5381 diff=0.0058
  epoch 3 batch 100/533 loss=0.572255 trend=552.0651 freq=22.4354 diff=0.0058
  epoch 3 batch 150/533 loss=0.581259 trend=571.2313 freq=23.2758 diff=0.0058
  epoch 3 batch 200/533 loss=0.585462 trend=572.3960 freq=23.3274 diff=0.0057
  epoch 3 batch 250/533 loss=0.589583 trend=566.7847 freq=23.0402 diff=0.0056
  epoch 3 batch 300/533 loss=0.588234 trend=572.7537 freq=23.2473 diff=0.0056
  epoch 3 batch 350/533 loss=0.588971 trend=571.9682 freq=23.2897 diff=0.0055
  epoch 3 batch 400/533 loss=0.591800 trend=582.0136 freq=23.6261 diff=0.0055
  epoch 3 batch 450/533 loss=0.593057 trend=594.2880 freq=23.9463 diff=0.0055
  epoch 3 batch 500/533 loss=0.592653 trend=591.4268 freq=23.8444 diff=0.0054
Epoch 3 | train_loss=0.591424 val_mse=0.231789 val_mae=0.335140 (6.9s)
  EarlyStopping: 2/3
  epoch 4 batch 50/533 loss=0.606541 trend=547.3492 freq=22.2896 diff=0.0049
  epoch 4 batch 100/533 loss=0.591568 trend=540.5485 freq=21.9513 diff=0.0048
  epoch 4 batch 150/533 loss=0.596062 trend=597.9898 freq=23.8093 diff=0.0048
  epoch 4 batch 200/533 loss=0.580600 trend=576.2159 freq=22.9751 diff=0.0048
  epoch 4 batch 250/533 loss=0.574046 trend=570.7490 freq=22.8820 diff=0.0048
  epoch 4 batch 300/533 loss=0.587464 trend=577.6707 freq=23.1712 diff=0.0048
  epoch 4 batch 350/533 loss=0.590131 trend=586.4922 freq=23.4312 diff=0.0048
  epoch 4 batch 400/533 loss=0.588325 trend=589.5713 freq=23.6711 diff=0.0048
  epoch 4 batch 450/533 loss=0.589090 trend=583.8220 freq=23.5126 diff=0.0047
  epoch 4 batch 500/533 loss=0.587880 trend=576.4353 freq=23.2443 diff=0.0047
Epoch 4 | train_loss=0.588010 val_mse=0.230628 val_mae=0.333929 (6.9s)
  EarlyStopping: 3/3
Early stopping at epoch 4.

Test | mse=0.315157 mae=0.351271 rmse=0.561388
