============================================================
data:
  name: ettm2
  root_path: data/ETT-small
  data_path: ETTm2.csv
  data_kind: ETTm
  features: M
  target: OT
  freq: t
  n_vars: 7
model:
  name: metatsf_vglg
  type: vglg
  d_model: 128
  n_layers: 2
  dropout: 0.1
  channel_mlp_mult: 2
  revin: true
  affine: true
  mixer:
    type: vglg
    kernel_size: 31
    rank: 8
    dropout: 0.1
    gate_hidden: 16
    gate_entropy_reg: 0.0
    gate_mode: learned
train:
  name: distill
  seq_len: 96
  label_len: 48
  pred_len: 720
  batch_size: 64
  num_workers: 4
  train_epochs: 10
  patience: 3
  learning_rate: 0.0001
  loss: mse
  lradj: type1
  weight_decay: 0.0
  gradient_clip: 1.0
  use_amp: true
  log_interval: 50
  val_interval: 1
  checkpoint_dir: checkpoints
  use_wandb: false
  wandb_project: vglg-tsf
  teacher: amazon/chronos-bolt-base
  teacher_cache_dir: cache/teacher
  distill_lambda_mse: 1.0
  distill_lambda_trend: 0.0002
  distill_lambda_freq: 0.001
  distill_lambda_diff: 1.0
  distill_warmup_epochs: 1
seed: 2022
device: cuda
project: vglg-tsf
run_name: null
tag: distill

============================================================
Loaded data | train=33745 val=10801 test=10801
Built model: metatsf_vglg | params=110,554
  epoch 1 batch 50/527 loss=0.641727 trend=0.0000 freq=0.0000 diff=0.0000
  epoch 1 batch 100/527 loss=0.638665 trend=0.0000 freq=0.0000 diff=0.0000
  epoch 1 batch 150/527 loss=0.624529 trend=0.0000 freq=0.0000 diff=0.0000
  epoch 1 batch 200/527 loss=0.622923 trend=0.0000 freq=0.0000 diff=0.0000
  epoch 1 batch 250/527 loss=0.619592 trend=0.0000 freq=0.0000 diff=0.0000
  epoch 1 batch 300/527 loss=0.618196 trend=0.0000 freq=0.0000 diff=0.0000
  epoch 1 batch 350/527 loss=0.613786 trend=0.0000 freq=0.0000 diff=0.0000
  epoch 1 batch 400/527 loss=0.609422 trend=0.0000 freq=0.0000 diff=0.0000
  epoch 1 batch 450/527 loss=0.609034 trend=0.0000 freq=0.0000 diff=0.0000
  epoch 1 batch 500/527 loss=0.607621 trend=0.0000 freq=0.0000 diff=0.0000
Epoch 1 | train_loss=0.610215 val_mse=0.296422 val_mae=0.372597 (7.5s)
  Validation improved to 0.296422; saved checkpoint.
  epoch 2 batch 50/527 loss=1.536167 trend=4205.7377 freq=79.3170 diff=0.0131
  epoch 2 batch 100/527 loss=1.374076 trend=3544.8509 freq=68.4030 diff=0.0125
  epoch 2 batch 150/527 loss=1.339710 trend=3353.6924 freq=66.6876 diff=0.0122
  epoch 2 batch 200/527 loss=1.334464 trend=3306.8681 freq=65.6999 diff=0.0119
  epoch 2 batch 250/527 loss=1.338206 trend=3342.2750 freq=66.9319 diff=0.0116
  epoch 2 batch 300/527 loss=1.327561 trend=3276.4450 freq=65.9874 diff=0.0113
  epoch 2 batch 350/527 loss=1.327680 trend=3237.8268 freq=65.5131 diff=0.0111
  epoch 2 batch 400/527 loss=1.317982 trend=3202.8808 freq=64.8707 diff=0.0109
  epoch 2 batch 450/527 loss=1.306210 trend=3139.3592 freq=63.7444 diff=0.0107
  epoch 2 batch 500/527 loss=1.298890 trend=3100.1355 freq=63.0856 diff=0.0105
Epoch 2 | train_loss=1.294409 val_mse=0.309537 val_mae=0.384734 (7.4s)
  EarlyStopping: 1/3
  epoch 3 batch 50/527 loss=1.298516 trend=2988.9423 freq=62.4210 diff=0.0086
  epoch 3 batch 100/527 loss=1.236683 trend=2801.5432 freq=57.6770 diff=0.0085
  epoch 3 batch 150/527 loss=1.261238 trend=2884.9473 freq=59.8930 diff=0.0085
  epoch 3 batch 200/527 loss=1.243813 trend=2823.2483 freq=58.3421 diff=0.0084
  epoch 3 batch 250/527 loss=1.272618 trend=2940.8796 freq=59.8047 diff=0.0083
  epoch 3 batch 300/527 loss=1.263318 trend=2906.5508 freq=59.2257 diff=0.0083
  epoch 3 batch 350/527 loss=1.288623 trend=3033.9011 freq=61.2723 diff=0.0082
  epoch 3 batch 400/527 loss=1.284764 trend=3012.8041 freq=60.7906 diff=0.0082
  epoch 3 batch 450/527 loss=1.273162 trend=2971.7934 freq=60.1314 diff=0.0081
  epoch 3 batch 500/527 loss=1.260297 trend=2925.7483 freq=59.1874 diff=0.0081
Epoch 3 | train_loss=1.252204 val_mse=0.309165 val_mae=0.384222 (7.2s)
  EarlyStopping: 2/3
  epoch 4 batch 50/527 loss=1.296104 trend=3098.1846 freq=62.9893 diff=0.0075
  epoch 4 batch 100/527 loss=1.203369 trend=2736.5377 freq=55.3734 diff=0.0075
  epoch 4 batch 150/527 loss=1.189193 trend=2645.5915 freq=53.6778 diff=0.0075
  epoch 4 batch 200/527 loss=1.185995 trend=2618.9913 freq=53.2073 diff=0.0074
  epoch 4 batch 250/527 loss=1.216207 trend=2745.5845 freq=54.6793 diff=0.0074
  epoch 4 batch 300/527 loss=1.207795 trend=2718.7322 freq=54.5960 diff=0.0074
  epoch 4 batch 350/527 loss=1.214775 trend=2721.2357 freq=54.8091 diff=0.0074
  epoch 4 batch 400/527 loss=1.225066 trend=2762.8630 freq=55.8882 diff=0.0074
  epoch 4 batch 450/527 loss=1.234192 trend=2805.7144 freq=56.4838 diff=0.0074
  epoch 4 batch 500/527 loss=1.235888 trend=2808.8693 freq=56.7464 diff=0.0074
Epoch 4 | train_loss=1.243276 val_mse=0.308935 val_mae=0.384006 (7.6s)
  EarlyStopping: 3/3
Early stopping at epoch 4.

Test | mse=0.415742 mae=0.406019 rmse=0.644781
