============================================================
data:
  name: ettm1
  root_path: data/ETT-small
  data_path: ETTm1.csv
  data_kind: ETTm
  features: M
  target: OT
  freq: t
  n_vars: 7
model:
  name: metatsf_vglg
  type: vglg
  d_model: 128
  n_layers: 2
  dropout: 0.1
  channel_mlp_mult: 2
  revin: true
  affine: true
  mixer:
    type: vglg
    kernel_size: 31
    rank: 8
    dropout: 0.1
    gate_hidden: 16
    gate_entropy_reg: 0.0
    gate_mode: learned
train:
  name: distill
  seq_len: 96
  label_len: 48
  pred_len: 720
  batch_size: 64
  num_workers: 4
  train_epochs: 10
  patience: 3
  learning_rate: 0.0001
  loss: mse
  lradj: type1
  weight_decay: 0.0
  gradient_clip: 1.0
  use_amp: true
  log_interval: 50
  val_interval: 1
  checkpoint_dir: checkpoints
  use_wandb: false
  wandb_project: vglg-tsf
  teacher: amazon/chronos-bolt-base
  teacher_cache_dir: cache/teacher
  distill_lambda_mse: 1.0
  distill_lambda_trend: 0.0002
  distill_lambda_freq: 0.001
  distill_lambda_diff: 1.0
  distill_warmup_epochs: 1
seed: 2022
device: cuda
project: vglg-tsf
run_name: null
tag: distill

============================================================
Loaded data | train=33745 val=10801 test=10801
Built model: metatsf_vglg | params=110,554
  epoch 1 batch 50/527 loss=0.648413 trend=0.0000 freq=0.0000 diff=0.0000
  epoch 1 batch 100/527 loss=0.618221 trend=0.0000 freq=0.0000 diff=0.0000
  epoch 1 batch 150/527 loss=0.595984 trend=0.0000 freq=0.0000 diff=0.0000
  epoch 1 batch 200/527 loss=0.582399 trend=0.0000 freq=0.0000 diff=0.0000
  epoch 1 batch 250/527 loss=0.568767 trend=0.0000 freq=0.0000 diff=0.0000
  epoch 1 batch 300/527 loss=0.559904 trend=0.0000 freq=0.0000 diff=0.0000
  epoch 1 batch 350/527 loss=0.553135 trend=0.0000 freq=0.0000 diff=0.0000
  epoch 1 batch 400/527 loss=0.546942 trend=0.0000 freq=0.0000 diff=0.0000
  epoch 1 batch 450/527 loss=0.541687 trend=0.0000 freq=0.0000 diff=0.0000
  epoch 1 batch 500/527 loss=0.537670 trend=0.0000 freq=0.0000 diff=0.0000
Epoch 1 | train_loss=0.536113 val_mse=1.010038 val_mae=0.666509 (7.5s)
  Validation improved to 1.010038; saved checkpoint.
  epoch 2 batch 50/527 loss=3.033022 trend=11041.2821 freq=255.1763 diff=0.0239
  epoch 2 batch 100/527 loss=2.808586 trend=9986.1477 freq=229.1383 diff=0.0223
  epoch 2 batch 150/527 loss=2.716567 trend=9554.6819 freq=218.7552 diff=0.0214
  epoch 2 batch 200/527 loss=2.698088 trend=9462.7511 freq=216.7626 diff=0.0208
  epoch 2 batch 250/527 loss=2.644368 trend=9216.4158 freq=210.2186 diff=0.0202
  epoch 2 batch 300/527 loss=2.678174 trend=9358.1189 freq=213.6235 diff=0.0198
  epoch 2 batch 350/527 loss=2.690847 trend=9415.2129 freq=214.4530 diff=0.0195
  epoch 2 batch 400/527 loss=2.640131 trend=9186.0453 freq=209.9254 diff=0.0192
  epoch 2 batch 450/527 loss=2.618858 trend=9089.8997 freq=207.7091 diff=0.0189
  epoch 2 batch 500/527 loss=2.577291 trend=8893.6209 freq=203.6307 diff=0.0186
Epoch 2 | train_loss=2.564415 val_mse=1.231053 val_mae=0.757243 (7.4s)
  EarlyStopping: 1/3
  epoch 3 batch 50/527 loss=2.548847 trend=8742.4025 freq=197.7397 diff=0.0162
  epoch 3 batch 100/527 loss=2.504235 trend=8541.6350 freq=195.2566 diff=0.0159
  epoch 3 batch 150/527 loss=2.502459 trend=8521.6553 freq=195.5933 diff=0.0160
  epoch 3 batch 200/527 loss=2.435869 trend=8236.0099 freq=189.0770 diff=0.0159
  epoch 3 batch 250/527 loss=2.477663 trend=8432.6855 freq=193.0369 diff=0.0158
  epoch 3 batch 300/527 loss=2.506016 trend=8557.6602 freq=195.9009 diff=0.0158
  epoch 3 batch 350/527 loss=2.498835 trend=8517.5221 freq=195.0436 diff=0.0157
  epoch 3 batch 400/527 loss=2.483549 trend=8449.9928 freq=193.2663 diff=0.0156
  epoch 3 batch 450/527 loss=2.480407 trend=8436.5328 freq=192.9472 diff=0.0155
  epoch 3 batch 500/527 loss=2.449834 trend=8298.2650 freq=189.5580 diff=0.0155
Epoch 3 | train_loss=2.437240 val_mse=1.232649 val_mae=0.756491 (7.6s)
  EarlyStopping: 2/3
  epoch 4 batch 50/527 loss=2.660181 trend=9268.2656 freq=205.1170 diff=0.0148
  epoch 4 batch 100/527 loss=2.447347 trend=8314.8346 freq=185.9856 diff=0.0148
  epoch 4 batch 150/527 loss=2.312920 trend=7688.0258 freq=174.5555 diff=0.0148
  epoch 4 batch 200/527 loss=2.315670 trend=7696.1515 freq=175.6225 diff=0.0147
  epoch 4 batch 250/527 loss=2.321497 trend=7720.5023 freq=177.0802 diff=0.0147
  epoch 4 batch 300/527 loss=2.305120 trend=7632.4348 freq=175.5815 diff=0.0147
  epoch 4 batch 350/527 loss=2.371642 trend=7929.5136 freq=182.1472 diff=0.0147
  epoch 4 batch 400/527 loss=2.409938 trend=8104.0679 freq=185.6695 diff=0.0147
  epoch 4 batch 450/527 loss=2.428966 trend=8190.9946 freq=187.2614 diff=0.0147
  epoch 4 batch 500/527 loss=2.435413 trend=8222.9460 freq=187.7943 diff=0.0147
Epoch 4 | train_loss=2.411169 val_mse=1.228379 val_mae=0.755139 (7.2s)
  EarlyStopping: 3/3
Early stopping at epoch 4.

Test | mse=0.499209 mae=0.460840 rmse=0.706548
