============================================================
data:
  name: ettm2
  root_path: data/ETT-small
  data_path: ETTm2.csv
  data_kind: ETTm
  features: M
  target: OT
  freq: t
  n_vars: 7
model:
  name: metatsf_vglg
  type: vglg
  d_model: 128
  n_layers: 2
  dropout: 0.1
  channel_mlp_mult: 2
  revin: true
  affine: true
  mixer:
    type: vglg
    kernel_size: 31
    rank: 8
    dropout: 0.1
    gate_hidden: 16
    gate_entropy_reg: 0.0
    gate_mode: learned
train:
  name: distill
  seq_len: 96
  label_len: 48
  pred_len: 720
  batch_size: 64
  num_workers: 4
  train_epochs: 10
  patience: 3
  learning_rate: 0.0001
  loss: mse
  lradj: type1
  weight_decay: 0.0
  gradient_clip: 1.0
  use_amp: true
  log_interval: 50
  val_interval: 1
  checkpoint_dir: checkpoints
  use_wandb: false
  wandb_project: vglg-tsf
  teacher: amazon/chronos-bolt-base
  teacher_cache_dir: cache/teacher
  distill_lambda_mse: 1.0
  distill_lambda_trend: 0.0002
  distill_lambda_freq: 0.001
  distill_lambda_diff: 1.0
  distill_warmup_epochs: 1
seed: 2023
device: cuda
project: vglg-tsf
run_name: null
tag: distill

============================================================
Loaded data | train=33745 val=10801 test=10801
Built model: metatsf_vglg | params=110,554
  epoch 1 batch 50/527 loss=0.620591 trend=0.0000 freq=0.0000 diff=0.0000
  epoch 1 batch 100/527 loss=0.620667 trend=0.0000 freq=0.0000 diff=0.0000
  epoch 1 batch 150/527 loss=0.616317 trend=0.0000 freq=0.0000 diff=0.0000
  epoch 1 batch 200/527 loss=0.619637 trend=0.0000 freq=0.0000 diff=0.0000
  epoch 1 batch 250/527 loss=0.607888 trend=0.0000 freq=0.0000 diff=0.0000
  epoch 1 batch 300/527 loss=0.606008 trend=0.0000 freq=0.0000 diff=0.0000
  epoch 1 batch 350/527 loss=0.604070 trend=0.0000 freq=0.0000 diff=0.0000
  epoch 1 batch 400/527 loss=0.605604 trend=0.0000 freq=0.0000 diff=0.0000
  epoch 1 batch 450/527 loss=0.605308 trend=0.0000 freq=0.0000 diff=0.0000
  epoch 1 batch 500/527 loss=0.608536 trend=0.0000 freq=0.0000 diff=0.0000
Epoch 1 | train_loss=0.607459 val_mse=0.295237 val_mae=0.371890 (7.4s)
  Validation improved to 0.295237; saved checkpoint.
  epoch 2 batch 50/527 loss=1.298221 trend=3320.4132 freq=68.6969 diff=0.0125
  epoch 2 batch 100/527 loss=1.334405 trend=3357.5243 freq=69.4332 diff=0.0122
  epoch 2 batch 150/527 loss=1.351848 trend=3386.9580 freq=68.1228 diff=0.0118
  epoch 2 batch 200/527 loss=1.333375 trend=3295.8172 freq=66.2794 diff=0.0115
  epoch 2 batch 250/527 loss=1.309386 trend=3182.7356 freq=64.1166 diff=0.0112
  epoch 2 batch 300/527 loss=1.283488 trend=3076.0516 freq=62.5874 diff=0.0109
  epoch 2 batch 350/527 loss=1.281211 trend=3036.0926 freq=62.0136 diff=0.0107
  epoch 2 batch 400/527 loss=1.290849 trend=3075.2888 freq=62.0572 diff=0.0105
  epoch 2 batch 450/527 loss=1.301494 trend=3111.1305 freq=62.9982 diff=0.0103
  epoch 2 batch 500/527 loss=1.295106 trend=3085.1338 freq=62.6087 diff=0.0101
Epoch 2 | train_loss=1.297528 val_mse=0.309054 val_mae=0.384404 (7.5s)
  EarlyStopping: 1/3
  epoch 3 batch 50/527 loss=1.241185 trend=2939.4346 freq=59.4913 diff=0.0082
  epoch 3 batch 100/527 loss=1.218229 trend=2680.2614 freq=55.7435 diff=0.0081
  epoch 3 batch 150/527 loss=1.265987 trend=2880.8725 freq=59.2611 diff=0.0081
  epoch 3 batch 200/527 loss=1.242243 trend=2776.2668 freq=57.1878 diff=0.0080
  epoch 3 batch 250/527 loss=1.243802 trend=2824.2301 freq=57.0154 diff=0.0080
  epoch 3 batch 300/527 loss=1.229200 trend=2812.5201 freq=56.9019 diff=0.0079
  epoch 3 batch 350/527 loss=1.237275 trend=2842.4494 freq=57.6371 diff=0.0078
  epoch 3 batch 400/527 loss=1.237611 trend=2829.1825 freq=57.5952 diff=0.0078
  epoch 3 batch 450/527 loss=1.248813 trend=2875.1109 freq=58.4717 diff=0.0078
  epoch 3 batch 500/527 loss=1.245999 trend=2870.0871 freq=58.2026 diff=0.0077
Epoch 3 | train_loss=1.251413 val_mse=0.309695 val_mae=0.385080 (7.4s)
  EarlyStopping: 2/3
  epoch 4 batch 50/527 loss=1.216899 trend=2691.0340 freq=54.4013 diff=0.0071
  epoch 4 batch 100/527 loss=1.206600 trend=2669.2612 freq=53.9380 diff=0.0071
  epoch 4 batch 150/527 loss=1.183585 trend=2612.7399 freq=53.0468 diff=0.0070
  epoch 4 batch 200/527 loss=1.189079 trend=2641.2261 freq=53.8251 diff=0.0070
  epoch 4 batch 250/527 loss=1.190208 trend=2639.0793 freq=53.9421 diff=0.0070
  epoch 4 batch 300/527 loss=1.198762 trend=2660.6607 freq=54.6042 diff=0.0070
  epoch 4 batch 350/527 loss=1.236987 trend=2818.8708 freq=57.3728 diff=0.0070
  epoch 4 batch 400/527 loss=1.226681 trend=2758.9460 freq=56.2473 diff=0.0070
  epoch 4 batch 450/527 loss=1.217603 trend=2733.1365 freq=55.9222 diff=0.0070
  epoch 4 batch 500/527 loss=1.231253 trend=2805.1535 freq=56.7144 diff=0.0070
Epoch 4 | train_loss=1.244239 val_mse=0.308443 val_mae=0.383903 (7.3s)
  EarlyStopping: 3/3
Early stopping at epoch 4.

Test | mse=0.414873 mae=0.405743 rmse=0.644106
