============================================================
data:
  name: ettm1
  root_path: data/ETT-small
  data_path: ETTm1.csv
  data_kind: ETTm
  features: M
  target: OT
  freq: t
  n_vars: 7
model:
  name: metatsf_vglg
  type: vglg
  d_model: 128
  n_layers: 2
  dropout: 0.1
  channel_mlp_mult: 2
  revin: true
  affine: true
  mixer:
    type: vglg
    kernel_size: 31
    rank: 8
    dropout: 0.1
    gate_hidden: 16
    gate_entropy_reg: 0.0
    gate_mode: learned
train:
  name: distill
  seq_len: 96
  label_len: 48
  pred_len: 336
  batch_size: 64
  num_workers: 4
  train_epochs: 10
  patience: 3
  learning_rate: 0.0001
  loss: mse
  lradj: type1
  weight_decay: 0.0
  gradient_clip: 1.0
  use_amp: true
  log_interval: 50
  val_interval: 1
  checkpoint_dir: checkpoints
  use_wandb: false
  wandb_project: vglg-tsf
  teacher: amazon/chronos-bolt-base
  teacher_cache_dir: cache/teacher
  distill_lambda_mse: 1.0
  distill_lambda_trend: 0.0002
  distill_lambda_freq: 0.001
  distill_lambda_diff: 1.0
  distill_warmup_epochs: 1
seed: 2021
device: cuda
project: vglg-tsf
run_name: null
tag: distill

============================================================
Loaded data | train=34129 val=11185 test=11185
Built model: metatsf_vglg | params=61,018
  epoch 1 batch 50/533 loss=0.612563 trend=0.0000 freq=0.0000 diff=0.0000
  epoch 1 batch 100/533 loss=0.573693 trend=0.0000 freq=0.0000 diff=0.0000
  epoch 1 batch 150/533 loss=0.546581 trend=0.0000 freq=0.0000 diff=0.0000
  epoch 1 batch 200/533 loss=0.527517 trend=0.0000 freq=0.0000 diff=0.0000
  epoch 1 batch 250/533 loss=0.512634 trend=0.0000 freq=0.0000 diff=0.0000
  epoch 1 batch 300/533 loss=0.502385 trend=0.0000 freq=0.0000 diff=0.0000
  epoch 1 batch 350/533 loss=0.495482 trend=0.0000 freq=0.0000 diff=0.0000
  epoch 1 batch 400/533 loss=0.487824 trend=0.0000 freq=0.0000 diff=0.0000
  epoch 1 batch 450/533 loss=0.481420 trend=0.0000 freq=0.0000 diff=0.0000
  epoch 1 batch 500/533 loss=0.476887 trend=0.0000 freq=0.0000 diff=0.0000
Epoch 1 | train_loss=0.473095 val_mse=0.693309 val_mae=0.553736 (6.7s)
  Validation improved to 0.693309; saved checkpoint.
  epoch 2 batch 50/533 loss=1.052138 trend=2349.5898 freq=97.5603 diff=0.0226
  epoch 2 batch 100/533 loss=1.003959 trend=2143.4789 freq=89.5345 diff=0.0203
  epoch 2 batch 150/533 loss=0.984606 trend=2042.8079 freq=85.1681 diff=0.0189
  epoch 2 batch 200/533 loss=0.975576 trend=1991.7959 freq=83.2048 diff=0.0178
  epoch 2 batch 250/533 loss=0.961844 trend=1934.5071 freq=80.6913 diff=0.0169
  epoch 2 batch 300/533 loss=0.969054 trend=1963.3344 freq=82.2588 diff=0.0162
  epoch 2 batch 350/533 loss=0.970759 trend=1970.5928 freq=82.5908 diff=0.0156
  epoch 2 batch 400/533 loss=0.968997 trend=1957.9862 freq=82.0192 diff=0.0151
  epoch 2 batch 450/533 loss=0.962633 trend=1929.5559 freq=80.6363 diff=0.0146
  epoch 2 batch 500/533 loss=0.958861 trend=1918.0505 freq=80.1183 diff=0.0142
Epoch 2 | train_loss=0.954952 val_mse=0.833636 val_mae=0.620175 (6.7s)
  EarlyStopping: 1/3
  epoch 3 batch 50/533 loss=0.902542 trend=1708.7844 freq=71.6814 diff=0.0098
  epoch 3 batch 100/533 loss=0.916125 trend=1762.9130 freq=73.7327 diff=0.0099
  epoch 3 batch 150/533 loss=0.923267 trend=1781.5207 freq=74.3452 diff=0.0098
  epoch 3 batch 200/533 loss=0.926939 trend=1782.9260 freq=74.2551 diff=0.0097
  epoch 3 batch 250/533 loss=0.925554 trend=1774.7802 freq=73.9253 diff=0.0097
  epoch 3 batch 300/533 loss=0.923553 trend=1773.8990 freq=73.8320 diff=0.0096
  epoch 3 batch 350/533 loss=0.921347 trend=1771.5815 freq=73.6276 diff=0.0095
  epoch 3 batch 400/533 loss=0.922800 trend=1775.6848 freq=73.8590 diff=0.0094
  epoch 3 batch 450/533 loss=0.919245 trend=1760.9319 freq=73.2554 diff=0.0094
  epoch 3 batch 500/533 loss=0.919518 trend=1763.0049 freq=73.1987 diff=0.0093
Epoch 3 | train_loss=0.918692 val_mse=0.851749 val_mae=0.625821 (6.9s)
  EarlyStopping: 2/3
  epoch 4 batch 50/533 loss=0.883822 trend=1614.3939 freq=66.5083 diff=0.0085
  epoch 4 batch 100/533 loss=0.940044 trend=1807.2909 freq=75.6517 diff=0.0086
  epoch 4 batch 150/533 loss=0.930415 trend=1774.9227 freq=74.1903 diff=0.0085
  epoch 4 batch 200/533 loss=0.913567 trend=1728.4614 freq=71.9036 diff=0.0085
  epoch 4 batch 250/533 loss=0.913526 trend=1729.9646 freq=71.8702 diff=0.0085
  epoch 4 batch 300/533 loss=0.917795 trend=1745.3059 freq=72.3155 diff=0.0084
  epoch 4 batch 350/533 loss=0.917123 trend=1743.5275 freq=72.3185 diff=0.0084
  epoch 4 batch 400/533 loss=0.915806 trend=1742.7325 freq=72.1735 diff=0.0084
  epoch 4 batch 450/533 loss=0.917225 trend=1751.1232 freq=72.5671 diff=0.0084
  epoch 4 batch 500/533 loss=0.913393 trend=1739.3303 freq=72.0951 diff=0.0083
Epoch 4 | train_loss=0.911076 val_mse=0.829468 val_mae=0.617625 (6.7s)
  EarlyStopping: 3/3
Early stopping at epoch 4.

Test | mse=0.441141 mae=0.430892 rmse=0.664185
