============================================================
data:
  name: etth1
  root_path: data/ETT-small
  data_path: ETTh1.csv
  data_kind: ETTh
  features: M
  target: OT
  freq: h
  n_vars: 7
model:
  name: metatsf_vglg
  type: vglg
  d_model: 128
  n_layers: 2
  dropout: 0.1
  channel_mlp_mult: 2
  revin: true
  affine: true
  mixer:
    type: vglg
    kernel_size: 31
    rank: 8
    dropout: 0.1
    gate_hidden: 16
    gate_entropy_reg: 0.0
    gate_mode: fixed_1.0
train:
  name: default
  seq_len: 96
  label_len: 48
  pred_len: 720
  batch_size: 32
  num_workers: 4
  train_epochs: 10
  patience: 3
  learning_rate: 0.0001
  loss: mse
  lradj: type1
  weight_decay: 0.0
  gradient_clip: 1.0
  use_amp: true
  log_interval: 50
  val_interval: 1
  checkpoint_dir: checkpoints
  use_wandb: false
  wandb_project: vglg-tsf
seed: 2021
device: cuda
project: vglg-tsf
run_name: null
tag: ablation_local_only

============================================================
Loaded data | train=7825 val=2161 test=2161
Built model: metatsf_vglg | params=110,554
  epoch 1 batch 50/244 loss=0.874963
  epoch 1 batch 100/244 loss=0.842536
  epoch 1 batch 150/244 loss=0.816756
  epoch 1 batch 200/244 loss=0.797107
Epoch 1 | train_loss=0.778608 val_mse=1.707322 val_mae=0.914567 (2.5s)
  Validation improved to 1.707322; saved checkpoint.
  epoch 2 batch 50/244 loss=0.680618
  epoch 2 batch 100/244 loss=0.678073
  epoch 2 batch 150/244 loss=0.674536
  epoch 2 batch 200/244 loss=0.671065
Epoch 2 | train_loss=0.665332 val_mse=1.626362 val_mae=0.881396 (2.4s)
  Validation improved to 1.626362; saved checkpoint.
  epoch 3 batch 50/244 loss=0.649174
  epoch 3 batch 100/244 loss=0.645301
  epoch 3 batch 150/244 loss=0.643713
  epoch 3 batch 200/244 loss=0.643184
Epoch 3 | train_loss=0.641203 val_mse=1.605263 val_mae=0.871382 (2.3s)
  Validation improved to 1.605263; saved checkpoint.
  epoch 4 batch 50/244 loss=0.633714
  epoch 4 batch 100/244 loss=0.637365
  epoch 4 batch 150/244 loss=0.636716
  epoch 4 batch 200/244 loss=0.633889
Epoch 4 | train_loss=0.632936 val_mse=1.597489 val_mae=0.867598 (2.3s)
  Validation improved to 1.597489; saved checkpoint.
  epoch 5 batch 50/244 loss=0.634183
  epoch 5 batch 100/244 loss=0.625110
  epoch 5 batch 150/244 loss=0.627873
  epoch 5 batch 200/244 loss=0.628581
Epoch 5 | train_loss=0.630001 val_mse=1.594163 val_mae=0.865986 (2.2s)
  Validation improved to 1.594163; saved checkpoint.
  epoch 6 batch 50/244 loss=0.638723
  epoch 6 batch 100/244 loss=0.633849
  epoch 6 batch 150/244 loss=0.629245
  epoch 6 batch 200/244 loss=0.628454
Epoch 6 | train_loss=0.628582 val_mse=1.592537 val_mae=0.865206 (2.2s)
  Validation improved to 1.592537; saved checkpoint.
  epoch 7 batch 50/244 loss=0.622265
  epoch 7 batch 100/244 loss=0.626113
  epoch 7 batch 150/244 loss=0.631808
  epoch 7 batch 200/244 loss=0.630609
Epoch 7 | train_loss=0.627611 val_mse=1.591774 val_mae=0.864838 (2.2s)
  Validation improved to 1.591774; saved checkpoint.
  epoch 8 batch 50/244 loss=0.621108
  epoch 8 batch 100/244 loss=0.626273
  epoch 8 batch 150/244 loss=0.627145
  epoch 8 batch 200/244 loss=0.626944
Epoch 8 | train_loss=0.627387 val_mse=1.591398 val_mae=0.864656 (2.2s)
  Validation improved to 1.591398; saved checkpoint.
  epoch 9 batch 50/244 loss=0.619739
  epoch 9 batch 100/244 loss=0.624338
  epoch 9 batch 150/244 loss=0.625106
  epoch 9 batch 200/244 loss=0.625043
Epoch 9 | train_loss=0.627694 val_mse=1.591207 val_mae=0.864564 (2.2s)
  Validation improved to 1.591207; saved checkpoint.
  epoch 10 batch 50/244 loss=0.625646
  epoch 10 batch 100/244 loss=0.624720
  epoch 10 batch 150/244 loss=0.626384
  epoch 10 batch 200/244 loss=0.625725
Epoch 10 | train_loss=0.627149 val_mse=1.591113 val_mae=0.864517 (2.2s)
  Validation improved to 1.591113; saved checkpoint.

Test | mse=0.511837 mae=0.490807 rmse=0.715428
