============================================================
data:
  name: etth1
  root_path: data/ETT-small
  data_path: ETTh1.csv
  data_kind: ETTh
  features: M
  target: OT
  freq: h
  n_vars: 7
model:
  name: metatsf_vglg
  type: vglg
  d_model: 128
  n_layers: 2
  dropout: 0.1
  channel_mlp_mult: 2
  revin: true
  affine: true
  mixer:
    type: vglg
    kernel_size: 31
    rank: 8
    dropout: 0.1
    gate_hidden: 16
    gate_entropy_reg: 0.0
    gate_mode: fixed_1.0
train:
  name: default
  seq_len: 96
  label_len: 48
  pred_len: 720
  batch_size: 32
  num_workers: 4
  train_epochs: 10
  patience: 3
  learning_rate: 0.0001
  loss: mse
  lradj: type1
  weight_decay: 0.0
  gradient_clip: 1.0
  use_amp: true
  log_interval: 50
  val_interval: 1
  checkpoint_dir: checkpoints
  use_wandb: false
  wandb_project: vglg-tsf
seed: 2022
device: cuda
project: vglg-tsf
run_name: null
tag: ablation_local_only

============================================================
Loaded data | train=7825 val=2161 test=2161
Built model: metatsf_vglg | params=110,554
  epoch 1 batch 50/244 loss=0.854506
  epoch 1 batch 100/244 loss=0.837630
  epoch 1 batch 150/244 loss=0.808226
  epoch 1 batch 200/244 loss=0.783852
Epoch 1 | train_loss=0.768498 val_mse=1.694172 val_mae=0.908573 (2.5s)
  Validation improved to 1.694172; saved checkpoint.
  epoch 2 batch 50/244 loss=0.681084
  epoch 2 batch 100/244 loss=0.675074
  epoch 2 batch 150/244 loss=0.670355
  epoch 2 batch 200/244 loss=0.668138
Epoch 2 | train_loss=0.663079 val_mse=1.615759 val_mae=0.876530 (2.4s)
  Validation improved to 1.615759; saved checkpoint.
  epoch 3 batch 50/244 loss=0.656189
  epoch 3 batch 100/244 loss=0.649948
  epoch 3 batch 150/244 loss=0.642634
  epoch 3 batch 200/244 loss=0.640417
Epoch 3 | train_loss=0.638127 val_mse=1.595885 val_mae=0.867431 (2.2s)
  Validation improved to 1.595885; saved checkpoint.
  epoch 4 batch 50/244 loss=0.638426
  epoch 4 batch 100/244 loss=0.630304
  epoch 4 batch 150/244 loss=0.630539
  epoch 4 batch 200/244 loss=0.630483
Epoch 4 | train_loss=0.630445 val_mse=1.588828 val_mae=0.864137 (2.2s)
  Validation improved to 1.588828; saved checkpoint.
  epoch 5 batch 50/244 loss=0.618436
  epoch 5 batch 100/244 loss=0.623426
  epoch 5 batch 150/244 loss=0.626158
  epoch 5 batch 200/244 loss=0.627330
Epoch 5 | train_loss=0.627719 val_mse=1.585972 val_mae=0.862807 (2.2s)
  Validation improved to 1.585972; saved checkpoint.
  epoch 6 batch 50/244 loss=0.628453
  epoch 6 batch 100/244 loss=0.630030
  epoch 6 batch 150/244 loss=0.627904
  epoch 6 batch 200/244 loss=0.625909
Epoch 6 | train_loss=0.626719 val_mse=1.584684 val_mae=0.862197 (2.2s)
  Validation improved to 1.584684; saved checkpoint.
  epoch 7 batch 50/244 loss=0.623739
  epoch 7 batch 100/244 loss=0.629393
  epoch 7 batch 150/244 loss=0.625209
  epoch 7 batch 200/244 loss=0.624564
Epoch 7 | train_loss=0.626081 val_mse=1.584023 val_mae=0.861893 (2.2s)
  Validation improved to 1.584023; saved checkpoint.
  epoch 8 batch 50/244 loss=0.616979
  epoch 8 batch 100/244 loss=0.616807
  epoch 8 batch 150/244 loss=0.619157
  epoch 8 batch 200/244 loss=0.622316
Epoch 8 | train_loss=0.625730 val_mse=1.583708 val_mae=0.861746 (2.2s)
  Validation improved to 1.583708; saved checkpoint.
  epoch 9 batch 50/244 loss=0.615842
  epoch 9 batch 100/244 loss=0.618775
  epoch 9 batch 150/244 loss=0.622856
  epoch 9 batch 200/244 loss=0.624761
Epoch 9 | train_loss=0.625198 val_mse=1.583549 val_mae=0.861671 (2.3s)
  Validation improved to 1.583549; saved checkpoint.
  epoch 10 batch 50/244 loss=0.616036
  epoch 10 batch 100/244 loss=0.628270
  epoch 10 batch 150/244 loss=0.625430
  epoch 10 batch 200/244 loss=0.626221
Epoch 10 | train_loss=0.625080 val_mse=1.583468 val_mae=0.861634 (2.3s)
  Validation improved to 1.583468; saved checkpoint.

Test | mse=0.509359 mae=0.489413 rmse=0.713694
