[2026-05-26 22:37:20] BEGIN scout on GPU 2
[2026-05-26 22:37:20] START R1_etth1_metatsf_mlp_h96_s2021 (ep=30 lr=0.0001 lradj=type3)
[2026-05-26 22:38:36] OK    R1_etth1_metatsf_mlp_h96_s2021 (76s) mse=0.387117
[2026-05-26 22:38:36] START R1_electricity_metatsf_mlp_h96_s2021 (ep=30 lr=0.0001 lradj=type3)
[2026-05-26 22:43:25] OK    R1_electricity_metatsf_mlp_h96_s2021 (288s) mse=0.164638
[2026-05-26 22:43:25] START R1_etth1_metatsf_conv_h96_s2021 (ep=30 lr=0.0001 lradj=type3)
[2026-05-26 22:45:53] OK    R1_etth1_metatsf_conv_h96_s2021 (148s) mse=0.389262
[2026-05-26 22:45:53] START R1_electricity_metatsf_conv_h96_s2021 (ep=30 lr=0.0001 lradj=type3)
[2026-05-26 22:50:48] OK    R1_electricity_metatsf_conv_h96_s2021 (295s) mse=0.171883
[2026-05-26 22:50:48] START R1_etth1_metatsf_attn_h96_s2021 (ep=30 lr=0.0001 lradj=type3)
[2026-05-26 22:52:12] OK    R1_etth1_metatsf_attn_h96_s2021 (84s) mse=0.398567
[2026-05-26 22:52:12] START R1_electricity_metatsf_attn_h96_s2021 (ep=30 lr=0.0001 lradj=type3)
[2026-05-26 22:56:54] OK    R1_electricity_metatsf_attn_h96_s2021 (282s) mse=0.172827
[2026-05-26 22:56:54] START R1_etth1_metatsf_vglg_h96_s2021 (ep=30 lr=0.0001 lradj=type3)
[2026-05-26 22:59:37] OK    R1_etth1_metatsf_vglg_h96_s2021 (163s) mse=0.386074
[2026-05-26 22:59:37] START R1_electricity_metatsf_vglg_h96_s2021 (ep=30 lr=0.0001 lradj=type3)
[2026-05-26 23:39:18] OK    R1_electricity_metatsf_vglg_h96_s2021 (2381s) mse=0.173281
[2026-05-26 23:39:18] START R2_etth1_metatsf_mlp_h96_s2021 (ep=30 lr=0.0005 lradj=type3)
[2026-05-26 23:46:01] OK    R2_etth1_metatsf_mlp_h96_s2021 (403s) mse=0.390649
[2026-05-26 23:46:01] START R2_electricity_metatsf_mlp_h96_s2021 (ep=30 lr=0.0005 lradj=type3)
[2026-05-27 00:03:08] OK    R2_electricity_metatsf_mlp_h96_s2021 (1027s) mse=0.167063
[2026-05-27 00:03:08] START R2_etth1_metatsf_conv_h96_s2021 (ep=30 lr=0.0005 lradj=type3)
[2026-05-27 00:10:46] OK    R2_etth1_metatsf_conv_h96_s2021 (458s) mse=0.394547
[2026-05-27 00:10:46] START R2_electricity_metatsf_conv_h96_s2021 (ep=30 lr=0.0005 lradj=type3)
[2026-05-27 00:27:28] OK    R2_electricity_metatsf_conv_h96_s2021 (1002s) mse=0.166436
[2026-05-27 00:27:28] START R2_etth1_metatsf_attn_h96_s2021 (ep=30 lr=0.0005 lradj=type3)
[2026-05-27 00:33:40] OK    R2_etth1_metatsf_attn_h96_s2021 (372s) mse=0.395390
[2026-05-27 00:33:40] START R2_electricity_metatsf_attn_h96_s2021 (ep=30 lr=0.0005 lradj=type3)
[2026-05-27 00:50:38] OK    R2_electricity_metatsf_attn_h96_s2021 (1018s) mse=0.171611
[2026-05-27 00:50:38] START R2_etth1_metatsf_vglg_h96_s2021 (ep=30 lr=0.0005 lradj=type3)
[2026-05-27 01:02:32] OK    R2_etth1_metatsf_vglg_h96_s2021 (714s) mse=0.387186
[2026-05-27 01:02:32] START R2_electricity_metatsf_vglg_h96_s2021 (ep=30 lr=0.0005 lradj=type3)
[2026-05-27 01:22:47] OK    R2_electricity_metatsf_vglg_h96_s2021 (1215s) mse=0.171284
[2026-05-27 01:22:47] START R3_etth1_metatsf_mlp_h96_s2021 (ep=30 lr=0.001 lradj=type3)
[2026-05-27 01:28:59] OK    R3_etth1_metatsf_mlp_h96_s2021 (371s) mse=0.388053
[2026-05-27 01:28:59] START R3_electricity_metatsf_mlp_h96_s2021 (ep=30 lr=0.001 lradj=type3)
[2026-05-27 01:42:38] OK    R3_electricity_metatsf_mlp_h96_s2021 (819s) mse=0.163713
[2026-05-27 01:42:38] START R3_etth1_metatsf_conv_h96_s2021 (ep=30 lr=0.001 lradj=type3)
[2026-05-27 01:50:00] OK    R3_etth1_metatsf_conv_h96_s2021 (442s) mse=0.397404
[2026-05-27 01:50:00] START R3_electricity_metatsf_conv_h96_s2021 (ep=30 lr=0.001 lradj=type3)
[2026-05-27 02:03:58] OK    R3_electricity_metatsf_conv_h96_s2021 (838s) mse=0.165059
[2026-05-27 02:03:58] START R3_etth1_metatsf_attn_h96_s2021 (ep=30 lr=0.001 lradj=type3)
[2026-05-27 02:10:05] OK    R3_etth1_metatsf_attn_h96_s2021 (367s) mse=0.394337
[2026-05-27 02:10:05] START R3_electricity_metatsf_attn_h96_s2021 (ep=30 lr=0.001 lradj=type3)
[2026-05-27 02:25:56] OK    R3_electricity_metatsf_attn_h96_s2021 (951s) mse=0.167644
[2026-05-27 02:25:56] START R3_etth1_metatsf_vglg_h96_s2021 (ep=30 lr=0.001 lradj=type3)
[2026-05-27 02:36:27] OK    R3_etth1_metatsf_vglg_h96_s2021 (631s) mse=0.390314
[2026-05-27 02:36:27] START R3_electricity_metatsf_vglg_h96_s2021 (ep=30 lr=0.001 lradj=type3)
[2026-05-27 02:55:04] OK    R3_electricity_metatsf_vglg_h96_s2021 (1116s) mse=0.169199
[2026-05-27 02:55:04] END scout
