============================================================
data:
  name: etth1
  root_path: data/ETT-small
  data_path: ETTh1.csv
  data_kind: ETTh
  features: M
  target: OT
  freq: h
  n_vars: 7
model:
  name: metatsf_vglg
  type: vglg
  d_model: 128
  n_layers: 2
  dropout: 0.1
  channel_mlp_mult: 2
  revin: true
  affine: true
  mixer:
    type: vglg
    kernel_size: 31
    rank: 8
    dropout: 0.1
    gate_hidden: 16
    gate_entropy_reg: 0.0
    gate_mode: learned
train:
  name: default
  seq_len: 96
  label_len: 48
  pred_len: 96
  batch_size: 32
  num_workers: 4
  train_epochs: 30
  patience: 8
  learning_rate: 0.0005
  loss: mse
  lradj: type3
  weight_decay: 0.0
  gradient_clip: 1.0
  use_amp: true
  gpu_resident_data: false
  matmul_precision: highest
  log_interval: 50
  val_interval: 1
  checkpoint_dir: checkpoints
  use_wandb: false
  wandb_project: vglg-tsf
seed: 2021
device: cuda
project: vglg-tsf
run_name: R2_etth1_metatsf_vglg_h96_s2021
tag: metatsf_scout

============================================================
Loaded data | train=8449 val=2785 test=2785
Built model: metatsf_vglg | params=30,058
  epoch 1 batch 50/264 loss=0.487897
  epoch 1 batch 100/264 loss=0.441639
  epoch 1 batch 150/264 loss=0.418884
  epoch 1 batch 200/264 loss=0.409568
  epoch 1 batch 250/264 loss=0.402023
Epoch 1 | train_loss=0.400373 val_mse=0.708459 val_mae=0.556345 (51.0s)
  Validation improved to 0.708459; saved checkpoint.
  epoch 2 batch 50/264 loss=0.357451
  epoch 2 batch 100/264 loss=0.358625
  epoch 2 batch 150/264 loss=0.358196
  epoch 2 batch 200/264 loss=0.357410
  epoch 2 batch 250/264 loss=0.357120
Epoch 2 | train_loss=0.357289 val_mse=0.701275 val_mae=0.550560 (45.1s)
  Validation improved to 0.701275; saved checkpoint.
  epoch 3 batch 50/264 loss=0.352496
  epoch 3 batch 100/264 loss=0.349951
  epoch 3 batch 150/264 loss=0.351763
  epoch 3 batch 200/264 loss=0.352159
  epoch 3 batch 250/264 loss=0.349817
Epoch 3 | train_loss=0.348562 val_mse=0.695059 val_mae=0.545356 (44.7s)
  Validation improved to 0.695059; saved checkpoint.
  epoch 4 batch 50/264 loss=0.348361
  epoch 4 batch 100/264 loss=0.339738
  epoch 4 batch 150/264 loss=0.342042
  epoch 4 batch 200/264 loss=0.342287
  epoch 4 batch 250/264 loss=0.341891
Epoch 4 | train_loss=0.342634 val_mse=0.687536 val_mae=0.543113 (44.0s)
  Validation improved to 0.687536; saved checkpoint.
  epoch 5 batch 50/264 loss=0.338296
  epoch 5 batch 100/264 loss=0.338435
  epoch 5 batch 150/264 loss=0.336855
  epoch 5 batch 200/264 loss=0.337414
  epoch 5 batch 250/264 loss=0.337131
Epoch 5 | train_loss=0.337414 val_mse=0.687350 val_mae=0.543111 (43.8s)
  Validation improved to 0.687350; saved checkpoint.
  epoch 6 batch 50/264 loss=0.328358
  epoch 6 batch 100/264 loss=0.331265
  epoch 6 batch 150/264 loss=0.333455
  epoch 6 batch 200/264 loss=0.332267
  epoch 6 batch 250/264 loss=0.334326
Epoch 6 | train_loss=0.332819 val_mse=0.683812 val_mae=0.541847 (44.9s)
  Validation improved to 0.683812; saved checkpoint.
  epoch 7 batch 50/264 loss=0.327355
  epoch 7 batch 100/264 loss=0.330376
  epoch 7 batch 150/264 loss=0.330069
  epoch 7 batch 200/264 loss=0.329131
  epoch 7 batch 250/264 loss=0.328559
Epoch 7 | train_loss=0.328626 val_mse=0.697252 val_mae=0.549335 (43.9s)
  EarlyStopping: 1/8
  epoch 8 batch 50/264 loss=0.321689
  epoch 8 batch 100/264 loss=0.324789
  epoch 8 batch 150/264 loss=0.323029
  epoch 8 batch 200/264 loss=0.324325
  epoch 8 batch 250/264 loss=0.324531
Epoch 8 | train_loss=0.324741 val_mse=0.704768 val_mae=0.550673 (44.1s)
  EarlyStopping: 2/8
  epoch 9 batch 50/264 loss=0.319148
  epoch 9 batch 100/264 loss=0.323611
  epoch 9 batch 150/264 loss=0.322655
  epoch 9 batch 200/264 loss=0.322440
  epoch 9 batch 250/264 loss=0.321371
Epoch 9 | train_loss=0.321349 val_mse=0.701383 val_mae=0.549845 (44.7s)
  EarlyStopping: 3/8
  epoch 10 batch 50/264 loss=0.321478
  epoch 10 batch 100/264 loss=0.318684
  epoch 10 batch 150/264 loss=0.318511
  epoch 10 batch 200/264 loss=0.318990
  epoch 10 batch 250/264 loss=0.318576
Epoch 10 | train_loss=0.318144 val_mse=0.706546 val_mae=0.552809 (43.8s)
  EarlyStopping: 4/8
  epoch 11 batch 50/264 loss=0.307691
  epoch 11 batch 100/264 loss=0.309457
  epoch 11 batch 150/264 loss=0.312907
  epoch 11 batch 200/264 loss=0.314712
  epoch 11 batch 250/264 loss=0.315295
Epoch 11 | train_loss=0.315527 val_mse=0.702209 val_mae=0.552952 (43.6s)
  EarlyStopping: 5/8
  epoch 12 batch 50/264 loss=0.308240
  epoch 12 batch 100/264 loss=0.307431
  epoch 12 batch 150/264 loss=0.309698
  epoch 12 batch 200/264 loss=0.310868
  epoch 12 batch 250/264 loss=0.312146
Epoch 12 | train_loss=0.312109 val_mse=0.703583 val_mae=0.553644 (43.4s)
  EarlyStopping: 6/8
  epoch 13 batch 50/264 loss=0.310647
  epoch 13 batch 100/264 loss=0.311265
  epoch 13 batch 150/264 loss=0.309323
  epoch 13 batch 200/264 loss=0.308898
  epoch 13 batch 250/264 loss=0.308986
Epoch 13 | train_loss=0.309699 val_mse=0.724714 val_mae=0.562383 (43.7s)
  EarlyStopping: 7/8
  epoch 14 batch 50/264 loss=0.308842
  epoch 14 batch 100/264 loss=0.308227
  epoch 14 batch 150/264 loss=0.307457
  epoch 14 batch 200/264 loss=0.307361
  epoch 14 batch 250/264 loss=0.307620
Epoch 14 | train_loss=0.307319 val_mse=0.705736 val_mae=0.554537 (43.7s)
  EarlyStopping: 8/8
Early stopping at epoch 14.

Test | mse=0.387186 mae=0.401989 rmse=0.622243
