============================================================
data:
  name: electricity
  root_path: data/electricity
  data_path: electricity.csv
  data_kind: custom
  features: M
  target: OT
  freq: h
  n_vars: 321
model:
  name: segrnn
  type: rnn
  d_model: 512
  seg_len: 48
  dropout: 0.5
train:
  name: default
  seq_len: 96
  label_len: 48
  pred_len: 96
  batch_size: 32
  num_workers: 4
  train_epochs: 30
  patience: 8
  learning_rate: 0.001
  loss: mse
  lradj: type3
  weight_decay: 0.0
  gradient_clip: 1.0
  use_amp: true
  gpu_resident_data: false
  matmul_precision: highest
  log_interval: 50
  val_interval: 1
  checkpoint_dir: checkpoints
  use_wandb: false
  wandb_project: vglg-tsf
seed: 2021
device: cuda
project: vglg-tsf
run_name: null
tag: supp_method_b

============================================================
Loaded data | train=18221 val=2537 test=5165
Built model: segrnn | params=1,708,336
  epoch 1 batch 50/569 loss=0.466779
  epoch 1 batch 100/569 loss=0.367867
  epoch 1 batch 150/569 loss=0.327967
  epoch 1 batch 200/569 loss=0.303741
  epoch 1 batch 250/569 loss=0.288690
  epoch 1 batch 300/569 loss=0.277747
  epoch 1 batch 350/569 loss=0.269159
  epoch 1 batch 400/569 loss=0.262414
  epoch 1 batch 450/569 loss=0.256481
  epoch 1 batch 500/569 loss=0.251262
  epoch 1 batch 550/569 loss=0.246893
Epoch 1 | train_loss=0.245430 val_mse=0.169900 val_mae=0.264485 (12.1s)
  Validation improved to 0.169900; saved checkpoint.
  epoch 2 batch 50/569 loss=0.204739
  epoch 2 batch 100/569 loss=0.200785
  epoch 2 batch 150/569 loss=0.200555
  epoch 2 batch 200/569 loss=0.200462
  epoch 2 batch 250/569 loss=0.199499
  epoch 2 batch 300/569 loss=0.198578
  epoch 2 batch 350/569 loss=0.197729
  epoch 2 batch 400/569 loss=0.196948
  epoch 2 batch 450/569 loss=0.196390
  epoch 2 batch 500/569 loss=0.195944
  epoch 2 batch 550/569 loss=0.195158
Epoch 2 | train_loss=0.195017 val_mse=0.155623 val_mae=0.250966 (14.4s)
  Validation improved to 0.155623; saved checkpoint.
  epoch 3 batch 50/569 loss=0.189872
  epoch 3 batch 100/569 loss=0.189536
  epoch 3 batch 150/569 loss=0.190057
  epoch 3 batch 200/569 loss=0.189918
  epoch 3 batch 250/569 loss=0.189120
  epoch 3 batch 300/569 loss=0.189214
  epoch 3 batch 350/569 loss=0.188282
  epoch 3 batch 400/569 loss=0.187703
  epoch 3 batch 450/569 loss=0.187742
  epoch 3 batch 500/569 loss=0.187524
  epoch 3 batch 550/569 loss=0.187447
Epoch 3 | train_loss=0.187384 val_mse=0.149289 val_mae=0.242972 (13.1s)
  Validation improved to 0.149289; saved checkpoint.
  epoch 4 batch 50/569 loss=0.186345
  epoch 4 batch 100/569 loss=0.183643
  epoch 4 batch 150/569 loss=0.184293
  epoch 4 batch 200/569 loss=0.183492
  epoch 4 batch 250/569 loss=0.183885
  epoch 4 batch 300/569 loss=0.184226
  epoch 4 batch 350/569 loss=0.183917
  epoch 4 batch 400/569 loss=0.183423
  epoch 4 batch 450/569 loss=0.183250
  epoch 4 batch 500/569 loss=0.183044
  epoch 4 batch 550/569 loss=0.182765
Epoch 4 | train_loss=0.182895 val_mse=0.144469 val_mae=0.237837 (16.3s)
  Validation improved to 0.144469; saved checkpoint.
  epoch 5 batch 50/569 loss=0.179568
  epoch 5 batch 100/569 loss=0.180152
  epoch 5 batch 150/569 loss=0.180439
  epoch 5 batch 200/569 loss=0.179256
  epoch 5 batch 250/569 loss=0.179226
  epoch 5 batch 300/569 loss=0.179069
  epoch 5 batch 350/569 loss=0.179090
  epoch 5 batch 400/569 loss=0.179589
  epoch 5 batch 450/569 loss=0.179797
  epoch 5 batch 500/569 loss=0.180289
  epoch 5 batch 550/569 loss=0.180079
Epoch 5 | train_loss=0.180251 val_mse=0.142887 val_mae=0.236769 (12.3s)
  Validation improved to 0.142887; saved checkpoint.
  epoch 6 batch 50/569 loss=0.181096
  epoch 6 batch 100/569 loss=0.180122
  epoch 6 batch 150/569 loss=0.179052
  epoch 6 batch 200/569 loss=0.178943
  epoch 6 batch 250/569 loss=0.179124
  epoch 6 batch 300/569 loss=0.178899
  epoch 6 batch 350/569 loss=0.179106
  epoch 6 batch 400/569 loss=0.179456
  epoch 6 batch 450/569 loss=0.179089
  epoch 6 batch 500/569 loss=0.178634
  epoch 6 batch 550/569 loss=0.178388
Epoch 6 | train_loss=0.178375 val_mse=0.141274 val_mae=0.235600 (12.0s)
  Validation improved to 0.141274; saved checkpoint.
  epoch 7 batch 50/569 loss=0.178009
  epoch 7 batch 100/569 loss=0.179595
  epoch 7 batch 150/569 loss=0.178660
  epoch 7 batch 200/569 loss=0.177638
  epoch 7 batch 250/569 loss=0.178116
  epoch 7 batch 300/569 loss=0.177305
  epoch 7 batch 350/569 loss=0.177416
  epoch 7 batch 400/569 loss=0.177456
  epoch 7 batch 450/569 loss=0.177131
  epoch 7 batch 500/569 loss=0.176770
  epoch 7 batch 550/569 loss=0.176561
Epoch 7 | train_loss=0.176599 val_mse=0.139819 val_mae=0.234869 (13.2s)
  Validation improved to 0.139819; saved checkpoint.
  epoch 8 batch 50/569 loss=0.177949
  epoch 8 batch 100/569 loss=0.177034
  epoch 8 batch 150/569 loss=0.176715
  epoch 8 batch 200/569 loss=0.176017
  epoch 8 batch 250/569 loss=0.175836
  epoch 8 batch 300/569 loss=0.175858
  epoch 8 batch 350/569 loss=0.175367
  epoch 8 batch 400/569 loss=0.175156
  epoch 8 batch 450/569 loss=0.174978
  epoch 8 batch 500/569 loss=0.174748
  epoch 8 batch 550/569 loss=0.174763
Epoch 8 | train_loss=0.174824 val_mse=0.141001 val_mae=0.235909 (13.0s)
  EarlyStopping: 1/8
  epoch 9 batch 50/569 loss=0.173109
  epoch 9 batch 100/569 loss=0.172036
  epoch 9 batch 150/569 loss=0.173431
  epoch 9 batch 200/569 loss=0.174450
  epoch 9 batch 250/569 loss=0.174600
  epoch 9 batch 300/569 loss=0.174454
  epoch 9 batch 350/569 loss=0.173986
  epoch 9 batch 400/569 loss=0.173183
  epoch 9 batch 450/569 loss=0.173626
  epoch 9 batch 500/569 loss=0.173512
  epoch 9 batch 550/569 loss=0.173718
Epoch 9 | train_loss=0.173712 val_mse=0.137637 val_mae=0.232306 (13.4s)
  Validation improved to 0.137637; saved checkpoint.
  epoch 10 batch 50/569 loss=0.170709
  epoch 10 batch 100/569 loss=0.172054
  epoch 10 batch 150/569 loss=0.172409
  epoch 10 batch 200/569 loss=0.172288
  epoch 10 batch 250/569 loss=0.172447
  epoch 10 batch 300/569 loss=0.172067
  epoch 10 batch 350/569 loss=0.172717
  epoch 10 batch 400/569 loss=0.172215
  epoch 10 batch 450/569 loss=0.172547
  epoch 10 batch 500/569 loss=0.172627
  epoch 10 batch 550/569 loss=0.172568
Epoch 10 | train_loss=0.172584 val_mse=0.137321 val_mae=0.232797 (15.1s)
  Validation improved to 0.137321; saved checkpoint.
  epoch 11 batch 50/569 loss=0.170667
  epoch 11 batch 100/569 loss=0.170122
  epoch 11 batch 150/569 loss=0.170737
  epoch 11 batch 200/569 loss=0.171549
  epoch 11 batch 250/569 loss=0.171629
  epoch 11 batch 300/569 loss=0.171955
  epoch 11 batch 350/569 loss=0.171805
  epoch 11 batch 400/569 loss=0.171924
  epoch 11 batch 450/569 loss=0.172086
  epoch 11 batch 500/569 loss=0.171994
  epoch 11 batch 550/569 loss=0.171778
Epoch 11 | train_loss=0.171625 val_mse=0.135994 val_mae=0.229854 (15.0s)
  Validation improved to 0.135994; saved checkpoint.
  epoch 12 batch 50/569 loss=0.166779
  epoch 12 batch 100/569 loss=0.169284
  epoch 12 batch 150/569 loss=0.170540
  epoch 12 batch 200/569 loss=0.170454
  epoch 12 batch 250/569 loss=0.170648
  epoch 12 batch 300/569 loss=0.170463
  epoch 12 batch 350/569 loss=0.170204
  epoch 12 batch 400/569 loss=0.170236
  epoch 12 batch 450/569 loss=0.170612
  epoch 12 batch 500/569 loss=0.170623
  epoch 12 batch 550/569 loss=0.170626
Epoch 12 | train_loss=0.170667 val_mse=0.136611 val_mae=0.232535 (17.1s)
  EarlyStopping: 1/8
  epoch 13 batch 50/569 loss=0.172843
  epoch 13 batch 100/569 loss=0.170751
  epoch 13 batch 150/569 loss=0.169954
  epoch 13 batch 200/569 loss=0.170408
  epoch 13 batch 250/569 loss=0.170473
  epoch 13 batch 300/569 loss=0.169858
  epoch 13 batch 350/569 loss=0.169782
  epoch 13 batch 400/569 loss=0.169735
  epoch 13 batch 450/569 loss=0.170076
  epoch 13 batch 500/569 loss=0.170173
  epoch 13 batch 550/569 loss=0.170197
Epoch 13 | train_loss=0.169996 val_mse=0.134592 val_mae=0.228724 (12.2s)
  Validation improved to 0.134592; saved checkpoint.
  epoch 14 batch 50/569 loss=0.167267
  epoch 14 batch 100/569 loss=0.167426
  epoch 14 batch 150/569 loss=0.168634
  epoch 14 batch 200/569 loss=0.169914
  epoch 14 batch 250/569 loss=0.170194
  epoch 14 batch 300/569 loss=0.169691
  epoch 14 batch 350/569 loss=0.169672
  epoch 14 batch 400/569 loss=0.169620
  epoch 14 batch 450/569 loss=0.169581
  epoch 14 batch 500/569 loss=0.169347
  epoch 14 batch 550/569 loss=0.169329
Epoch 14 | train_loss=0.169287 val_mse=0.134505 val_mae=0.229437 (14.3s)
  Validation improved to 0.134505; saved checkpoint.
  epoch 15 batch 50/569 loss=0.167812
  epoch 15 batch 100/569 loss=0.166830
  epoch 15 batch 150/569 loss=0.167426
  epoch 15 batch 200/569 loss=0.167704
  epoch 15 batch 250/569 loss=0.167554
  epoch 15 batch 300/569 loss=0.167663
  epoch 15 batch 350/569 loss=0.167652
  epoch 15 batch 400/569 loss=0.167717
  epoch 15 batch 450/569 loss=0.168116
  epoch 15 batch 500/569 loss=0.168326
  epoch 15 batch 550/569 loss=0.168511
Epoch 15 | train_loss=0.168588 val_mse=0.134650 val_mae=0.229247 (15.5s)
  EarlyStopping: 1/8
  epoch 16 batch 50/569 loss=0.165942
  epoch 16 batch 100/569 loss=0.167309
  epoch 16 batch 150/569 loss=0.168320
  epoch 16 batch 200/569 loss=0.168457
  epoch 16 batch 250/569 loss=0.168187
  epoch 16 batch 300/569 loss=0.168678
  epoch 16 batch 350/569 loss=0.168438
  epoch 16 batch 400/569 loss=0.168000
  epoch 16 batch 450/569 loss=0.167882
  epoch 16 batch 500/569 loss=0.167914
  epoch 16 batch 550/569 loss=0.167965
Epoch 16 | train_loss=0.167843 val_mse=0.134005 val_mae=0.228569 (12.2s)
  Validation improved to 0.134005; saved checkpoint.
  epoch 17 batch 50/569 loss=0.166596
  epoch 17 batch 100/569 loss=0.166861
  epoch 17 batch 150/569 loss=0.167078
  epoch 17 batch 200/569 loss=0.166902
  epoch 17 batch 250/569 loss=0.167337
  epoch 17 batch 300/569 loss=0.167650
  epoch 17 batch 350/569 loss=0.167571
  epoch 17 batch 400/569 loss=0.167398
  epoch 17 batch 450/569 loss=0.167323
  epoch 17 batch 500/569 loss=0.167669
  epoch 17 batch 550/569 loss=0.167466
Epoch 17 | train_loss=0.167238 val_mse=0.132569 val_mae=0.226631 (12.6s)
  Validation improved to 0.132569; saved checkpoint.
  epoch 18 batch 50/569 loss=0.166819
  epoch 18 batch 100/569 loss=0.167179
  epoch 18 batch 150/569 loss=0.166966
  epoch 18 batch 200/569 loss=0.168144
  epoch 18 batch 250/569 loss=0.167438
  epoch 18 batch 300/569 loss=0.167634
  epoch 18 batch 350/569 loss=0.167161
  epoch 18 batch 400/569 loss=0.167313
  epoch 18 batch 450/569 loss=0.167171
  epoch 18 batch 500/569 loss=0.166968
  epoch 18 batch 550/569 loss=0.166786
Epoch 18 | train_loss=0.166750 val_mse=0.132130 val_mae=0.225660 (11.7s)
  Validation improved to 0.132130; saved checkpoint.
  epoch 19 batch 50/569 loss=0.165072
  epoch 19 batch 100/569 loss=0.164929
  epoch 19 batch 150/569 loss=0.165637
  epoch 19 batch 200/569 loss=0.166297
  epoch 19 batch 250/569 loss=0.166328
  epoch 19 batch 300/569 loss=0.166433
  epoch 19 batch 350/569 loss=0.166300
  epoch 19 batch 400/569 loss=0.166642
  epoch 19 batch 450/569 loss=0.166588
  epoch 19 batch 500/569 loss=0.166406
  epoch 19 batch 550/569 loss=0.166237
Epoch 19 | train_loss=0.166138 val_mse=0.131897 val_mae=0.225980 (11.1s)
  Validation improved to 0.131897; saved checkpoint.
  epoch 20 batch 50/569 loss=0.168595
  epoch 20 batch 100/569 loss=0.166536
  epoch 20 batch 150/569 loss=0.165104
  epoch 20 batch 200/569 loss=0.164560
  epoch 20 batch 250/569 loss=0.165145
  epoch 20 batch 300/569 loss=0.164916
  epoch 20 batch 350/569 loss=0.165297
  epoch 20 batch 400/569 loss=0.165440
  epoch 20 batch 450/569 loss=0.165401
  epoch 20 batch 500/569 loss=0.165664
  epoch 20 batch 550/569 loss=0.165583
Epoch 20 | train_loss=0.165607 val_mse=0.132459 val_mae=0.227187 (11.9s)
  EarlyStopping: 1/8
  epoch 21 batch 50/569 loss=0.165077
  epoch 21 batch 100/569 loss=0.166292
  epoch 21 batch 150/569 loss=0.166518
  epoch 21 batch 200/569 loss=0.166529
  epoch 21 batch 250/569 loss=0.166261
  epoch 21 batch 300/569 loss=0.165737
  epoch 21 batch 350/569 loss=0.165392
  epoch 21 batch 400/569 loss=0.165538
  epoch 21 batch 450/569 loss=0.165628
  epoch 21 batch 500/569 loss=0.165363
  epoch 21 batch 550/569 loss=0.165126
Epoch 21 | train_loss=0.165269 val_mse=0.132201 val_mae=0.227365 (11.8s)
  EarlyStopping: 2/8
  epoch 22 batch 50/569 loss=0.166636
  epoch 22 batch 100/569 loss=0.165802
  epoch 22 batch 150/569 loss=0.165093
  epoch 22 batch 200/569 loss=0.164941
  epoch 22 batch 250/569 loss=0.164840
  epoch 22 batch 300/569 loss=0.165152
  epoch 22 batch 350/569 loss=0.165510
  epoch 22 batch 400/569 loss=0.165345
  epoch 22 batch 450/569 loss=0.165152
  epoch 22 batch 500/569 loss=0.164961
  epoch 22 batch 550/569 loss=0.164847
Epoch 22 | train_loss=0.164763 val_mse=0.131414 val_mae=0.225488 (11.8s)
  Validation improved to 0.131414; saved checkpoint.
  epoch 23 batch 50/569 loss=0.164089
  epoch 23 batch 100/569 loss=0.164770
  epoch 23 batch 150/569 loss=0.165887
  epoch 23 batch 200/569 loss=0.165273
  epoch 23 batch 250/569 loss=0.165055
  epoch 23 batch 300/569 loss=0.164751
  epoch 23 batch 350/569 loss=0.164560
  epoch 23 batch 400/569 loss=0.164371
  epoch 23 batch 450/569 loss=0.164370
  epoch 23 batch 500/569 loss=0.164538
  epoch 23 batch 550/569 loss=0.164543
Epoch 23 | train_loss=0.164470 val_mse=0.131103 val_mae=0.225408 (12.8s)
  Validation improved to 0.131103; saved checkpoint.
  epoch 24 batch 50/569 loss=0.164555
  epoch 24 batch 100/569 loss=0.165887
  epoch 24 batch 150/569 loss=0.164955
  epoch 24 batch 200/569 loss=0.164257
  epoch 24 batch 250/569 loss=0.163805
  epoch 24 batch 300/569 loss=0.164391
  epoch 24 batch 350/569 loss=0.164164
  epoch 24 batch 400/569 loss=0.164150
  epoch 24 batch 450/569 loss=0.164246
  epoch 24 batch 500/569 loss=0.164049
  epoch 24 batch 550/569 loss=0.163950
Epoch 24 | train_loss=0.164106 val_mse=0.130776 val_mae=0.224828 (13.5s)
  Validation improved to 0.130776; saved checkpoint.
  epoch 25 batch 50/569 loss=0.163550
  epoch 25 batch 100/569 loss=0.164399
  epoch 25 batch 150/569 loss=0.163745
  epoch 25 batch 200/569 loss=0.163441
  epoch 25 batch 250/569 loss=0.163519
  epoch 25 batch 300/569 loss=0.163792
  epoch 25 batch 350/569 loss=0.163727
  epoch 25 batch 400/569 loss=0.163961
  epoch 25 batch 450/569 loss=0.163752
  epoch 25 batch 500/569 loss=0.163891
  epoch 25 batch 550/569 loss=0.163920
Epoch 25 | train_loss=0.163865 val_mse=0.130738 val_mae=0.224407 (12.1s)
  Validation improved to 0.130738; saved checkpoint.
  epoch 26 batch 50/569 loss=0.165011
  epoch 26 batch 100/569 loss=0.164839
  epoch 26 batch 150/569 loss=0.164456
  epoch 26 batch 200/569 loss=0.164369
  epoch 26 batch 250/569 loss=0.163868
  epoch 26 batch 300/569 loss=0.163406
  epoch 26 batch 350/569 loss=0.163451
  epoch 26 batch 400/569 loss=0.163638
  epoch 26 batch 450/569 loss=0.163699
  epoch 26 batch 500/569 loss=0.163505
  epoch 26 batch 550/569 loss=0.163556
Epoch 26 | train_loss=0.163614 val_mse=0.130460 val_mae=0.224064 (12.3s)
  Validation improved to 0.130460; saved checkpoint.
  epoch 27 batch 50/569 loss=0.161481
  epoch 27 batch 100/569 loss=0.162268
  epoch 27 batch 150/569 loss=0.162110
  epoch 27 batch 200/569 loss=0.162336
  epoch 27 batch 250/569 loss=0.162543
  epoch 27 batch 300/569 loss=0.162749
  epoch 27 batch 350/569 loss=0.162571
  epoch 27 batch 400/569 loss=0.162508
  epoch 27 batch 450/569 loss=0.162762
  epoch 27 batch 500/569 loss=0.163053
  epoch 27 batch 550/569 loss=0.163389
Epoch 27 | train_loss=0.163368 val_mse=0.130412 val_mae=0.224115 (12.3s)
  Validation improved to 0.130412; saved checkpoint.
  epoch 28 batch 50/569 loss=0.163538
  epoch 28 batch 100/569 loss=0.162608
  epoch 28 batch 150/569 loss=0.163065
  epoch 28 batch 200/569 loss=0.162292
  epoch 28 batch 250/569 loss=0.162516
  epoch 28 batch 300/569 loss=0.163076
  epoch 28 batch 350/569 loss=0.163478
  epoch 28 batch 400/569 loss=0.163868
  epoch 28 batch 450/569 loss=0.163588
  epoch 28 batch 500/569 loss=0.163143
  epoch 28 batch 550/569 loss=0.163109
Epoch 28 | train_loss=0.163181 val_mse=0.130513 val_mae=0.224354 (11.5s)
  EarlyStopping: 1/8
  epoch 29 batch 50/569 loss=0.164480
  epoch 29 batch 100/569 loss=0.164152
  epoch 29 batch 150/569 loss=0.164170
  epoch 29 batch 200/569 loss=0.164440
  epoch 29 batch 250/569 loss=0.164124
  epoch 29 batch 300/569 loss=0.164026
  epoch 29 batch 350/569 loss=0.163751
  epoch 29 batch 400/569 loss=0.163655
  epoch 29 batch 450/569 loss=0.163733
  epoch 29 batch 500/569 loss=0.163250
  epoch 29 batch 550/569 loss=0.163116
Epoch 29 | train_loss=0.163085 val_mse=0.130409 val_mae=0.224277 (13.9s)
  Validation improved to 0.130409; saved checkpoint.
  epoch 30 batch 50/569 loss=0.163439
  epoch 30 batch 100/569 loss=0.163788
  epoch 30 batch 150/569 loss=0.162315
  epoch 30 batch 200/569 loss=0.161850
  epoch 30 batch 250/569 loss=0.162142
  epoch 30 batch 300/569 loss=0.162512
  epoch 30 batch 350/569 loss=0.162957
  epoch 30 batch 400/569 loss=0.162680
  epoch 30 batch 450/569 loss=0.162749
  epoch 30 batch 500/569 loss=0.162953
  epoch 30 batch 550/569 loss=0.162956
Epoch 30 | train_loss=0.163039 val_mse=0.130385 val_mae=0.224263 (11.8s)
  Validation improved to 0.130385; saved checkpoint.

Test | mse=0.151164 mae=0.247132 rmse=0.388798
