============================================================
data:
  name: electricity
  root_path: data/electricity
  data_path: electricity.csv
  data_kind: custom
  features: M
  target: OT
  freq: h
  n_vars: 321
model:
  name: itransformer
  type: transformer
  d_model: 256
  d_ff: 256
  e_layers: 2
  n_heads: 8
  factor: 1
  dropout: 0.1
  activation: gelu
  use_norm: 1
  output_attention: false
train:
  name: default
  seq_len: 96
  label_len: 48
  pred_len: 336
  batch_size: 32
  num_workers: 4
  train_epochs: 10
  patience: 3
  learning_rate: 0.0005
  loss: mse
  lradj: type1
  weight_decay: 0.0
  gradient_clip: 1.0
  use_amp: true
  gpu_resident_data: false
  matmul_precision: highest
  log_interval: 50
  val_interval: 1
  checkpoint_dir: checkpoints
  use_wandb: false
  wandb_project: vglg-tsf
seed: 2021
device: cuda
project: vglg-tsf
run_name: null
tag: supp_method_b

============================================================
Loaded data | train=17981 val=2297 test=4925
Built model: itransformer | params=903,248
  epoch 1 batch 50/561 loss=0.408841
  epoch 1 batch 100/561 loss=0.342260
  epoch 1 batch 150/561 loss=0.313536
  epoch 1 batch 200/561 loss=0.297186
  epoch 1 batch 250/561 loss=0.286970
  epoch 1 batch 300/561 loss=0.278645
  epoch 1 batch 350/561 loss=0.272335
  epoch 1 batch 400/561 loss=0.267191
  epoch 1 batch 450/561 loss=0.262724
  epoch 1 batch 500/561 loss=0.259433
  epoch 1 batch 550/561 loss=0.256225
Epoch 1 | train_loss=0.255729 val_mse=0.187195 val_mae=0.271739 (13.2s)
  Validation improved to 0.187195; saved checkpoint.
  epoch 2 batch 50/561 loss=0.223514
  epoch 2 batch 100/561 loss=0.223719
  epoch 2 batch 150/561 loss=0.222148
  epoch 2 batch 200/561 loss=0.221594
  epoch 2 batch 250/561 loss=0.220689
  epoch 2 batch 300/561 loss=0.220152
  epoch 2 batch 350/561 loss=0.219501
  epoch 2 batch 400/561 loss=0.219242
  epoch 2 batch 450/561 loss=0.218904
  epoch 2 batch 500/561 loss=0.218222
  epoch 2 batch 550/561 loss=0.217703
Epoch 2 | train_loss=0.217477 val_mse=0.177133 val_mae=0.262832 (12.7s)
  Validation improved to 0.177133; saved checkpoint.
  epoch 3 batch 50/561 loss=0.211045
  epoch 3 batch 100/561 loss=0.208373
  epoch 3 batch 150/561 loss=0.208860
  epoch 3 batch 200/561 loss=0.209295
  epoch 3 batch 250/561 loss=0.208691
  epoch 3 batch 300/561 loss=0.208327
  epoch 3 batch 350/561 loss=0.208700
  epoch 3 batch 400/561 loss=0.208258
  epoch 3 batch 450/561 loss=0.208393
  epoch 3 batch 500/561 loss=0.208469
  epoch 3 batch 550/561 loss=0.208464
Epoch 3 | train_loss=0.208310 val_mse=0.172006 val_mae=0.258872 (13.2s)
  Validation improved to 0.172006; saved checkpoint.
  epoch 4 batch 50/561 loss=0.205090
  epoch 4 batch 100/561 loss=0.206259
  epoch 4 batch 150/561 loss=0.205215
  epoch 4 batch 200/561 loss=0.205667
  epoch 4 batch 250/561 loss=0.205512
  epoch 4 batch 300/561 loss=0.205033
  epoch 4 batch 350/561 loss=0.204833
  epoch 4 batch 400/561 loss=0.204514
  epoch 4 batch 450/561 loss=0.204639
  epoch 4 batch 500/561 loss=0.204140
  epoch 4 batch 550/561 loss=0.204175
Epoch 4 | train_loss=0.204170 val_mse=0.170311 val_mae=0.257177 (13.2s)
  Validation improved to 0.170311; saved checkpoint.
  epoch 5 batch 50/561 loss=0.202937
  epoch 5 batch 100/561 loss=0.203826
  epoch 5 batch 150/561 loss=0.203179
  epoch 5 batch 200/561 loss=0.202921
  epoch 5 batch 250/561 loss=0.202726
  epoch 5 batch 300/561 loss=0.202573
  epoch 5 batch 350/561 loss=0.202369
  epoch 5 batch 400/561 loss=0.202020
  epoch 5 batch 450/561 loss=0.202124
  epoch 5 batch 500/561 loss=0.202062
  epoch 5 batch 550/561 loss=0.202040
Epoch 5 | train_loss=0.201980 val_mse=0.169949 val_mae=0.256430 (13.4s)
  Validation improved to 0.169949; saved checkpoint.
  epoch 6 batch 50/561 loss=0.199811
  epoch 6 batch 100/561 loss=0.200411
  epoch 6 batch 150/561 loss=0.200873
  epoch 6 batch 200/561 loss=0.201566
  epoch 6 batch 250/561 loss=0.201460
  epoch 6 batch 300/561 loss=0.201582
  epoch 6 batch 350/561 loss=0.201614
  epoch 6 batch 400/561 loss=0.201524
  epoch 6 batch 450/561 loss=0.201097
  epoch 6 batch 500/561 loss=0.201079
  epoch 6 batch 550/561 loss=0.200892
Epoch 6 | train_loss=0.200848 val_mse=0.169356 val_mae=0.255989 (13.4s)
  Validation improved to 0.169356; saved checkpoint.
  epoch 7 batch 50/561 loss=0.198149
  epoch 7 batch 100/561 loss=0.199826
  epoch 7 batch 150/561 loss=0.201128
  epoch 7 batch 200/561 loss=0.200604
  epoch 7 batch 250/561 loss=0.200643
  epoch 7 batch 300/561 loss=0.200311
  epoch 7 batch 350/561 loss=0.200124
  epoch 7 batch 400/561 loss=0.200074
  epoch 7 batch 450/561 loss=0.199932
  epoch 7 batch 500/561 loss=0.200130
  epoch 7 batch 550/561 loss=0.200153
Epoch 7 | train_loss=0.200274 val_mse=0.169046 val_mae=0.255765 (13.3s)
  Validation improved to 0.169046; saved checkpoint.
  epoch 8 batch 50/561 loss=0.202226
  epoch 8 batch 100/561 loss=0.199287
  epoch 8 batch 150/561 loss=0.199104
  epoch 8 batch 200/561 loss=0.199614
  epoch 8 batch 250/561 loss=0.199964
  epoch 8 batch 300/561 loss=0.199781
  epoch 8 batch 350/561 loss=0.199429
  epoch 8 batch 400/561 loss=0.199625
  epoch 8 batch 450/561 loss=0.199879
  epoch 8 batch 500/561 loss=0.200103
  epoch 8 batch 550/561 loss=0.199955
Epoch 8 | train_loss=0.199909 val_mse=0.168573 val_mae=0.255342 (13.3s)
  Validation improved to 0.168573; saved checkpoint.
  epoch 9 batch 50/561 loss=0.200342
  epoch 9 batch 100/561 loss=0.201063
  epoch 9 batch 150/561 loss=0.199972
  epoch 9 batch 200/561 loss=0.199359
  epoch 9 batch 250/561 loss=0.200024
  epoch 9 batch 300/561 loss=0.200057
  epoch 9 batch 350/561 loss=0.199925
  epoch 9 batch 400/561 loss=0.200013
  epoch 9 batch 450/561 loss=0.199970
  epoch 9 batch 500/561 loss=0.199992
  epoch 9 batch 550/561 loss=0.199815
Epoch 9 | train_loss=0.199769 val_mse=0.168618 val_mae=0.255363 (13.2s)
  EarlyStopping: 1/3
  epoch 10 batch 50/561 loss=0.201560
  epoch 10 batch 100/561 loss=0.200378
  epoch 10 batch 150/561 loss=0.201223
  epoch 10 batch 200/561 loss=0.200807
  epoch 10 batch 250/561 loss=0.200051
  epoch 10 batch 300/561 loss=0.199823
  epoch 10 batch 350/561 loss=0.199890
  epoch 10 batch 400/561 loss=0.199993
  epoch 10 batch 450/561 loss=0.199557
  epoch 10 batch 500/561 loss=0.199500
  epoch 10 batch 550/561 loss=0.199686
Epoch 10 | train_loss=0.199704 val_mse=0.168606 val_mae=0.255335 (13.3s)
  EarlyStopping: 2/3

Test | mse=0.189650 mae=0.278952 rmse=0.435488
