============================================================
data:
  name: electricity
  root_path: data/electricity
  data_path: electricity.csv
  data_kind: custom
  features: M
  target: OT
  freq: h
  n_vars: 321
model:
  name: lstm
  type: rnn
  d_model: 128
  e_layers: 2
  dropout: 0.1
  revin: true
  affine: true
train:
  name: default
  seq_len: 96
  label_len: 48
  pred_len: 96
  batch_size: 32
  num_workers: 4
  train_epochs: 10
  patience: 3
  learning_rate: 0.001
  loss: mse
  lradj: type1
  weight_decay: 0.0
  gradient_clip: 1.0
  use_amp: true
  gpu_resident_data: false
  matmul_precision: highest
  log_interval: 50
  val_interval: 1
  checkpoint_dir: checkpoints
  use_wandb: false
  wandb_project: vglg-tsf
seed: 2021
device: cuda
project: vglg-tsf
run_name: null
tag: supp_method_b

============================================================
Loaded data | train=18221 val=2537 test=5165
Built model: lstm | params=212,194
  epoch 1 batch 50/569 loss=0.594031
  epoch 1 batch 100/569 loss=0.466024
  epoch 1 batch 150/569 loss=0.417844
  epoch 1 batch 200/569 loss=0.393800
  epoch 1 batch 250/569 loss=0.377861
  epoch 1 batch 300/569 loss=0.366395
  epoch 1 batch 350/569 loss=0.357594
  epoch 1 batch 400/569 loss=0.350313
  epoch 1 batch 450/569 loss=0.342947
  epoch 1 batch 500/569 loss=0.335638
  epoch 1 batch 550/569 loss=0.328752
Epoch 1 | train_loss=0.326410 val_mse=0.229079 val_mae=0.314485 (28.7s)
  Validation improved to 0.229079; saved checkpoint.
  epoch 2 batch 50/569 loss=0.252087
  epoch 2 batch 100/569 loss=0.252155
  epoch 2 batch 150/569 loss=0.250960
  epoch 2 batch 200/569 loss=0.250665
  epoch 2 batch 250/569 loss=0.249426
  epoch 2 batch 300/569 loss=0.247956
  epoch 2 batch 350/569 loss=0.246799
  epoch 2 batch 400/569 loss=0.246013
  epoch 2 batch 450/569 loss=0.245597
  epoch 2 batch 500/569 loss=0.244671
  epoch 2 batch 550/569 loss=0.243751
Epoch 2 | train_loss=0.243380 val_mse=0.210190 val_mae=0.299478 (27.5s)
  Validation improved to 0.210190; saved checkpoint.
  epoch 3 batch 50/569 loss=0.234631
  epoch 3 batch 100/569 loss=0.233478
  epoch 3 batch 150/569 loss=0.233950
  epoch 3 batch 200/569 loss=0.233446
  epoch 3 batch 250/569 loss=0.233084
  epoch 3 batch 300/569 loss=0.232625
  epoch 3 batch 350/569 loss=0.231863
  epoch 3 batch 400/569 loss=0.231038
  epoch 3 batch 450/569 loss=0.230508
  epoch 3 batch 500/569 loss=0.229808
  epoch 3 batch 550/569 loss=0.229190
Epoch 3 | train_loss=0.229103 val_mse=0.199383 val_mae=0.291316 (27.2s)
  Validation improved to 0.199383; saved checkpoint.
  epoch 4 batch 50/569 loss=0.222128
  epoch 4 batch 100/569 loss=0.223615
  epoch 4 batch 150/569 loss=0.223417
  epoch 4 batch 200/569 loss=0.222846
  epoch 4 batch 250/569 loss=0.222812
  epoch 4 batch 300/569 loss=0.222259
  epoch 4 batch 350/569 loss=0.221873
  epoch 4 batch 400/569 loss=0.221276
  epoch 4 batch 450/569 loss=0.220766
  epoch 4 batch 500/569 loss=0.220332
  epoch 4 batch 550/569 loss=0.220018
Epoch 4 | train_loss=0.219928 val_mse=0.192328 val_mae=0.286832 (29.0s)
  Validation improved to 0.192328; saved checkpoint.
  epoch 5 batch 50/569 loss=0.216075
  epoch 5 batch 100/569 loss=0.216064
  epoch 5 batch 150/569 loss=0.215152
  epoch 5 batch 200/569 loss=0.215211
  epoch 5 batch 250/569 loss=0.215001
  epoch 5 batch 300/569 loss=0.214617
  epoch 5 batch 350/569 loss=0.213999
  epoch 5 batch 400/569 loss=0.213547
  epoch 5 batch 450/569 loss=0.213720
  epoch 5 batch 500/569 loss=0.213838
  epoch 5 batch 550/569 loss=0.213713
Epoch 5 | train_loss=0.213730 val_mse=0.189521 val_mae=0.285058 (26.6s)
  Validation improved to 0.189521; saved checkpoint.
  epoch 6 batch 50/569 loss=0.209736
  epoch 6 batch 100/569 loss=0.212236
  epoch 6 batch 150/569 loss=0.211200
  epoch 6 batch 200/569 loss=0.211257
  epoch 6 batch 250/569 loss=0.211509
  epoch 6 batch 300/569 loss=0.210628
  epoch 6 batch 350/569 loss=0.210935
  epoch 6 batch 400/569 loss=0.210964
  epoch 6 batch 450/569 loss=0.211068
  epoch 6 batch 500/569 loss=0.210665
  epoch 6 batch 550/569 loss=0.210652
Epoch 6 | train_loss=0.210517 val_mse=0.186441 val_mae=0.283019 (29.6s)
  Validation improved to 0.186441; saved checkpoint.
  epoch 7 batch 50/569 loss=0.209824
  epoch 7 batch 100/569 loss=0.209188
  epoch 7 batch 150/569 loss=0.209327
  epoch 7 batch 200/569 loss=0.209207
  epoch 7 batch 250/569 loss=0.208502
  epoch 7 batch 300/569 loss=0.208623
  epoch 7 batch 350/569 loss=0.208661
  epoch 7 batch 400/569 loss=0.208728
  epoch 7 batch 450/569 loss=0.208739
  epoch 7 batch 500/569 loss=0.209060
  epoch 7 batch 550/569 loss=0.209083
Epoch 7 | train_loss=0.209009 val_mse=0.185728 val_mae=0.282533 (26.9s)
  Validation improved to 0.185728; saved checkpoint.
  epoch 8 batch 50/569 loss=0.210518
  epoch 8 batch 100/569 loss=0.207489
  epoch 8 batch 150/569 loss=0.208022
  epoch 8 batch 200/569 loss=0.208023
  epoch 8 batch 250/569 loss=0.207952
  epoch 8 batch 300/569 loss=0.207921
  epoch 8 batch 350/569 loss=0.207957
  epoch 8 batch 400/569 loss=0.208375
  epoch 8 batch 450/569 loss=0.208361
  epoch 8 batch 500/569 loss=0.208128
  epoch 8 batch 550/569 loss=0.208051
Epoch 8 | train_loss=0.208256 val_mse=0.185229 val_mae=0.282032 (29.5s)
  Validation improved to 0.185229; saved checkpoint.
  epoch 9 batch 50/569 loss=0.210606
  epoch 9 batch 100/569 loss=0.210977
  epoch 9 batch 150/569 loss=0.209697
  epoch 9 batch 200/569 loss=0.209475
  epoch 9 batch 250/569 loss=0.208865
  epoch 9 batch 300/569 loss=0.208208
  epoch 9 batch 350/569 loss=0.208003
  epoch 9 batch 400/569 loss=0.207990
  epoch 9 batch 450/569 loss=0.208136
  epoch 9 batch 500/569 loss=0.208363
  epoch 9 batch 550/569 loss=0.207943
Epoch 9 | train_loss=0.207892 val_mse=0.184980 val_mae=0.281866 (26.9s)
  Validation improved to 0.184980; saved checkpoint.
  epoch 10 batch 50/569 loss=0.207152
  epoch 10 batch 100/569 loss=0.208146
  epoch 10 batch 150/569 loss=0.208828
  epoch 10 batch 200/569 loss=0.208797
  epoch 10 batch 250/569 loss=0.208435
  epoch 10 batch 300/569 loss=0.208208
  epoch 10 batch 350/569 loss=0.208563
  epoch 10 batch 400/569 loss=0.208139
  epoch 10 batch 450/569 loss=0.207773
  epoch 10 batch 500/569 loss=0.207599
  epoch 10 batch 550/569 loss=0.207681
Epoch 10 | train_loss=0.207697 val_mse=0.184867 val_mae=0.281790 (29.8s)
  Validation improved to 0.184867; saved checkpoint.

Test | mse=0.209368 mae=0.305543 rmse=0.457568
