============================================================
data:
  name: electricity
  root_path: data/electricity
  data_path: electricity.csv
  data_kind: custom
  features: M
  target: OT
  freq: h
  n_vars: 321
model:
  name: gru
  type: rnn
  d_model: 128
  e_layers: 2
  dropout: 0.1
  revin: true
  affine: true
train:
  name: default
  seq_len: 96
  label_len: 48
  pred_len: 336
  batch_size: 32
  num_workers: 4
  train_epochs: 10
  patience: 3
  learning_rate: 0.001
  loss: mse
  lradj: type1
  weight_decay: 0.0
  gradient_clip: 1.0
  use_amp: true
  gpu_resident_data: false
  matmul_precision: highest
  log_interval: 50
  val_interval: 1
  checkpoint_dir: checkpoints
  use_wandb: false
  wandb_project: vglg-tsf
seed: 2021
device: cuda
project: vglg-tsf
run_name: null
tag: supp_method_b

============================================================
Loaded data | train=17981 val=2297 test=4925
Built model: gru | params=193,362
  epoch 1 batch 50/561 loss=0.589263
  epoch 1 batch 100/561 loss=0.478938
  epoch 1 batch 150/561 loss=0.431003
  epoch 1 batch 200/561 loss=0.406418
  epoch 1 batch 250/561 loss=0.389680
  epoch 1 batch 300/561 loss=0.376197
  epoch 1 batch 350/561 loss=0.364190
  epoch 1 batch 400/561 loss=0.353616
  epoch 1 batch 450/561 loss=0.344971
  epoch 1 batch 500/561 loss=0.337378
  epoch 1 batch 550/561 loss=0.331050
Epoch 1 | train_loss=0.329790 val_mse=0.233124 val_mae=0.321433 (29.2s)
  Validation improved to 0.233124; saved checkpoint.
  epoch 2 batch 50/561 loss=0.267397
  epoch 2 batch 100/561 loss=0.265701
  epoch 2 batch 150/561 loss=0.265368
  epoch 2 batch 200/561 loss=0.264919
  epoch 2 batch 250/561 loss=0.263879
  epoch 2 batch 300/561 loss=0.262940
  epoch 2 batch 350/561 loss=0.262007
  epoch 2 batch 400/561 loss=0.261634
  epoch 2 batch 450/561 loss=0.260700
  epoch 2 batch 500/561 loss=0.260007
  epoch 2 batch 550/561 loss=0.259280
Epoch 2 | train_loss=0.258985 val_mse=0.217821 val_mae=0.309679 (28.6s)
  Validation improved to 0.217821; saved checkpoint.
  epoch 3 batch 50/561 loss=0.250245
  epoch 3 batch 100/561 loss=0.249986
  epoch 3 batch 150/561 loss=0.249527
  epoch 3 batch 200/561 loss=0.249165
  epoch 3 batch 250/561 loss=0.248878
  epoch 3 batch 300/561 loss=0.248658
  epoch 3 batch 350/561 loss=0.248772
  epoch 3 batch 400/561 loss=0.248717
  epoch 3 batch 450/561 loss=0.248620
  epoch 3 batch 500/561 loss=0.248243
  epoch 3 batch 550/561 loss=0.247799
Epoch 3 | train_loss=0.247726 val_mse=0.211120 val_mae=0.303211 (29.3s)
  Validation improved to 0.211120; saved checkpoint.
  epoch 4 batch 50/561 loss=0.242515
  epoch 4 batch 100/561 loss=0.242800
  epoch 4 batch 150/561 loss=0.242749
  epoch 4 batch 200/561 loss=0.242778
  epoch 4 batch 250/561 loss=0.242669
  epoch 4 batch 300/561 loss=0.242833
  epoch 4 batch 350/561 loss=0.243246
  epoch 4 batch 400/561 loss=0.243396
  epoch 4 batch 450/561 loss=0.243384
  epoch 4 batch 500/561 loss=0.243377
  epoch 4 batch 550/561 loss=0.242969
Epoch 4 | train_loss=0.242931 val_mse=0.207687 val_mae=0.301202 (29.2s)
  Validation improved to 0.207687; saved checkpoint.
  epoch 5 batch 50/561 loss=0.242034
  epoch 5 batch 100/561 loss=0.242030
  epoch 5 batch 150/561 loss=0.241794
  epoch 5 batch 200/561 loss=0.241528
  epoch 5 batch 250/561 loss=0.241461
  epoch 5 batch 300/561 loss=0.240931
  epoch 5 batch 350/561 loss=0.240749
  epoch 5 batch 400/561 loss=0.240687
  epoch 5 batch 450/561 loss=0.240777
  epoch 5 batch 500/561 loss=0.240423
  epoch 5 batch 550/561 loss=0.240365
Epoch 5 | train_loss=0.240341 val_mse=0.206519 val_mae=0.300082 (29.4s)
  Validation improved to 0.206519; saved checkpoint.
  epoch 6 batch 50/561 loss=0.239591
  epoch 6 batch 100/561 loss=0.239325
  epoch 6 batch 150/561 loss=0.238069
  epoch 6 batch 200/561 loss=0.238324
  epoch 6 batch 250/561 loss=0.238966
  epoch 6 batch 300/561 loss=0.238428
  epoch 6 batch 350/561 loss=0.238153
  epoch 6 batch 400/561 loss=0.238349
  epoch 6 batch 450/561 loss=0.238751
  epoch 6 batch 500/561 loss=0.238774
  epoch 6 batch 550/561 loss=0.238937
Epoch 6 | train_loss=0.238925 val_mse=0.205168 val_mae=0.298992 (29.3s)
  Validation improved to 0.205168; saved checkpoint.
  epoch 7 batch 50/561 loss=0.238889
  epoch 7 batch 100/561 loss=0.238474
  epoch 7 batch 150/561 loss=0.236275
  epoch 7 batch 200/561 loss=0.237643
  epoch 7 batch 250/561 loss=0.237606
  epoch 7 batch 300/561 loss=0.237587
  epoch 7 batch 350/561 loss=0.237932
  epoch 7 batch 400/561 loss=0.238045
  epoch 7 batch 450/561 loss=0.238382
  epoch 7 batch 500/561 loss=0.238238
  epoch 7 batch 550/561 loss=0.238245
Epoch 7 | train_loss=0.238234 val_mse=0.204784 val_mae=0.298735 (29.3s)
  Validation improved to 0.204784; saved checkpoint.
  epoch 8 batch 50/561 loss=0.235563
  epoch 8 batch 100/561 loss=0.237360
  epoch 8 batch 150/561 loss=0.238326
  epoch 8 batch 200/561 loss=0.237605
  epoch 8 batch 250/561 loss=0.238308
  epoch 8 batch 300/561 loss=0.238049
  epoch 8 batch 350/561 loss=0.238427
  epoch 8 batch 400/561 loss=0.238507
  epoch 8 batch 450/561 loss=0.238113
  epoch 8 batch 500/561 loss=0.237932
  epoch 8 batch 550/561 loss=0.238025
Epoch 8 | train_loss=0.237900 val_mse=0.204615 val_mae=0.298494 (29.2s)
  Validation improved to 0.204615; saved checkpoint.
  epoch 9 batch 50/561 loss=0.237154
  epoch 9 batch 100/561 loss=0.237024
  epoch 9 batch 150/561 loss=0.236693
  epoch 9 batch 200/561 loss=0.236618
  epoch 9 batch 250/561 loss=0.237515
  epoch 9 batch 300/561 loss=0.237645
  epoch 9 batch 350/561 loss=0.237564
  epoch 9 batch 400/561 loss=0.238055
  epoch 9 batch 450/561 loss=0.237918
  epoch 9 batch 500/561 loss=0.237982
  epoch 9 batch 550/561 loss=0.237735
Epoch 9 | train_loss=0.237701 val_mse=0.204374 val_mae=0.298337 (29.4s)
  Validation improved to 0.204374; saved checkpoint.
  epoch 10 batch 50/561 loss=0.237699
  epoch 10 batch 100/561 loss=0.237508
  epoch 10 batch 150/561 loss=0.237372
  epoch 10 batch 200/561 loss=0.237003
  epoch 10 batch 250/561 loss=0.237102
  epoch 10 batch 300/561 loss=0.237070
  epoch 10 batch 350/561 loss=0.237006
  epoch 10 batch 400/561 loss=0.237481
  epoch 10 batch 450/561 loss=0.237600
  epoch 10 batch 500/561 loss=0.237517
  epoch 10 batch 550/561 loss=0.237482
Epoch 10 | train_loss=0.237575 val_mse=0.204404 val_mae=0.298286 (29.4s)
  EarlyStopping: 1/3

Test | mse=0.232745 mae=0.326216 rmse=0.482436
