============================================================
data:
  name: electricity
  root_path: data/electricity
  data_path: electricity.csv
  data_kind: custom
  features: M
  target: OT
  freq: h
  n_vars: 321
model:
  name: lstm
  type: rnn
  d_model: 128
  e_layers: 2
  dropout: 0.1
  revin: true
  affine: true
train:
  name: default
  seq_len: 96
  label_len: 48
  pred_len: 336
  batch_size: 32
  num_workers: 4
  train_epochs: 10
  patience: 3
  learning_rate: 0.001
  loss: mse
  lradj: type1
  weight_decay: 0.0
  gradient_clip: 1.0
  use_amp: true
  gpu_resident_data: false
  matmul_precision: highest
  log_interval: 50
  val_interval: 1
  checkpoint_dir: checkpoints
  use_wandb: false
  wandb_project: vglg-tsf
seed: 2021
device: cuda
project: vglg-tsf
run_name: null
tag: supp_method_b

============================================================
Loaded data | train=17981 val=2297 test=4925
Built model: lstm | params=243,154
  epoch 1 batch 50/561 loss=0.606813
  epoch 1 batch 100/561 loss=0.487513
  epoch 1 batch 150/561 loss=0.438764
  epoch 1 batch 200/561 loss=0.412540
  epoch 1 batch 250/561 loss=0.395848
  epoch 1 batch 300/561 loss=0.383989
  epoch 1 batch 350/561 loss=0.374370
  epoch 1 batch 400/561 loss=0.366323
  epoch 1 batch 450/561 loss=0.358107
  epoch 1 batch 500/561 loss=0.350134
  epoch 1 batch 550/561 loss=0.343397
Epoch 1 | train_loss=0.342143 val_mse=0.237813 val_mae=0.324020 (30.8s)
  Validation improved to 0.237813; saved checkpoint.
  epoch 2 batch 50/561 loss=0.270080
  epoch 2 batch 100/561 loss=0.269541
  epoch 2 batch 150/561 loss=0.269341
  epoch 2 batch 200/561 loss=0.268186
  epoch 2 batch 250/561 loss=0.267927
  epoch 2 batch 300/561 loss=0.266616
  epoch 2 batch 350/561 loss=0.265941
  epoch 2 batch 400/561 loss=0.264954
  epoch 2 batch 450/561 loss=0.264352
  epoch 2 batch 500/561 loss=0.263282
  epoch 2 batch 550/561 loss=0.262237
Epoch 2 | train_loss=0.262057 val_mse=0.218907 val_mae=0.309444 (32.0s)
  Validation improved to 0.218907; saved checkpoint.
  epoch 3 batch 50/561 loss=0.247326
  epoch 3 batch 100/561 loss=0.247783
  epoch 3 batch 150/561 loss=0.247959
  epoch 3 batch 200/561 loss=0.248542
  epoch 3 batch 250/561 loss=0.248846
  epoch 3 batch 300/561 loss=0.248990
  epoch 3 batch 350/561 loss=0.248589
  epoch 3 batch 400/561 loss=0.247697
  epoch 3 batch 450/561 loss=0.247427
  epoch 3 batch 500/561 loss=0.247005
  epoch 3 batch 550/561 loss=0.246685
Epoch 3 | train_loss=0.246625 val_mse=0.209453 val_mae=0.302513 (33.6s)
  Validation improved to 0.209453; saved checkpoint.
  epoch 4 batch 50/561 loss=0.242978
  epoch 4 batch 100/561 loss=0.242491
  epoch 4 batch 150/561 loss=0.242021
  epoch 4 batch 200/561 loss=0.241205
  epoch 4 batch 250/561 loss=0.241140
  epoch 4 batch 300/561 loss=0.240818
  epoch 4 batch 350/561 loss=0.240437
  epoch 4 batch 400/561 loss=0.240234
  epoch 4 batch 450/561 loss=0.239988
  epoch 4 batch 500/561 loss=0.239593
  epoch 4 batch 550/561 loss=0.239022
Epoch 4 | train_loss=0.239000 val_mse=0.205304 val_mae=0.299656 (33.6s)
  Validation improved to 0.205304; saved checkpoint.
  epoch 5 batch 50/561 loss=0.236380
  epoch 5 batch 100/561 loss=0.235829
  epoch 5 batch 150/561 loss=0.235571
  epoch 5 batch 200/561 loss=0.235748
  epoch 5 batch 250/561 loss=0.235452
  epoch 5 batch 300/561 loss=0.235574
  epoch 5 batch 350/561 loss=0.235857
  epoch 5 batch 400/561 loss=0.235481
  epoch 5 batch 450/561 loss=0.235444
  epoch 5 batch 500/561 loss=0.235792
  epoch 5 batch 550/561 loss=0.235538
Epoch 5 | train_loss=0.235577 val_mse=0.202157 val_mae=0.296704 (35.7s)
  Validation improved to 0.202157; saved checkpoint.
  epoch 6 batch 50/561 loss=0.237170
  epoch 6 batch 100/561 loss=0.237385
  epoch 6 batch 150/561 loss=0.235886
  epoch 6 batch 200/561 loss=0.234913
  epoch 6 batch 250/561 loss=0.235031
  epoch 6 batch 300/561 loss=0.235233
  epoch 6 batch 350/561 loss=0.235062
  epoch 6 batch 400/561 loss=0.234734
  epoch 6 batch 450/561 loss=0.234433
  epoch 6 batch 500/561 loss=0.234082
  epoch 6 batch 550/561 loss=0.233888
Epoch 6 | train_loss=0.233832 val_mse=0.200984 val_mae=0.295695 (36.2s)
  Validation improved to 0.200984; saved checkpoint.
  epoch 7 batch 50/561 loss=0.232979
  epoch 7 batch 100/561 loss=0.234302
  epoch 7 batch 150/561 loss=0.233787
  epoch 7 batch 200/561 loss=0.233946
  epoch 7 batch 250/561 loss=0.233631
  epoch 7 batch 300/561 loss=0.233317
  epoch 7 batch 350/561 loss=0.233497
  epoch 7 batch 400/561 loss=0.233194
  epoch 7 batch 450/561 loss=0.233037
  epoch 7 batch 500/561 loss=0.233168
  epoch 7 batch 550/561 loss=0.232911
Epoch 7 | train_loss=0.232974 val_mse=0.200598 val_mae=0.295259 (36.3s)
  Validation improved to 0.200598; saved checkpoint.
  epoch 8 batch 50/561 loss=0.231641
  epoch 8 batch 100/561 loss=0.231588
  epoch 8 batch 150/561 loss=0.232551
  epoch 8 batch 200/561 loss=0.232887
  epoch 8 batch 250/561 loss=0.233019
  epoch 8 batch 300/561 loss=0.233013
  epoch 8 batch 350/561 loss=0.232859
  epoch 8 batch 400/561 loss=0.232878
  epoch 8 batch 450/561 loss=0.232511
  epoch 8 batch 500/561 loss=0.232475
  epoch 8 batch 550/561 loss=0.232544
Epoch 8 | train_loss=0.232504 val_mse=0.200362 val_mae=0.294952 (37.0s)
  Validation improved to 0.200362; saved checkpoint.
  epoch 9 batch 50/561 loss=0.234670
  epoch 9 batch 100/561 loss=0.232294
  epoch 9 batch 150/561 loss=0.232586
  epoch 9 batch 200/561 loss=0.232187
  epoch 9 batch 250/561 loss=0.231625
  epoch 9 batch 300/561 loss=0.231491
  epoch 9 batch 350/561 loss=0.231903
  epoch 9 batch 400/561 loss=0.232145
  epoch 9 batch 450/561 loss=0.232185
  epoch 9 batch 500/561 loss=0.232308
  epoch 9 batch 550/561 loss=0.232383
Epoch 9 | train_loss=0.232251 val_mse=0.200151 val_mae=0.294847 (36.4s)
  Validation improved to 0.200151; saved checkpoint.
  epoch 10 batch 50/561 loss=0.234494
  epoch 10 batch 100/561 loss=0.233068
  epoch 10 batch 150/561 loss=0.232991
  epoch 10 batch 200/561 loss=0.231965
  epoch 10 batch 250/561 loss=0.231738
  epoch 10 batch 300/561 loss=0.231790
  epoch 10 batch 350/561 loss=0.231862
  epoch 10 batch 400/561 loss=0.232006
  epoch 10 batch 450/561 loss=0.232040
  epoch 10 batch 500/561 loss=0.232022
  epoch 10 batch 550/561 loss=0.232154
Epoch 10 | train_loss=0.232118 val_mse=0.200050 val_mae=0.294738 (37.6s)
  Validation improved to 0.200050; saved checkpoint.

Test | mse=0.228069 mae=0.322264 rmse=0.477565
