============================================================
data:
  name: electricity
  root_path: data/electricity
  data_path: electricity.csv
  data_kind: custom
  features: M
  target: OT
  freq: h
  n_vars: 321
model:
  name: itransformer
  type: transformer
  d_model: 256
  d_ff: 256
  e_layers: 2
  n_heads: 8
  factor: 1
  dropout: 0.1
  activation: gelu
  use_norm: 1
  output_attention: false
train:
  name: default
  seq_len: 96
  label_len: 48
  pred_len: 96
  batch_size: 32
  num_workers: 4
  train_epochs: 10
  patience: 3
  learning_rate: 0.0005
  loss: mse
  lradj: type1
  weight_decay: 0.0
  gradient_clip: 1.0
  use_amp: true
  gpu_resident_data: false
  matmul_precision: highest
  log_interval: 50
  val_interval: 1
  checkpoint_dir: checkpoints
  use_wandb: false
  wandb_project: vglg-tsf
seed: 2021
device: cuda
project: vglg-tsf
run_name: null
tag: supp_method_b

============================================================
Loaded data | train=18221 val=2537 test=5165
Built model: itransformer | params=841,568
  epoch 1 batch 50/569 loss=0.349659
  epoch 1 batch 100/569 loss=0.293880
  epoch 1 batch 150/569 loss=0.269487
  epoch 1 batch 200/569 loss=0.256360
  epoch 1 batch 250/569 loss=0.247352
  epoch 1 batch 300/569 loss=0.240695
  epoch 1 batch 350/569 loss=0.234726
  epoch 1 batch 400/569 loss=0.230304
  epoch 1 batch 450/569 loss=0.226319
  epoch 1 batch 500/569 loss=0.223064
  epoch 1 batch 550/569 loss=0.219860
Epoch 1 | train_loss=0.218936 val_mse=0.161686 val_mae=0.249311 (8.4s)
  Validation improved to 0.161686; saved checkpoint.
  epoch 2 batch 50/569 loss=0.184881
  epoch 2 batch 100/569 loss=0.187290
  epoch 2 batch 150/569 loss=0.187711
  epoch 2 batch 200/569 loss=0.186976
  epoch 2 batch 250/569 loss=0.185543
  epoch 2 batch 300/569 loss=0.184966
  epoch 2 batch 350/569 loss=0.184893
  epoch 2 batch 400/569 loss=0.184130
  epoch 2 batch 450/569 loss=0.182954
  epoch 2 batch 500/569 loss=0.182207
  epoch 2 batch 550/569 loss=0.181709
Epoch 2 | train_loss=0.181392 val_mse=0.150177 val_mae=0.238964 (7.8s)
  Validation improved to 0.150177; saved checkpoint.
  epoch 3 batch 50/569 loss=0.172030
  epoch 3 batch 100/569 loss=0.171604
  epoch 3 batch 150/569 loss=0.171206
  epoch 3 batch 200/569 loss=0.171217
  epoch 3 batch 250/569 loss=0.171293
  epoch 3 batch 300/569 loss=0.171349
  epoch 3 batch 350/569 loss=0.171464
  epoch 3 batch 400/569 loss=0.171333
  epoch 3 batch 450/569 loss=0.171076
  epoch 3 batch 500/569 loss=0.171020
  epoch 3 batch 550/569 loss=0.170979
Epoch 3 | train_loss=0.170851 val_mse=0.144499 val_mae=0.233910 (7.8s)
  Validation improved to 0.144499; saved checkpoint.
  epoch 4 batch 50/569 loss=0.168719
  epoch 4 batch 100/569 loss=0.168116
  epoch 4 batch 150/569 loss=0.167683
  epoch 4 batch 200/569 loss=0.167917
  epoch 4 batch 250/569 loss=0.167149
  epoch 4 batch 300/569 loss=0.167151
  epoch 4 batch 350/569 loss=0.167374
  epoch 4 batch 400/569 loss=0.167121
  epoch 4 batch 450/569 loss=0.167031
  epoch 4 batch 500/569 loss=0.166742
  epoch 4 batch 550/569 loss=0.166908
Epoch 4 | train_loss=0.166727 val_mse=0.142569 val_mae=0.232069 (7.9s)
  Validation improved to 0.142569; saved checkpoint.
  epoch 5 batch 50/569 loss=0.168876
  epoch 5 batch 100/569 loss=0.167550
  epoch 5 batch 150/569 loss=0.167316
  epoch 5 batch 200/569 loss=0.167368
  epoch 5 batch 250/569 loss=0.166561
  epoch 5 batch 300/569 loss=0.165709
  epoch 5 batch 350/569 loss=0.165033
  epoch 5 batch 400/569 loss=0.164773
  epoch 5 batch 450/569 loss=0.164928
  epoch 5 batch 500/569 loss=0.164933
  epoch 5 batch 550/569 loss=0.164584
Epoch 5 | train_loss=0.164574 val_mse=0.141228 val_mae=0.230664 (7.8s)
  Validation improved to 0.141228; saved checkpoint.
  epoch 6 batch 50/569 loss=0.162360
  epoch 6 batch 100/569 loss=0.162137
  epoch 6 batch 150/569 loss=0.163174
  epoch 6 batch 200/569 loss=0.163998
  epoch 6 batch 250/569 loss=0.163723
  epoch 6 batch 300/569 loss=0.163767
  epoch 6 batch 350/569 loss=0.163682
  epoch 6 batch 400/569 loss=0.163633
  epoch 6 batch 450/569 loss=0.163418
  epoch 6 batch 500/569 loss=0.163691
  epoch 6 batch 550/569 loss=0.163443
Epoch 6 | train_loss=0.163443 val_mse=0.140751 val_mae=0.230210 (7.6s)
  Validation improved to 0.140751; saved checkpoint.
  epoch 7 batch 50/569 loss=0.163825
  epoch 7 batch 100/569 loss=0.163010
  epoch 7 batch 150/569 loss=0.163698
  epoch 7 batch 200/569 loss=0.163205
  epoch 7 batch 250/569 loss=0.163733
  epoch 7 batch 300/569 loss=0.163428
  epoch 7 batch 350/569 loss=0.163234
  epoch 7 batch 400/569 loss=0.162866
  epoch 7 batch 450/569 loss=0.162579
  epoch 7 batch 500/569 loss=0.162795
  epoch 7 batch 550/569 loss=0.162863
Epoch 7 | train_loss=0.162815 val_mse=0.140601 val_mae=0.230121 (7.8s)
  Validation improved to 0.140601; saved checkpoint.
  epoch 8 batch 50/569 loss=0.161817
  epoch 8 batch 100/569 loss=0.162468
  epoch 8 batch 150/569 loss=0.162240
  epoch 8 batch 200/569 loss=0.161627
  epoch 8 batch 250/569 loss=0.161343
  epoch 8 batch 300/569 loss=0.161855
  epoch 8 batch 350/569 loss=0.162080
  epoch 8 batch 400/569 loss=0.162165
  epoch 8 batch 450/569 loss=0.162195
  epoch 8 batch 500/569 loss=0.162322
  epoch 8 batch 550/569 loss=0.162575
Epoch 8 | train_loss=0.162532 val_mse=0.140294 val_mae=0.229822 (7.8s)
  Validation improved to 0.140294; saved checkpoint.
  epoch 9 batch 50/569 loss=0.164536
  epoch 9 batch 100/569 loss=0.164902
  epoch 9 batch 150/569 loss=0.164176
  epoch 9 batch 200/569 loss=0.163906
  epoch 9 batch 250/569 loss=0.163490
  epoch 9 batch 300/569 loss=0.163099
  epoch 9 batch 350/569 loss=0.162933
  epoch 9 batch 400/569 loss=0.162748
  epoch 9 batch 450/569 loss=0.162515
  epoch 9 batch 500/569 loss=0.162415
  epoch 9 batch 550/569 loss=0.162342
Epoch 9 | train_loss=0.162363 val_mse=0.140461 val_mae=0.229964 (7.8s)
  EarlyStopping: 1/3
  epoch 10 batch 50/569 loss=0.158360
  epoch 10 batch 100/569 loss=0.160237
  epoch 10 batch 150/569 loss=0.160555
  epoch 10 batch 200/569 loss=0.160775
  epoch 10 batch 250/569 loss=0.161643
  epoch 10 batch 300/569 loss=0.161937
  epoch 10 batch 350/569 loss=0.161924
  epoch 10 batch 400/569 loss=0.161959
  epoch 10 batch 450/569 loss=0.162138
  epoch 10 batch 500/569 loss=0.162237
  epoch 10 batch 550/569 loss=0.162201
Epoch 10 | train_loss=0.162294 val_mse=0.140429 val_mae=0.229927 (7.8s)
  EarlyStopping: 2/3

Test | mse=0.159535 mae=0.250511 rmse=0.399418
