============================================================
data:
  name: electricity
  root_path: data/electricity
  data_path: electricity.csv
  data_kind: custom
  features: M
  target: OT
  freq: h
  n_vars: 321
model:
  name: gru
  type: rnn
  d_model: 128
  e_layers: 2
  dropout: 0.1
  revin: true
  affine: true
train:
  name: default
  seq_len: 96
  label_len: 48
  pred_len: 192
  batch_size: 32
  num_workers: 4
  train_epochs: 10
  patience: 3
  learning_rate: 0.001
  loss: mse
  lradj: type1
  weight_decay: 0.0
  gradient_clip: 1.0
  use_amp: true
  gpu_resident_data: false
  matmul_precision: highest
  log_interval: 50
  val_interval: 1
  checkpoint_dir: checkpoints
  use_wandb: false
  wandb_project: vglg-tsf
seed: 2021
device: cuda
project: vglg-tsf
run_name: null
tag: supp_method_b

============================================================
Loaded data | train=18125 val=2441 test=5069
Built model: gru | params=174,786
  epoch 1 batch 50/566 loss=0.558551
  epoch 1 batch 100/566 loss=0.450972
  epoch 1 batch 150/566 loss=0.406121
  epoch 1 batch 200/566 loss=0.381401
  epoch 1 batch 250/566 loss=0.364416
  epoch 1 batch 300/566 loss=0.350621
  epoch 1 batch 350/566 loss=0.338855
  epoch 1 batch 400/566 loss=0.329262
  epoch 1 batch 450/566 loss=0.320740
  epoch 1 batch 500/566 loss=0.313825
  epoch 1 batch 550/566 loss=0.307486
Epoch 1 | train_loss=0.305801 val_mse=0.218540 val_mae=0.309839 (41.6s)
  Validation improved to 0.218540; saved checkpoint.
  epoch 2 batch 50/566 loss=0.242074
  epoch 2 batch 100/566 loss=0.239643
  epoch 2 batch 150/566 loss=0.239033
  epoch 2 batch 200/566 loss=0.238608
  epoch 2 batch 250/566 loss=0.238759
  epoch 2 batch 300/566 loss=0.237823
  epoch 2 batch 350/566 loss=0.237318
  epoch 2 batch 400/566 loss=0.237036
  epoch 2 batch 450/566 loss=0.236449
  epoch 2 batch 500/566 loss=0.235845
  epoch 2 batch 550/566 loss=0.235236
Epoch 2 | train_loss=0.235260 val_mse=0.201046 val_mae=0.295296 (41.3s)
  Validation improved to 0.201046; saved checkpoint.
  epoch 3 batch 50/566 loss=0.228869
  epoch 3 batch 100/566 loss=0.228824
  epoch 3 batch 150/566 loss=0.227380
  epoch 3 batch 200/566 loss=0.226062
  epoch 3 batch 250/566 loss=0.225867
  epoch 3 batch 300/566 loss=0.225483
  epoch 3 batch 350/566 loss=0.225730
  epoch 3 batch 400/566 loss=0.225571
  epoch 3 batch 450/566 loss=0.225671
  epoch 3 batch 500/566 loss=0.225395
  epoch 3 batch 550/566 loss=0.225162
Epoch 3 | train_loss=0.225018 val_mse=0.195593 val_mae=0.290333 (41.2s)
  Validation improved to 0.195593; saved checkpoint.
  epoch 4 batch 50/566 loss=0.220042
  epoch 4 batch 100/566 loss=0.220216
  epoch 4 batch 150/566 loss=0.221459
  epoch 4 batch 200/566 loss=0.220502
  epoch 4 batch 250/566 loss=0.220317
  epoch 4 batch 300/566 loss=0.220604
  epoch 4 batch 350/566 loss=0.220127
  epoch 4 batch 400/566 loss=0.219474
  epoch 4 batch 450/566 loss=0.219608
  epoch 4 batch 500/566 loss=0.219539
  epoch 4 batch 550/566 loss=0.219786
Epoch 4 | train_loss=0.219956 val_mse=0.192271 val_mae=0.287352 (38.8s)
  Validation improved to 0.192271; saved checkpoint.
  epoch 5 batch 50/566 loss=0.216780
  epoch 5 batch 100/566 loss=0.217135
  epoch 5 batch 150/566 loss=0.216268
  epoch 5 batch 200/566 loss=0.216244
  epoch 5 batch 250/566 loss=0.216426
  epoch 5 batch 300/566 loss=0.216933
  epoch 5 batch 350/566 loss=0.217250
  epoch 5 batch 400/566 loss=0.216615
  epoch 5 batch 450/566 loss=0.217060
  epoch 5 batch 500/566 loss=0.216978
  epoch 5 batch 550/566 loss=0.216873
Epoch 5 | train_loss=0.216661 val_mse=0.189328 val_mae=0.284727 (35.8s)
  Validation improved to 0.189328; saved checkpoint.
  epoch 6 batch 50/566 loss=0.213447
  epoch 6 batch 100/566 loss=0.213391
  epoch 6 batch 150/566 loss=0.213968
  epoch 6 batch 200/566 loss=0.214844
  epoch 6 batch 250/566 loss=0.215198
  epoch 6 batch 300/566 loss=0.215017
  epoch 6 batch 350/566 loss=0.215075
  epoch 6 batch 400/566 loss=0.214748
  epoch 6 batch 450/566 loss=0.214824
  epoch 6 batch 500/566 loss=0.214817
  epoch 6 batch 550/566 loss=0.214698
Epoch 6 | train_loss=0.214780 val_mse=0.188057 val_mae=0.283733 (36.4s)
  Validation improved to 0.188057; saved checkpoint.
  epoch 7 batch 50/566 loss=0.213642
  epoch 7 batch 100/566 loss=0.214029
  epoch 7 batch 150/566 loss=0.212874
  epoch 7 batch 200/566 loss=0.213385
  epoch 7 batch 250/566 loss=0.213663
  epoch 7 batch 300/566 loss=0.214065
  epoch 7 batch 350/566 loss=0.213959
  epoch 7 batch 400/566 loss=0.214169
  epoch 7 batch 450/566 loss=0.213713
  epoch 7 batch 500/566 loss=0.213932
  epoch 7 batch 550/566 loss=0.213962
Epoch 7 | train_loss=0.213812 val_mse=0.187237 val_mae=0.282994 (41.3s)
  Validation improved to 0.187237; saved checkpoint.
  epoch 8 batch 50/566 loss=0.215256
  epoch 8 batch 100/566 loss=0.212934
  epoch 8 batch 150/566 loss=0.212816
  epoch 8 batch 200/566 loss=0.212968
  epoch 8 batch 250/566 loss=0.212527
  epoch 8 batch 300/566 loss=0.213080
  epoch 8 batch 350/566 loss=0.213001
  epoch 8 batch 400/566 loss=0.213227
  epoch 8 batch 450/566 loss=0.213324
  epoch 8 batch 500/566 loss=0.213490
  epoch 8 batch 550/566 loss=0.213350
Epoch 8 | train_loss=0.213296 val_mse=0.186948 val_mae=0.282807 (40.1s)
  Validation improved to 0.186948; saved checkpoint.
  epoch 9 batch 50/566 loss=0.213117
  epoch 9 batch 100/566 loss=0.212154
  epoch 9 batch 150/566 loss=0.212606
  epoch 9 batch 200/566 loss=0.212863
  epoch 9 batch 250/566 loss=0.212908
  epoch 9 batch 300/566 loss=0.212468
  epoch 9 batch 350/566 loss=0.212722
  epoch 9 batch 400/566 loss=0.212487
  epoch 9 batch 450/566 loss=0.212896
  epoch 9 batch 500/566 loss=0.212992
  epoch 9 batch 550/566 loss=0.213074
Epoch 9 | train_loss=0.212984 val_mse=0.186832 val_mae=0.282670 (41.7s)
  Validation improved to 0.186832; saved checkpoint.
  epoch 10 batch 50/566 loss=0.210791
  epoch 10 batch 100/566 loss=0.211851
  epoch 10 batch 150/566 loss=0.211109
  epoch 10 batch 200/566 loss=0.211545
  epoch 10 batch 250/566 loss=0.211679
  epoch 10 batch 300/566 loss=0.212278
  epoch 10 batch 350/566 loss=0.212357
  epoch 10 batch 400/566 loss=0.212624
  epoch 10 batch 450/566 loss=0.212955
  epoch 10 batch 500/566 loss=0.212754
  epoch 10 batch 550/566 loss=0.212771
Epoch 10 | train_loss=0.212903 val_mse=0.186788 val_mae=0.282759 (42.0s)
  Validation improved to 0.186788; saved checkpoint.

Test | mse=0.213784 mae=0.308256 rmse=0.462368
