============================================================
data:
  name: electricity
  root_path: data/electricity
  data_path: electricity.csv
  data_kind: custom
  features: M
  target: OT
  freq: h
  n_vars: 321
model:
  name: itransformer
  type: transformer
  d_model: 256
  d_ff: 256
  e_layers: 2
  n_heads: 8
  factor: 1
  dropout: 0.1
  activation: gelu
  use_norm: 1
  output_attention: false
train:
  name: default
  seq_len: 96
  label_len: 48
  pred_len: 192
  batch_size: 32
  num_workers: 4
  train_epochs: 10
  patience: 3
  learning_rate: 0.0005
  loss: mse
  lradj: type1
  weight_decay: 0.0
  gradient_clip: 1.0
  use_amp: true
  gpu_resident_data: false
  matmul_precision: highest
  log_interval: 50
  val_interval: 1
  checkpoint_dir: checkpoints
  use_wandb: false
  wandb_project: vglg-tsf
seed: 2021
device: cuda
project: vglg-tsf
run_name: null
tag: supp_method_b

============================================================
Loaded data | train=18125 val=2441 test=5069
Built model: itransformer | params=866,240
  epoch 1 batch 50/566 loss=0.374597
  epoch 1 batch 100/566 loss=0.312023
  epoch 1 batch 150/566 loss=0.285109
  epoch 1 batch 200/566 loss=0.269338
  epoch 1 batch 250/566 loss=0.259200
  epoch 1 batch 300/566 loss=0.251077
  epoch 1 batch 350/566 loss=0.244605
  epoch 1 batch 400/566 loss=0.239880
  epoch 1 batch 450/566 loss=0.236006
  epoch 1 batch 500/566 loss=0.232147
  epoch 1 batch 550/566 loss=0.229321
Epoch 1 | train_loss=0.228541 val_mse=0.167454 val_mae=0.253837 (10.3s)
  Validation improved to 0.167454; saved checkpoint.
  epoch 2 batch 50/566 loss=0.199124
  epoch 2 batch 100/566 loss=0.197768
  epoch 2 batch 150/566 loss=0.197761
  epoch 2 batch 200/566 loss=0.197053
  epoch 2 batch 250/566 loss=0.195578
  epoch 2 batch 300/566 loss=0.194791
  epoch 2 batch 350/566 loss=0.194188
  epoch 2 batch 400/566 loss=0.193454
  epoch 2 batch 450/566 loss=0.193377
  epoch 2 batch 500/566 loss=0.192953
  epoch 2 batch 550/566 loss=0.192523
Epoch 2 | train_loss=0.192379 val_mse=0.158594 val_mae=0.246303 (9.7s)
  Validation improved to 0.158594; saved checkpoint.
  epoch 3 batch 50/566 loss=0.186712
  epoch 3 batch 100/566 loss=0.185635
  epoch 3 batch 150/566 loss=0.185220
  epoch 3 batch 200/566 loss=0.185224
  epoch 3 batch 250/566 loss=0.184939
  epoch 3 batch 300/566 loss=0.184751
  epoch 3 batch 350/566 loss=0.184619
  epoch 3 batch 400/566 loss=0.184208
  epoch 3 batch 450/566 loss=0.183853
  epoch 3 batch 500/566 loss=0.183370
  epoch 3 batch 550/566 loss=0.183344
Epoch 3 | train_loss=0.183431 val_mse=0.154929 val_mae=0.243212 (10.3s)
  Validation improved to 0.154929; saved checkpoint.
  epoch 4 batch 50/566 loss=0.179820
  epoch 4 batch 100/566 loss=0.180354
  epoch 4 batch 150/566 loss=0.179929
  epoch 4 batch 200/566 loss=0.179698
  epoch 4 batch 250/566 loss=0.180235
  epoch 4 batch 300/566 loss=0.179984
  epoch 4 batch 350/566 loss=0.180200
  epoch 4 batch 400/566 loss=0.180319
  epoch 4 batch 450/566 loss=0.180378
  epoch 4 batch 500/566 loss=0.180497
  epoch 4 batch 550/566 loss=0.180171
Epoch 4 | train_loss=0.180031 val_mse=0.153601 val_mae=0.242220 (9.9s)
  Validation improved to 0.153601; saved checkpoint.
  epoch 5 batch 50/566 loss=0.177763
  epoch 5 batch 100/566 loss=0.178104
  epoch 5 batch 150/566 loss=0.177578
  epoch 5 batch 200/566 loss=0.178201
  epoch 5 batch 250/566 loss=0.178155
  epoch 5 batch 300/566 loss=0.178376
  epoch 5 batch 350/566 loss=0.178539
  epoch 5 batch 400/566 loss=0.178356
  epoch 5 batch 450/566 loss=0.178233
  epoch 5 batch 500/566 loss=0.178147
  epoch 5 batch 550/566 loss=0.178339
Epoch 5 | train_loss=0.178269 val_mse=0.151948 val_mae=0.240251 (10.0s)
  Validation improved to 0.151948; saved checkpoint.
  epoch 6 batch 50/566 loss=0.175448
  epoch 6 batch 100/566 loss=0.175721
  epoch 6 batch 150/566 loss=0.176961
  epoch 6 batch 200/566 loss=0.176959
  epoch 6 batch 250/566 loss=0.176408
  epoch 6 batch 300/566 loss=0.176805
  epoch 6 batch 350/566 loss=0.176847
  epoch 6 batch 400/566 loss=0.176901
  epoch 6 batch 450/566 loss=0.177063
  epoch 6 batch 500/566 loss=0.177214
  epoch 6 batch 550/566 loss=0.177391
Epoch 6 | train_loss=0.177373 val_mse=0.151681 val_mae=0.239909 (10.1s)
  Validation improved to 0.151681; saved checkpoint.
  epoch 7 batch 50/566 loss=0.177674
  epoch 7 batch 100/566 loss=0.179128
  epoch 7 batch 150/566 loss=0.178464
  epoch 7 batch 200/566 loss=0.177461
  epoch 7 batch 250/566 loss=0.176920
  epoch 7 batch 300/566 loss=0.177225
  epoch 7 batch 350/566 loss=0.177303
  epoch 7 batch 400/566 loss=0.177433
  epoch 7 batch 450/566 loss=0.177181
  epoch 7 batch 500/566 loss=0.176846
  epoch 7 batch 550/566 loss=0.176841
Epoch 7 | train_loss=0.176896 val_mse=0.151242 val_mae=0.239536 (9.8s)
  Validation improved to 0.151242; saved checkpoint.
  epoch 8 batch 50/566 loss=0.179598
  epoch 8 batch 100/566 loss=0.177032
  epoch 8 batch 150/566 loss=0.177379
  epoch 8 batch 200/566 loss=0.177033
  epoch 8 batch 250/566 loss=0.177147
  epoch 8 batch 300/566 loss=0.176835
  epoch 8 batch 350/566 loss=0.177221
  epoch 8 batch 400/566 loss=0.177056
  epoch 8 batch 450/566 loss=0.176623
  epoch 8 batch 500/566 loss=0.176779
  epoch 8 batch 550/566 loss=0.176729
Epoch 8 | train_loss=0.176625 val_mse=0.151047 val_mae=0.239390 (10.1s)
  Validation improved to 0.151047; saved checkpoint.
  epoch 9 batch 50/566 loss=0.178661
  epoch 9 batch 100/566 loss=0.178228
  epoch 9 batch 150/566 loss=0.176154
  epoch 9 batch 200/566 loss=0.176464
  epoch 9 batch 250/566 loss=0.176507
  epoch 9 batch 300/566 loss=0.176423
  epoch 9 batch 350/566 loss=0.176535
  epoch 9 batch 400/566 loss=0.176640
  epoch 9 batch 450/566 loss=0.176745
  epoch 9 batch 500/566 loss=0.176502
  epoch 9 batch 550/566 loss=0.176529
Epoch 9 | train_loss=0.176503 val_mse=0.151135 val_mae=0.239443 (10.0s)
  EarlyStopping: 1/3
  epoch 10 batch 50/566 loss=0.175571
  epoch 10 batch 100/566 loss=0.177933
  epoch 10 batch 150/566 loss=0.176601
  epoch 10 batch 200/566 loss=0.176621
  epoch 10 batch 250/566 loss=0.176462
  epoch 10 batch 300/566 loss=0.176977
  epoch 10 batch 350/566 loss=0.176676
  epoch 10 batch 400/566 loss=0.177171
  epoch 10 batch 450/566 loss=0.177059
  epoch 10 batch 500/566 loss=0.176926
  epoch 10 batch 550/566 loss=0.176540
Epoch 10 | train_loss=0.176439 val_mse=0.151063 val_mae=0.239369 (10.2s)
  EarlyStopping: 2/3

Test | mse=0.173124 mae=0.262027 rmse=0.416082
