============================================================
data:
  name: etth1
  root_path: data/ETT-small
  data_path: ETTh1.csv
  data_kind: ETTh
  features: M
  target: OT
  freq: h
  n_vars: 7
model:
  name: lstm
  type: rnn
  d_model: 128
  e_layers: 2
  dropout: 0.1
  revin: true
  affine: true
train:
  name: default
  seq_len: 96
  label_len: 48
  pred_len: 192
  batch_size: 32
  num_workers: 4
  train_epochs: 10
  patience: 3
  learning_rate: 0.001
  loss: mse
  lradj: type1
  weight_decay: 0.0
  gradient_clip: 1.0
  use_amp: true
  gpu_resident_data: false
  matmul_precision: highest
  log_interval: 50
  val_interval: 1
  checkpoint_dir: checkpoints
  use_wandb: false
  wandb_project: vglg-tsf
seed: 2021
device: cuda
project: vglg-tsf
run_name: null
tag: supp_method_b

============================================================
Loaded data | train=8353 val=2689 test=2689
Built model: lstm | params=223,950
  epoch 1 batch 50/261 loss=0.559540
  epoch 1 batch 100/261 loss=0.523510
  epoch 1 batch 150/261 loss=0.504340
  epoch 1 batch 200/261 loss=0.494851
  epoch 1 batch 250/261 loss=0.483661
Epoch 1 | train_loss=0.481972 val_mse=1.051340 val_mae=0.688314 (2.7s)
  Validation improved to 1.051340; saved checkpoint.
  epoch 2 batch 50/261 loss=0.455486
  epoch 2 batch 100/261 loss=0.448026
  epoch 2 batch 150/261 loss=0.448383
  epoch 2 batch 200/261 loss=0.444041
  epoch 2 batch 250/261 loss=0.442236
Epoch 2 | train_loss=0.441937 val_mse=1.039618 val_mae=0.678607 (2.4s)
  Validation improved to 1.039618; saved checkpoint.
  epoch 3 batch 50/261 loss=0.436268
  epoch 3 batch 100/261 loss=0.432074
  epoch 3 batch 150/261 loss=0.430625
  epoch 3 batch 200/261 loss=0.429666
  epoch 3 batch 250/261 loss=0.427628
Epoch 3 | train_loss=0.427577 val_mse=1.023635 val_mae=0.671526 (2.3s)
  Validation improved to 1.023635; saved checkpoint.
  epoch 4 batch 50/261 loss=0.417339
  epoch 4 batch 100/261 loss=0.418756
  epoch 4 batch 150/261 loss=0.421123
  epoch 4 batch 200/261 loss=0.418385
  epoch 4 batch 250/261 loss=0.418364
Epoch 4 | train_loss=0.417808 val_mse=1.024921 val_mae=0.672468 (2.3s)
  EarlyStopping: 1/3
  epoch 5 batch 50/261 loss=0.402110
  epoch 5 batch 100/261 loss=0.408450
  epoch 5 batch 150/261 loss=0.411083
  epoch 5 batch 200/261 loss=0.411960
  epoch 5 batch 250/261 loss=0.412026
Epoch 5 | train_loss=0.412249 val_mse=1.030937 val_mae=0.679318 (2.3s)
  EarlyStopping: 2/3
  epoch 6 batch 50/261 loss=0.400224
  epoch 6 batch 100/261 loss=0.403917
  epoch 6 batch 150/261 loss=0.407592
  epoch 6 batch 200/261 loss=0.408405
  epoch 6 batch 250/261 loss=0.408291
Epoch 6 | train_loss=0.408190 val_mse=1.036093 val_mae=0.681274 (2.2s)
  EarlyStopping: 3/3
Early stopping at epoch 6.

Test | mse=0.447536 mae=0.443687 rmse=0.668981
