============================================================
data:
  name: etth1
  root_path: data/ETT-small
  data_path: ETTh1.csv
  data_kind: ETTh
  features: M
  target: OT
  freq: h
  n_vars: 7
model:
  name: timemixer
  type: mlp
  d_model: 16
  d_ff: 32
  e_layers: 2
  down_sampling_layers: 3
  down_sampling_window: 2
  down_sampling_method: avg
  decomp_method: moving_avg
  moving_avg: 25
  top_k: 5
  channel_independence: 1
  use_norm: 1
  dropout: 0.1
train:
  name: default
  seq_len: 96
  label_len: 48
  pred_len: 96
  batch_size: 32
  num_workers: 4
  train_epochs: 10
  patience: 5
  learning_rate: 0.01
  loss: mse
  lradj: type3
  weight_decay: 0.0
  gradient_clip: 1.0
  use_amp: true
  gpu_resident_data: false
  matmul_precision: highest
  log_interval: 50
  val_interval: 1
  checkpoint_dir: checkpoints
  use_wandb: false
  wandb_project: vglg-tsf
seed: 2021
device: cuda
project: vglg-tsf
run_name: null
tag: supp_method_b

============================================================
Loaded data | train=8449 val=2785 test=2785
Built model: timemixer | params=75,353
  epoch 1 batch 50/264 loss=0.407838
  epoch 1 batch 100/264 loss=0.388714
  epoch 1 batch 150/264 loss=0.378500
  epoch 1 batch 200/264 loss=0.376308
  epoch 1 batch 250/264 loss=0.372877
Epoch 1 | train_loss=0.371465 val_mse=0.699588 val_mae=0.553862 (6.7s)
  Validation improved to 0.699588; saved checkpoint.
  epoch 2 batch 50/264 loss=0.345078
  epoch 2 batch 100/264 loss=0.344041
  epoch 2 batch 150/264 loss=0.347525
  epoch 2 batch 200/264 loss=0.347957
  epoch 2 batch 250/264 loss=0.348830
Epoch 2 | train_loss=0.348320 val_mse=0.693957 val_mae=0.550364 (5.1s)
  Validation improved to 0.693957; saved checkpoint.
  epoch 3 batch 50/264 loss=0.334047
  epoch 3 batch 100/264 loss=0.331778
  epoch 3 batch 150/264 loss=0.336183
  epoch 3 batch 200/264 loss=0.340793
  epoch 3 batch 250/264 loss=0.339035
Epoch 3 | train_loss=0.338837 val_mse=0.727025 val_mae=0.562330 (5.2s)
  EarlyStopping: 1/5
  epoch 4 batch 50/264 loss=0.325449
  epoch 4 batch 100/264 loss=0.327740
  epoch 4 batch 150/264 loss=0.328856
  epoch 4 batch 200/264 loss=0.332135
  epoch 4 batch 250/264 loss=0.332497
Epoch 4 | train_loss=0.332096 val_mse=0.703896 val_mae=0.552973 (5.3s)
  EarlyStopping: 2/5
  epoch 5 batch 50/264 loss=0.314598
  epoch 5 batch 100/264 loss=0.319125
  epoch 5 batch 150/264 loss=0.319675
  epoch 5 batch 200/264 loss=0.322226
  epoch 5 batch 250/264 loss=0.323629
Epoch 5 | train_loss=0.322729 val_mse=0.726870 val_mae=0.562490 (5.2s)
  EarlyStopping: 3/5
  epoch 6 batch 50/264 loss=0.309833
  epoch 6 batch 100/264 loss=0.318998
  epoch 6 batch 150/264 loss=0.318388
  epoch 6 batch 200/264 loss=0.315686
  epoch 6 batch 250/264 loss=0.314425
Epoch 6 | train_loss=0.314625 val_mse=0.695919 val_mae=0.552762 (5.2s)
  EarlyStopping: 4/5
  epoch 7 batch 50/264 loss=0.306161
  epoch 7 batch 100/264 loss=0.305731
  epoch 7 batch 150/264 loss=0.305349
  epoch 7 batch 200/264 loss=0.304807
  epoch 7 batch 250/264 loss=0.306240
Epoch 7 | train_loss=0.305763 val_mse=0.727461 val_mae=0.561697 (5.2s)
  EarlyStopping: 5/5
Early stopping at epoch 7.

Test | mse=0.386128 mae=0.403270 rmse=0.621392
