============================================================
data:
  name: etth1
  root_path: data/ETT-small
  data_path: ETTh1.csv
  data_kind: ETTh
  features: M
  target: OT
  freq: h
  n_vars: 7
model:
  name: itransformer
  type: transformer
  d_model: 256
  d_ff: 256
  e_layers: 2
  n_heads: 8
  factor: 1
  dropout: 0.1
  activation: gelu
  use_norm: 1
  output_attention: false
train:
  name: default
  seq_len: 96
  label_len: 48
  pred_len: 192
  batch_size: 32
  num_workers: 4
  train_epochs: 10
  patience: 3
  learning_rate: 0.0005
  loss: mse
  lradj: type1
  weight_decay: 0.0
  gradient_clip: 1.0
  use_amp: true
  gpu_resident_data: false
  matmul_precision: highest
  log_interval: 50
  val_interval: 1
  checkpoint_dir: checkpoints
  use_wandb: false
  wandb_project: vglg-tsf
seed: 2021
device: cuda
project: vglg-tsf
run_name: null
tag: supp_method_b

============================================================
Loaded data | train=8353 val=2689 test=2689
Built model: itransformer | params=866,240
  epoch 1 batch 50/261 loss=0.503827
  epoch 1 batch 100/261 loss=0.473456
  epoch 1 batch 150/261 loss=0.459171
  epoch 1 batch 200/261 loss=0.448919
  epoch 1 batch 250/261 loss=0.442872
Epoch 1 | train_loss=0.442121 val_mse=0.994952 val_mae=0.660328 (2.8s)
  Validation improved to 0.994952; saved checkpoint.
  epoch 2 batch 50/261 loss=0.411436
  epoch 2 batch 100/261 loss=0.410816
  epoch 2 batch 150/261 loss=0.409811
  epoch 2 batch 200/261 loss=0.406909
  epoch 2 batch 250/261 loss=0.403658
Epoch 2 | train_loss=0.402927 val_mse=1.004971 val_mae=0.666315 (2.4s)
  EarlyStopping: 1/3
  epoch 3 batch 50/261 loss=0.383544
  epoch 3 batch 100/261 loss=0.374417
  epoch 3 batch 150/261 loss=0.375160
  epoch 3 batch 200/261 loss=0.374008
  epoch 3 batch 250/261 loss=0.374368
Epoch 3 | train_loss=0.374753 val_mse=1.028131 val_mae=0.676225 (2.5s)
  EarlyStopping: 2/3
  epoch 4 batch 50/261 loss=0.368886
  epoch 4 batch 100/261 loss=0.363844
  epoch 4 batch 150/261 loss=0.358017
  epoch 4 batch 200/261 loss=0.358457
  epoch 4 batch 250/261 loss=0.356908
Epoch 4 | train_loss=0.357189 val_mse=1.025996 val_mae=0.676006 (2.5s)
  EarlyStopping: 3/3
Early stopping at epoch 4.

Test | mse=0.441989 mae=0.436864 rmse=0.664822
