============================================================
data:
  name: etth2
  root_path: data/ETT-small
  data_path: ETTh2.csv
  data_kind: ETTh
  features: M
  target: OT
  freq: h
  n_vars: 7
model:
  name: itransformer
  type: transformer
  d_model: 256
  d_ff: 256
  e_layers: 2
  n_heads: 8
  factor: 1
  dropout: 0.1
  activation: gelu
  use_norm: 1
  output_attention: false
train:
  name: default
  seq_len: 96
  label_len: 48
  pred_len: 192
  batch_size: 32
  num_workers: 4
  train_epochs: 10
  patience: 3
  learning_rate: 0.0005
  loss: mse
  lradj: type1
  weight_decay: 0.0
  gradient_clip: 1.0
  use_amp: true
  gpu_resident_data: false
  matmul_precision: highest
  log_interval: 50
  val_interval: 1
  checkpoint_dir: checkpoints
  use_wandb: false
  wandb_project: vglg-tsf
seed: 2021
device: cuda
project: vglg-tsf
run_name: null
tag: supp_method_b

============================================================
Loaded data | train=8353 val=2689 test=2689
Built model: itransformer | params=866,240
  epoch 1 batch 50/261 loss=0.571128
  epoch 1 batch 100/261 loss=0.568125
  epoch 1 batch 150/261 loss=0.560137
  epoch 1 batch 200/261 loss=0.546065
  epoch 1 batch 250/261 loss=0.538612
Epoch 1 | train_loss=0.537748 val_mse=0.293458 val_mae=0.369618 (2.8s)
  Validation improved to 0.293458; saved checkpoint.
  epoch 2 batch 50/261 loss=0.479407
  epoch 2 batch 100/261 loss=0.481583
  epoch 2 batch 150/261 loss=0.488788
  epoch 2 batch 200/261 loss=0.489300
  epoch 2 batch 250/261 loss=0.480734
Epoch 2 | train_loss=0.479357 val_mse=0.296297 val_mae=0.372213 (2.4s)
  EarlyStopping: 1/3
  epoch 3 batch 50/261 loss=0.447731
  epoch 3 batch 100/261 loss=0.435522
  epoch 3 batch 150/261 loss=0.426300
  epoch 3 batch 200/261 loss=0.422772
  epoch 3 batch 250/261 loss=0.419114
Epoch 3 | train_loss=0.417703 val_mse=0.305102 val_mae=0.374150 (2.4s)
  EarlyStopping: 2/3
  epoch 4 batch 50/261 loss=0.395793
  epoch 4 batch 100/261 loss=0.394628
  epoch 4 batch 150/261 loss=0.389473
  epoch 4 batch 200/261 loss=0.393887
  epoch 4 batch 250/261 loss=0.389759
Epoch 4 | train_loss=0.390310 val_mse=0.307147 val_mae=0.376011 (2.4s)
  EarlyStopping: 3/3
Early stopping at epoch 4.

Test | mse=0.399801 mae=0.409963 rmse=0.632299
