============================================================
data:
  name: etth2
  root_path: data/ETT-small
  data_path: ETTh2.csv
  data_kind: ETTh
  features: M
  target: OT
  freq: h
  n_vars: 7
model:
  name: itransformer
  type: transformer
  d_model: 256
  d_ff: 256
  e_layers: 2
  n_heads: 8
  factor: 1
  dropout: 0.1
  activation: gelu
  use_norm: 1
  output_attention: false
train:
  name: default
  seq_len: 96
  label_len: 48
  pred_len: 720
  batch_size: 32
  num_workers: 4
  train_epochs: 10
  patience: 3
  learning_rate: 0.0005
  loss: mse
  lradj: type1
  weight_decay: 0.0
  gradient_clip: 1.0
  use_amp: true
  gpu_resident_data: false
  matmul_precision: highest
  log_interval: 50
  val_interval: 1
  checkpoint_dir: checkpoints
  use_wandb: false
  wandb_project: vglg-tsf
seed: 2021
device: cuda
project: vglg-tsf
run_name: null
tag: supp_method_b

============================================================
Loaded data | train=7825 val=2161 test=2161
Built model: itransformer | params=1,001,936
  epoch 1 batch 50/244 loss=0.860946
  epoch 1 batch 100/244 loss=0.864518
  epoch 1 batch 150/244 loss=0.851944
  epoch 1 batch 200/244 loss=0.852295
Epoch 1 | train_loss=0.848879 val_mse=0.626800 val_mae=0.550074 (3.0s)
  Validation improved to 0.626800; saved checkpoint.
  epoch 2 batch 50/244 loss=0.767116
  epoch 2 batch 100/244 loss=0.787780
  epoch 2 batch 150/244 loss=0.793844
  epoch 2 batch 200/244 loss=0.797704
Epoch 2 | train_loss=0.802354 val_mse=0.626066 val_mae=0.542218 (2.5s)
  Validation improved to 0.626066; saved checkpoint.
  epoch 3 batch 50/244 loss=0.774555
  epoch 3 batch 100/244 loss=0.771802
  epoch 3 batch 150/244 loss=0.765124
  epoch 3 batch 200/244 loss=0.762901
Epoch 3 | train_loss=0.752047 val_mse=0.644778 val_mae=0.547428 (2.4s)
  EarlyStopping: 1/3
  epoch 4 batch 50/244 loss=0.764470
  epoch 4 batch 100/244 loss=0.747799
  epoch 4 batch 150/244 loss=0.727280
  epoch 4 batch 200/244 loss=0.724430
Epoch 4 | train_loss=0.721277 val_mse=0.650624 val_mae=0.549441 (2.4s)
  EarlyStopping: 2/3
  epoch 5 batch 50/244 loss=0.699373
  epoch 5 batch 100/244 loss=0.712621
  epoch 5 batch 150/244 loss=0.717875
  epoch 5 batch 200/244 loss=0.711273
Epoch 5 | train_loss=0.709865 val_mse=0.651356 val_mae=0.549241 (2.4s)
  EarlyStopping: 3/3
Early stopping at epoch 5.

Test | mse=0.448092 mae=0.454826 rmse=0.669397
