============================================================
data:
  name: etth2
  root_path: data/ETT-small
  data_path: ETTh2.csv
  data_kind: ETTh
  features: M
  target: OT
  freq: h
  n_vars: 7
model:
  name: patchtst
  type: transformer
  d_model: 128
  d_ff: 256
  e_layers: 3
  n_heads: 16
  patch_len: 16
  stride: 8
  dropout: 0.2
  fc_dropout: 0.2
  head_dropout: 0.0
  activation: gelu
  revin: 1
  affine: 0
  subtract_last: 0
  decomposition: 0
  kernel_size: 25
  individual: 0
train:
  name: default
  seq_len: 96
  label_len: 48
  pred_len: 96
  batch_size: 32
  num_workers: 4
  train_epochs: 30
  patience: 8
  learning_rate: 0.0001
  loss: mse
  lradj: type3
  weight_decay: 0.0
  gradient_clip: 1.0
  use_amp: true
  gpu_resident_data: false
  matmul_precision: highest
  log_interval: 50
  val_interval: 1
  checkpoint_dir: checkpoints
  use_wandb: false
  wandb_project: vglg-tsf
seed: 2021
device: cuda
project: vglg-tsf
run_name: null
tag: supp_method_b

============================================================
Loaded data | train=8449 val=2785 test=2785
Built model: patchtst | params=547,296
  epoch 1 batch 50/264 loss=0.508041
  epoch 1 batch 100/264 loss=0.486880
  epoch 1 batch 150/264 loss=0.475390
  epoch 1 batch 200/264 loss=0.464768
  epoch 1 batch 250/264 loss=0.458671
Epoch 1 | train_loss=0.461170 val_mse=0.221702 val_mae=0.319200 (8.1s)
  Validation improved to 0.221702; saved checkpoint.
  epoch 2 batch 50/264 loss=0.404278
  epoch 2 batch 100/264 loss=0.433628
  epoch 2 batch 150/264 loss=0.431950
  epoch 2 batch 200/264 loss=0.429474
  epoch 2 batch 250/264 loss=0.432084
Epoch 2 | train_loss=0.428998 val_mse=0.211044 val_mae=0.313588 (7.8s)
  Validation improved to 0.211044; saved checkpoint.
  epoch 3 batch 50/264 loss=0.380210
  epoch 3 batch 100/264 loss=0.410716
  epoch 3 batch 150/264 loss=0.415059
  epoch 3 batch 200/264 loss=0.414554
  epoch 3 batch 250/264 loss=0.418162
Epoch 3 | train_loss=0.422529 val_mse=0.213731 val_mae=0.313308 (7.6s)
  EarlyStopping: 1/8
  epoch 4 batch 50/264 loss=0.438541
  epoch 4 batch 100/264 loss=0.440899
  epoch 4 batch 150/264 loss=0.430414
  epoch 4 batch 200/264 loss=0.420020
  epoch 4 batch 250/264 loss=0.418472
Epoch 4 | train_loss=0.415329 val_mse=0.213704 val_mae=0.312868 (6.9s)
  EarlyStopping: 2/8
  epoch 5 batch 50/264 loss=0.384986
  epoch 5 batch 100/264 loss=0.374514
  epoch 5 batch 150/264 loss=0.383367
  epoch 5 batch 200/264 loss=0.399158
  epoch 5 batch 250/264 loss=0.401538
Epoch 5 | train_loss=0.403348 val_mse=0.220598 val_mae=0.315432 (7.6s)
  EarlyStopping: 3/8
  epoch 6 batch 50/264 loss=0.414242
  epoch 6 batch 100/264 loss=0.406142
  epoch 6 batch 150/264 loss=0.399626
  epoch 6 batch 200/264 loss=0.389080
  epoch 6 batch 250/264 loss=0.385507
Epoch 6 | train_loss=0.393192 val_mse=0.216519 val_mae=0.315146 (7.6s)
  EarlyStopping: 4/8
  epoch 7 batch 50/264 loss=0.356204
  epoch 7 batch 100/264 loss=0.372664
  epoch 7 batch 150/264 loss=0.385010
  epoch 7 batch 200/264 loss=0.381177
  epoch 7 batch 250/264 loss=0.380729
Epoch 7 | train_loss=0.381269 val_mse=0.222298 val_mae=0.319453 (7.6s)
  EarlyStopping: 5/8
  epoch 8 batch 50/264 loss=0.373865
  epoch 8 batch 100/264 loss=0.380340
  epoch 8 batch 150/264 loss=0.374907
  epoch 8 batch 200/264 loss=0.372646
  epoch 8 batch 250/264 loss=0.373498
Epoch 8 | train_loss=0.373670 val_mse=0.227283 val_mae=0.320955 (7.7s)
  EarlyStopping: 6/8
  epoch 9 batch 50/264 loss=0.366786
  epoch 9 batch 100/264 loss=0.366845
  epoch 9 batch 150/264 loss=0.371400
  epoch 9 batch 200/264 loss=0.366899
  epoch 9 batch 250/264 loss=0.369322
Epoch 9 | train_loss=0.367390 val_mse=0.218545 val_mae=0.316831 (7.7s)
  EarlyStopping: 7/8
  epoch 10 batch 50/264 loss=0.352935
  epoch 10 batch 100/264 loss=0.353165
  epoch 10 batch 150/264 loss=0.360955
  epoch 10 batch 200/264 loss=0.354043
  epoch 10 batch 250/264 loss=0.359523
Epoch 10 | train_loss=0.359921 val_mse=0.230542 val_mae=0.323570 (7.4s)
  EarlyStopping: 8/8
Early stopping at epoch 10.

Test | mse=0.298776 mae=0.344147 rmse=0.546604
