============================================================
data:
  name: etth1
  root_path: data/ETT-small
  data_path: ETTh1.csv
  data_kind: ETTh
  features: M
  target: OT
  freq: h
  n_vars: 7
model:
  name: segrnn
  type: rnn
  d_model: 512
  seg_len: 48
  dropout: 0.5
train:
  name: default
  seq_len: 96
  label_len: 48
  pred_len: 96
  batch_size: 32
  num_workers: 4
  train_epochs: 30
  patience: 8
  learning_rate: 0.001
  loss: mse
  lradj: type3
  weight_decay: 0.0
  gradient_clip: 1.0
  use_amp: true
  gpu_resident_data: false
  matmul_precision: highest
  log_interval: 50
  val_interval: 1
  checkpoint_dir: checkpoints
  use_wandb: false
  wandb_project: vglg-tsf
seed: 2021
device: cuda
project: vglg-tsf
run_name: null
tag: supp_method_b

============================================================
Loaded data | train=8449 val=2785 test=2785
Built model: segrnn | params=1,627,952
  epoch 1 batch 50/264 loss=0.452359
  epoch 1 batch 100/264 loss=0.417746
  epoch 1 batch 150/264 loss=0.400470
  epoch 1 batch 200/264 loss=0.390519
  epoch 1 batch 250/264 loss=0.386033
Epoch 1 | train_loss=0.384621 val_mse=0.667512 val_mae=0.544429 (3.6s)
  Validation improved to 0.667512; saved checkpoint.
  epoch 2 batch 50/264 loss=0.364365
  epoch 2 batch 100/264 loss=0.357266
  epoch 2 batch 150/264 loss=0.357098
  epoch 2 batch 200/264 loss=0.354078
  epoch 2 batch 250/264 loss=0.351771
Epoch 2 | train_loss=0.351221 val_mse=0.671234 val_mae=0.547255 (3.8s)
  EarlyStopping: 1/8
  epoch 3 batch 50/264 loss=0.344194
  epoch 3 batch 100/264 loss=0.341417
  epoch 3 batch 150/264 loss=0.340539
  epoch 3 batch 200/264 loss=0.341023
  epoch 3 batch 250/264 loss=0.342140
Epoch 3 | train_loss=0.341967 val_mse=0.674033 val_mae=0.545636 (3.4s)
  EarlyStopping: 2/8
  epoch 4 batch 50/264 loss=0.337235
  epoch 4 batch 100/264 loss=0.336884
  epoch 4 batch 150/264 loss=0.335624
  epoch 4 batch 200/264 loss=0.337347
  epoch 4 batch 250/264 loss=0.336726
Epoch 4 | train_loss=0.335806 val_mse=0.673706 val_mae=0.547687 (5.8s)
  EarlyStopping: 3/8
  epoch 5 batch 50/264 loss=0.329468
  epoch 5 batch 100/264 loss=0.332852
  epoch 5 batch 150/264 loss=0.331308
  epoch 5 batch 200/264 loss=0.330867
  epoch 5 batch 250/264 loss=0.330136
Epoch 5 | train_loss=0.329723 val_mse=0.667835 val_mae=0.544049 (3.5s)
  EarlyStopping: 4/8
  epoch 6 batch 50/264 loss=0.328702
  epoch 6 batch 100/264 loss=0.325712
  epoch 6 batch 150/264 loss=0.323495
  epoch 6 batch 200/264 loss=0.322742
  epoch 6 batch 250/264 loss=0.323816
Epoch 6 | train_loss=0.324057 val_mse=0.694543 val_mae=0.554382 (3.5s)
  EarlyStopping: 5/8
  epoch 7 batch 50/264 loss=0.310146
  epoch 7 batch 100/264 loss=0.314132
  epoch 7 batch 150/264 loss=0.316065
  epoch 7 batch 200/264 loss=0.317057
  epoch 7 batch 250/264 loss=0.318967
Epoch 7 | train_loss=0.318848 val_mse=0.687449 val_mae=0.552942 (3.5s)
  EarlyStopping: 6/8
  epoch 8 batch 50/264 loss=0.314923
  epoch 8 batch 100/264 loss=0.315207
  epoch 8 batch 150/264 loss=0.315233
  epoch 8 batch 200/264 loss=0.314879
  epoch 8 batch 250/264 loss=0.314096
Epoch 8 | train_loss=0.314361 val_mse=0.695720 val_mae=0.554475 (3.0s)
  EarlyStopping: 7/8
  epoch 9 batch 50/264 loss=0.307312
  epoch 9 batch 100/264 loss=0.306839
  epoch 9 batch 150/264 loss=0.304945
  epoch 9 batch 200/264 loss=0.308462
  epoch 9 batch 250/264 loss=0.308390
Epoch 9 | train_loss=0.308595 val_mse=0.693020 val_mae=0.557094 (3.4s)
  EarlyStopping: 8/8
Early stopping at epoch 9.

Test | mse=0.381502 mae=0.406424 rmse=0.617659
