============================================================
data:
  name: etth1
  root_path: data/ETT-small
  data_path: ETTh1.csv
  data_kind: ETTh
  features: M
  target: OT
  freq: h
  n_vars: 7
model:
  name: itransformer
  type: transformer
  d_model: 256
  d_ff: 256
  e_layers: 2
  n_heads: 8
  factor: 1
  dropout: 0.1
  activation: gelu
  use_norm: 1
  output_attention: false
train:
  name: default
  seq_len: 96
  label_len: 48
  pred_len: 336
  batch_size: 32
  num_workers: 4
  train_epochs: 10
  patience: 3
  learning_rate: 0.0005
  loss: mse
  lradj: type1
  weight_decay: 0.0
  gradient_clip: 1.0
  use_amp: true
  gpu_resident_data: false
  matmul_precision: highest
  log_interval: 50
  val_interval: 1
  checkpoint_dir: checkpoints
  use_wandb: false
  wandb_project: vglg-tsf
seed: 2021
device: cuda
project: vglg-tsf
run_name: null
tag: supp_method_b

============================================================
Loaded data | train=8209 val=2545 test=2545
Built model: itransformer | params=903,248
  epoch 1 batch 50/256 loss=0.562117
  epoch 1 batch 100/256 loss=0.535380
  epoch 1 batch 150/256 loss=0.521361
  epoch 1 batch 200/256 loss=0.513859
  epoch 1 batch 250/256 loss=0.504244
Epoch 1 | train_loss=0.503969 val_mse=1.293810 val_mae=0.766615 (2.9s)
  Validation improved to 1.293810; saved checkpoint.
  epoch 2 batch 50/256 loss=0.459750
  epoch 2 batch 100/256 loss=0.461811
  epoch 2 batch 150/256 loss=0.459947
  epoch 2 batch 200/256 loss=0.460736
  epoch 2 batch 250/256 loss=0.457904
Epoch 2 | train_loss=0.458017 val_mse=1.330510 val_mae=0.781998 (2.5s)
  EarlyStopping: 1/3
  epoch 3 batch 50/256 loss=0.426026
  epoch 3 batch 100/256 loss=0.426704
  epoch 3 batch 150/256 loss=0.429254
  epoch 3 batch 200/256 loss=0.429543
  epoch 3 batch 250/256 loss=0.427150
Epoch 3 | train_loss=0.427390 val_mse=1.321435 val_mae=0.779503 (2.5s)
  EarlyStopping: 2/3
  epoch 4 batch 50/256 loss=0.404812
  epoch 4 batch 100/256 loss=0.405899
  epoch 4 batch 150/256 loss=0.407916
  epoch 4 batch 200/256 loss=0.410349
  epoch 4 batch 250/256 loss=0.409764
Epoch 4 | train_loss=0.409755 val_mse=1.334052 val_mae=0.784737 (2.4s)
  EarlyStopping: 3/3
Early stopping at epoch 4.

Test | mse=0.486898 mae=0.461518 rmse=0.697781
