============================================================
data:
  name: ettm2
  root_path: data/ETT-small
  data_path: ETTm2.csv
  data_kind: ETTm
  features: M
  target: OT
  freq: t
  n_vars: 7
model:
  name: patchtst
  type: transformer
  d_model: 128
  d_ff: 256
  e_layers: 3
  n_heads: 16
  patch_len: 16
  stride: 8
  dropout: 0.2
  fc_dropout: 0.2
  head_dropout: 0.0
  activation: gelu
  revin: 1
  affine: 0
  subtract_last: 0
  decomposition: 0
  kernel_size: 25
  individual: 0
train:
  name: default
  seq_len: 96
  label_len: 48
  pred_len: 720
  batch_size: 32
  num_workers: 4
  train_epochs: 30
  patience: 8
  learning_rate: 0.0001
  loss: mse
  lradj: type3
  weight_decay: 0.0
  gradient_clip: 1.0
  use_amp: true
  gpu_resident_data: false
  matmul_precision: highest
  log_interval: 50
  val_interval: 1
  checkpoint_dir: checkpoints
  use_wandb: false
  wandb_project: vglg-tsf
seed: 2021
device: cuda
project: vglg-tsf
run_name: null
tag: supp_method_b

============================================================
Loaded data | train=33745 val=10801 test=10801
Built model: patchtst | params=1,506,384
  epoch 1 batch 50/1054 loss=0.606691
  epoch 1 batch 100/1054 loss=0.617538
  epoch 1 batch 150/1054 loss=0.624843
  epoch 1 batch 200/1054 loss=0.608607
  epoch 1 batch 250/1054 loss=0.601896
  epoch 1 batch 300/1054 loss=0.601847
  epoch 1 batch 350/1054 loss=0.607739
  epoch 1 batch 400/1054 loss=0.601913
  epoch 1 batch 450/1054 loss=0.603374
  epoch 1 batch 500/1054 loss=0.604241
  epoch 1 batch 550/1054 loss=0.600971
  epoch 1 batch 600/1054 loss=0.599061
  epoch 1 batch 650/1054 loss=0.595979
  epoch 1 batch 700/1054 loss=0.593743
  epoch 1 batch 750/1054 loss=0.592949
  epoch 1 batch 800/1054 loss=0.590049
  epoch 1 batch 850/1054 loss=0.591992
  epoch 1 batch 900/1054 loss=0.588179
  epoch 1 batch 950/1054 loss=0.589298
  epoch 1 batch 1000/1054 loss=0.587646
  epoch 1 batch 1050/1054 loss=0.589200
Epoch 1 | train_loss=0.588887 val_mse=0.292659 val_mae=0.368724 (31.1s)
  Validation improved to 0.292659; saved checkpoint.
  epoch 2 batch 50/1054 loss=0.601513
  epoch 2 batch 100/1054 loss=0.590839
  epoch 2 batch 150/1054 loss=0.600981
  epoch 2 batch 200/1054 loss=0.610033
  epoch 2 batch 250/1054 loss=0.598970
  epoch 2 batch 300/1054 loss=0.595213
  epoch 2 batch 350/1054 loss=0.593586
  epoch 2 batch 400/1054 loss=0.586890
  epoch 2 batch 450/1054 loss=0.592501
  epoch 2 batch 500/1054 loss=0.588686
  epoch 2 batch 550/1054 loss=0.583350
  epoch 2 batch 600/1054 loss=0.580988
  epoch 2 batch 650/1054 loss=0.580698
  epoch 2 batch 700/1054 loss=0.579460
  epoch 2 batch 750/1054 loss=0.579674
  epoch 2 batch 800/1054 loss=0.581619
  epoch 2 batch 850/1054 loss=0.580076
  epoch 2 batch 900/1054 loss=0.577905
  epoch 2 batch 950/1054 loss=0.577983
  epoch 2 batch 1000/1054 loss=0.577316
  epoch 2 batch 1050/1054 loss=0.575399
Epoch 2 | train_loss=0.575519 val_mse=0.290252 val_mae=0.366638 (26.8s)
  Validation improved to 0.290252; saved checkpoint.
  epoch 3 batch 50/1054 loss=0.579945
  epoch 3 batch 100/1054 loss=0.584897
  epoch 3 batch 150/1054 loss=0.573172
  epoch 3 batch 200/1054 loss=0.566806
  epoch 3 batch 250/1054 loss=0.574059
  epoch 3 batch 300/1054 loss=0.571508
  epoch 3 batch 350/1054 loss=0.567331
  epoch 3 batch 400/1054 loss=0.571119
  epoch 3 batch 450/1054 loss=0.576900
  epoch 3 batch 500/1054 loss=0.572560
  epoch 3 batch 550/1054 loss=0.574421
  epoch 3 batch 600/1054 loss=0.569704
  epoch 3 batch 650/1054 loss=0.570009
  epoch 3 batch 700/1054 loss=0.567666
  epoch 3 batch 750/1054 loss=0.567547
  epoch 3 batch 800/1054 loss=0.569591
  epoch 3 batch 850/1054 loss=0.567846
  epoch 3 batch 900/1054 loss=0.566627
  epoch 3 batch 950/1054 loss=0.568498
  epoch 3 batch 1000/1054 loss=0.568174
  epoch 3 batch 1050/1054 loss=0.568514
Epoch 3 | train_loss=0.569012 val_mse=0.285779 val_mae=0.364386 (28.3s)
  Validation improved to 0.285779; saved checkpoint.
  epoch 4 batch 50/1054 loss=0.559520
  epoch 4 batch 100/1054 loss=0.581549
  epoch 4 batch 150/1054 loss=0.584631
  epoch 4 batch 200/1054 loss=0.575572
  epoch 4 batch 250/1054 loss=0.571801
  epoch 4 batch 300/1054 loss=0.570596
  epoch 4 batch 350/1054 loss=0.574426
  epoch 4 batch 400/1054 loss=0.569167
  epoch 4 batch 450/1054 loss=0.570585
  epoch 4 batch 500/1054 loss=0.570670
  epoch 4 batch 550/1054 loss=0.576066
  epoch 4 batch 600/1054 loss=0.574235
  epoch 4 batch 650/1054 loss=0.577017
  epoch 4 batch 700/1054 loss=0.572403
  epoch 4 batch 750/1054 loss=0.570367
  epoch 4 batch 800/1054 loss=0.568718
  epoch 4 batch 850/1054 loss=0.568831
  epoch 4 batch 900/1054 loss=0.566698
  epoch 4 batch 950/1054 loss=0.566395
  epoch 4 batch 1000/1054 loss=0.564693
  epoch 4 batch 1050/1054 loss=0.562932
Epoch 4 | train_loss=0.562816 val_mse=0.288686 val_mae=0.367665 (28.2s)
  EarlyStopping: 1/8
  epoch 5 batch 50/1054 loss=0.582393
  epoch 5 batch 100/1054 loss=0.587256
  epoch 5 batch 150/1054 loss=0.573281
  epoch 5 batch 200/1054 loss=0.577691
  epoch 5 batch 250/1054 loss=0.571560
  epoch 5 batch 300/1054 loss=0.566459
  epoch 5 batch 350/1054 loss=0.562820
  epoch 5 batch 400/1054 loss=0.555562
  epoch 5 batch 450/1054 loss=0.554233
  epoch 5 batch 500/1054 loss=0.552921
  epoch 5 batch 550/1054 loss=0.548945
  epoch 5 batch 600/1054 loss=0.552168
  epoch 5 batch 650/1054 loss=0.552178
  epoch 5 batch 700/1054 loss=0.556405
  epoch 5 batch 750/1054 loss=0.552128
  epoch 5 batch 800/1054 loss=0.554772
  epoch 5 batch 850/1054 loss=0.557852
  epoch 5 batch 900/1054 loss=0.556450
  epoch 5 batch 950/1054 loss=0.555554
  epoch 5 batch 1000/1054 loss=0.556225
  epoch 5 batch 1050/1054 loss=0.556033
Epoch 5 | train_loss=0.556174 val_mse=0.296298 val_mae=0.376231 (31.2s)
  EarlyStopping: 2/8
  epoch 6 batch 50/1054 loss=0.575617
  epoch 6 batch 100/1054 loss=0.562470
  epoch 6 batch 150/1054 loss=0.560315
  epoch 6 batch 200/1054 loss=0.565579
  epoch 6 batch 250/1054 loss=0.561138
  epoch 6 batch 300/1054 loss=0.556695
  epoch 6 batch 350/1054 loss=0.551073
  epoch 6 batch 400/1054 loss=0.548500
  epoch 6 batch 450/1054 loss=0.551108
  epoch 6 batch 500/1054 loss=0.556381
  epoch 6 batch 550/1054 loss=0.551900
  epoch 6 batch 600/1054 loss=0.550475
  epoch 6 batch 650/1054 loss=0.551243
  epoch 6 batch 700/1054 loss=0.552655
  epoch 6 batch 750/1054 loss=0.552670
  epoch 6 batch 800/1054 loss=0.551721
  epoch 6 batch 850/1054 loss=0.550199
  epoch 6 batch 900/1054 loss=0.551843
  epoch 6 batch 950/1054 loss=0.552727
  epoch 6 batch 1000/1054 loss=0.550559
  epoch 6 batch 1050/1054 loss=0.548803
Epoch 6 | train_loss=0.549307 val_mse=0.296769 val_mae=0.372142 (30.5s)
  EarlyStopping: 3/8
  epoch 7 batch 50/1054 loss=0.554363
  epoch 7 batch 100/1054 loss=0.540298
  epoch 7 batch 150/1054 loss=0.541739
  epoch 7 batch 200/1054 loss=0.543440
  epoch 7 batch 250/1054 loss=0.550274
  epoch 7 batch 300/1054 loss=0.559195
  epoch 7 batch 350/1054 loss=0.555736
  epoch 7 batch 400/1054 loss=0.546105
  epoch 7 batch 450/1054 loss=0.542320
  epoch 7 batch 500/1054 loss=0.538816
  epoch 7 batch 550/1054 loss=0.539119
  epoch 7 batch 600/1054 loss=0.538913
  epoch 7 batch 650/1054 loss=0.541092
  epoch 7 batch 700/1054 loss=0.540066
  epoch 7 batch 750/1054 loss=0.546255
  epoch 7 batch 800/1054 loss=0.545363
  epoch 7 batch 850/1054 loss=0.545628
  epoch 7 batch 900/1054 loss=0.546218
  epoch 7 batch 950/1054 loss=0.544733
  epoch 7 batch 1000/1054 loss=0.543687
  epoch 7 batch 1050/1054 loss=0.541897
Epoch 7 | train_loss=0.541519 val_mse=0.301843 val_mae=0.375108 (31.5s)
  EarlyStopping: 4/8
  epoch 8 batch 50/1054 loss=0.578182
  epoch 8 batch 100/1054 loss=0.559036
  epoch 8 batch 150/1054 loss=0.552245
  epoch 8 batch 200/1054 loss=0.542319
  epoch 8 batch 250/1054 loss=0.542724
  epoch 8 batch 300/1054 loss=0.544667
  epoch 8 batch 350/1054 loss=0.544629
  epoch 8 batch 400/1054 loss=0.545828
  epoch 8 batch 450/1054 loss=0.541379
  epoch 8 batch 500/1054 loss=0.541625
  epoch 8 batch 550/1054 loss=0.535015
  epoch 8 batch 600/1054 loss=0.536733
  epoch 8 batch 650/1054 loss=0.534886
  epoch 8 batch 700/1054 loss=0.536230
  epoch 8 batch 750/1054 loss=0.536115
  epoch 8 batch 800/1054 loss=0.534450
  epoch 8 batch 850/1054 loss=0.533302
  epoch 8 batch 900/1054 loss=0.531977
  epoch 8 batch 950/1054 loss=0.533808
  epoch 8 batch 1000/1054 loss=0.535089
  epoch 8 batch 1050/1054 loss=0.536120
Epoch 8 | train_loss=0.536227 val_mse=0.288266 val_mae=0.367017 (30.7s)
  EarlyStopping: 5/8
  epoch 9 batch 50/1054 loss=0.546758
  epoch 9 batch 100/1054 loss=0.523448
  epoch 9 batch 150/1054 loss=0.519787
  epoch 9 batch 200/1054 loss=0.532004
  epoch 9 batch 250/1054 loss=0.533311
  epoch 9 batch 300/1054 loss=0.532840
  epoch 9 batch 350/1054 loss=0.527397
  epoch 9 batch 400/1054 loss=0.533049
  epoch 9 batch 450/1054 loss=0.531290
  epoch 9 batch 500/1054 loss=0.532897
  epoch 9 batch 550/1054 loss=0.531664
  epoch 9 batch 600/1054 loss=0.530077
  epoch 9 batch 650/1054 loss=0.527392
  epoch 9 batch 700/1054 loss=0.525203
  epoch 9 batch 750/1054 loss=0.528700
  epoch 9 batch 800/1054 loss=0.529033
  epoch 9 batch 850/1054 loss=0.529472
  epoch 9 batch 900/1054 loss=0.530203
  epoch 9 batch 950/1054 loss=0.530705
  epoch 9 batch 1000/1054 loss=0.529491
  epoch 9 batch 1050/1054 loss=0.530787
Epoch 9 | train_loss=0.531052 val_mse=0.292091 val_mae=0.369475 (28.6s)
  EarlyStopping: 6/8
  epoch 10 batch 50/1054 loss=0.477259
  epoch 10 batch 100/1054 loss=0.505748
  epoch 10 batch 150/1054 loss=0.497781
  epoch 10 batch 200/1054 loss=0.503162
  epoch 10 batch 250/1054 loss=0.513875
  epoch 10 batch 300/1054 loss=0.511182
  epoch 10 batch 350/1054 loss=0.515920
  epoch 10 batch 400/1054 loss=0.513501
  epoch 10 batch 450/1054 loss=0.509175
  epoch 10 batch 500/1054 loss=0.513818
  epoch 10 batch 550/1054 loss=0.513862
  epoch 10 batch 600/1054 loss=0.515839
  epoch 10 batch 650/1054 loss=0.518083
  epoch 10 batch 700/1054 loss=0.517509
  epoch 10 batch 750/1054 loss=0.521221
  epoch 10 batch 800/1054 loss=0.521599
  epoch 10 batch 850/1054 loss=0.521790
  epoch 10 batch 900/1054 loss=0.522193
  epoch 10 batch 950/1054 loss=0.523093
  epoch 10 batch 1000/1054 loss=0.523108
  epoch 10 batch 1050/1054 loss=0.524496
Epoch 10 | train_loss=0.524727 val_mse=0.300095 val_mae=0.374124 (30.1s)
  EarlyStopping: 7/8
  epoch 11 batch 50/1054 loss=0.527957
  epoch 11 batch 100/1054 loss=0.533221
  epoch 11 batch 150/1054 loss=0.534836
  epoch 11 batch 200/1054 loss=0.540376
  epoch 11 batch 250/1054 loss=0.535212
  epoch 11 batch 300/1054 loss=0.532265
  epoch 11 batch 350/1054 loss=0.533931
  epoch 11 batch 400/1054 loss=0.535271
  epoch 11 batch 450/1054 loss=0.529982
  epoch 11 batch 500/1054 loss=0.527636
  epoch 11 batch 550/1054 loss=0.525729
  epoch 11 batch 600/1054 loss=0.525697
  epoch 11 batch 650/1054 loss=0.529248
  epoch 11 batch 700/1054 loss=0.526834
  epoch 11 batch 750/1054 loss=0.526502
  epoch 11 batch 800/1054 loss=0.523311
  epoch 11 batch 850/1054 loss=0.522773
  epoch 11 batch 900/1054 loss=0.519684
  epoch 11 batch 950/1054 loss=0.520725
  epoch 11 batch 1000/1054 loss=0.521455
  epoch 11 batch 1050/1054 loss=0.520335
Epoch 11 | train_loss=0.520008 val_mse=0.298967 val_mae=0.373469 (29.2s)
  EarlyStopping: 8/8
Early stopping at epoch 11.

Test | mse=0.398931 mae=0.396968 rmse=0.631610
