[2026-05-22 18:54:40] BEGIN method-b PART 2 on GPU 0 | only=<all>
[2026-05-22 18:54:40] START etth1_lstm_h96_s2021 (ep=10 pat=3 lr=0.001 lradj=type1)
[2026-05-22 18:55:03] OK    etth1_lstm_h96_s2021 (23s) mse=0.396145
[2026-05-22 18:55:03] START etth1_lstm_h192_s2021 (ep=10 pat=3 lr=0.001 lradj=type1)
[2026-05-22 18:55:22] OK    etth1_lstm_h192_s2021 (19s) mse=0.447536
[2026-05-22 18:55:22] START etth1_lstm_h336_s2021 (ep=10 pat=3 lr=0.001 lradj=type1)
[2026-05-22 18:55:38] OK    etth1_lstm_h336_s2021 (16s) mse=0.482336
[2026-05-22 18:55:38] START etth1_lstm_h720_s2021 (ep=10 pat=3 lr=0.001 lradj=type1)
[2026-05-22 18:55:52] OK    etth1_lstm_h720_s2021 (14s) mse=0.492610
[2026-05-22 18:55:52] START etth2_lstm_h96_s2021 (ep=10 pat=3 lr=0.001 lradj=type1)
[2026-05-22 18:56:10] OK    etth2_lstm_h96_s2021 (18s) mse=0.293050
[2026-05-22 18:56:10] START etth2_lstm_h192_s2021 (ep=10 pat=3 lr=0.001 lradj=type1)
[2026-05-22 18:56:26] OK    etth2_lstm_h192_s2021 (16s) mse=0.377787
[2026-05-22 18:56:26] START etth2_lstm_h336_s2021 (ep=10 pat=3 lr=0.001 lradj=type1)
[2026-05-22 18:56:42] OK    etth2_lstm_h336_s2021 (16s) mse=0.427850
[2026-05-22 18:56:42] START etth2_lstm_h720_s2021 (ep=10 pat=3 lr=0.001 lradj=type1)
[2026-05-22 18:57:00] OK    etth2_lstm_h720_s2021 (18s) mse=0.449842
[2026-05-22 18:57:00] START ettm1_lstm_h96_s2021 (ep=10 pat=3 lr=0.001 lradj=type1)
[2026-05-22 18:57:39] OK    ettm1_lstm_h96_s2021 (39s) mse=0.347069
[2026-05-22 18:57:39] START ettm1_lstm_h192_s2021 (ep=10 pat=3 lr=0.001 lradj=type1)
[2026-05-22 18:58:18] OK    ettm1_lstm_h192_s2021 (39s) mse=0.385860
[2026-05-22 18:58:18] START ettm1_lstm_h336_s2021 (ep=10 pat=3 lr=0.001 lradj=type1)
[2026-05-22 18:59:08] OK    ettm1_lstm_h336_s2021 (50s) mse=0.418462
[2026-05-22 18:59:08] START ettm1_lstm_h720_s2021 (ep=10 pat=3 lr=0.001 lradj=type1)
[2026-05-22 19:00:09] OK    ettm1_lstm_h720_s2021 (61s) mse=0.478564
[2026-05-22 19:00:09] START ettm2_lstm_h96_s2021 (ep=10 pat=3 lr=0.001 lradj=type1)
[2026-05-22 19:01:01] OK    ettm2_lstm_h96_s2021 (52s) mse=0.179383
[2026-05-22 19:01:01] START ettm2_lstm_h192_s2021 (ep=10 pat=3 lr=0.001 lradj=type1)
[2026-05-22 19:01:59] OK    ettm2_lstm_h192_s2021 (58s) mse=0.245381
[2026-05-22 19:01:59] START ettm2_lstm_h336_s2021 (ep=10 pat=3 lr=0.001 lradj=type1)
[2026-05-22 19:02:59] OK    ettm2_lstm_h336_s2021 (60s) mse=0.305142
[2026-05-22 19:02:59] START ettm2_lstm_h720_s2021 (ep=10 pat=3 lr=0.001 lradj=type1)
[2026-05-22 19:03:48] OK    ettm2_lstm_h720_s2021 (49s) mse=0.402851
[2026-05-22 19:03:48] START weather_lstm_h96_s2021 (ep=10 pat=3 lr=0.001 lradj=type1)
[2026-05-22 19:05:12] OK    weather_lstm_h96_s2021 (84s) mse=0.165361
[2026-05-22 19:05:12] START weather_lstm_h192_s2021 (ep=10 pat=3 lr=0.001 lradj=type1)
[2026-05-22 19:06:24] OK    weather_lstm_h192_s2021 (72s) mse=0.212181
[2026-05-22 19:06:24] START weather_lstm_h336_s2021 (ep=10 pat=3 lr=0.001 lradj=type1)
[2026-05-22 19:07:48] OK    weather_lstm_h336_s2021 (84s) mse=0.268165
[2026-05-22 19:07:48] START weather_lstm_h720_s2021 (ep=10 pat=3 lr=0.001 lradj=type1)
[2026-05-22 19:09:29] OK    weather_lstm_h720_s2021 (101s) mse=0.345322
[2026-05-22 19:09:29] START electricity_lstm_h96_s2021 (ep=10 pat=3 lr=0.001 lradj=type1)
[2026-05-22 19:14:27] OK    electricity_lstm_h96_s2021 (298s) mse=0.209368
[2026-05-22 19:14:27] START electricity_lstm_h192_s2021 (ep=10 pat=3 lr=0.001 lradj=type1)
[2026-05-22 19:19:44] OK    electricity_lstm_h192_s2021 (317s) mse=0.212469
[2026-05-22 19:19:44] START electricity_lstm_h336_s2021 (ep=10 pat=3 lr=0.001 lradj=type1)
[2026-05-22 19:26:00] OK    electricity_lstm_h336_s2021 (376s) mse=0.228069
[2026-05-22 19:26:00] START electricity_lstm_h720_s2021 (ep=10 pat=3 lr=0.001 lradj=type1)
[2026-05-22 19:35:48] OK    electricity_lstm_h720_s2021 (588s) mse=0.279217
[2026-05-22 19:35:48] START traffic_lstm_h96_s2021 (ep=10 pat=3 lr=0.001 lradj=type1)
[2026-05-22 19:35:56] FAIL  traffic_lstm_h96_s2021 rc=1 (8s) — see logs/supp_method_b/traffic_lstm_h96_s2021.log
[2026-05-22 19:35:56] START traffic_lstm_h192_s2021 (ep=10 pat=3 lr=0.001 lradj=type1)
[2026-05-22 19:36:04] FAIL  traffic_lstm_h192_s2021 rc=1 (8s) — see logs/supp_method_b/traffic_lstm_h192_s2021.log
[2026-05-22 19:36:04] START traffic_lstm_h336_s2021 (ep=10 pat=3 lr=0.001 lradj=type1)
[2026-05-22 19:36:13] FAIL  traffic_lstm_h336_s2021 rc=1 (9s) — see logs/supp_method_b/traffic_lstm_h336_s2021.log
[2026-05-22 19:36:13] START traffic_lstm_h720_s2021 (ep=10 pat=3 lr=0.001 lradj=type1)
[2026-05-22 19:36:21] FAIL  traffic_lstm_h720_s2021 rc=1 (8s) — see logs/supp_method_b/traffic_lstm_h720_s2021.log
[2026-05-22 19:36:21] START etth1_gru_h96_s2021 (ep=10 pat=3 lr=0.001 lradj=type1)
[2026-05-22 19:36:43] OK    etth1_gru_h96_s2021 (22s) mse=0.389932
[2026-05-22 19:36:43] START etth1_gru_h192_s2021 (ep=10 pat=3 lr=0.001 lradj=type1)
[2026-05-22 19:37:00] OK    etth1_gru_h192_s2021 (17s) mse=0.433896
[2026-05-22 19:37:00] START etth1_gru_h336_s2021 (ep=10 pat=3 lr=0.001 lradj=type1)
[2026-05-22 19:37:15] OK    etth1_gru_h336_s2021 (15s) mse=0.504449
[2026-05-22 19:37:15] START etth1_gru_h720_s2021 (ep=10 pat=3 lr=0.001 lradj=type1)
[2026-05-22 19:37:29] OK    etth1_gru_h720_s2021 (14s) mse=0.517509
[2026-05-22 19:37:29] START etth2_gru_h96_s2021 (ep=10 pat=3 lr=0.001 lradj=type1)
[2026-05-22 19:37:50] OK    etth2_gru_h96_s2021 (21s) mse=0.286815
[2026-05-22 19:37:50] START etth2_gru_h192_s2021 (ep=10 pat=3 lr=0.001 lradj=type1)
[2026-05-22 19:38:06] OK    etth2_gru_h192_s2021 (16s) mse=0.375965
[2026-05-22 19:38:06] START etth2_gru_h336_s2021 (ep=10 pat=3 lr=0.001 lradj=type1)
[2026-05-22 19:38:24] OK    etth2_gru_h336_s2021 (18s) mse=0.420921
[2026-05-22 19:38:24] START etth2_gru_h720_s2021 (ep=10 pat=3 lr=0.001 lradj=type1)
[2026-05-22 19:38:37] OK    etth2_gru_h720_s2021 (13s) mse=0.455566
[2026-05-22 19:38:37] START ettm1_gru_h96_s2021 (ep=10 pat=3 lr=0.001 lradj=type1)
[2026-05-22 19:39:22] OK    ettm1_gru_h96_s2021 (45s) mse=0.337445
[2026-05-22 19:39:22] START ettm1_gru_h192_s2021 (ep=10 pat=3 lr=0.001 lradj=type1)
[2026-05-22 19:40:02] OK    ettm1_gru_h192_s2021 (40s) mse=0.386556
[2026-05-22 19:40:02] START ettm1_gru_h336_s2021 (ep=10 pat=3 lr=0.001 lradj=type1)
[2026-05-22 19:40:49] OK    ettm1_gru_h336_s2021 (47s) mse=0.408745
[2026-05-22 19:40:49] START ettm1_gru_h720_s2021 (ep=10 pat=3 lr=0.001 lradj=type1)
[2026-05-22 19:41:42] OK    ettm1_gru_h720_s2021 (53s) mse=0.477840
[2026-05-22 19:41:42] START ettm2_gru_h96_s2021 (ep=10 pat=3 lr=0.001 lradj=type1)
[2026-05-22 19:42:25] OK    ettm2_gru_h96_s2021 (43s) mse=0.177794
[2026-05-22 19:42:25] START ettm2_gru_h192_s2021 (ep=10 pat=3 lr=0.001 lradj=type1)
[2026-05-22 19:43:02] OK    ettm2_gru_h192_s2021 (37s) mse=0.251887
[2026-05-22 19:43:02] START ettm2_gru_h336_s2021 (ep=10 pat=3 lr=0.001 lradj=type1)
[2026-05-22 19:43:44] OK    ettm2_gru_h336_s2021 (42s) mse=0.307320
[2026-05-22 19:43:44] START ettm2_gru_h720_s2021 (ep=10 pat=3 lr=0.001 lradj=type1)
[2026-05-22 19:44:27] OK    ettm2_gru_h720_s2021 (43s) mse=0.410221
[2026-05-22 19:44:27] START weather_gru_h96_s2021 (ep=10 pat=3 lr=0.001 lradj=type1)
[2026-05-22 19:45:41] OK    weather_gru_h96_s2021 (74s) mse=0.164357
[2026-05-22 19:45:41] START weather_gru_h192_s2021 (ep=10 pat=3 lr=0.001 lradj=type1)
[2026-05-22 19:47:11] OK    weather_gru_h192_s2021 (90s) mse=0.210543
[2026-05-22 19:47:11] START weather_gru_h336_s2021 (ep=10 pat=3 lr=0.001 lradj=type1)
[2026-05-22 19:48:58] OK    weather_gru_h336_s2021 (106s) mse=0.268432
[2026-05-22 19:48:58] START weather_gru_h720_s2021 (ep=10 pat=3 lr=0.001 lradj=type1)
[2026-05-22 19:49:57] OK    weather_gru_h720_s2021 (59s) mse=0.347328
[2026-05-22 19:49:57] START electricity_gru_h96_s2021 (ep=10 pat=3 lr=0.001 lradj=type1)
[2026-05-22 19:56:24] OK    electricity_gru_h96_s2021 (387s) mse=0.207464
[2026-05-22 19:56:24] START electricity_gru_h192_s2021 (ep=10 pat=3 lr=0.001 lradj=type1)
[2026-05-22 20:03:24] OK    electricity_gru_h192_s2021 (420s) mse=0.213784
[2026-05-22 20:03:24] START electricity_gru_h336_s2021 (ep=10 pat=3 lr=0.001 lradj=type1)
[2026-05-22 20:08:37] OK    electricity_gru_h336_s2021 (313s) mse=0.232745
[2026-05-22 20:08:37] START electricity_gru_h720_s2021 (ep=10 pat=3 lr=0.001 lradj=type1)
[2026-05-22 20:14:50] OK    electricity_gru_h720_s2021 (373s) mse=0.275562
[2026-05-22 20:14:50] START traffic_gru_h96_s2021 (ep=10 pat=3 lr=0.001 lradj=type1)
[2026-05-22 20:14:58] FAIL  traffic_gru_h96_s2021 rc=1 (8s) — see logs/supp_method_b/traffic_gru_h96_s2021.log
[2026-05-22 20:14:58] START traffic_gru_h192_s2021 (ep=10 pat=3 lr=0.001 lradj=type1)
[2026-05-22 20:15:06] FAIL  traffic_gru_h192_s2021 rc=1 (8s) — see logs/supp_method_b/traffic_gru_h192_s2021.log
[2026-05-22 20:15:06] START traffic_gru_h336_s2021 (ep=10 pat=3 lr=0.001 lradj=type1)
[2026-05-22 20:15:14] FAIL  traffic_gru_h336_s2021 rc=1 (8s) — see logs/supp_method_b/traffic_gru_h336_s2021.log
[2026-05-22 20:15:14] START traffic_gru_h720_s2021 (ep=10 pat=3 lr=0.001 lradj=type1)
[2026-05-22 20:15:23] FAIL  traffic_gru_h720_s2021 rc=1 (9s) — see logs/supp_method_b/traffic_gru_h720_s2021.log
[2026-05-22 20:15:23] START etth1_itransformer_h96_s2021 (ep=10 pat=3 lr=0.0005 lradj=type1)
[2026-05-22 20:15:42] OK    etth1_itransformer_h96_s2021 (19s) mse=0.393880
[2026-05-22 20:15:42] START etth1_itransformer_h192_s2021 (ep=10 pat=3 lr=0.0005 lradj=type1)
[2026-05-22 20:15:56] OK    etth1_itransformer_h192_s2021 (14s) mse=0.441989
[2026-05-22 20:15:56] START etth1_itransformer_h336_s2021 (ep=10 pat=3 lr=0.0005 lradj=type1)
[2026-05-22 20:16:11] OK    etth1_itransformer_h336_s2021 (15s) mse=0.486898
[2026-05-22 20:16:11] START etth1_itransformer_h720_s2021 (ep=10 pat=3 lr=0.0005 lradj=type1)
[2026-05-22 20:16:25] OK    etth1_itransformer_h720_s2021 (14s) mse=0.487856
[2026-05-22 20:16:25] START etth2_itransformer_h96_s2021 (ep=10 pat=3 lr=0.0005 lradj=type1)
[2026-05-22 20:16:39] OK    etth2_itransformer_h96_s2021 (14s) mse=0.303012
[2026-05-22 20:16:39] START etth2_itransformer_h192_s2021 (ep=10 pat=3 lr=0.0005 lradj=type1)
[2026-05-22 20:16:53] OK    etth2_itransformer_h192_s2021 (14s) mse=0.399801
[2026-05-22 20:16:53] START etth2_itransformer_h336_s2021 (ep=10 pat=3 lr=0.0005 lradj=type1)
[2026-05-22 20:17:08] OK    etth2_itransformer_h336_s2021 (15s) mse=0.425405
[2026-05-22 20:17:08] START etth2_itransformer_h720_s2021 (ep=10 pat=3 lr=0.0005 lradj=type1)
[2026-05-22 20:17:25] OK    etth2_itransformer_h720_s2021 (17s) mse=0.448092
[2026-05-22 20:17:25] START ettm1_itransformer_h96_s2021 (ep=10 pat=3 lr=0.0005 lradj=type1)
[2026-05-22 20:18:05] OK    ettm1_itransformer_h96_s2021 (40s) mse=0.339691
[2026-05-22 20:18:05] START ettm1_itransformer_h192_s2021 (ep=10 pat=3 lr=0.0005 lradj=type1)
[2026-05-22 20:18:46] OK    ettm1_itransformer_h192_s2021 (41s) mse=0.384141
[2026-05-22 20:18:46] START ettm1_itransformer_h336_s2021 (ep=10 pat=3 lr=0.0005 lradj=type1)
[2026-05-22 20:19:38] OK    ettm1_itransformer_h336_s2021 (52s) mse=0.429112
[2026-05-22 20:19:38] START ettm1_itransformer_h720_s2021 (ep=10 pat=3 lr=0.0005 lradj=type1)
[2026-05-22 20:20:51] OK    ettm1_itransformer_h720_s2021 (73s) mse=0.494805
[2026-05-22 20:20:51] START ettm2_itransformer_h96_s2021 (ep=10 pat=3 lr=0.0005 lradj=type1)
[2026-05-22 20:21:32] OK    ettm2_itransformer_h96_s2021 (41s) mse=0.182271
[2026-05-22 20:21:32] START ettm2_itransformer_h192_s2021 (ep=10 pat=3 lr=0.0005 lradj=type1)
[2026-05-22 20:22:13] OK    ettm2_itransformer_h192_s2021 (41s) mse=0.253716
[2026-05-22 20:22:13] START ettm2_itransformer_h336_s2021 (ep=10 pat=3 lr=0.0005 lradj=type1)
[2026-05-22 20:22:55] OK    ettm2_itransformer_h336_s2021 (42s) mse=0.310997
[2026-05-22 20:22:55] START ettm2_itransformer_h720_s2021 (ep=10 pat=3 lr=0.0005 lradj=type1)
[2026-05-22 20:23:49] OK    ettm2_itransformer_h720_s2021 (54s) mse=0.421392
[2026-05-22 20:23:49] START weather_itransformer_h96_s2021 (ep=10 pat=3 lr=0.0005 lradj=type1)
[2026-05-22 20:24:57] OK    weather_itransformer_h96_s2021 (68s) mse=0.172059
[2026-05-22 20:24:57] START weather_itransformer_h192_s2021 (ep=10 pat=3 lr=0.0005 lradj=type1)
[2026-05-22 20:25:58] OK    weather_itransformer_h192_s2021 (61s) mse=0.223442
[2026-05-22 20:25:58] START weather_itransformer_h336_s2021 (ep=10 pat=3 lr=0.0005 lradj=type1)
[2026-05-22 20:27:11] OK    weather_itransformer_h336_s2021 (73s) mse=0.278013
[2026-05-22 20:27:11] START weather_itransformer_h720_s2021 (ep=10 pat=3 lr=0.0005 lradj=type1)
[2026-05-22 20:28:32] OK    weather_itransformer_h720_s2021 (81s) mse=0.359311
[2026-05-22 20:28:32] START electricity_itransformer_h96_s2021 (ep=10 pat=3 lr=0.0005 lradj=type1)
[2026-05-22 20:30:01] OK    electricity_itransformer_h96_s2021 (89s) mse=0.159535
[2026-05-22 20:30:01] START electricity_itransformer_h192_s2021 (ep=10 pat=3 lr=0.0005 lradj=type1)
[2026-05-22 20:31:55] OK    electricity_itransformer_h192_s2021 (114s) mse=0.173124
[2026-05-22 20:31:55] START electricity_itransformer_h336_s2021 (ep=10 pat=3 lr=0.0005 lradj=type1)
[2026-05-22 20:34:26] OK    electricity_itransformer_h336_s2021 (151s) mse=0.189650
[2026-05-22 20:34:26] START electricity_itransformer_h720_s2021 (ep=10 pat=3 lr=0.0005 lradj=type1)
[2026-05-22 20:37:50] OK    electricity_itransformer_h720_s2021 (204s) mse=0.227762
[2026-05-22 20:37:50] START traffic_itransformer_h96_s2021 (ep=10 pat=3 lr=0.0005 lradj=type1)
[2026-05-22 20:41:28] OK    traffic_itransformer_h96_s2021 (218s) mse=0.436677
[2026-05-22 20:41:28] START traffic_itransformer_h192_s2021 (ep=10 pat=3 lr=0.0005 lradj=type1)
[2026-05-22 20:45:44] OK    traffic_itransformer_h192_s2021 (256s) mse=0.455927
[2026-05-22 20:45:44] START traffic_itransformer_h336_s2021 (ep=10 pat=3 lr=0.0005 lradj=type1)
[2026-05-22 20:50:42] OK    traffic_itransformer_h336_s2021 (297s) mse=0.473635
[2026-05-22 20:50:42] START traffic_itransformer_h720_s2021 (ep=10 pat=3 lr=0.0005 lradj=type1)
[2026-05-22 20:57:51] OK    traffic_itransformer_h720_s2021 (429s) mse=0.507485
[2026-05-22 20:57:51] START etth1_timemixer_h96_s2021 (ep=10 pat=5 lr=0.01 lradj=type3)
[2026-05-22 20:58:44] OK    etth1_timemixer_h96_s2021 (53s) mse=0.386128
[2026-05-22 20:58:44] START etth1_timemixer_h192_s2021 (ep=10 pat=5 lr=0.01 lradj=type3)
[2026-05-22 20:59:40] OK    etth1_timemixer_h192_s2021 (56s) mse=0.476533
[2026-05-22 20:59:40] START etth1_timemixer_h336_s2021 (ep=10 pat=5 lr=0.01 lradj=type3)
[2026-05-22 21:00:15] OK    etth1_timemixer_h336_s2021 (35s) mse=0.490613
[2026-05-22 21:00:15] START etth1_timemixer_h720_s2021 (ep=10 pat=5 lr=0.01 lradj=type3)
[2026-05-22 21:00:50] OK    etth1_timemixer_h720_s2021 (35s) mse=0.608638
[2026-05-22 21:00:50] START etth2_timemixer_h96_s2021 (ep=10 pat=5 lr=0.01 lradj=type3)
[2026-05-22 21:01:41] OK    etth2_timemixer_h96_s2021 (51s) mse=0.293796
[2026-05-22 21:01:41] START etth2_timemixer_h192_s2021 (ep=10 pat=5 lr=0.01 lradj=type3)
[2026-05-22 21:02:32] OK    etth2_timemixer_h192_s2021 (51s) mse=0.372198
[2026-05-22 21:02:32] START etth2_timemixer_h336_s2021 (ep=10 pat=5 lr=0.01 lradj=type3)
[2026-05-22 21:03:12] OK    etth2_timemixer_h336_s2021 (40s) mse=0.426712
[2026-05-22 21:03:12] START etth2_timemixer_h720_s2021 (ep=10 pat=5 lr=0.01 lradj=type3)
[2026-05-22 21:03:52] OK    etth2_timemixer_h720_s2021 (40s) mse=0.463762
[2026-05-22 21:03:52] START ettm1_timemixer_h96_s2021 (ep=10 pat=5 lr=0.01 lradj=type3)
[2026-05-22 21:06:20] OK    ettm1_timemixer_h96_s2021 (148s) mse=0.324934
[2026-05-22 21:06:20] START ettm1_timemixer_h192_s2021 (ep=10 pat=5 lr=0.01 lradj=type3)
[2026-05-22 21:09:07] OK    ettm1_timemixer_h192_s2021 (167s) mse=0.363366
[2026-05-22 21:09:07] START ettm1_timemixer_h336_s2021 (ep=10 pat=5 lr=0.01 lradj=type3)
[2026-05-22 21:12:18] OK    ettm1_timemixer_h336_s2021 (191s) mse=0.406534
[2026-05-22 21:12:18] START ettm1_timemixer_h720_s2021 (ep=10 pat=5 lr=0.01 lradj=type3)
[2026-05-22 21:15:54] OK    ettm1_timemixer_h720_s2021 (216s) mse=0.456330
[2026-05-22 21:15:54] START ettm2_timemixer_h96_s2021 (ep=10 pat=5 lr=0.01 lradj=type3)
[2026-05-22 21:18:01] OK    ettm2_timemixer_h96_s2021 (127s) mse=0.176842
[2026-05-22 21:18:01] START ettm2_timemixer_h192_s2021 (ep=10 pat=5 lr=0.01 lradj=type3)
[2026-05-22 21:21:08] OK    ettm2_timemixer_h192_s2021 (187s) mse=0.236671
[2026-05-22 21:21:08] START ettm2_timemixer_h336_s2021 (ep=10 pat=5 lr=0.01 lradj=type3)
[2026-05-22 21:23:56] OK    ettm2_timemixer_h336_s2021 (168s) mse=0.305314
[2026-05-22 21:23:56] START ettm2_timemixer_h720_s2021 (ep=10 pat=5 lr=0.01 lradj=type3)
[2026-05-22 21:26:50] OK    ettm2_timemixer_h720_s2021 (174s) mse=0.434420
[2026-05-22 21:26:50] START weather_timemixer_h96_s2021 (ep=10 pat=5 lr=0.01 lradj=type3)
[2026-05-22 21:30:21] OK    weather_timemixer_h96_s2021 (211s) mse=0.162225
[2026-05-22 21:30:21] START weather_timemixer_h192_s2021 (ep=10 pat=5 lr=0.01 lradj=type3)
[2026-05-22 21:33:56] OK    weather_timemixer_h192_s2021 (215s) mse=0.207014
[2026-05-22 21:33:56] START weather_timemixer_h336_s2021 (ep=10 pat=5 lr=0.01 lradj=type3)
[2026-05-22 21:36:53] OK    weather_timemixer_h336_s2021 (177s) mse=0.264505
[2026-05-22 21:36:53] START weather_timemixer_h720_s2021 (ep=10 pat=5 lr=0.01 lradj=type3)
[2026-05-22 21:40:43] OK    weather_timemixer_h720_s2021 (230s) mse=0.342945
[2026-05-22 21:40:43] START electricity_timemixer_h96_s2021 (ep=10 pat=5 lr=0.01 lradj=type3)
[2026-05-22 21:43:27] OK    electricity_timemixer_h96_s2021 (164s) mse=0.157437
[2026-05-22 21:43:27] START electricity_timemixer_h192_s2021 (ep=10 pat=5 lr=0.01 lradj=type3)
[2026-05-22 21:46:43] OK    electricity_timemixer_h192_s2021 (196s) mse=0.169670
[2026-05-22 21:46:43] START electricity_timemixer_h336_s2021 (ep=10 pat=5 lr=0.01 lradj=type3)
[2026-05-22 21:50:51] OK    electricity_timemixer_h336_s2021 (248s) mse=0.186855
[2026-05-22 21:50:51] START electricity_timemixer_h720_s2021 (ep=10 pat=5 lr=0.01 lradj=type3)
[2026-05-22 21:56:57] OK    electricity_timemixer_h720_s2021 (366s) mse=0.227746
[2026-05-22 21:56:57] START traffic_timemixer_h96_s2021 (ep=10 pat=5 lr=0.01 lradj=type3)
[2026-05-22 22:01:58] OK    traffic_timemixer_h96_s2021 (301s) mse=0.471913
[2026-05-22 22:01:58] START traffic_timemixer_h192_s2021 (ep=10 pat=5 lr=0.01 lradj=type3)
[2026-05-22 22:07:56] OK    traffic_timemixer_h192_s2021 (358s) mse=0.473590
[2026-05-22 22:07:56] START traffic_timemixer_h336_s2021 (ep=10 pat=5 lr=0.01 lradj=type3)
[2026-05-22 22:15:12] OK    traffic_timemixer_h336_s2021 (436s) mse=0.500142
[2026-05-22 22:15:12] START traffic_timemixer_h720_s2021 (ep=10 pat=5 lr=0.01 lradj=type3)
[2026-05-22 22:26:45] OK    traffic_timemixer_h720_s2021 (693s) mse=0.539111
[2026-05-22 22:26:45] END method-b PART 2
[2026-05-22 22:29:24] BEGIN recovery (traffic_{lstm,gru}, batch=8)
[2026-05-22 22:29:24] START traffic_lstm_h96_s2021 (recovery: bs=8 ep=10 pat=3 lr=0.001 lradj=type1)
[2026-05-22 22:37:15] OK    traffic_lstm_h96_s2021 (471s) mse=0.557462
[2026-05-22 22:37:15] START traffic_lstm_h192_s2021 (recovery: bs=8 ep=10 pat=3 lr=0.001 lradj=type1)
[2026-05-22 22:45:33] OK    traffic_lstm_h192_s2021 (498s) mse=0.551109
[2026-05-22 22:45:33] START traffic_lstm_h336_s2021 (recovery: bs=8 ep=10 pat=3 lr=0.001 lradj=type1)
[2026-05-22 22:54:32] OK    traffic_lstm_h336_s2021 (539s) mse=0.582889
[2026-05-22 22:54:32] START traffic_lstm_h720_s2021 (recovery: bs=8 ep=10 pat=3 lr=0.001 lradj=type1)
[2026-05-22 23:12:31] FAIL  traffic_lstm_h720_s2021 rc=137 (1079s) — see logs/supp_method_b/traffic_lstm_h720_s2021.log
[2026-05-22 23:12:32] START traffic_gru_h96_s2021 (recovery: bs=8 ep=10 pat=3 lr=0.001 lradj=type1)
[2026-05-22 23:20:46] OK    traffic_gru_h96_s2021 (494s) mse=0.552467
[2026-05-22 23:20:46] START traffic_gru_h192_s2021 (recovery: bs=8 ep=10 pat=3 lr=0.001 lradj=type1)
[2026-05-22 23:29:12] OK    traffic_gru_h192_s2021 (506s) mse=0.567992
[2026-05-22 23:29:12] START traffic_gru_h336_s2021 (recovery: bs=8 ep=10 pat=3 lr=0.001 lradj=type1)
[2026-05-22 23:38:21] OK    traffic_gru_h336_s2021 (549s) mse=0.561092
[2026-05-22 23:38:21] START traffic_gru_h720_s2021 (recovery: bs=8 ep=10 pat=3 lr=0.001 lradj=type1)
[2026-05-22 23:54:16] FAIL  traffic_gru_h720_s2021 rc=137 (954s) — see logs/supp_method_b/traffic_gru_h720_s2021.log
[2026-05-22 23:54:17] END recovery
