============================================================
data:
  name: traffic
  root_path: data/traffic
  data_path: traffic.csv
  data_kind: custom
  features: M
  target: OT
  freq: h
  n_vars: 862
model:
  name: itransformer
  type: transformer
  d_model: 256
  d_ff: 256
  e_layers: 2
  n_heads: 8
  factor: 1
  dropout: 0.1
  activation: gelu
  use_norm: 1
  output_attention: false
train:
  name: default
  seq_len: 96
  label_len: 48
  pred_len: 192
  batch_size: 32
  num_workers: 4
  train_epochs: 10
  patience: 3
  learning_rate: 0.0005
  loss: mse
  lradj: type1
  weight_decay: 0.0
  gradient_clip: 1.0
  use_amp: true
  gpu_resident_data: false
  matmul_precision: highest
  log_interval: 50
  val_interval: 1
  checkpoint_dir: checkpoints
  use_wandb: false
  wandb_project: vglg-tsf
seed: 2021
device: cuda
project: vglg-tsf
run_name: null
tag: supp_method_b

============================================================
Loaded data | train=11993 val=1565 test=3317
Built model: itransformer | params=866,240
  epoch 1 batch 50/374 loss=0.575049
  epoch 1 batch 100/374 loss=0.495711
  epoch 1 batch 150/374 loss=0.457560
  epoch 1 batch 200/374 loss=0.432634
  epoch 1 batch 250/374 loss=0.414421
  epoch 1 batch 300/374 loss=0.400493
  epoch 1 batch 350/374 loss=0.389796
Epoch 1 | train_loss=0.385428 val_mse=0.428090 val_mae=0.312817 (24.0s)
  Validation improved to 0.428090; saved checkpoint.
  epoch 2 batch 50/374 loss=0.315227
  epoch 2 batch 100/374 loss=0.315607
  epoch 2 batch 150/374 loss=0.313614
  epoch 2 batch 200/374 loss=0.312424
  epoch 2 batch 250/374 loss=0.311277
  epoch 2 batch 300/374 loss=0.310346
  epoch 2 batch 350/374 loss=0.309169
Epoch 2 | train_loss=0.308393 val_mse=0.408968 val_mae=0.295015 (23.0s)
  Validation improved to 0.408968; saved checkpoint.
  epoch 3 batch 50/374 loss=0.295444
  epoch 3 batch 100/374 loss=0.294284
  epoch 3 batch 150/374 loss=0.294194
  epoch 3 batch 200/374 loss=0.294122
  epoch 3 batch 250/374 loss=0.293381
  epoch 3 batch 300/374 loss=0.293153
  epoch 3 batch 350/374 loss=0.293053
Epoch 3 | train_loss=0.292904 val_mse=0.401323 val_mae=0.286409 (23.1s)
  Validation improved to 0.401323; saved checkpoint.
  epoch 4 batch 50/374 loss=0.288696
  epoch 4 batch 100/374 loss=0.287417
  epoch 4 batch 150/374 loss=0.287399
  epoch 4 batch 200/374 loss=0.287907
  epoch 4 batch 250/374 loss=0.287715
  epoch 4 batch 300/374 loss=0.287298
  epoch 4 batch 350/374 loss=0.286953
Epoch 4 | train_loss=0.287013 val_mse=0.397594 val_mae=0.280837 (23.2s)
  Validation improved to 0.397594; saved checkpoint.
  epoch 5 batch 50/374 loss=0.286081
  epoch 5 batch 100/374 loss=0.285156
  epoch 5 batch 150/374 loss=0.284368
  epoch 5 batch 200/374 loss=0.283642
  epoch 5 batch 250/374 loss=0.283752
  epoch 5 batch 300/374 loss=0.283980
  epoch 5 batch 350/374 loss=0.284342
Epoch 5 | train_loss=0.284274 val_mse=0.396777 val_mae=0.279991 (23.2s)
  Validation improved to 0.396777; saved checkpoint.
  epoch 6 batch 50/374 loss=0.281618
  epoch 6 batch 100/374 loss=0.282803
  epoch 6 batch 150/374 loss=0.282922
  epoch 6 batch 200/374 loss=0.283181
  epoch 6 batch 250/374 loss=0.282624
  epoch 6 batch 300/374 loss=0.282851
  epoch 6 batch 350/374 loss=0.282845
Epoch 6 | train_loss=0.282825 val_mse=0.395297 val_mae=0.278146 (23.2s)
  Validation improved to 0.395297; saved checkpoint.
  epoch 7 batch 50/374 loss=0.281491
  epoch 7 batch 100/374 loss=0.281390
  epoch 7 batch 150/374 loss=0.282372
  epoch 7 batch 200/374 loss=0.282198
  epoch 7 batch 250/374 loss=0.282020
  epoch 7 batch 300/374 loss=0.282159
  epoch 7 batch 350/374 loss=0.282009
Epoch 7 | train_loss=0.282028 val_mse=0.395114 val_mae=0.277764 (23.5s)
  Validation improved to 0.395114; saved checkpoint.
  epoch 8 batch 50/374 loss=0.281762
  epoch 8 batch 100/374 loss=0.281464
  epoch 8 batch 150/374 loss=0.281894
  epoch 8 batch 200/374 loss=0.282378
  epoch 8 batch 250/374 loss=0.282158
  epoch 8 batch 300/374 loss=0.282540
  epoch 8 batch 350/374 loss=0.281997
Epoch 8 | train_loss=0.281695 val_mse=0.394636 val_mae=0.277055 (23.4s)
  Validation improved to 0.394636; saved checkpoint.
  epoch 9 batch 50/374 loss=0.281262
  epoch 9 batch 100/374 loss=0.280224
  epoch 9 batch 150/374 loss=0.280301
  epoch 9 batch 200/374 loss=0.281418
  epoch 9 batch 250/374 loss=0.281555
  epoch 9 batch 300/374 loss=0.281618
  epoch 9 batch 350/374 loss=0.281532
Epoch 9 | train_loss=0.281503 val_mse=0.394691 val_mae=0.277160 (23.4s)
  EarlyStopping: 1/3
  epoch 10 batch 50/374 loss=0.283165
  epoch 10 batch 100/374 loss=0.283368
  epoch 10 batch 150/374 loss=0.282592
  epoch 10 batch 200/374 loss=0.281648
  epoch 10 batch 250/374 loss=0.281624
  epoch 10 batch 300/374 loss=0.281067
  epoch 10 batch 350/374 loss=0.281099
Epoch 10 | train_loss=0.281411 val_mse=0.394542 val_mae=0.276984 (23.5s)
  Validation improved to 0.394542; saved checkpoint.

Test | mse=0.455927 mae=0.308161 rmse=0.675224
