============================================================
data:
  name: traffic
  root_path: data/traffic
  data_path: traffic.csv
  data_kind: custom
  features: M
  target: OT
  freq: h
  n_vars: 862
model:
  name: patchtst
  type: transformer
  d_model: 128
  d_ff: 256
  e_layers: 3
  n_heads: 16
  patch_len: 16
  stride: 8
  dropout: 0.2
  fc_dropout: 0.2
  head_dropout: 0.0
  activation: gelu
  revin: 1
  affine: 0
  subtract_last: 0
  decomposition: 0
  kernel_size: 25
  individual: 0
train:
  name: default
  seq_len: 96
  label_len: 48
  pred_len: 192
  batch_size: 32
  num_workers: 4
  train_epochs: 30
  patience: 8
  learning_rate: 0.0001
  loss: mse
  lradj: type3
  weight_decay: 0.0
  gradient_clip: 1.0
  use_amp: true
  gpu_resident_data: false
  matmul_precision: highest
  log_interval: 50
  val_interval: 1
  checkpoint_dir: checkpoints
  use_wandb: false
  wandb_project: vglg-tsf
seed: 2021
device: cuda
project: vglg-tsf
run_name: null
tag: supp_method_b

============================================================
Loaded data | train=11993 val=1565 test=3317
Built model: patchtst | params=694,848
  epoch 1 batch 50/374 loss=0.726473
  epoch 1 batch 100/374 loss=0.616747
  epoch 1 batch 150/374 loss=0.564044
  epoch 1 batch 200/374 loss=0.532721
  epoch 1 batch 250/374 loss=0.511199
  epoch 1 batch 300/374 loss=0.494657
  epoch 1 batch 350/374 loss=0.482139
Epoch 1 | train_loss=0.477191 val_mse=0.504436 val_mae=0.348505 (68.2s)
  Validation improved to 0.504436; saved checkpoint.
  epoch 2 batch 50/374 loss=0.395627
  epoch 2 batch 100/374 loss=0.394191
  epoch 2 batch 150/374 loss=0.392223
  epoch 2 batch 200/374 loss=0.390673
  epoch 2 batch 250/374 loss=0.389208
  epoch 2 batch 300/374 loss=0.387783
  epoch 2 batch 350/374 loss=0.386041
Epoch 2 | train_loss=0.384845 val_mse=0.478161 val_mae=0.336493 (66.4s)
  Validation improved to 0.478161; saved checkpoint.
  epoch 3 batch 50/374 loss=0.371468
  epoch 3 batch 100/374 loss=0.369673
  epoch 3 batch 150/374 loss=0.366219
  epoch 3 batch 200/374 loss=0.364426
  epoch 3 batch 250/374 loss=0.362842
  epoch 3 batch 300/374 loss=0.361730
  epoch 3 batch 350/374 loss=0.360505
Epoch 3 | train_loss=0.359858 val_mse=0.461734 val_mae=0.329785 (68.4s)
  Validation improved to 0.461734; saved checkpoint.
  epoch 4 batch 50/374 loss=0.346542
  epoch 4 batch 100/374 loss=0.346078
  epoch 4 batch 150/374 loss=0.344828
  epoch 4 batch 200/374 loss=0.344211
  epoch 4 batch 250/374 loss=0.343487
  epoch 4 batch 300/374 loss=0.342185
  epoch 4 batch 350/374 loss=0.340907
Epoch 4 | train_loss=0.340809 val_mse=0.446636 val_mae=0.316922 (67.9s)
  Validation improved to 0.446636; saved checkpoint.
  epoch 5 batch 50/374 loss=0.334348
  epoch 5 batch 100/374 loss=0.333145
  epoch 5 batch 150/374 loss=0.332105
  epoch 5 batch 200/374 loss=0.331404
  epoch 5 batch 250/374 loss=0.330579
  epoch 5 batch 300/374 loss=0.329759
  epoch 5 batch 350/374 loss=0.329125
Epoch 5 | train_loss=0.329047 val_mse=0.438981 val_mae=0.308896 (68.1s)
  Validation improved to 0.438981; saved checkpoint.
  epoch 6 batch 50/374 loss=0.326730
  epoch 6 batch 100/374 loss=0.325692
  epoch 6 batch 150/374 loss=0.325131
  epoch 6 batch 200/374 loss=0.324586
  epoch 6 batch 250/374 loss=0.323367
  epoch 6 batch 300/374 loss=0.322956
  epoch 6 batch 350/374 loss=0.322650
Epoch 6 | train_loss=0.322265 val_mse=0.437772 val_mae=0.306892 (70.3s)
  Validation improved to 0.437772; saved checkpoint.
  epoch 7 batch 50/374 loss=0.317975
  epoch 7 batch 100/374 loss=0.317114
  epoch 7 batch 150/374 loss=0.317819
  epoch 7 batch 200/374 loss=0.317889
  epoch 7 batch 250/374 loss=0.317862
  epoch 7 batch 300/374 loss=0.317756
  epoch 7 batch 350/374 loss=0.317612
Epoch 7 | train_loss=0.317470 val_mse=0.434456 val_mae=0.304168 (68.2s)
  Validation improved to 0.434456; saved checkpoint.
  epoch 8 batch 50/374 loss=0.316258
  epoch 8 batch 100/374 loss=0.313897
  epoch 8 batch 150/374 loss=0.313716
  epoch 8 batch 200/374 loss=0.313516
  epoch 8 batch 250/374 loss=0.313637
  epoch 8 batch 300/374 loss=0.313581
  epoch 8 batch 350/374 loss=0.313584
Epoch 8 | train_loss=0.313337 val_mse=0.431093 val_mae=0.301000 (69.8s)
  Validation improved to 0.431093; saved checkpoint.
  epoch 9 batch 50/374 loss=0.308623
  epoch 9 batch 100/374 loss=0.309545
  epoch 9 batch 150/374 loss=0.310576
  epoch 9 batch 200/374 loss=0.310723
  epoch 9 batch 250/374 loss=0.310750
  epoch 9 batch 300/374 loss=0.310348
  epoch 9 batch 350/374 loss=0.310142
Epoch 9 | train_loss=0.309961 val_mse=0.429433 val_mae=0.300699 (68.3s)
  Validation improved to 0.429433; saved checkpoint.
  epoch 10 batch 50/374 loss=0.306214
  epoch 10 batch 100/374 loss=0.305970
  epoch 10 batch 150/374 loss=0.306585
  epoch 10 batch 200/374 loss=0.307042
  epoch 10 batch 250/374 loss=0.306551
  epoch 10 batch 300/374 loss=0.306993
  epoch 10 batch 350/374 loss=0.307099
Epoch 10 | train_loss=0.307078 val_mse=0.430489 val_mae=0.300076 (68.3s)
  EarlyStopping: 1/8
  epoch 11 batch 50/374 loss=0.302487
  epoch 11 batch 100/374 loss=0.303423
  epoch 11 batch 150/374 loss=0.303913
  epoch 11 batch 200/374 loss=0.304319
  epoch 11 batch 250/374 loss=0.304570
  epoch 11 batch 300/374 loss=0.305030
  epoch 11 batch 350/374 loss=0.305077
Epoch 11 | train_loss=0.304757 val_mse=0.426820 val_mae=0.296393 (68.4s)
  Validation improved to 0.426820; saved checkpoint.
  epoch 12 batch 50/374 loss=0.304646
  epoch 12 batch 100/374 loss=0.304397
  epoch 12 batch 150/374 loss=0.303997
  epoch 12 batch 200/374 loss=0.303565
  epoch 12 batch 250/374 loss=0.303211
  epoch 12 batch 300/374 loss=0.302990
  epoch 12 batch 350/374 loss=0.302528
Epoch 12 | train_loss=0.302541 val_mse=0.425362 val_mae=0.294806 (67.8s)
  Validation improved to 0.425362; saved checkpoint.
  epoch 13 batch 50/374 loss=0.301817
  epoch 13 batch 100/374 loss=0.301324
  epoch 13 batch 150/374 loss=0.302495
  epoch 13 batch 200/374 loss=0.301836
  epoch 13 batch 250/374 loss=0.301524
  epoch 13 batch 300/374 loss=0.301105
  epoch 13 batch 350/374 loss=0.300833
Epoch 13 | train_loss=0.300929 val_mse=0.421983 val_mae=0.290211 (70.0s)
  Validation improved to 0.421983; saved checkpoint.
  epoch 14 batch 50/374 loss=0.300971
  epoch 14 batch 100/374 loss=0.299083
  epoch 14 batch 150/374 loss=0.299820
  epoch 14 batch 200/374 loss=0.299750
  epoch 14 batch 250/374 loss=0.299750
  epoch 14 batch 300/374 loss=0.299965
  epoch 14 batch 350/374 loss=0.299663
Epoch 14 | train_loss=0.299433 val_mse=0.423947 val_mae=0.292405 (70.1s)
  EarlyStopping: 1/8
  epoch 15 batch 50/374 loss=0.298821
  epoch 15 batch 100/374 loss=0.298228
  epoch 15 batch 150/374 loss=0.299315
  epoch 15 batch 200/374 loss=0.299137
  epoch 15 batch 250/374 loss=0.298734
  epoch 15 batch 300/374 loss=0.298194
  epoch 15 batch 350/374 loss=0.298149
Epoch 15 | train_loss=0.298153 val_mse=0.420317 val_mae=0.289134 (67.6s)
  Validation improved to 0.420317; saved checkpoint.
  epoch 16 batch 50/374 loss=0.298011
  epoch 16 batch 100/374 loss=0.297150
  epoch 16 batch 150/374 loss=0.296758
  epoch 16 batch 200/374 loss=0.297133
  epoch 16 batch 250/374 loss=0.297474
  epoch 16 batch 300/374 loss=0.297289
  epoch 16 batch 350/374 loss=0.296915
Epoch 16 | train_loss=0.296987 val_mse=0.420206 val_mae=0.289502 (73.6s)
  Validation improved to 0.420206; saved checkpoint.
  epoch 17 batch 50/374 loss=0.295819
  epoch 17 batch 100/374 loss=0.296906
  epoch 17 batch 150/374 loss=0.297402
  epoch 17 batch 200/374 loss=0.296648
  epoch 17 batch 250/374 loss=0.296402
  epoch 17 batch 300/374 loss=0.296009
  epoch 17 batch 350/374 loss=0.296217
Epoch 17 | train_loss=0.295901 val_mse=0.422427 val_mae=0.291585 (67.8s)
  EarlyStopping: 1/8
  epoch 18 batch 50/374 loss=0.293642
  epoch 18 batch 100/374 loss=0.294515
  epoch 18 batch 150/374 loss=0.295551
  epoch 18 batch 200/374 loss=0.295145
  epoch 18 batch 250/374 loss=0.294826
  epoch 18 batch 300/374 loss=0.295060
  epoch 18 batch 350/374 loss=0.295327
Epoch 18 | train_loss=0.295114 val_mse=0.418910 val_mae=0.287207 (68.7s)
  Validation improved to 0.418910; saved checkpoint.
  epoch 19 batch 50/374 loss=0.292255
  epoch 19 batch 100/374 loss=0.293117
  epoch 19 batch 150/374 loss=0.293681
  epoch 19 batch 200/374 loss=0.293756
  epoch 19 batch 250/374 loss=0.294090
  epoch 19 batch 300/374 loss=0.293826
  epoch 19 batch 350/374 loss=0.294454
Epoch 19 | train_loss=0.294418 val_mse=0.417806 val_mae=0.284996 (68.6s)
  Validation improved to 0.417806; saved checkpoint.
  epoch 20 batch 50/374 loss=0.293929
  epoch 20 batch 100/374 loss=0.294084
  epoch 20 batch 150/374 loss=0.294988
  epoch 20 batch 200/374 loss=0.294654
  epoch 20 batch 250/374 loss=0.294380
  epoch 20 batch 300/374 loss=0.293728
  epoch 20 batch 350/374 loss=0.293746
Epoch 20 | train_loss=0.293731 val_mse=0.418341 val_mae=0.286218 (68.4s)
  EarlyStopping: 1/8
  epoch 21 batch 50/374 loss=0.294793
  epoch 21 batch 100/374 loss=0.293185
  epoch 21 batch 150/374 loss=0.292502
  epoch 21 batch 200/374 loss=0.292783
  epoch 21 batch 250/374 loss=0.293014
  epoch 21 batch 300/374 loss=0.292955
  epoch 21 batch 350/374 loss=0.292947
Epoch 21 | train_loss=0.293205 val_mse=0.417452 val_mae=0.285761 (68.7s)
  Validation improved to 0.417452; saved checkpoint.
  epoch 22 batch 50/374 loss=0.293197
  epoch 22 batch 100/374 loss=0.293085
  epoch 22 batch 150/374 loss=0.293223
  epoch 22 batch 200/374 loss=0.292454
  epoch 22 batch 250/374 loss=0.292548
  epoch 22 batch 300/374 loss=0.293191
  epoch 22 batch 350/374 loss=0.292759
Epoch 22 | train_loss=0.292702 val_mse=0.416037 val_mae=0.284070 (68.3s)
  Validation improved to 0.416037; saved checkpoint.
  epoch 23 batch 50/374 loss=0.293029
  epoch 23 batch 100/374 loss=0.293267
  epoch 23 batch 150/374 loss=0.292849
  epoch 23 batch 200/374 loss=0.293166
  epoch 23 batch 250/374 loss=0.293335
  epoch 23 batch 300/374 loss=0.293051
  epoch 23 batch 350/374 loss=0.292429
Epoch 23 | train_loss=0.292285 val_mse=0.417007 val_mae=0.284931 (78.3s)
  EarlyStopping: 1/8
  epoch 24 batch 50/374 loss=0.292157
  epoch 24 batch 100/374 loss=0.290849
  epoch 24 batch 150/374 loss=0.291370
  epoch 24 batch 200/374 loss=0.291351
  epoch 24 batch 250/374 loss=0.292140
  epoch 24 batch 300/374 loss=0.292236
  epoch 24 batch 350/374 loss=0.291993
Epoch 24 | train_loss=0.292028 val_mse=0.416023 val_mae=0.283670 (68.9s)
  Validation improved to 0.416023; saved checkpoint.
  epoch 25 batch 50/374 loss=0.289678
  epoch 25 batch 100/374 loss=0.290758
  epoch 25 batch 150/374 loss=0.291272
  epoch 25 batch 200/374 loss=0.291482
  epoch 25 batch 250/374 loss=0.291388
  epoch 25 batch 300/374 loss=0.291623
  epoch 25 batch 350/374 loss=0.291885
Epoch 25 | train_loss=0.291821 val_mse=0.417325 val_mae=0.285790 (68.6s)
  EarlyStopping: 1/8
  epoch 26 batch 50/374 loss=0.293679
  epoch 26 batch 100/374 loss=0.293677
  epoch 26 batch 150/374 loss=0.292910
  epoch 26 batch 200/374 loss=0.292576
  epoch 26 batch 250/374 loss=0.291810
  epoch 26 batch 300/374 loss=0.291453
  epoch 26 batch 350/374 loss=0.291585
Epoch 26 | train_loss=0.291577 val_mse=0.416184 val_mae=0.283810 (68.4s)
  EarlyStopping: 2/8
  epoch 27 batch 50/374 loss=0.291249
  epoch 27 batch 100/374 loss=0.291484
  epoch 27 batch 150/374 loss=0.291272
  epoch 27 batch 200/374 loss=0.291904
  epoch 27 batch 250/374 loss=0.291576
  epoch 27 batch 300/374 loss=0.291612
  epoch 27 batch 350/374 loss=0.291475
Epoch 27 | train_loss=0.291435 val_mse=0.417057 val_mae=0.284803 (68.8s)
  EarlyStopping: 3/8
  epoch 28 batch 50/374 loss=0.292153
  epoch 28 batch 100/374 loss=0.292218
  epoch 28 batch 150/374 loss=0.292791
  epoch 28 batch 200/374 loss=0.291889
  epoch 28 batch 250/374 loss=0.291997
  epoch 28 batch 300/374 loss=0.291761
  epoch 28 batch 350/374 loss=0.291444
Epoch 28 | train_loss=0.291391 val_mse=0.417093 val_mae=0.285053 (67.8s)
  EarlyStopping: 4/8
  epoch 29 batch 50/374 loss=0.291282
  epoch 29 batch 100/374 loss=0.292428
  epoch 29 batch 150/374 loss=0.292407
  epoch 29 batch 200/374 loss=0.292471
  epoch 29 batch 250/374 loss=0.292401
  epoch 29 batch 300/374 loss=0.291884
  epoch 29 batch 350/374 loss=0.291297
Epoch 29 | train_loss=0.291238 val_mse=0.416646 val_mae=0.284725 (68.8s)
  EarlyStopping: 5/8
  epoch 30 batch 50/374 loss=0.290683
  epoch 30 batch 100/374 loss=0.291311
  epoch 30 batch 150/374 loss=0.290687
  epoch 30 batch 200/374 loss=0.291375
  epoch 30 batch 250/374 loss=0.291338
  epoch 30 batch 300/374 loss=0.291529
  epoch 30 batch 350/374 loss=0.291258
Epoch 30 | train_loss=0.291261 val_mse=0.416669 val_mae=0.284630 (68.5s)
  EarlyStopping: 6/8

Test | mse=0.487605 mae=0.315833 rmse=0.698287
