============================================================
data:
  name: traffic
  root_path: data/traffic
  data_path: traffic.csv
  data_kind: custom
  features: M
  target: OT
  freq: h
  n_vars: 862
model:
  name: patchtst
  type: transformer
  d_model: 128
  d_ff: 256
  e_layers: 3
  n_heads: 16
  patch_len: 16
  stride: 8
  dropout: 0.2
  fc_dropout: 0.2
  head_dropout: 0.0
  activation: gelu
  revin: 1
  affine: 0
  subtract_last: 0
  decomposition: 0
  kernel_size: 25
  individual: 0
train:
  name: default
  seq_len: 96
  label_len: 48
  pred_len: 96
  batch_size: 32
  num_workers: 4
  train_epochs: 30
  patience: 8
  learning_rate: 0.0001
  loss: mse
  lradj: type3
  weight_decay: 0.0
  gradient_clip: 1.0
  use_amp: true
  gpu_resident_data: false
  matmul_precision: highest
  log_interval: 50
  val_interval: 1
  checkpoint_dir: checkpoints
  use_wandb: false
  wandb_project: vglg-tsf
seed: 2021
device: cuda
project: vglg-tsf
run_name: null
tag: supp_method_b

============================================================
Loaded data | train=12089 val=1661 test=3413
Built model: patchtst | params=547,296
  epoch 1 batch 50/377 loss=0.746013
  epoch 1 batch 100/377 loss=0.642403
  epoch 1 batch 150/377 loss=0.594554
  epoch 1 batch 200/377 loss=0.565919
  epoch 1 batch 250/377 loss=0.545356
  epoch 1 batch 300/377 loss=0.531248
  epoch 1 batch 350/377 loss=0.518851
Epoch 1 | train_loss=0.513400 val_mse=0.552341 val_mae=0.373546 (64.6s)
  Validation improved to 0.552341; saved checkpoint.
  epoch 2 batch 50/377 loss=0.436738
  epoch 2 batch 100/377 loss=0.431079
  epoch 2 batch 150/377 loss=0.427915
  epoch 2 batch 200/377 loss=0.425247
  epoch 2 batch 250/377 loss=0.421789
  epoch 2 batch 300/377 loss=0.418910
  epoch 2 batch 350/377 loss=0.415377
Epoch 2 | train_loss=0.413924 val_mse=0.513483 val_mae=0.359737 (63.6s)
  Validation improved to 0.513483; saved checkpoint.
  epoch 3 batch 50/377 loss=0.393535
  epoch 3 batch 100/377 loss=0.389506
  epoch 3 batch 150/377 loss=0.386681
  epoch 3 batch 200/377 loss=0.383841
  epoch 3 batch 250/377 loss=0.381319
  epoch 3 batch 300/377 loss=0.378712
  epoch 3 batch 350/377 loss=0.376913
Epoch 3 | train_loss=0.376041 val_mse=0.480607 val_mae=0.337761 (64.5s)
  Validation improved to 0.480607; saved checkpoint.
  epoch 4 batch 50/377 loss=0.361320
  epoch 4 batch 100/377 loss=0.361614
  epoch 4 batch 150/377 loss=0.358672
  epoch 4 batch 200/377 loss=0.356421
  epoch 4 batch 250/377 loss=0.354956
  epoch 4 batch 300/377 loss=0.354103
  epoch 4 batch 350/377 loss=0.353408
Epoch 4 | train_loss=0.352672 val_mse=0.472504 val_mae=0.331893 (64.7s)
  Validation improved to 0.472504; saved checkpoint.
  epoch 5 batch 50/377 loss=0.344421
  epoch 5 batch 100/377 loss=0.343847
  epoch 5 batch 150/377 loss=0.342967
  epoch 5 batch 200/377 loss=0.342802
  epoch 5 batch 250/377 loss=0.342166
  epoch 5 batch 300/377 loss=0.341689
  epoch 5 batch 350/377 loss=0.341167
Epoch 5 | train_loss=0.340526 val_mse=0.471884 val_mae=0.332662 (64.8s)
  Validation improved to 0.471884; saved checkpoint.
  epoch 6 batch 50/377 loss=0.338969
  epoch 6 batch 100/377 loss=0.337716
  epoch 6 batch 150/377 loss=0.335007
  epoch 6 batch 200/377 loss=0.335115
  epoch 6 batch 250/377 loss=0.333951
  epoch 6 batch 300/377 loss=0.332784
  epoch 6 batch 350/377 loss=0.332313
Epoch 6 | train_loss=0.332535 val_mse=0.460441 val_mae=0.323658 (64.8s)
  Validation improved to 0.460441; saved checkpoint.
  epoch 7 batch 50/377 loss=0.327044
  epoch 7 batch 100/377 loss=0.327989
  epoch 7 batch 150/377 loss=0.327843
  epoch 7 batch 200/377 loss=0.327479
  epoch 7 batch 250/377 loss=0.328078
  epoch 7 batch 300/377 loss=0.327179
  epoch 7 batch 350/377 loss=0.326755
Epoch 7 | train_loss=0.326606 val_mse=0.457644 val_mae=0.319240 (64.6s)
  Validation improved to 0.457644; saved checkpoint.
  epoch 8 batch 50/377 loss=0.324542
  epoch 8 batch 100/377 loss=0.323263
  epoch 8 batch 150/377 loss=0.323311
  epoch 8 batch 200/377 loss=0.323357
  epoch 8 batch 250/377 loss=0.323214
  epoch 8 batch 300/377 loss=0.322375
  epoch 8 batch 350/377 loss=0.321833
Epoch 8 | train_loss=0.321818 val_mse=0.454025 val_mae=0.316102 (64.5s)
  Validation improved to 0.454025; saved checkpoint.
  epoch 9 batch 50/377 loss=0.317702
  epoch 9 batch 100/377 loss=0.318388
  epoch 9 batch 150/377 loss=0.319704
  epoch 9 batch 200/377 loss=0.318191
  epoch 9 batch 250/377 loss=0.317688
  epoch 9 batch 300/377 loss=0.318022
  epoch 9 batch 350/377 loss=0.318107
Epoch 9 | train_loss=0.317780 val_mse=0.457535 val_mae=0.319177 (69.5s)
  EarlyStopping: 1/8
  epoch 10 batch 50/377 loss=0.313396
  epoch 10 batch 100/377 loss=0.314476
  epoch 10 batch 150/377 loss=0.313772
  epoch 10 batch 200/377 loss=0.314037
  epoch 10 batch 250/377 loss=0.314392
  epoch 10 batch 300/377 loss=0.314588
  epoch 10 batch 350/377 loss=0.314080
Epoch 10 | train_loss=0.314125 val_mse=0.456160 val_mae=0.317393 (64.7s)
  EarlyStopping: 2/8
  epoch 11 batch 50/377 loss=0.307934
  epoch 11 batch 100/377 loss=0.311198
  epoch 11 batch 150/377 loss=0.311520
  epoch 11 batch 200/377 loss=0.311725
  epoch 11 batch 250/377 loss=0.311616
  epoch 11 batch 300/377 loss=0.311297
  epoch 11 batch 350/377 loss=0.311395
Epoch 11 | train_loss=0.311318 val_mse=0.443230 val_mae=0.306027 (64.7s)
  Validation improved to 0.443230; saved checkpoint.
  epoch 12 batch 50/377 loss=0.308167
  epoch 12 batch 100/377 loss=0.309229
  epoch 12 batch 150/377 loss=0.309130
  epoch 12 batch 200/377 loss=0.308202
  epoch 12 batch 250/377 loss=0.308615
  epoch 12 batch 300/377 loss=0.308299
  epoch 12 batch 350/377 loss=0.308717
Epoch 12 | train_loss=0.308832 val_mse=0.447950 val_mae=0.309842 (64.7s)
  EarlyStopping: 1/8
  epoch 13 batch 50/377 loss=0.308196
  epoch 13 batch 100/377 loss=0.306755
  epoch 13 batch 150/377 loss=0.306913
  epoch 13 batch 200/377 loss=0.306657
  epoch 13 batch 250/377 loss=0.306831
  epoch 13 batch 300/377 loss=0.306782
  epoch 13 batch 350/377 loss=0.306969
Epoch 13 | train_loss=0.306783 val_mse=0.438826 val_mae=0.302426 (64.9s)
  Validation improved to 0.438826; saved checkpoint.
  epoch 14 batch 50/377 loss=0.306628
  epoch 14 batch 100/377 loss=0.305183
  epoch 14 batch 150/377 loss=0.306073
  epoch 14 batch 200/377 loss=0.305789
  epoch 14 batch 250/377 loss=0.305602
  epoch 14 batch 300/377 loss=0.305103
  epoch 14 batch 350/377 loss=0.305087
Epoch 14 | train_loss=0.304885 val_mse=0.443685 val_mae=0.306324 (64.8s)
  EarlyStopping: 1/8
  epoch 15 batch 50/377 loss=0.304368
  epoch 15 batch 100/377 loss=0.302780
  epoch 15 batch 150/377 loss=0.302576
  epoch 15 batch 200/377 loss=0.302945
  epoch 15 batch 250/377 loss=0.303149
  epoch 15 batch 300/377 loss=0.303933
  epoch 15 batch 350/377 loss=0.303393
Epoch 15 | train_loss=0.303383 val_mse=0.439009 val_mae=0.301702 (64.8s)
  EarlyStopping: 2/8
  epoch 16 batch 50/377 loss=0.302301
  epoch 16 batch 100/377 loss=0.302509
  epoch 16 batch 150/377 loss=0.301817
  epoch 16 batch 200/377 loss=0.302268
  epoch 16 batch 250/377 loss=0.302188
  epoch 16 batch 300/377 loss=0.302270
  epoch 16 batch 350/377 loss=0.301957
Epoch 16 | train_loss=0.302065 val_mse=0.440926 val_mae=0.304251 (64.7s)
  EarlyStopping: 3/8
  epoch 17 batch 50/377 loss=0.304199
  epoch 17 batch 100/377 loss=0.302768
  epoch 17 batch 150/377 loss=0.301788
  epoch 17 batch 200/377 loss=0.301398
  epoch 17 batch 250/377 loss=0.300860
  epoch 17 batch 300/377 loss=0.300400
  epoch 17 batch 350/377 loss=0.300722
Epoch 17 | train_loss=0.300708 val_mse=0.438643 val_mae=0.302067 (64.9s)
  Validation improved to 0.438643; saved checkpoint.
  epoch 18 batch 50/377 loss=0.300350
  epoch 18 batch 100/377 loss=0.299418
  epoch 18 batch 150/377 loss=0.298774
  epoch 18 batch 200/377 loss=0.300013
  epoch 18 batch 250/377 loss=0.299669
  epoch 18 batch 300/377 loss=0.299817
  epoch 18 batch 350/377 loss=0.299570
Epoch 18 | train_loss=0.299719 val_mse=0.434913 val_mae=0.298669 (64.5s)
  Validation improved to 0.434913; saved checkpoint.
  epoch 19 batch 50/377 loss=0.300349
  epoch 19 batch 100/377 loss=0.300024
  epoch 19 batch 150/377 loss=0.300045
  epoch 19 batch 200/377 loss=0.299129
  epoch 19 batch 250/377 loss=0.299190
  epoch 19 batch 300/377 loss=0.299092
  epoch 19 batch 350/377 loss=0.299117
Epoch 19 | train_loss=0.298892 val_mse=0.437390 val_mae=0.300549 (65.0s)
  EarlyStopping: 1/8
  epoch 20 batch 50/377 loss=0.298630
  epoch 20 batch 100/377 loss=0.297469
  epoch 20 batch 150/377 loss=0.297400
  epoch 20 batch 200/377 loss=0.298072
  epoch 20 batch 250/377 loss=0.298046
  epoch 20 batch 300/377 loss=0.298304
  epoch 20 batch 350/377 loss=0.298510
Epoch 20 | train_loss=0.298191 val_mse=0.434929 val_mae=0.298056 (66.5s)
  EarlyStopping: 2/8
  epoch 21 batch 50/377 loss=0.298242
  epoch 21 batch 100/377 loss=0.299052
  epoch 21 batch 150/377 loss=0.299069
  epoch 21 batch 200/377 loss=0.298652
  epoch 21 batch 250/377 loss=0.297847
  epoch 21 batch 300/377 loss=0.297604
  epoch 21 batch 350/377 loss=0.297671
Epoch 21 | train_loss=0.297572 val_mse=0.437920 val_mae=0.300355 (66.6s)
  EarlyStopping: 3/8
  epoch 22 batch 50/377 loss=0.296988
  epoch 22 batch 100/377 loss=0.298390
  epoch 22 batch 150/377 loss=0.296431
  epoch 22 batch 200/377 loss=0.297263
  epoch 22 batch 250/377 loss=0.297945
  epoch 22 batch 300/377 loss=0.297195
  epoch 22 batch 350/377 loss=0.297163
Epoch 22 | train_loss=0.296936 val_mse=0.437599 val_mae=0.299909 (68.3s)
  EarlyStopping: 4/8
  epoch 23 batch 50/377 loss=0.293958
  epoch 23 batch 100/377 loss=0.295900
  epoch 23 batch 150/377 loss=0.296336
  epoch 23 batch 200/377 loss=0.297176
  epoch 23 batch 250/377 loss=0.296659
  epoch 23 batch 300/377 loss=0.296676
  epoch 23 batch 350/377 loss=0.296621
Epoch 23 | train_loss=0.296583 val_mse=0.436242 val_mae=0.299090 (70.0s)
  EarlyStopping: 5/8
  epoch 24 batch 50/377 loss=0.296679
  epoch 24 batch 100/377 loss=0.298640
  epoch 24 batch 150/377 loss=0.297594
  epoch 24 batch 200/377 loss=0.297000
  epoch 24 batch 250/377 loss=0.296664
  epoch 24 batch 300/377 loss=0.296455
  epoch 24 batch 350/377 loss=0.296129
Epoch 24 | train_loss=0.296181 val_mse=0.433767 val_mae=0.295851 (65.8s)
  Validation improved to 0.433767; saved checkpoint.
  epoch 25 batch 50/377 loss=0.295996
  epoch 25 batch 100/377 loss=0.296677
  epoch 25 batch 150/377 loss=0.296304
  epoch 25 batch 200/377 loss=0.296945
  epoch 25 batch 250/377 loss=0.296438
  epoch 25 batch 300/377 loss=0.296096
  epoch 25 batch 350/377 loss=0.295877
Epoch 25 | train_loss=0.295918 val_mse=0.437883 val_mae=0.300362 (64.9s)
  EarlyStopping: 1/8
  epoch 26 batch 50/377 loss=0.299155
  epoch 26 batch 100/377 loss=0.298218
  epoch 26 batch 150/377 loss=0.297316
  epoch 26 batch 200/377 loss=0.295759
  epoch 26 batch 250/377 loss=0.295929
  epoch 26 batch 300/377 loss=0.296074
  epoch 26 batch 350/377 loss=0.295781
Epoch 26 | train_loss=0.295708 val_mse=0.435757 val_mae=0.298598 (65.1s)
  EarlyStopping: 2/8
  epoch 27 batch 50/377 loss=0.292963
  epoch 27 batch 100/377 loss=0.296720
  epoch 27 batch 150/377 loss=0.295586
  epoch 27 batch 200/377 loss=0.295264
  epoch 27 batch 250/377 loss=0.295654
  epoch 27 batch 300/377 loss=0.295312
  epoch 27 batch 350/377 loss=0.295190
Epoch 27 | train_loss=0.295514 val_mse=0.435045 val_mae=0.297547 (65.1s)
  EarlyStopping: 3/8
  epoch 28 batch 50/377 loss=0.292043
  epoch 28 batch 100/377 loss=0.294065
  epoch 28 batch 150/377 loss=0.293773
  epoch 28 batch 200/377 loss=0.294266
  epoch 28 batch 250/377 loss=0.295435
  epoch 28 batch 300/377 loss=0.295391
  epoch 28 batch 350/377 loss=0.295064
Epoch 28 | train_loss=0.295337 val_mse=0.433648 val_mae=0.296147 (65.1s)
  Validation improved to 0.433648; saved checkpoint.
  epoch 29 batch 50/377 loss=0.298437
  epoch 29 batch 100/377 loss=0.297959
  epoch 29 batch 150/377 loss=0.296939
  epoch 29 batch 200/377 loss=0.296705
  epoch 29 batch 250/377 loss=0.296367
  epoch 29 batch 300/377 loss=0.295862
  epoch 29 batch 350/377 loss=0.295732
Epoch 29 | train_loss=0.295322 val_mse=0.434979 val_mae=0.297505 (64.9s)
  EarlyStopping: 1/8
  epoch 30 batch 50/377 loss=0.298448
  epoch 30 batch 100/377 loss=0.297791
  epoch 30 batch 150/377 loss=0.296245
  epoch 30 batch 200/377 loss=0.296532
  epoch 30 batch 250/377 loss=0.295396
  epoch 30 batch 300/377 loss=0.294969
  epoch 30 batch 350/377 loss=0.295039
Epoch 30 | train_loss=0.295267 val_mse=0.434728 val_mae=0.297175 (65.1s)
  EarlyStopping: 2/8

Test | mse=0.486854 mae=0.318797 rmse=0.697749
