============================================================
data:
  name: traffic
  root_path: data/traffic
  data_path: traffic.csv
  data_kind: custom
  features: M
  target: OT
  freq: h
  n_vars: 862
model:
  name: segrnn
  type: rnn
  d_model: 512
  seg_len: 48
  dropout: 0.5
train:
  name: default
  seq_len: 96
  label_len: 48
  pred_len: 336
  batch_size: 32
  num_workers: 4
  train_epochs: 30
  patience: 8
  learning_rate: 0.001
  loss: mse
  lradj: type3
  weight_decay: 0.0
  gradient_clip: 1.0
  use_amp: true
  gpu_resident_data: false
  matmul_precision: highest
  log_interval: 50
  val_interval: 1
  checkpoint_dir: checkpoints
  use_wandb: false
  wandb_project: vglg-tsf
seed: 2021
device: cuda
project: vglg-tsf
run_name: null
tag: supp_method_b

============================================================
Loaded data | train=11849 val=1421 test=3173
Built model: segrnn | params=1,848,112
  epoch 1 batch 50/370 loss=0.716810
  epoch 1 batch 100/370 loss=0.594587
  epoch 1 batch 150/370 loss=0.547513
  epoch 1 batch 200/370 loss=0.520790
  epoch 1 batch 250/370 loss=0.502177
  epoch 1 batch 300/370 loss=0.488138
  epoch 1 batch 350/370 loss=0.475826
Epoch 1 | train_loss=0.471155 val_mse=0.579454 val_mae=0.352590 (32.8s)
  Validation improved to 0.579454; saved checkpoint.
  epoch 2 batch 50/370 loss=0.384661
  epoch 2 batch 100/370 loss=0.379209
  epoch 2 batch 150/370 loss=0.376277
  epoch 2 batch 200/370 loss=0.373551
  epoch 2 batch 250/370 loss=0.370764
  epoch 2 batch 300/370 loss=0.368207
  epoch 2 batch 350/370 loss=0.366041
Epoch 2 | train_loss=0.365148 val_mse=0.533391 val_mae=0.321922 (30.8s)
  Validation improved to 0.533391; saved checkpoint.
  epoch 3 batch 50/370 loss=0.350598
  epoch 3 batch 100/370 loss=0.346554
  epoch 3 batch 150/370 loss=0.345717
  epoch 3 batch 200/370 loss=0.344858
  epoch 3 batch 250/370 loss=0.343339
  epoch 3 batch 300/370 loss=0.342451
  epoch 3 batch 350/370 loss=0.341823
Epoch 3 | train_loss=0.341471 val_mse=0.517309 val_mae=0.309964 (32.7s)
  Validation improved to 0.517309; saved checkpoint.
  epoch 4 batch 50/370 loss=0.330019
  epoch 4 batch 100/370 loss=0.331003
  epoch 4 batch 150/370 loss=0.331052
  epoch 4 batch 200/370 loss=0.330745
  epoch 4 batch 250/370 loss=0.330003
  epoch 4 batch 300/370 loss=0.330648
  epoch 4 batch 350/370 loss=0.330316
Epoch 4 | train_loss=0.330005 val_mse=0.508712 val_mae=0.307364 (30.9s)
  Validation improved to 0.508712; saved checkpoint.
  epoch 5 batch 50/370 loss=0.324807
  epoch 5 batch 100/370 loss=0.323624
  epoch 5 batch 150/370 loss=0.324489
  epoch 5 batch 200/370 loss=0.324812
  epoch 5 batch 250/370 loss=0.324768
  epoch 5 batch 300/370 loss=0.323908
  epoch 5 batch 350/370 loss=0.323647
Epoch 5 | train_loss=0.323571 val_mse=0.506620 val_mae=0.300127 (35.2s)
  Validation improved to 0.506620; saved checkpoint.
  epoch 6 batch 50/370 loss=0.320261
  epoch 6 batch 100/370 loss=0.318792
  epoch 6 batch 150/370 loss=0.319363
  epoch 6 batch 200/370 loss=0.319869
  epoch 6 batch 250/370 loss=0.319753
  epoch 6 batch 300/370 loss=0.319732
  epoch 6 batch 350/370 loss=0.319119
Epoch 6 | train_loss=0.318728 val_mse=0.496643 val_mae=0.291453 (31.2s)
  Validation improved to 0.496643; saved checkpoint.
  epoch 7 batch 50/370 loss=0.318590
  epoch 7 batch 100/370 loss=0.316688
  epoch 7 batch 150/370 loss=0.315303
  epoch 7 batch 200/370 loss=0.315077
  epoch 7 batch 250/370 loss=0.315038
  epoch 7 batch 300/370 loss=0.314735
  epoch 7 batch 350/370 loss=0.314846
Epoch 7 | train_loss=0.315097 val_mse=0.496471 val_mae=0.292881 (33.6s)
  Validation improved to 0.496471; saved checkpoint.
  epoch 8 batch 50/370 loss=0.312943
  epoch 8 batch 100/370 loss=0.312991
  epoch 8 batch 150/370 loss=0.312739
  epoch 8 batch 200/370 loss=0.311853
  epoch 8 batch 250/370 loss=0.312672
  epoch 8 batch 300/370 loss=0.312427
  epoch 8 batch 350/370 loss=0.312314
Epoch 8 | train_loss=0.312183 val_mse=0.487866 val_mae=0.290198 (31.1s)
  Validation improved to 0.487866; saved checkpoint.
  epoch 9 batch 50/370 loss=0.307706
  epoch 9 batch 100/370 loss=0.309184
  epoch 9 batch 150/370 loss=0.309706
  epoch 9 batch 200/370 loss=0.309082
  epoch 9 batch 250/370 loss=0.309281
  epoch 9 batch 300/370 loss=0.309722
  epoch 9 batch 350/370 loss=0.309663
Epoch 9 | train_loss=0.309616 val_mse=0.485738 val_mae=0.286042 (31.8s)
  Validation improved to 0.485738; saved checkpoint.
  epoch 10 batch 50/370 loss=0.306506
  epoch 10 batch 100/370 loss=0.307280
  epoch 10 batch 150/370 loss=0.308335
  epoch 10 batch 200/370 loss=0.308349
  epoch 10 batch 250/370 loss=0.308069
  epoch 10 batch 300/370 loss=0.307675
  epoch 10 batch 350/370 loss=0.307670
Epoch 10 | train_loss=0.307445 val_mse=0.489838 val_mae=0.290820 (31.0s)
  EarlyStopping: 1/8
  epoch 11 batch 50/370 loss=0.306317
  epoch 11 batch 100/370 loss=0.306779
  epoch 11 batch 150/370 loss=0.306392
  epoch 11 batch 200/370 loss=0.306008
  epoch 11 batch 250/370 loss=0.306323
  epoch 11 batch 300/370 loss=0.305756
  epoch 11 batch 350/370 loss=0.305725
Epoch 11 | train_loss=0.305661 val_mse=0.481249 val_mae=0.285663 (30.8s)
  Validation improved to 0.481249; saved checkpoint.
  epoch 12 batch 50/370 loss=0.302972
  epoch 12 batch 100/370 loss=0.303655
  epoch 12 batch 150/370 loss=0.303754
  epoch 12 batch 200/370 loss=0.303710
  epoch 12 batch 250/370 loss=0.304055
  epoch 12 batch 300/370 loss=0.304039
  epoch 12 batch 350/370 loss=0.303917
Epoch 12 | train_loss=0.303959 val_mse=0.485950 val_mae=0.283675 (31.2s)
  EarlyStopping: 1/8
  epoch 13 batch 50/370 loss=0.301463
  epoch 13 batch 100/370 loss=0.301563
  epoch 13 batch 150/370 loss=0.302170
  epoch 13 batch 200/370 loss=0.302295
  epoch 13 batch 250/370 loss=0.302162
  epoch 13 batch 300/370 loss=0.302347
  epoch 13 batch 350/370 loss=0.302223
Epoch 13 | train_loss=0.302250 val_mse=0.478101 val_mae=0.281389 (30.8s)
  Validation improved to 0.478101; saved checkpoint.
  epoch 14 batch 50/370 loss=0.300593
  epoch 14 batch 100/370 loss=0.301153
  epoch 14 batch 150/370 loss=0.301048
  epoch 14 batch 200/370 loss=0.300990
  epoch 14 batch 250/370 loss=0.300619
  epoch 14 batch 300/370 loss=0.300705
  epoch 14 batch 350/370 loss=0.300921
Epoch 14 | train_loss=0.301103 val_mse=0.476752 val_mae=0.280985 (30.7s)
  Validation improved to 0.476752; saved checkpoint.
  epoch 15 batch 50/370 loss=0.299949
  epoch 15 batch 100/370 loss=0.299464
  epoch 15 batch 150/370 loss=0.299527
  epoch 15 batch 200/370 loss=0.299922
  epoch 15 batch 250/370 loss=0.299831
  epoch 15 batch 300/370 loss=0.299921
  epoch 15 batch 350/370 loss=0.299802
Epoch 15 | train_loss=0.299935 val_mse=0.475355 val_mae=0.279509 (30.8s)
  Validation improved to 0.475355; saved checkpoint.
  epoch 16 batch 50/370 loss=0.297018
  epoch 16 batch 100/370 loss=0.298272
  epoch 16 batch 150/370 loss=0.298266
  epoch 16 batch 200/370 loss=0.299032
  epoch 16 batch 250/370 loss=0.298882
  epoch 16 batch 300/370 loss=0.298856
  epoch 16 batch 350/370 loss=0.298748
Epoch 16 | train_loss=0.298643 val_mse=0.474045 val_mae=0.279275 (31.4s)
  Validation improved to 0.474045; saved checkpoint.
  epoch 17 batch 50/370 loss=0.298646
  epoch 17 batch 100/370 loss=0.297318
  epoch 17 batch 150/370 loss=0.297044
  epoch 17 batch 200/370 loss=0.297543
  epoch 17 batch 250/370 loss=0.297146
  epoch 17 batch 300/370 loss=0.297427
  epoch 17 batch 350/370 loss=0.297508
Epoch 17 | train_loss=0.297631 val_mse=0.471453 val_mae=0.279718 (34.5s)
  Validation improved to 0.471453; saved checkpoint.
  epoch 18 batch 50/370 loss=0.295122
  epoch 18 batch 100/370 loss=0.297010
  epoch 18 batch 150/370 loss=0.297137
  epoch 18 batch 200/370 loss=0.297046
  epoch 18 batch 250/370 loss=0.296740
  epoch 18 batch 300/370 loss=0.296906
  epoch 18 batch 350/370 loss=0.296891
Epoch 18 | train_loss=0.296657 val_mse=0.470158 val_mae=0.277495 (31.7s)
  Validation improved to 0.470158; saved checkpoint.
  epoch 19 batch 50/370 loss=0.297489
  epoch 19 batch 100/370 loss=0.296200
  epoch 19 batch 150/370 loss=0.295866
  epoch 19 batch 200/370 loss=0.296308
  epoch 19 batch 250/370 loss=0.295790
  epoch 19 batch 300/370 loss=0.295483
  epoch 19 batch 350/370 loss=0.295838
Epoch 19 | train_loss=0.295839 val_mse=0.471442 val_mae=0.275515 (30.6s)
  EarlyStopping: 1/8
  epoch 20 batch 50/370 loss=0.297084
  epoch 20 batch 100/370 loss=0.296037
  epoch 20 batch 150/370 loss=0.296158
  epoch 20 batch 200/370 loss=0.295397
  epoch 20 batch 250/370 loss=0.295241
  epoch 20 batch 300/370 loss=0.295038
  epoch 20 batch 350/370 loss=0.295118
Epoch 20 | train_loss=0.295134 val_mse=0.469946 val_mae=0.281798 (31.1s)
  Validation improved to 0.469946; saved checkpoint.
  epoch 21 batch 50/370 loss=0.296353
  epoch 21 batch 100/370 loss=0.296318
  epoch 21 batch 150/370 loss=0.294863
  epoch 21 batch 200/370 loss=0.294556
  epoch 21 batch 250/370 loss=0.294459
  epoch 21 batch 300/370 loss=0.294455
  epoch 21 batch 350/370 loss=0.294299
Epoch 21 | train_loss=0.294249 val_mse=0.467403 val_mae=0.272825 (34.9s)
  Validation improved to 0.467403; saved checkpoint.
  epoch 22 batch 50/370 loss=0.293840
  epoch 22 batch 100/370 loss=0.293925
  epoch 22 batch 150/370 loss=0.293406
  epoch 22 batch 200/370 loss=0.293031
  epoch 22 batch 250/370 loss=0.293075
  epoch 22 batch 300/370 loss=0.293264
  epoch 22 batch 350/370 loss=0.293401
Epoch 22 | train_loss=0.293590 val_mse=0.467054 val_mae=0.273982 (31.4s)
  Validation improved to 0.467054; saved checkpoint.
  epoch 23 batch 50/370 loss=0.295618
  epoch 23 batch 100/370 loss=0.295242
  epoch 23 batch 150/370 loss=0.294282
  epoch 23 batch 200/370 loss=0.293959
  epoch 23 batch 250/370 loss=0.293539
  epoch 23 batch 300/370 loss=0.293269
  epoch 23 batch 350/370 loss=0.293086
Epoch 23 | train_loss=0.292955 val_mse=0.467462 val_mae=0.272600 (31.6s)
  EarlyStopping: 1/8
  epoch 24 batch 50/370 loss=0.292250
  epoch 24 batch 100/370 loss=0.292877
  epoch 24 batch 150/370 loss=0.292475
  epoch 24 batch 200/370 loss=0.292688
  epoch 24 batch 250/370 loss=0.292668
  epoch 24 batch 300/370 loss=0.292763
  epoch 24 batch 350/370 loss=0.292780
Epoch 24 | train_loss=0.292612 val_mse=0.466081 val_mae=0.273082 (30.8s)
  Validation improved to 0.466081; saved checkpoint.
  epoch 25 batch 50/370 loss=0.291648
  epoch 25 batch 100/370 loss=0.291633
  epoch 25 batch 150/370 loss=0.292087
  epoch 25 batch 200/370 loss=0.291837
  epoch 25 batch 250/370 loss=0.292393
  epoch 25 batch 300/370 loss=0.292383
  epoch 25 batch 350/370 loss=0.292282
Epoch 25 | train_loss=0.292099 val_mse=0.465723 val_mae=0.271699 (31.5s)
  Validation improved to 0.465723; saved checkpoint.
  epoch 26 batch 50/370 loss=0.292334
  epoch 26 batch 100/370 loss=0.291835
  epoch 26 batch 150/370 loss=0.291318
  epoch 26 batch 200/370 loss=0.291659
  epoch 26 batch 250/370 loss=0.291407
  epoch 26 batch 300/370 loss=0.291780
  epoch 26 batch 350/370 loss=0.291672
Epoch 26 | train_loss=0.291724 val_mse=0.465776 val_mae=0.271701 (30.8s)
  EarlyStopping: 1/8
  epoch 27 batch 50/370 loss=0.290455
  epoch 27 batch 100/370 loss=0.291031
  epoch 27 batch 150/370 loss=0.290883
  epoch 27 batch 200/370 loss=0.291174
  epoch 27 batch 250/370 loss=0.291650
  epoch 27 batch 300/370 loss=0.291610
  epoch 27 batch 350/370 loss=0.291442
Epoch 27 | train_loss=0.291440 val_mse=0.465233 val_mae=0.271029 (30.9s)
  Validation improved to 0.465233; saved checkpoint.
  epoch 28 batch 50/370 loss=0.290867
  epoch 28 batch 100/370 loss=0.290598
  epoch 28 batch 150/370 loss=0.291120
  epoch 28 batch 200/370 loss=0.291627
  epoch 28 batch 250/370 loss=0.291657
  epoch 28 batch 300/370 loss=0.291309
  epoch 28 batch 350/370 loss=0.291261
Epoch 28 | train_loss=0.291198 val_mse=0.465401 val_mae=0.271111 (31.3s)
  EarlyStopping: 1/8
  epoch 29 batch 50/370 loss=0.293385
  epoch 29 batch 100/370 loss=0.291049
  epoch 29 batch 150/370 loss=0.290928
  epoch 29 batch 200/370 loss=0.291204
  epoch 29 batch 250/370 loss=0.290841
  epoch 29 batch 300/370 loss=0.290789
  epoch 29 batch 350/370 loss=0.290855
Epoch 29 | train_loss=0.291009 val_mse=0.465180 val_mae=0.271115 (31.0s)
  Validation improved to 0.465180; saved checkpoint.
  epoch 30 batch 50/370 loss=0.291978
  epoch 30 batch 100/370 loss=0.291590
  epoch 30 batch 150/370 loss=0.291174
  epoch 30 batch 200/370 loss=0.290957
  epoch 30 batch 250/370 loss=0.290899
  epoch 30 batch 300/370 loss=0.290799
  epoch 30 batch 350/370 loss=0.290980
Epoch 30 | train_loss=0.290928 val_mse=0.465060 val_mae=0.270908 (30.6s)
  Validation improved to 0.465060; saved checkpoint.

Test | mse=0.622959 mae=0.308983 rmse=0.789277
