============================================================
data:
  name: weather
  root_path: data/weather
  data_path: weather.csv
  data_kind: custom
  features: M
  target: OT
  freq: t
  n_vars: 21
model:
  name: itransformer
  type: transformer
  d_model: 256
  d_ff: 256
  e_layers: 2
  n_heads: 8
  factor: 1
  dropout: 0.1
  activation: gelu
  use_norm: 1
  output_attention: false
train:
  name: default
  seq_len: 96
  label_len: 48
  pred_len: 192
  batch_size: 32
  num_workers: 4
  train_epochs: 10
  patience: 3
  learning_rate: 0.0005
  loss: mse
  lradj: type1
  weight_decay: 0.0
  gradient_clip: 1.0
  use_amp: true
  gpu_resident_data: false
  matmul_precision: highest
  log_interval: 50
  val_interval: 1
  checkpoint_dir: checkpoints
  use_wandb: false
  wandb_project: vglg-tsf
seed: 2021
device: cuda
project: vglg-tsf
run_name: null
tag: supp_method_b

============================================================
Loaded data | train=36600 val=5079 test=10348
Built model: itransformer | params=866,240
  epoch 1 batch 50/1143 loss=0.654046
  epoch 1 batch 100/1143 loss=0.623776
  epoch 1 batch 150/1143 loss=0.618898
  epoch 1 batch 200/1143 loss=0.616465
  epoch 1 batch 250/1143 loss=0.609923
  epoch 1 batch 300/1143 loss=0.596145
  epoch 1 batch 350/1143 loss=0.587401
  epoch 1 batch 400/1143 loss=0.582902
  epoch 1 batch 450/1143 loss=0.580682
  epoch 1 batch 500/1143 loss=0.579840
  epoch 1 batch 550/1143 loss=0.580236
  epoch 1 batch 600/1143 loss=0.574416
  epoch 1 batch 650/1143 loss=0.570775
  epoch 1 batch 700/1143 loss=0.570163
  epoch 1 batch 750/1143 loss=0.566885
  epoch 1 batch 800/1143 loss=0.567200
  epoch 1 batch 850/1143 loss=0.562978
  epoch 1 batch 900/1143 loss=0.560359
  epoch 1 batch 950/1143 loss=0.558428
  epoch 1 batch 1000/1143 loss=0.557007
  epoch 1 batch 1050/1143 loss=0.557858
  epoch 1 batch 1100/1143 loss=0.556941
Epoch 1 | train_loss=0.554720 val_mse=0.526947 val_mae=0.343219 (9.3s)
  Validation improved to 0.526947; saved checkpoint.
  epoch 2 batch 50/1143 loss=0.475409
  epoch 2 batch 100/1143 loss=0.494143
  epoch 2 batch 150/1143 loss=0.490986
  epoch 2 batch 200/1143 loss=0.497070
  epoch 2 batch 250/1143 loss=0.496966
  epoch 2 batch 300/1143 loss=0.509542
  epoch 2 batch 350/1143 loss=0.511596
  epoch 2 batch 400/1143 loss=0.510354
  epoch 2 batch 450/1143 loss=0.515756
  epoch 2 batch 500/1143 loss=0.515032
  epoch 2 batch 550/1143 loss=0.518536
  epoch 2 batch 600/1143 loss=0.519624
  epoch 2 batch 650/1143 loss=0.520932
  epoch 2 batch 700/1143 loss=0.520762
  epoch 2 batch 750/1143 loss=0.516852
  epoch 2 batch 800/1143 loss=0.518446
  epoch 2 batch 850/1143 loss=0.519798
  epoch 2 batch 900/1143 loss=0.518411
  epoch 2 batch 950/1143 loss=0.517934
  epoch 2 batch 1000/1143 loss=0.517230
  epoch 2 batch 1050/1143 loss=0.519010
  epoch 2 batch 1100/1143 loss=0.520701
Epoch 2 | train_loss=0.519559 val_mse=0.507950 val_mae=0.336207 (9.3s)
  Validation improved to 0.507950; saved checkpoint.
  epoch 3 batch 50/1143 loss=0.486167
  epoch 3 batch 100/1143 loss=0.492314
  epoch 3 batch 150/1143 loss=0.490888
  epoch 3 batch 200/1143 loss=0.485935
  epoch 3 batch 250/1143 loss=0.499038
  epoch 3 batch 300/1143 loss=0.495255
  epoch 3 batch 350/1143 loss=0.499566
  epoch 3 batch 400/1143 loss=0.499253
  epoch 3 batch 450/1143 loss=0.493580
  epoch 3 batch 500/1143 loss=0.496286
  epoch 3 batch 550/1143 loss=0.493955
  epoch 3 batch 600/1143 loss=0.494386
  epoch 3 batch 650/1143 loss=0.497816
  epoch 3 batch 700/1143 loss=0.493378
  epoch 3 batch 750/1143 loss=0.493408
  epoch 3 batch 800/1143 loss=0.491876
  epoch 3 batch 850/1143 loss=0.492218
  epoch 3 batch 900/1143 loss=0.492157
  epoch 3 batch 950/1143 loss=0.493428
  epoch 3 batch 1000/1143 loss=0.493318
  epoch 3 batch 1050/1143 loss=0.492032
  epoch 3 batch 1100/1143 loss=0.494817
Epoch 3 | train_loss=0.493984 val_mse=0.502323 val_mae=0.334298 (9.1s)
  Validation improved to 0.502323; saved checkpoint.
  epoch 4 batch 50/1143 loss=0.492628
  epoch 4 batch 100/1143 loss=0.487836
  epoch 4 batch 150/1143 loss=0.478353
  epoch 4 batch 200/1143 loss=0.477069
  epoch 4 batch 250/1143 loss=0.487612
  epoch 4 batch 300/1143 loss=0.482905
  epoch 4 batch 350/1143 loss=0.476530
  epoch 4 batch 400/1143 loss=0.475161
  epoch 4 batch 450/1143 loss=0.471576
  epoch 4 batch 500/1143 loss=0.474698
  epoch 4 batch 550/1143 loss=0.478662
  epoch 4 batch 600/1143 loss=0.480333
  epoch 4 batch 650/1143 loss=0.478751
  epoch 4 batch 700/1143 loss=0.480036
  epoch 4 batch 750/1143 loss=0.478043
  epoch 4 batch 800/1143 loss=0.474995
  epoch 4 batch 850/1143 loss=0.474465
  epoch 4 batch 900/1143 loss=0.474858
  epoch 4 batch 950/1143 loss=0.477899
  epoch 4 batch 1000/1143 loss=0.478013
  epoch 4 batch 1050/1143 loss=0.478772
  epoch 4 batch 1100/1143 loss=0.478283
Epoch 4 | train_loss=0.478706 val_mse=0.512436 val_mae=0.334922 (9.3s)
  EarlyStopping: 1/3
  epoch 5 batch 50/1143 loss=0.444162
  epoch 5 batch 100/1143 loss=0.442434
  epoch 5 batch 150/1143 loss=0.448707
  epoch 5 batch 200/1143 loss=0.457084
  epoch 5 batch 250/1143 loss=0.466057
  epoch 5 batch 300/1143 loss=0.463095
  epoch 5 batch 350/1143 loss=0.465792
  epoch 5 batch 400/1143 loss=0.471823
  epoch 5 batch 450/1143 loss=0.470769
  epoch 5 batch 500/1143 loss=0.471097
  epoch 5 batch 550/1143 loss=0.466806
  epoch 5 batch 600/1143 loss=0.465778
  epoch 5 batch 650/1143 loss=0.469115
  epoch 5 batch 700/1143 loss=0.466441
  epoch 5 batch 750/1143 loss=0.468043
  epoch 5 batch 800/1143 loss=0.470099
  epoch 5 batch 850/1143 loss=0.471137
  epoch 5 batch 900/1143 loss=0.470777
  epoch 5 batch 950/1143 loss=0.469190
  epoch 5 batch 1000/1143 loss=0.467751
  epoch 5 batch 1050/1143 loss=0.468530
  epoch 5 batch 1100/1143 loss=0.468782
Epoch 5 | train_loss=0.469117 val_mse=0.510101 val_mae=0.334777 (9.4s)
  EarlyStopping: 2/3
  epoch 6 batch 50/1143 loss=0.477331
  epoch 6 batch 100/1143 loss=0.494661
  epoch 6 batch 150/1143 loss=0.485989
  epoch 6 batch 200/1143 loss=0.468313
  epoch 6 batch 250/1143 loss=0.461025
  epoch 6 batch 300/1143 loss=0.462168
  epoch 6 batch 350/1143 loss=0.458581
  epoch 6 batch 400/1143 loss=0.463184
  epoch 6 batch 450/1143 loss=0.468239
  epoch 6 batch 500/1143 loss=0.466850
  epoch 6 batch 550/1143 loss=0.469990
  epoch 6 batch 600/1143 loss=0.470354
  epoch 6 batch 650/1143 loss=0.471220
  epoch 6 batch 700/1143 loss=0.467662
  epoch 6 batch 750/1143 loss=0.466576
  epoch 6 batch 800/1143 loss=0.463330
  epoch 6 batch 850/1143 loss=0.463041
  epoch 6 batch 900/1143 loss=0.462542
  epoch 6 batch 950/1143 loss=0.466107
  epoch 6 batch 1000/1143 loss=0.466687
  epoch 6 batch 1050/1143 loss=0.465073
  epoch 6 batch 1100/1143 loss=0.464506
Epoch 6 | train_loss=0.464478 val_mse=0.513642 val_mae=0.335081 (9.1s)
  EarlyStopping: 3/3
Early stopping at epoch 6.

Test | mse=0.223442 mae=0.257079 rmse=0.472696
