============================================================
data:
  name: weather
  root_path: data/weather
  data_path: weather.csv
  data_kind: custom
  features: M
  target: OT
  freq: t
  n_vars: 21
model:
  name: lstm
  type: rnn
  d_model: 128
  e_layers: 2
  dropout: 0.1
  revin: true
  affine: true
train:
  name: default
  seq_len: 96
  label_len: 48
  pred_len: 96
  batch_size: 32
  num_workers: 4
  train_epochs: 10
  patience: 3
  learning_rate: 0.001
  loss: mse
  lradj: type1
  weight_decay: 0.0
  gradient_clip: 1.0
  use_amp: true
  gpu_resident_data: false
  matmul_precision: highest
  log_interval: 50
  val_interval: 1
  checkpoint_dir: checkpoints
  use_wandb: false
  wandb_project: vglg-tsf
seed: 2021
device: cuda
project: vglg-tsf
run_name: null
tag: supp_method_b

============================================================
Loaded data | train=36696 val=5175 test=10444
Built model: lstm | params=211,594
  epoch 1 batch 50/1146 loss=0.590002
  epoch 1 batch 100/1146 loss=0.562149
  epoch 1 batch 150/1146 loss=0.548201
  epoch 1 batch 200/1146 loss=0.544807
  epoch 1 batch 250/1146 loss=0.549495
  epoch 1 batch 300/1146 loss=0.547202
  epoch 1 batch 350/1146 loss=0.533652
  epoch 1 batch 400/1146 loss=0.529424
  epoch 1 batch 450/1146 loss=0.524993
  epoch 1 batch 500/1146 loss=0.523225
  epoch 1 batch 550/1146 loss=0.523176
  epoch 1 batch 600/1146 loss=0.519128
  epoch 1 batch 650/1146 loss=0.521119
  epoch 1 batch 700/1146 loss=0.518009
  epoch 1 batch 750/1146 loss=0.517023
  epoch 1 batch 800/1146 loss=0.512081
  epoch 1 batch 850/1146 loss=0.506345
  epoch 1 batch 900/1146 loss=0.505301
  epoch 1 batch 950/1146 loss=0.502630
  epoch 1 batch 1000/1146 loss=0.498472
  epoch 1 batch 1050/1146 loss=0.494790
  epoch 1 batch 1100/1146 loss=0.491987
Epoch 1 | train_loss=0.487526 val_mse=0.419312 val_mae=0.291591 (8.9s)
  Validation improved to 0.419312; saved checkpoint.
  epoch 2 batch 50/1146 loss=0.404655
  epoch 2 batch 100/1146 loss=0.417458
  epoch 2 batch 150/1146 loss=0.428618
  epoch 2 batch 200/1146 loss=0.432109
  epoch 2 batch 250/1146 loss=0.435951
  epoch 2 batch 300/1146 loss=0.429387
  epoch 2 batch 350/1146 loss=0.430501
  epoch 2 batch 400/1146 loss=0.429042
  epoch 2 batch 450/1146 loss=0.425334
  epoch 2 batch 500/1146 loss=0.428207
  epoch 2 batch 550/1146 loss=0.430705
  epoch 2 batch 600/1146 loss=0.430909
  epoch 2 batch 650/1146 loss=0.429960
  epoch 2 batch 700/1146 loss=0.429919
  epoch 2 batch 750/1146 loss=0.428690
  epoch 2 batch 800/1146 loss=0.429571
  epoch 2 batch 850/1146 loss=0.428166
  epoch 2 batch 900/1146 loss=0.433738
  epoch 2 batch 950/1146 loss=0.434483
  epoch 2 batch 1000/1146 loss=0.434019
  epoch 2 batch 1050/1146 loss=0.436765
  epoch 2 batch 1100/1146 loss=0.436640
Epoch 2 | train_loss=0.435693 val_mse=0.412200 val_mae=0.280648 (6.9s)
  Validation improved to 0.412200; saved checkpoint.
  epoch 3 batch 50/1146 loss=0.363305
  epoch 3 batch 100/1146 loss=0.375624
  epoch 3 batch 150/1146 loss=0.394018
  epoch 3 batch 200/1146 loss=0.399734
  epoch 3 batch 250/1146 loss=0.398680
  epoch 3 batch 300/1146 loss=0.401484
  epoch 3 batch 350/1146 loss=0.403155
  epoch 3 batch 400/1146 loss=0.409505
  epoch 3 batch 450/1146 loss=0.414726
  epoch 3 batch 500/1146 loss=0.414581
  epoch 3 batch 550/1146 loss=0.415889
  epoch 3 batch 600/1146 loss=0.419396
  epoch 3 batch 650/1146 loss=0.415656
  epoch 3 batch 700/1146 loss=0.416448
  epoch 3 batch 750/1146 loss=0.416731
  epoch 3 batch 800/1146 loss=0.419717
  epoch 3 batch 850/1146 loss=0.417338
  epoch 3 batch 900/1146 loss=0.420730
  epoch 3 batch 950/1146 loss=0.420285
  epoch 3 batch 1000/1146 loss=0.424546
  epoch 3 batch 1050/1146 loss=0.422021
  epoch 3 batch 1100/1146 loss=0.422649
Epoch 3 | train_loss=0.420452 val_mse=0.399556 val_mae=0.272693 (6.4s)
  Validation improved to 0.399556; saved checkpoint.
  epoch 4 batch 50/1146 loss=0.356740
  epoch 4 batch 100/1146 loss=0.385529
  epoch 4 batch 150/1146 loss=0.386489
  epoch 4 batch 200/1146 loss=0.397563
  epoch 4 batch 250/1146 loss=0.400621
  epoch 4 batch 300/1146 loss=0.400406
  epoch 4 batch 350/1146 loss=0.403407
  epoch 4 batch 400/1146 loss=0.405038
  epoch 4 batch 450/1146 loss=0.414592
  epoch 4 batch 500/1146 loss=0.414920
  epoch 4 batch 550/1146 loss=0.409694
  epoch 4 batch 600/1146 loss=0.410392
  epoch 4 batch 650/1146 loss=0.409473
  epoch 4 batch 700/1146 loss=0.411588
  epoch 4 batch 750/1146 loss=0.415524
  epoch 4 batch 800/1146 loss=0.413539
  epoch 4 batch 850/1146 loss=0.410024
  epoch 4 batch 900/1146 loss=0.409712
  epoch 4 batch 950/1146 loss=0.408129
  epoch 4 batch 1000/1146 loss=0.411128
  epoch 4 batch 1050/1146 loss=0.410891
  epoch 4 batch 1100/1146 loss=0.412469
Epoch 4 | train_loss=0.413557 val_mse=0.402380 val_mae=0.273140 (6.1s)
  EarlyStopping: 1/3
  epoch 5 batch 50/1146 loss=0.448357
  epoch 5 batch 100/1146 loss=0.484233
  epoch 5 batch 150/1146 loss=0.455832
  epoch 5 batch 200/1146 loss=0.442652
  epoch 5 batch 250/1146 loss=0.426169
  epoch 5 batch 300/1146 loss=0.413142
  epoch 5 batch 350/1146 loss=0.410157
  epoch 5 batch 400/1146 loss=0.407945
  epoch 5 batch 450/1146 loss=0.411647
  epoch 5 batch 500/1146 loss=0.406729
  epoch 5 batch 550/1146 loss=0.402430
  epoch 5 batch 600/1146 loss=0.404760
  epoch 5 batch 650/1146 loss=0.402223
  epoch 5 batch 700/1146 loss=0.398320
  epoch 5 batch 750/1146 loss=0.399807
  epoch 5 batch 800/1146 loss=0.401735
  epoch 5 batch 850/1146 loss=0.400759
  epoch 5 batch 900/1146 loss=0.405842
  epoch 5 batch 950/1146 loss=0.406732
  epoch 5 batch 1000/1146 loss=0.407142
  epoch 5 batch 1050/1146 loss=0.406908
  epoch 5 batch 1100/1146 loss=0.407056
Epoch 5 | train_loss=0.408950 val_mse=0.401898 val_mae=0.274416 (8.0s)
  EarlyStopping: 2/3
  epoch 6 batch 50/1146 loss=0.344695
  epoch 6 batch 100/1146 loss=0.388624
  epoch 6 batch 150/1146 loss=0.396404
  epoch 6 batch 200/1146 loss=0.401181
  epoch 6 batch 250/1146 loss=0.404653
  epoch 6 batch 300/1146 loss=0.399460
  epoch 6 batch 350/1146 loss=0.400827
  epoch 6 batch 400/1146 loss=0.397797
  epoch 6 batch 450/1146 loss=0.395668
  epoch 6 batch 500/1146 loss=0.393181
  epoch 6 batch 550/1146 loss=0.393473
  epoch 6 batch 600/1146 loss=0.400802
  epoch 6 batch 650/1146 loss=0.400539
  epoch 6 batch 700/1146 loss=0.404007
  epoch 6 batch 750/1146 loss=0.403009
  epoch 6 batch 800/1146 loss=0.408876
  epoch 6 batch 850/1146 loss=0.406847
  epoch 6 batch 900/1146 loss=0.405358
  epoch 6 batch 950/1146 loss=0.404148
  epoch 6 batch 1000/1146 loss=0.404984
  epoch 6 batch 1050/1146 loss=0.403947
  epoch 6 batch 1100/1146 loss=0.403569
Epoch 6 | train_loss=0.406084 val_mse=0.399196 val_mae=0.270580 (8.2s)
  Validation improved to 0.399196; saved checkpoint.
  epoch 7 batch 50/1146 loss=0.409687
  epoch 7 batch 100/1146 loss=0.395903
  epoch 7 batch 150/1146 loss=0.399482
  epoch 7 batch 200/1146 loss=0.431097
  epoch 7 batch 250/1146 loss=0.421859
  epoch 7 batch 300/1146 loss=0.418612
  epoch 7 batch 350/1146 loss=0.414846
  epoch 7 batch 400/1146 loss=0.412264
  epoch 7 batch 450/1146 loss=0.412434
  epoch 7 batch 500/1146 loss=0.416620
  epoch 7 batch 550/1146 loss=0.420220
  epoch 7 batch 600/1146 loss=0.421337
  epoch 7 batch 650/1146 loss=0.419450
  epoch 7 batch 700/1146 loss=0.421189
  epoch 7 batch 750/1146 loss=0.418235
  epoch 7 batch 800/1146 loss=0.414501
  epoch 7 batch 850/1146 loss=0.414432
  epoch 7 batch 900/1146 loss=0.411703
  epoch 7 batch 950/1146 loss=0.411132
  epoch 7 batch 1000/1146 loss=0.409548
  epoch 7 batch 1050/1146 loss=0.408855
  epoch 7 batch 1100/1146 loss=0.406296
Epoch 7 | train_loss=0.404360 val_mse=0.399130 val_mae=0.270248 (8.1s)
  Validation improved to 0.399130; saved checkpoint.
  epoch 8 batch 50/1146 loss=0.374812
  epoch 8 batch 100/1146 loss=0.380088
  epoch 8 batch 150/1146 loss=0.372794
  epoch 8 batch 200/1146 loss=0.370524
  epoch 8 batch 250/1146 loss=0.377155
  epoch 8 batch 300/1146 loss=0.384144
  epoch 8 batch 350/1146 loss=0.392887
  epoch 8 batch 400/1146 loss=0.390090
  epoch 8 batch 450/1146 loss=0.392570
  epoch 8 batch 500/1146 loss=0.392362
  epoch 8 batch 550/1146 loss=0.393450
  epoch 8 batch 600/1146 loss=0.394521
  epoch 8 batch 650/1146 loss=0.398772
  epoch 8 batch 700/1146 loss=0.398815
  epoch 8 batch 750/1146 loss=0.396507
  epoch 8 batch 800/1146 loss=0.398759
  epoch 8 batch 850/1146 loss=0.399365
  epoch 8 batch 900/1146 loss=0.397970
  epoch 8 batch 950/1146 loss=0.399102
  epoch 8 batch 1000/1146 loss=0.400618
  epoch 8 batch 1050/1146 loss=0.399500
  epoch 8 batch 1100/1146 loss=0.400831
Epoch 8 | train_loss=0.403732 val_mse=0.399150 val_mae=0.270444 (8.5s)
  EarlyStopping: 1/3
  epoch 9 batch 50/1146 loss=0.410376
  epoch 9 batch 100/1146 loss=0.406063
  epoch 9 batch 150/1146 loss=0.392329
  epoch 9 batch 200/1146 loss=0.383718
  epoch 9 batch 250/1146 loss=0.380715
  epoch 9 batch 300/1146 loss=0.392421
  epoch 9 batch 350/1146 loss=0.396843
  epoch 9 batch 400/1146 loss=0.404508
  epoch 9 batch 450/1146 loss=0.400435
  epoch 9 batch 500/1146 loss=0.405795
  epoch 9 batch 550/1146 loss=0.407414
  epoch 9 batch 600/1146 loss=0.408778
  epoch 9 batch 650/1146 loss=0.408385
  epoch 9 batch 700/1146 loss=0.405614
  epoch 9 batch 750/1146 loss=0.403644
  epoch 9 batch 800/1146 loss=0.400170
  epoch 9 batch 850/1146 loss=0.403408
  epoch 9 batch 900/1146 loss=0.404582
  epoch 9 batch 950/1146 loss=0.403474
  epoch 9 batch 1000/1146 loss=0.404867
  epoch 9 batch 1050/1146 loss=0.405626
  epoch 9 batch 1100/1146 loss=0.403792
Epoch 9 | train_loss=0.403182 val_mse=0.398131 val_mae=0.269266 (8.5s)
  Validation improved to 0.398131; saved checkpoint.
  epoch 10 batch 50/1146 loss=0.366068
  epoch 10 batch 100/1146 loss=0.391381
  epoch 10 batch 150/1146 loss=0.395132
  epoch 10 batch 200/1146 loss=0.397122
  epoch 10 batch 250/1146 loss=0.391448
  epoch 10 batch 300/1146 loss=0.397365
  epoch 10 batch 350/1146 loss=0.388694
  epoch 10 batch 400/1146 loss=0.388370
  epoch 10 batch 450/1146 loss=0.392020
  epoch 10 batch 500/1146 loss=0.388667
  epoch 10 batch 550/1146 loss=0.391047
  epoch 10 batch 600/1146 loss=0.391575
  epoch 10 batch 650/1146 loss=0.405419
  epoch 10 batch 700/1146 loss=0.404426
  epoch 10 batch 750/1146 loss=0.406460
  epoch 10 batch 800/1146 loss=0.406663
  epoch 10 batch 850/1146 loss=0.402579
  epoch 10 batch 900/1146 loss=0.403479
  epoch 10 batch 950/1146 loss=0.400329
  epoch 10 batch 1000/1146 loss=0.400908
  epoch 10 batch 1050/1146 loss=0.402972
  epoch 10 batch 1100/1146 loss=0.404882
Epoch 10 | train_loss=0.402958 val_mse=0.398478 val_mae=0.270035 (7.9s)
  EarlyStopping: 1/3

Test | mse=0.165361 mae=0.210307 rmse=0.406647
