============================================================
data:
  name: etth1
  root_path: data/ETT-small
  data_path: ETTh1.csv
  data_kind: ETTh
  features: M
  target: OT
  freq: h
  n_vars: 7
model:
  name: metatsf_conv
  type: cnn
  d_model: 128
  n_layers: 2
  dropout: 0.1
  channel_mlp_mult: 2
  revin: true
  affine: true
  mixer:
    type: conv
    kernel_size: 31
    dropout: 0.1
train:
  name: default
  seq_len: 96
  label_len: 48
  pred_len: 720
  batch_size: 32
  num_workers: 4
  train_epochs: 30
  patience: 8
  learning_rate: 0.001
  loss: mse
  lradj: type3
  weight_decay: 0.001
  gradient_clip: 1.0
  use_amp: true
  gpu_resident_data: false
  matmul_precision: highest
  log_interval: 50
  val_interval: 1
  checkpoint_dir: checkpoints
  use_wandb: false
  wandb_project: vglg-tsf
seed: 2021
device: cuda
project: vglg-tsf
run_name: null
tag: metatsf_tuned2

============================================================
Loaded data | train=7825 val=2161 test=2161
Built model: metatsf_conv | params=106,360
  epoch 1 batch 50/244 loss=0.674887
  epoch 1 batch 100/244 loss=0.650311
  epoch 1 batch 150/244 loss=0.638915
  epoch 1 batch 200/244 loss=0.628104
Epoch 1 | train_loss=0.626226 val_mse=1.571043 val_mae=0.855584 (4.9s)
  Validation improved to 1.571043; saved checkpoint.
  epoch 2 batch 50/244 loss=0.609151
  epoch 2 batch 100/244 loss=0.603465
  epoch 2 batch 150/244 loss=0.602716
  epoch 2 batch 200/244 loss=0.601667
Epoch 2 | train_loss=0.598384 val_mse=1.574845 val_mae=0.856664 (4.2s)
  EarlyStopping: 1/8
  epoch 3 batch 50/244 loss=0.583105
  epoch 3 batch 100/244 loss=0.583022
  epoch 3 batch 150/244 loss=0.576005
  epoch 3 batch 200/244 loss=0.572472
Epoch 3 | train_loss=0.569165 val_mse=1.593159 val_mae=0.860299 (4.3s)
  EarlyStopping: 2/8
  epoch 4 batch 50/244 loss=0.551988
  epoch 4 batch 100/244 loss=0.543523
  epoch 4 batch 150/244 loss=0.544675
  epoch 4 batch 200/244 loss=0.541316
Epoch 4 | train_loss=0.539617 val_mse=1.580423 val_mae=0.858446 (4.2s)
  EarlyStopping: 3/8
  epoch 5 batch 50/244 loss=0.516841
  epoch 5 batch 100/244 loss=0.522330
  epoch 5 batch 150/244 loss=0.523505
  epoch 5 batch 200/244 loss=0.522785
Epoch 5 | train_loss=0.521010 val_mse=1.606556 val_mae=0.874198 (4.3s)
  EarlyStopping: 4/8
  epoch 6 batch 50/244 loss=0.510968
  epoch 6 batch 100/244 loss=0.510816
  epoch 6 batch 150/244 loss=0.508258
  epoch 6 batch 200/244 loss=0.507648
Epoch 6 | train_loss=0.507365 val_mse=1.628196 val_mae=0.879532 (4.4s)
  EarlyStopping: 5/8
  epoch 7 batch 50/244 loss=0.505191
  epoch 7 batch 100/244 loss=0.503153
  epoch 7 batch 150/244 loss=0.500618
  epoch 7 batch 200/244 loss=0.497834
Epoch 7 | train_loss=0.496882 val_mse=1.659066 val_mae=0.891225 (4.2s)
  EarlyStopping: 6/8
  epoch 8 batch 50/244 loss=0.488737
  epoch 8 batch 100/244 loss=0.488021
  epoch 8 batch 150/244 loss=0.487927
  epoch 8 batch 200/244 loss=0.489879
Epoch 8 | train_loss=0.489134 val_mse=1.643208 val_mae=0.888848 (4.3s)
  EarlyStopping: 7/8
  epoch 9 batch 50/244 loss=0.479735
  epoch 9 batch 100/244 loss=0.482346
  epoch 9 batch 150/244 loss=0.484208
  epoch 9 batch 200/244 loss=0.483509
Epoch 9 | train_loss=0.483738 val_mse=1.650393 val_mae=0.893673 (4.4s)
  EarlyStopping: 8/8
Early stopping at epoch 9.

Test | mse=0.479153 mae=0.470362 rmse=0.692209
