============================================================
data:
  name: etth2
  root_path: data/ETT-small
  data_path: ETTh2.csv
  data_kind: ETTh
  features: M
  target: OT
  freq: h
  n_vars: 7
model:
  name: metatsf_conv
  type: cnn
  d_model: 128
  n_layers: 2
  dropout: 0.1
  channel_mlp_mult: 2
  revin: true
  affine: true
  mixer:
    type: conv
    kernel_size: 31
    dropout: 0.1
train:
  name: default
  seq_len: 96
  label_len: 48
  pred_len: 96
  batch_size: 32
  num_workers: 4
  train_epochs: 30
  patience: 8
  learning_rate: 0.001
  loss: mse
  lradj: type3
  weight_decay: 0.001
  gradient_clip: 1.0
  use_amp: true
  gpu_resident_data: false
  matmul_precision: highest
  log_interval: 50
  val_interval: 1
  checkpoint_dir: checkpoints
  use_wandb: false
  wandb_project: vglg-tsf
seed: 2021
device: cuda
project: vglg-tsf
run_name: null
tag: metatsf_tuned2

============================================================
Loaded data | train=8449 val=2785 test=2785
Built model: metatsf_conv | params=25,864
  epoch 1 batch 50/264 loss=0.445016
  epoch 1 batch 100/264 loss=0.419362
  epoch 1 batch 150/264 loss=0.418874
  epoch 1 batch 200/264 loss=0.421907
  epoch 1 batch 250/264 loss=0.422082
Epoch 1 | train_loss=0.421257 val_mse=0.231161 val_mae=0.325693 (5.0s)
  Validation improved to 0.231161; saved checkpoint.
  epoch 2 batch 50/264 loss=0.414241
  epoch 2 batch 100/264 loss=0.398334
  epoch 2 batch 150/264 loss=0.382754
  epoch 2 batch 200/264 loss=0.377699
  epoch 2 batch 250/264 loss=0.369938
Epoch 2 | train_loss=0.369822 val_mse=0.243356 val_mae=0.332761 (4.6s)
  EarlyStopping: 1/8
  epoch 3 batch 50/264 loss=0.349199
  epoch 3 batch 100/264 loss=0.338994
  epoch 3 batch 150/264 loss=0.340494
  epoch 3 batch 200/264 loss=0.341814
  epoch 3 batch 250/264 loss=0.335255
Epoch 3 | train_loss=0.333498 val_mse=0.243496 val_mae=0.333219 (4.6s)
  EarlyStopping: 2/8
  epoch 4 batch 50/264 loss=0.307416
  epoch 4 batch 100/264 loss=0.310900
  epoch 4 batch 150/264 loss=0.309032
  epoch 4 batch 200/264 loss=0.307061
  epoch 4 batch 250/264 loss=0.308257
Epoch 4 | train_loss=0.309523 val_mse=0.261182 val_mae=0.342080 (4.5s)
  EarlyStopping: 3/8
  epoch 5 batch 50/264 loss=0.313991
  epoch 5 batch 100/264 loss=0.309696
  epoch 5 batch 150/264 loss=0.299028
  epoch 5 batch 200/264 loss=0.297548
  epoch 5 batch 250/264 loss=0.296150
Epoch 5 | train_loss=0.295334 val_mse=0.257125 val_mae=0.341111 (3.9s)
  EarlyStopping: 4/8
  epoch 6 batch 50/264 loss=0.286977
  epoch 6 batch 100/264 loss=0.283391
  epoch 6 batch 150/264 loss=0.280993
  epoch 6 batch 200/264 loss=0.287240
  epoch 6 batch 250/264 loss=0.286368
Epoch 6 | train_loss=0.286164 val_mse=0.253963 val_mae=0.340784 (3.8s)
  EarlyStopping: 5/8
  epoch 7 batch 50/264 loss=0.277080
  epoch 7 batch 100/264 loss=0.279954
  epoch 7 batch 150/264 loss=0.277176
  epoch 7 batch 200/264 loss=0.280146
  epoch 7 batch 250/264 loss=0.278099
Epoch 7 | train_loss=0.277000 val_mse=0.251770 val_mae=0.339760 (4.6s)
  EarlyStopping: 6/8
  epoch 8 batch 50/264 loss=0.266833
  epoch 8 batch 100/264 loss=0.273364
  epoch 8 batch 150/264 loss=0.273296
  epoch 8 batch 200/264 loss=0.272064
  epoch 8 batch 250/264 loss=0.273063
Epoch 8 | train_loss=0.272522 val_mse=0.259462 val_mae=0.345228 (4.5s)
  EarlyStopping: 7/8
  epoch 9 batch 50/264 loss=0.267138
  epoch 9 batch 100/264 loss=0.274972
  epoch 9 batch 150/264 loss=0.271659
  epoch 9 batch 200/264 loss=0.271321
  epoch 9 batch 250/264 loss=0.266916
Epoch 9 | train_loss=0.267984 val_mse=0.259652 val_mae=0.344596 (4.2s)
  EarlyStopping: 8/8
Early stopping at epoch 9.

Test | mse=0.313604 mae=0.352327 rmse=0.560004
