[2026-05-29 19:23:25] BEGIN tuned2 on GPU 5 wd=0.001 worklist='traffic:96 traffic:192 weather:96 weather:192 weather:336 weather:720'
[2026-05-29 19:23:25] START traffic_metatsf_mlp_h96_s2021 (R3+wd=0.001)
[2026-05-29 19:26:44] OK    traffic_metatsf_mlp_h96_s2021 (199s) mse=0.475845
[2026-05-29 19:26:44] START traffic_metatsf_conv_h96_s2021 (R3+wd=0.001)
[2026-05-29 19:29:33] OK    traffic_metatsf_conv_h96_s2021 (169s) mse=0.485274
[2026-05-29 19:29:33] START traffic_metatsf_attn_h96_s2021 (R3+wd=0.001)
[2026-05-29 19:33:24] OK    traffic_metatsf_attn_h96_s2021 (231s) mse=0.459827
[2026-05-29 19:33:24] START traffic_metatsf_vglg_h96_s2021 (R3+wd=0.001)
[2026-05-29 19:36:28] OK    traffic_metatsf_vglg_h96_s2021 (184s) mse=0.501281
[2026-05-29 19:36:28] START traffic_metatsf_mlp_h192_s2021 (R3+wd=0.001)
[2026-05-29 19:40:55] OK    traffic_metatsf_mlp_h192_s2021 (267s) mse=0.479967
[2026-05-29 19:40:55] START traffic_metatsf_conv_h192_s2021 (R3+wd=0.001)
[2026-05-29 19:46:02] OK    traffic_metatsf_conv_h192_s2021 (307s) mse=0.493238
[2026-05-29 19:46:02] START traffic_metatsf_attn_h192_s2021 (R3+wd=0.001)
[2026-05-29 19:51:52] OK    traffic_metatsf_attn_h192_s2021 (350s) mse=0.482095
[2026-05-29 19:51:52] START traffic_metatsf_vglg_h192_s2021 (R3+wd=0.001)
[2026-05-29 19:56:30] OK    traffic_metatsf_vglg_h192_s2021 (278s) mse=0.495050
[2026-05-29 19:56:30] START weather_metatsf_mlp_h96_s2021 (R3+wd=0.001)
[2026-05-29 20:01:40] OK    weather_metatsf_mlp_h96_s2021 (310s) mse=0.161821
[2026-05-29 20:01:40] START weather_metatsf_conv_h96_s2021 (R3+wd=0.001)
[2026-05-29 20:05:59] OK    weather_metatsf_conv_h96_s2021 (259s) mse=0.161681
[2026-05-29 20:05:59] START weather_metatsf_attn_h96_s2021 (R3+wd=0.001)
[2026-05-29 20:14:31] OK    weather_metatsf_attn_h96_s2021 (512s) mse=0.162409
[2026-05-29 20:14:31] START weather_metatsf_vglg_h96_s2021 (R3+wd=0.001)
[2026-05-29 20:21:03] OK    weather_metatsf_vglg_h96_s2021 (392s) mse=0.156706
[2026-05-29 20:21:03] START weather_metatsf_mlp_h192_s2021 (R3+wd=0.001)
[2026-05-29 20:25:44] OK    weather_metatsf_mlp_h192_s2021 (281s) mse=0.210285
[2026-05-29 20:25:45] START weather_metatsf_conv_h192_s2021 (R3+wd=0.001)
[2026-05-29 20:28:16] OK    weather_metatsf_conv_h192_s2021 (150s) mse=0.209582
[2026-05-29 20:28:16] START weather_metatsf_attn_h192_s2021 (R3+wd=0.001)
[2026-05-29 20:33:08] OK    weather_metatsf_attn_h192_s2021 (292s) mse=0.212826
[2026-05-29 20:33:08] START weather_metatsf_vglg_h192_s2021 (R3+wd=0.001)
[2026-05-29 20:37:44] OK    weather_metatsf_vglg_h192_s2021 (276s) mse=0.209421
[2026-05-29 20:37:44] START weather_metatsf_mlp_h336_s2021 (R3+wd=0.001)
[2026-05-29 20:42:00] OK    weather_metatsf_mlp_h336_s2021 (256s) mse=0.273123
[2026-05-29 20:42:00] START weather_metatsf_conv_h336_s2021 (R3+wd=0.001)
[2026-05-29 20:45:54] OK    weather_metatsf_conv_h336_s2021 (234s) mse=0.270148
[2026-05-29 20:45:54] START weather_metatsf_attn_h336_s2021 (R3+wd=0.001)
[2026-05-29 20:50:09] OK    weather_metatsf_attn_h336_s2021 (255s) mse=0.271856
[2026-05-29 20:50:09] START weather_metatsf_vglg_h336_s2021 (R3+wd=0.001)
[2026-05-29 20:55:08] OK    weather_metatsf_vglg_h336_s2021 (299s) mse=0.267646
[2026-05-29 20:55:08] START weather_metatsf_mlp_h720_s2021 (R3+wd=0.001)
[2026-05-29 21:00:15] OK    weather_metatsf_mlp_h720_s2021 (307s) mse=0.374720
[2026-05-29 21:00:15] START weather_metatsf_conv_h720_s2021 (R3+wd=0.001)
[2026-05-29 21:04:40] OK    weather_metatsf_conv_h720_s2021 (265s) mse=0.358232
[2026-05-29 21:04:40] START weather_metatsf_attn_h720_s2021 (R3+wd=0.001)
[2026-05-29 21:11:23] OK    weather_metatsf_attn_h720_s2021 (403s) mse=0.366164
[2026-05-29 21:11:23] START weather_metatsf_vglg_h720_s2021 (R3+wd=0.001)
[2026-05-29 21:17:10] OK    weather_metatsf_vglg_h720_s2021 (347s) mse=0.352864
[2026-05-29 21:17:10] END tuned2 on GPU 5
