============================================================
data:
  name: electricity
  root_path: data/electricity
  data_path: electricity.csv
  data_kind: custom
  features: M
  target: OT
  freq: h
  n_vars: 321
model:
  name: metatsf_vglg
  type: vglg
  d_model: 128
  n_layers: 2
  dropout: 0.1
  channel_mlp_mult: 2
  revin: true
  affine: true
  mixer:
    type: vglg
    kernel_size: 31
    rank: 8
    dropout: 0.1
    gate_hidden: 16
    gate_entropy_reg: 0.0
    gate_mode: learned
train:
  name: default
  seq_len: 96
  label_len: 48
  pred_len: 336
  batch_size: 16
  num_workers: 4
  train_epochs: 10
  patience: 3
  learning_rate: 0.0001
  loss: mse
  lradj: type1
  weight_decay: 0.0
  gradient_clip: 1.0
  use_amp: true
  log_interval: 50
  val_interval: 1
  checkpoint_dir: checkpoints
  use_wandb: false
  wandb_project: vglg-tsf
seed: 2022
device: cuda
project: vglg-tsf
run_name: null
tag: ablation_full

============================================================
Loaded data | train=17981 val=2297 test=4925
Built model: metatsf_vglg | params=910,074
  epoch 1 batch 50/1123 loss=0.914310
  epoch 1 batch 100/1123 loss=0.754151
  epoch 1 batch 150/1123 loss=0.646113
  epoch 1 batch 200/1123 loss=0.579577
  epoch 1 batch 250/1123 loss=0.533023
  epoch 1 batch 300/1123 loss=0.495803
  epoch 1 batch 350/1123 loss=0.468026
  epoch 1 batch 400/1123 loss=0.445896
  epoch 1 batch 450/1123 loss=0.427973
  epoch 1 batch 500/1123 loss=0.413387
  epoch 1 batch 550/1123 loss=0.400661
  epoch 1 batch 600/1123 loss=0.389222
  epoch 1 batch 650/1123 loss=0.379452
  epoch 1 batch 700/1123 loss=0.370869
  epoch 1 batch 750/1123 loss=0.363168
  epoch 1 batch 800/1123 loss=0.355702
  epoch 1 batch 850/1123 loss=0.349217
  epoch 1 batch 900/1123 loss=0.343332
  epoch 1 batch 950/1123 loss=0.337789
  epoch 1 batch 1000/1123 loss=0.332968
  epoch 1 batch 1050/1123 loss=0.328198
  epoch 1 batch 1100/1123 loss=0.323739
Epoch 1 | train_loss=0.321766 val_mse=0.202663 val_mae=0.298162 (20.4s)
  Validation improved to 0.202663; saved checkpoint.
  epoch 2 batch 50/1123 loss=0.226530
  epoch 2 batch 100/1123 loss=0.230451
  epoch 2 batch 150/1123 loss=0.227744
  epoch 2 batch 200/1123 loss=0.226620
  epoch 2 batch 250/1123 loss=0.226341
  epoch 2 batch 300/1123 loss=0.225538
  epoch 2 batch 350/1123 loss=0.224390
  epoch 2 batch 400/1123 loss=0.223726
  epoch 2 batch 450/1123 loss=0.222838
  epoch 2 batch 500/1123 loss=0.222481
  epoch 2 batch 550/1123 loss=0.221891
  epoch 2 batch 600/1123 loss=0.221008
  epoch 2 batch 650/1123 loss=0.219809
  epoch 2 batch 700/1123 loss=0.218767
  epoch 2 batch 750/1123 loss=0.217787
  epoch 2 batch 800/1123 loss=0.216799
  epoch 2 batch 850/1123 loss=0.215934
  epoch 2 batch 900/1123 loss=0.214910
  epoch 2 batch 950/1123 loss=0.213889
  epoch 2 batch 1000/1123 loss=0.212811
  epoch 2 batch 1050/1123 loss=0.211938
  epoch 2 batch 1100/1123 loss=0.211239
Epoch 2 | train_loss=0.210837 val_mse=0.193264 val_mae=0.290778 (19.2s)
  Validation improved to 0.193264; saved checkpoint.
  epoch 3 batch 50/1123 loss=0.191535
  epoch 3 batch 100/1123 loss=0.190118
  epoch 3 batch 150/1123 loss=0.189501
  epoch 3 batch 200/1123 loss=0.189076
  epoch 3 batch 250/1123 loss=0.188317
  epoch 3 batch 300/1123 loss=0.188020
  epoch 3 batch 350/1123 loss=0.187466
  epoch 3 batch 400/1123 loss=0.186670
  epoch 3 batch 450/1123 loss=0.186548
  epoch 3 batch 500/1123 loss=0.186025
  epoch 3 batch 550/1123 loss=0.185659
  epoch 3 batch 600/1123 loss=0.185323
  epoch 3 batch 650/1123 loss=0.185445
  epoch 3 batch 700/1123 loss=0.184948
  epoch 3 batch 750/1123 loss=0.184697
  epoch 3 batch 800/1123 loss=0.184456
  epoch 3 batch 850/1123 loss=0.184220
  epoch 3 batch 900/1123 loss=0.183920
  epoch 3 batch 950/1123 loss=0.183631
  epoch 3 batch 1000/1123 loss=0.183237
  epoch 3 batch 1050/1123 loss=0.182829
  epoch 3 batch 1100/1123 loss=0.182521
Epoch 3 | train_loss=0.182456 val_mse=0.188325 val_mae=0.285742 (19.6s)
  Validation improved to 0.188325; saved checkpoint.
  epoch 4 batch 50/1123 loss=0.176384
  epoch 4 batch 100/1123 loss=0.175532
  epoch 4 batch 150/1123 loss=0.176452
  epoch 4 batch 200/1123 loss=0.175558
  epoch 4 batch 250/1123 loss=0.175214
  epoch 4 batch 300/1123 loss=0.175134
  epoch 4 batch 350/1123 loss=0.174855
  epoch 4 batch 400/1123 loss=0.174789
  epoch 4 batch 450/1123 loss=0.174582
  epoch 4 batch 500/1123 loss=0.174786
  epoch 4 batch 550/1123 loss=0.175202
  epoch 4 batch 600/1123 loss=0.174983
  epoch 4 batch 650/1123 loss=0.174716
  epoch 4 batch 700/1123 loss=0.174604
  epoch 4 batch 750/1123 loss=0.174528
  epoch 4 batch 800/1123 loss=0.174487
  epoch 4 batch 850/1123 loss=0.174252
  epoch 4 batch 900/1123 loss=0.174279
  epoch 4 batch 950/1123 loss=0.174085
  epoch 4 batch 1000/1123 loss=0.173874
  epoch 4 batch 1050/1123 loss=0.173790
  epoch 4 batch 1100/1123 loss=0.173815
Epoch 4 | train_loss=0.173665 val_mse=0.186025 val_mae=0.283271 (19.4s)
  Validation improved to 0.186025; saved checkpoint.
  epoch 5 batch 50/1123 loss=0.172419
  epoch 5 batch 100/1123 loss=0.171192
  epoch 5 batch 150/1123 loss=0.171494
  epoch 5 batch 200/1123 loss=0.170986
  epoch 5 batch 250/1123 loss=0.171489
  epoch 5 batch 300/1123 loss=0.171377
  epoch 5 batch 350/1123 loss=0.171013
  epoch 5 batch 400/1123 loss=0.170854
  epoch 5 batch 450/1123 loss=0.170847
  epoch 5 batch 500/1123 loss=0.170712
  epoch 5 batch 550/1123 loss=0.170769
  epoch 5 batch 600/1123 loss=0.170858
  epoch 5 batch 650/1123 loss=0.171074
  epoch 5 batch 700/1123 loss=0.170962
  epoch 5 batch 750/1123 loss=0.170734
  epoch 5 batch 800/1123 loss=0.170431
  epoch 5 batch 850/1123 loss=0.170344
  epoch 5 batch 900/1123 loss=0.170187
  epoch 5 batch 950/1123 loss=0.170134
  epoch 5 batch 1000/1123 loss=0.170061
  epoch 5 batch 1050/1123 loss=0.169994
  epoch 5 batch 1100/1123 loss=0.169817
Epoch 5 | train_loss=0.169774 val_mse=0.185830 val_mae=0.282797 (19.4s)
  Validation improved to 0.185830; saved checkpoint.
  epoch 6 batch 50/1123 loss=0.165384
  epoch 6 batch 100/1123 loss=0.167011
  epoch 6 batch 150/1123 loss=0.166955
  epoch 6 batch 200/1123 loss=0.167691
  epoch 6 batch 250/1123 loss=0.168037
  epoch 6 batch 300/1123 loss=0.167909
  epoch 6 batch 350/1123 loss=0.167527
  epoch 6 batch 400/1123 loss=0.167113
  epoch 6 batch 450/1123 loss=0.167693
  epoch 6 batch 500/1123 loss=0.167801
  epoch 6 batch 550/1123 loss=0.167628
  epoch 6 batch 600/1123 loss=0.167680
  epoch 6 batch 650/1123 loss=0.167708
  epoch 6 batch 700/1123 loss=0.167784
  epoch 6 batch 750/1123 loss=0.167756
  epoch 6 batch 800/1123 loss=0.167565
  epoch 6 batch 850/1123 loss=0.167595
  epoch 6 batch 900/1123 loss=0.167562
  epoch 6 batch 950/1123 loss=0.167726
  epoch 6 batch 1000/1123 loss=0.167769
  epoch 6 batch 1050/1123 loss=0.167806
  epoch 6 batch 1100/1123 loss=0.167870
Epoch 6 | train_loss=0.167820 val_mse=0.186117 val_mae=0.283303 (19.5s)
  EarlyStopping: 1/3
  epoch 7 batch 50/1123 loss=0.167653
  epoch 7 batch 100/1123 loss=0.165900
  epoch 7 batch 150/1123 loss=0.166783
  epoch 7 batch 200/1123 loss=0.166915
  epoch 7 batch 250/1123 loss=0.166677
  epoch 7 batch 300/1123 loss=0.166290
  epoch 7 batch 350/1123 loss=0.166341
  epoch 7 batch 400/1123 loss=0.166532
  epoch 7 batch 450/1123 loss=0.166741
  epoch 7 batch 500/1123 loss=0.166520
  epoch 7 batch 550/1123 loss=0.166692
  epoch 7 batch 600/1123 loss=0.166743
  epoch 7 batch 650/1123 loss=0.166913
  epoch 7 batch 700/1123 loss=0.167011
  epoch 7 batch 750/1123 loss=0.167042
  epoch 7 batch 800/1123 loss=0.166985
  epoch 7 batch 850/1123 loss=0.166892
  epoch 7 batch 900/1123 loss=0.166804
  epoch 7 batch 950/1123 loss=0.166890
  epoch 7 batch 1000/1123 loss=0.166847
  epoch 7 batch 1050/1123 loss=0.166832
  epoch 7 batch 1100/1123 loss=0.166902
Epoch 7 | train_loss=0.166848 val_mse=0.185751 val_mae=0.282911 (19.5s)
  Validation improved to 0.185751; saved checkpoint.
  epoch 8 batch 50/1123 loss=0.165114
  epoch 8 batch 100/1123 loss=0.166454
  epoch 8 batch 150/1123 loss=0.166940
  epoch 8 batch 200/1123 loss=0.166717
  epoch 8 batch 250/1123 loss=0.167104
  epoch 8 batch 300/1123 loss=0.167284
  epoch 8 batch 350/1123 loss=0.167098
  epoch 8 batch 400/1123 loss=0.167213
  epoch 8 batch 450/1123 loss=0.166816
  epoch 8 batch 500/1123 loss=0.166847
  epoch 8 batch 550/1123 loss=0.167080
  epoch 8 batch 600/1123 loss=0.166917
  epoch 8 batch 650/1123 loss=0.166768
  epoch 8 batch 700/1123 loss=0.166665
  epoch 8 batch 750/1123 loss=0.166713
  epoch 8 batch 800/1123 loss=0.166602
  epoch 8 batch 850/1123 loss=0.166696
  epoch 8 batch 900/1123 loss=0.166665
  epoch 8 batch 950/1123 loss=0.166592
  epoch 8 batch 1000/1123 loss=0.166509
  epoch 8 batch 1050/1123 loss=0.166431
  epoch 8 batch 1100/1123 loss=0.166457
Epoch 8 | train_loss=0.166362 val_mse=0.185382 val_mae=0.282748 (19.4s)
  Validation improved to 0.185382; saved checkpoint.
  epoch 9 batch 50/1123 loss=0.166458
  epoch 9 batch 100/1123 loss=0.165122
  epoch 9 batch 150/1123 loss=0.165683
  epoch 9 batch 200/1123 loss=0.165937
  epoch 9 batch 250/1123 loss=0.166036
  epoch 9 batch 300/1123 loss=0.166511
  epoch 9 batch 350/1123 loss=0.166835
  epoch 9 batch 400/1123 loss=0.166609
  epoch 9 batch 450/1123 loss=0.166329
  epoch 9 batch 500/1123 loss=0.166451
  epoch 9 batch 550/1123 loss=0.166155
  epoch 9 batch 600/1123 loss=0.166347
  epoch 9 batch 650/1123 loss=0.166188
  epoch 9 batch 700/1123 loss=0.166171
  epoch 9 batch 750/1123 loss=0.166080
  epoch 9 batch 800/1123 loss=0.166068
  epoch 9 batch 850/1123 loss=0.166182
  epoch 9 batch 900/1123 loss=0.166254
  epoch 9 batch 950/1123 loss=0.166174
  epoch 9 batch 1000/1123 loss=0.166153
  epoch 9 batch 1050/1123 loss=0.166065
  epoch 9 batch 1100/1123 loss=0.166097
Epoch 9 | train_loss=0.166102 val_mse=0.185533 val_mae=0.282764 (19.6s)
  EarlyStopping: 1/3
  epoch 10 batch 50/1123 loss=0.164464
  epoch 10 batch 100/1123 loss=0.165360
  epoch 10 batch 150/1123 loss=0.165766
  epoch 10 batch 200/1123 loss=0.166126
  epoch 10 batch 250/1123 loss=0.166074
  epoch 10 batch 300/1123 loss=0.166412
  epoch 10 batch 350/1123 loss=0.165817
  epoch 10 batch 400/1123 loss=0.165671
  epoch 10 batch 450/1123 loss=0.165824
  epoch 10 batch 500/1123 loss=0.165813
  epoch 10 batch 550/1123 loss=0.165755
  epoch 10 batch 600/1123 loss=0.165969
  epoch 10 batch 650/1123 loss=0.165928
  epoch 10 batch 700/1123 loss=0.165865
  epoch 10 batch 750/1123 loss=0.165986
  epoch 10 batch 800/1123 loss=0.166021
  epoch 10 batch 850/1123 loss=0.165954
  epoch 10 batch 900/1123 loss=0.166053
  epoch 10 batch 950/1123 loss=0.166104
  epoch 10 batch 1000/1123 loss=0.166144
  epoch 10 batch 1050/1123 loss=0.166015
  epoch 10 batch 1100/1123 loss=0.165993
Epoch 10 | train_loss=0.165983 val_mse=0.185584 val_mae=0.282849 (19.8s)
  EarlyStopping: 2/3

Test | mse=0.206034 mae=0.306858 rmse=0.453910
