============================================================
data:
  name: etth1
  root_path: data/ETT-small
  data_path: ETTh1.csv
  data_kind: ETTh
  features: M
  target: OT
  freq: h
  n_vars: 7
model:
  name: metatsf_vglg
  type: vglg
  d_model: 128
  n_layers: 2
  dropout: 0.1
  channel_mlp_mult: 2
  revin: true
  affine: true
  mixer:
    type: vglg
    kernel_size: 31
    rank: 8
    dropout: 0.1
    gate_hidden: 16
    gate_entropy_reg: 0.0
    gate_mode: learned
train:
  name: default
  seq_len: 96
  label_len: 48
  pred_len: 720
  batch_size: 32
  num_workers: 4
  train_epochs: 10
  patience: 3
  learning_rate: 0.0001
  loss: mse
  lradj: type1
  weight_decay: 0.0
  gradient_clip: 1.0
  use_amp: true
  log_interval: 50
  val_interval: 1
  checkpoint_dir: checkpoints
  use_wandb: false
  wandb_project: vglg-tsf
seed: 2023
device: cuda
project: vglg-tsf
run_name: null
tag: ablation_full

============================================================
Loaded data | train=7825 val=2161 test=2161
Built model: metatsf_vglg | params=110,554
  epoch 1 batch 50/244 loss=0.842184
  epoch 1 batch 100/244 loss=0.806480
  epoch 1 batch 150/244 loss=0.776956
  epoch 1 batch 200/244 loss=0.752829
Epoch 1 | train_loss=0.738138 val_mse=1.656705 val_mae=0.893722 (3.7s)
  Validation improved to 1.656705; saved checkpoint.
  epoch 2 batch 50/244 loss=0.658757
  epoch 2 batch 100/244 loss=0.659139
  epoch 2 batch 150/244 loss=0.652868
  epoch 2 batch 200/244 loss=0.648374
Epoch 2 | train_loss=0.643881 val_mse=1.595332 val_mae=0.866436 (3.1s)
  Validation improved to 1.595332; saved checkpoint.
  epoch 3 batch 50/244 loss=0.623643
  epoch 3 batch 100/244 loss=0.626885
  epoch 3 batch 150/244 loss=0.627277
  epoch 3 batch 200/244 loss=0.626078
Epoch 3 | train_loss=0.626243 val_mse=1.582351 val_mae=0.860674 (3.2s)
  Validation improved to 1.582351; saved checkpoint.
  epoch 4 batch 50/244 loss=0.626225
  epoch 4 batch 100/244 loss=0.625916
  epoch 4 batch 150/244 loss=0.623338
  epoch 4 batch 200/244 loss=0.622354
Epoch 4 | train_loss=0.621711 val_mse=1.577900 val_mae=0.858746 (3.2s)
  Validation improved to 1.577900; saved checkpoint.
  epoch 5 batch 50/244 loss=0.623785
  epoch 5 batch 100/244 loss=0.624153
  epoch 5 batch 150/244 loss=0.620828
  epoch 5 batch 200/244 loss=0.618777
Epoch 5 | train_loss=0.619915 val_mse=1.576047 val_mae=0.857922 (3.2s)
  Validation improved to 1.576047; saved checkpoint.
  epoch 6 batch 50/244 loss=0.617599
  epoch 6 batch 100/244 loss=0.614926
  epoch 6 batch 150/244 loss=0.618580
  epoch 6 batch 200/244 loss=0.618816
Epoch 6 | train_loss=0.619101 val_mse=1.575139 val_mae=0.857531 (3.2s)
  Validation improved to 1.575139; saved checkpoint.
  epoch 7 batch 50/244 loss=0.617209
  epoch 7 batch 100/244 loss=0.613357
  epoch 7 batch 150/244 loss=0.614026
  epoch 7 batch 200/244 loss=0.617971
Epoch 7 | train_loss=0.618445 val_mse=1.574701 val_mae=0.857342 (3.1s)
  Validation improved to 1.574701; saved checkpoint.
  epoch 8 batch 50/244 loss=0.618067
  epoch 8 batch 100/244 loss=0.616284
  epoch 8 batch 150/244 loss=0.615336
  epoch 8 batch 200/244 loss=0.617737
Epoch 8 | train_loss=0.618247 val_mse=1.574492 val_mae=0.857249 (3.1s)
  Validation improved to 1.574492; saved checkpoint.
  epoch 9 batch 50/244 loss=0.618861
  epoch 9 batch 100/244 loss=0.612897
  epoch 9 batch 150/244 loss=0.618197
  epoch 9 batch 200/244 loss=0.618877
Epoch 9 | train_loss=0.618164 val_mse=1.574383 val_mae=0.857203 (3.1s)
  Validation improved to 1.574383; saved checkpoint.
  epoch 10 batch 50/244 loss=0.608311
  epoch 10 batch 100/244 loss=0.612430
  epoch 10 batch 150/244 loss=0.612976
  epoch 10 batch 200/244 loss=0.616958
Epoch 10 | train_loss=0.618156 val_mse=1.574328 val_mae=0.857178 (3.1s)
  Validation improved to 1.574328; saved checkpoint.

Test | mse=0.503846 mae=0.484789 rmse=0.709821
