============================================================
data:
  name: etth1
  root_path: data/ETT-small
  data_path: ETTh1.csv
  data_kind: ETTh
  features: M
  target: OT
  freq: h
  n_vars: 7
model:
  name: metatsf_vglg
  type: vglg
  d_model: 128
  n_layers: 2
  dropout: 0.1
  channel_mlp_mult: 2
  revin: true
  affine: true
  mixer:
    type: vglg
    kernel_size: 51
    rank: 8
    dropout: 0.1
    gate_hidden: 16
    gate_entropy_reg: 0.0
    gate_mode: learned
train:
  name: default
  seq_len: 96
  label_len: 48
  pred_len: 336
  batch_size: 32
  num_workers: 4
  train_epochs: 10
  patience: 3
  learning_rate: 0.0001
  loss: mse
  lradj: type1
  weight_decay: 0.0
  gradient_clip: 1.0
  use_amp: true
  log_interval: 50
  val_interval: 1
  checkpoint_dir: checkpoints
  use_wandb: false
  wandb_project: vglg-tsf
seed: 2023
device: cuda
project: vglg-tsf
run_name: null
tag: ablation_kernel_51

============================================================
Loaded data | train=8209 val=2545 test=2545
Built model: metatsf_vglg | params=61,298
  epoch 1 batch 50/256 loss=0.697260
  epoch 1 batch 100/256 loss=0.667639
  epoch 1 batch 150/256 loss=0.642097
  epoch 1 batch 200/256 loss=0.622671
  epoch 1 batch 250/256 loss=0.605598
Epoch 1 | train_loss=0.604356 val_mse=1.372405 val_mae=0.799405 (3.5s)
  Validation improved to 1.372405; saved checkpoint.
  epoch 2 batch 50/256 loss=0.527171
  epoch 2 batch 100/256 loss=0.527028
  epoch 2 batch 150/256 loss=0.525820
  epoch 2 batch 200/256 loss=0.521618
  epoch 2 batch 250/256 loss=0.517018
Epoch 2 | train_loss=0.517666 val_mse=1.317654 val_mae=0.773010 (3.0s)
  Validation improved to 1.317654; saved checkpoint.
  epoch 3 batch 50/256 loss=0.500250
  epoch 3 batch 100/256 loss=0.503625
  epoch 3 batch 150/256 loss=0.505452
  epoch 3 batch 200/256 loss=0.503926
  epoch 3 batch 250/256 loss=0.503020
Epoch 3 | train_loss=0.502246 val_mse=1.309139 val_mae=0.768533 (2.9s)
  Validation improved to 1.309139; saved checkpoint.
  epoch 4 batch 50/256 loss=0.492382
  epoch 4 batch 100/256 loss=0.497597
  epoch 4 batch 150/256 loss=0.503044
  epoch 4 batch 200/256 loss=0.499946
  epoch 4 batch 250/256 loss=0.498541
Epoch 4 | train_loss=0.498393 val_mse=1.306239 val_mae=0.767129 (2.9s)
  Validation improved to 1.306239; saved checkpoint.
  epoch 5 batch 50/256 loss=0.493272
  epoch 5 batch 100/256 loss=0.492848
  epoch 5 batch 150/256 loss=0.493252
  epoch 5 batch 200/256 loss=0.495496
  epoch 5 batch 250/256 loss=0.496347
Epoch 5 | train_loss=0.496639 val_mse=1.305117 val_mae=0.766619 (2.9s)
  Validation improved to 1.305117; saved checkpoint.
  epoch 6 batch 50/256 loss=0.491669
  epoch 6 batch 100/256 loss=0.494619
  epoch 6 batch 150/256 loss=0.492335
  epoch 6 batch 200/256 loss=0.492846
  epoch 6 batch 250/256 loss=0.495934
Epoch 6 | train_loss=0.496063 val_mse=1.304615 val_mae=0.766368 (2.9s)
  Validation improved to 1.304615; saved checkpoint.
  epoch 7 batch 50/256 loss=0.497027
  epoch 7 batch 100/256 loss=0.494854
  epoch 7 batch 150/256 loss=0.499159
  epoch 7 batch 200/256 loss=0.496791
  epoch 7 batch 250/256 loss=0.495861
Epoch 7 | train_loss=0.495556 val_mse=1.304390 val_mae=0.766255 (2.9s)
  Validation improved to 1.304390; saved checkpoint.
  epoch 8 batch 50/256 loss=0.496889
  epoch 8 batch 100/256 loss=0.496440
  epoch 8 batch 150/256 loss=0.497043
  epoch 8 batch 200/256 loss=0.494940
  epoch 8 batch 250/256 loss=0.495086
Epoch 8 | train_loss=0.495312 val_mse=1.304262 val_mae=0.766188 (3.0s)
  Validation improved to 1.304262; saved checkpoint.
  epoch 9 batch 50/256 loss=0.482367
  epoch 9 batch 100/256 loss=0.489216
  epoch 9 batch 150/256 loss=0.493360
  epoch 9 batch 200/256 loss=0.495502
  epoch 9 batch 250/256 loss=0.495617
Epoch 9 | train_loss=0.495286 val_mse=1.304203 val_mae=0.766160 (2.8s)
  Validation improved to 1.304203; saved checkpoint.
  epoch 10 batch 50/256 loss=0.495154
  epoch 10 batch 100/256 loss=0.490288
  epoch 10 batch 150/256 loss=0.495166
  epoch 10 batch 200/256 loss=0.496061
  epoch 10 batch 250/256 loss=0.495289
Epoch 10 | train_loss=0.495288 val_mse=1.304173 val_mae=0.766145 (2.9s)
  Validation improved to 1.304173; saved checkpoint.

Test | mse=0.498520 mae=0.464226 rmse=0.706059
