============================================================
data:
  name: etth1
  root_path: data/ETT-small
  data_path: ETTh1.csv
  data_kind: ETTh
  features: M
  target: OT
  freq: h
  n_vars: 7
model:
  name: metatsf_vglg
  type: vglg
  d_model: 128
  n_layers: 2
  dropout: 0.1
  channel_mlp_mult: 2
  revin: true
  affine: true
  mixer:
    type: vglg
    kernel_size: 51
    rank: 8
    dropout: 0.1
    gate_hidden: 16
    gate_entropy_reg: 0.0
    gate_mode: learned
train:
  name: default
  seq_len: 96
  label_len: 48
  pred_len: 720
  batch_size: 32
  num_workers: 4
  train_epochs: 10
  patience: 3
  learning_rate: 0.0001
  loss: mse
  lradj: type1
  weight_decay: 0.0
  gradient_clip: 1.0
  use_amp: true
  log_interval: 50
  val_interval: 1
  checkpoint_dir: checkpoints
  use_wandb: false
  wandb_project: vglg-tsf
seed: 2022
device: cuda
project: vglg-tsf
run_name: null
tag: ablation_kernel_51

============================================================
Loaded data | train=7825 val=2161 test=2161
Built model: metatsf_vglg | params=110,834
  epoch 1 batch 50/244 loss=0.813157
  epoch 1 batch 100/244 loss=0.791483
  epoch 1 batch 150/244 loss=0.763973
  epoch 1 batch 200/244 loss=0.744585
Epoch 1 | train_loss=0.731418 val_mse=1.657307 val_mae=0.894849 (3.6s)
  Validation improved to 1.657307; saved checkpoint.
  epoch 2 batch 50/244 loss=0.664534
  epoch 2 batch 100/244 loss=0.654650
  epoch 2 batch 150/244 loss=0.649221
  epoch 2 batch 200/244 loss=0.646366
Epoch 2 | train_loss=0.643859 val_mse=1.597564 val_mae=0.868424 (2.9s)
  Validation improved to 1.597564; saved checkpoint.
  epoch 3 batch 50/244 loss=0.635435
  epoch 3 batch 100/244 loss=0.628923
  epoch 3 batch 150/244 loss=0.628855
  epoch 3 batch 200/244 loss=0.627849
Epoch 3 | train_loss=0.625862 val_mse=1.584309 val_mae=0.862213 (2.9s)
  Validation improved to 1.584309; saved checkpoint.
  epoch 4 batch 50/244 loss=0.621938
  epoch 4 batch 100/244 loss=0.620130
  epoch 4 batch 150/244 loss=0.617524
  epoch 4 batch 200/244 loss=0.619719
Epoch 4 | train_loss=0.621313 val_mse=1.580258 val_mae=0.860317 (2.9s)
  Validation improved to 1.580258; saved checkpoint.
  epoch 5 batch 50/244 loss=0.612976
  epoch 5 batch 100/244 loss=0.614271
  epoch 5 batch 150/244 loss=0.619098
  epoch 5 batch 200/244 loss=0.617784
Epoch 5 | train_loss=0.619436 val_mse=1.578165 val_mae=0.859405 (3.0s)
  Validation improved to 1.578165; saved checkpoint.
  epoch 6 batch 50/244 loss=0.613269
  epoch 6 batch 100/244 loss=0.619848
  epoch 6 batch 150/244 loss=0.615798
  epoch 6 batch 200/244 loss=0.619734
Epoch 6 | train_loss=0.618521 val_mse=1.577338 val_mae=0.859035 (2.9s)
  Validation improved to 1.577338; saved checkpoint.
  epoch 7 batch 50/244 loss=0.625551
  epoch 7 batch 100/244 loss=0.620338
  epoch 7 batch 150/244 loss=0.618807
  epoch 7 batch 200/244 loss=0.618691
Epoch 7 | train_loss=0.618260 val_mse=1.576925 val_mae=0.858849 (3.0s)
  Validation improved to 1.576925; saved checkpoint.
  epoch 8 batch 50/244 loss=0.613013
  epoch 8 batch 100/244 loss=0.617363
  epoch 8 batch 150/244 loss=0.618206
  epoch 8 batch 200/244 loss=0.618604
Epoch 8 | train_loss=0.617923 val_mse=1.576722 val_mae=0.858758 (3.0s)
  Validation improved to 1.576722; saved checkpoint.
  epoch 9 batch 50/244 loss=0.622889
  epoch 9 batch 100/244 loss=0.618487
  epoch 9 batch 150/244 loss=0.618460
  epoch 9 batch 200/244 loss=0.618885
Epoch 9 | train_loss=0.617908 val_mse=1.576617 val_mae=0.858709 (3.0s)
  Validation improved to 1.576617; saved checkpoint.
  epoch 10 batch 50/244 loss=0.624872
  epoch 10 batch 100/244 loss=0.622810
  epoch 10 batch 150/244 loss=0.618713
  epoch 10 batch 200/244 loss=0.617866
Epoch 10 | train_loss=0.618106 val_mse=1.576565 val_mae=0.858685 (3.0s)
  Validation improved to 1.576565; saved checkpoint.

Test | mse=0.496965 mae=0.480221 rmse=0.704958
