============================================================
data:
  name: etth1
  root_path: data/ETT-small
  data_path: ETTh1.csv
  data_kind: ETTh
  features: M
  target: OT
  freq: h
  n_vars: 7
model:
  name: metatsf_vglg
  type: vglg
  d_model: 128
  n_layers: 2
  dropout: 0.1
  channel_mlp_mult: 2
  revin: true
  affine: true
  mixer:
    type: vglg
    kernel_size: 51
    rank: 8
    dropout: 0.1
    gate_hidden: 16
    gate_entropy_reg: 0.0
    gate_mode: learned
train:
  name: default
  seq_len: 96
  label_len: 48
  pred_len: 96
  batch_size: 32
  num_workers: 4
  train_epochs: 10
  patience: 3
  learning_rate: 0.0001
  loss: mse
  lradj: type1
  weight_decay: 0.0
  gradient_clip: 1.0
  use_amp: true
  log_interval: 50
  val_interval: 1
  checkpoint_dir: checkpoints
  use_wandb: false
  wandb_project: vglg-tsf
seed: 2022
device: cuda
project: vglg-tsf
run_name: null
tag: ablation_kernel_51

============================================================
Loaded data | train=8449 val=2785 test=2785
Built model: metatsf_vglg | params=30,338
  epoch 1 batch 50/264 loss=0.604854
  epoch 1 batch 100/264 loss=0.559906
  epoch 1 batch 150/264 loss=0.530841
  epoch 1 batch 200/264 loss=0.507471
  epoch 1 batch 250/264 loss=0.492149
Epoch 1 | train_loss=0.487338 val_mse=0.802164 val_mae=0.606165 (3.5s)
  Validation improved to 0.802164; saved checkpoint.
  epoch 2 batch 50/264 loss=0.402937
  epoch 2 batch 100/264 loss=0.404545
  epoch 2 batch 150/264 loss=0.400724
  epoch 2 batch 200/264 loss=0.397146
  epoch 2 batch 250/264 loss=0.397117
Epoch 2 | train_loss=0.396146 val_mse=0.742239 val_mae=0.574861 (2.8s)
  Validation improved to 0.742239; saved checkpoint.
  epoch 3 batch 50/264 loss=0.393609
  epoch 3 batch 100/264 loss=0.383929
  epoch 3 batch 150/264 loss=0.382042
  epoch 3 batch 200/264 loss=0.380700
  epoch 3 batch 250/264 loss=0.380219
Epoch 3 | train_loss=0.379731 val_mse=0.728785 val_mae=0.567437 (2.9s)
  Validation improved to 0.728785; saved checkpoint.
  epoch 4 batch 50/264 loss=0.383051
  epoch 4 batch 100/264 loss=0.378403
  epoch 4 batch 150/264 loss=0.375407
  epoch 4 batch 200/264 loss=0.374351
  epoch 4 batch 250/264 loss=0.375549
Epoch 4 | train_loss=0.374991 val_mse=0.724146 val_mae=0.564901 (2.8s)
  Validation improved to 0.724146; saved checkpoint.
  epoch 5 batch 50/264 loss=0.376236
  epoch 5 batch 100/264 loss=0.368728
  epoch 5 batch 150/264 loss=0.372695
  epoch 5 batch 200/264 loss=0.373819
  epoch 5 batch 250/264 loss=0.372954
Epoch 5 | train_loss=0.373044 val_mse=0.722457 val_mae=0.563919 (2.9s)
  Validation improved to 0.722457; saved checkpoint.
  epoch 6 batch 50/264 loss=0.377989
  epoch 6 batch 100/264 loss=0.374104
  epoch 6 batch 150/264 loss=0.372147
  epoch 6 batch 200/264 loss=0.371207
  epoch 6 batch 250/264 loss=0.371868
Epoch 6 | train_loss=0.372095 val_mse=0.721503 val_mae=0.563377 (2.9s)
  Validation improved to 0.721503; saved checkpoint.
  epoch 7 batch 50/264 loss=0.367683
  epoch 7 batch 100/264 loss=0.373195
  epoch 7 batch 150/264 loss=0.368627
  epoch 7 batch 200/264 loss=0.373041
  epoch 7 batch 250/264 loss=0.371880
Epoch 7 | train_loss=0.371568 val_mse=0.721170 val_mae=0.563167 (2.9s)
  Validation improved to 0.721170; saved checkpoint.
  epoch 8 batch 50/264 loss=0.374777
  epoch 8 batch 100/264 loss=0.367542
  epoch 8 batch 150/264 loss=0.372076
  epoch 8 batch 200/264 loss=0.372900
  epoch 8 batch 250/264 loss=0.371939
Epoch 8 | train_loss=0.371379 val_mse=0.720953 val_mae=0.563033 (2.8s)
  Validation improved to 0.720953; saved checkpoint.
  epoch 9 batch 50/264 loss=0.370871
  epoch 9 batch 100/264 loss=0.369995
  epoch 9 batch 150/264 loss=0.371559
  epoch 9 batch 200/264 loss=0.369938
  epoch 9 batch 250/264 loss=0.370380
Epoch 9 | train_loss=0.371277 val_mse=0.720848 val_mae=0.562969 (2.9s)
  Validation improved to 0.720848; saved checkpoint.
  epoch 10 batch 50/264 loss=0.369023
  epoch 10 batch 100/264 loss=0.366322
  epoch 10 batch 150/264 loss=0.369114
  epoch 10 batch 200/264 loss=0.368882
  epoch 10 batch 250/264 loss=0.371083
Epoch 10 | train_loss=0.371228 val_mse=0.720790 val_mae=0.562936 (2.9s)
  Validation improved to 0.720790; saved checkpoint.

Test | mse=0.402579 mae=0.413262 rmse=0.634491
