[2026-05-29 13:24:10] BEGIN reg-scout on GPU 2 (ONLY='S1_wd1e4 S2_wd1e3 S3_wd1e2 S4_do2 S5_do3')
[2026-05-29 13:24:10] START S1_wd1e4_etth1_metatsf_vglg_h96_s2021 :: train.weight_decay=0.0001
[2026-05-29 18:41:59] BEGIN reg-scout on GPU 2 (ONLY='S1_wd1e4 S2_wd1e3 S3_wd1e2 S4_do2 S5_do3')
[2026-05-29 18:41:59] START S1_wd1e4_etth1_metatsf_vglg_h96_s2021 :: train.weight_decay=0.0001
[2026-05-29 18:43:35] OK    S1_wd1e4_etth1_metatsf_vglg_h96_s2021 (96s) mse=0.386345
[2026-05-29 18:43:35] START S1_wd1e4_electricity_metatsf_vglg_h96_s2021 :: train.weight_decay=0.0001
[2026-05-29 18:46:35] OK    S1_wd1e4_electricity_metatsf_vglg_h96_s2021 (180s) mse=0.159783
[2026-05-29 18:46:35] START S1_wd1e4_traffic_metatsf_vglg_h96_s2021 :: train.weight_decay=0.0001
[2026-05-29 18:48:43] OK    S1_wd1e4_traffic_metatsf_vglg_h96_s2021 (128s) mse=0.560598
[2026-05-29 18:48:43] START S2_wd1e3_etth1_metatsf_vglg_h96_s2021 :: train.weight_decay=0.001
[2026-05-29 18:50:17] OK    S2_wd1e3_etth1_metatsf_vglg_h96_s2021 (94s) mse=0.387235
[2026-05-29 18:50:17] START S2_wd1e3_electricity_metatsf_vglg_h96_s2021 :: train.weight_decay=0.001
[2026-05-29 18:55:12] OK    S2_wd1e3_electricity_metatsf_vglg_h96_s2021 (295s) mse=0.161952
[2026-05-29 18:55:12] START S2_wd1e3_traffic_metatsf_vglg_h96_s2021 :: train.weight_decay=0.001
[2026-05-29 18:58:29] OK    S2_wd1e3_traffic_metatsf_vglg_h96_s2021 (197s) mse=0.501281
[2026-05-29 18:58:29] START S3_wd1e2_etth1_metatsf_vglg_h96_s2021 :: train.weight_decay=0.01
[2026-05-29 19:00:58] OK    S3_wd1e2_etth1_metatsf_vglg_h96_s2021 (149s) mse=0.400218
[2026-05-29 19:00:58] START S3_wd1e2_electricity_metatsf_vglg_h96_s2021 :: train.weight_decay=0.01
[2026-05-29 19:03:50] OK    S3_wd1e2_electricity_metatsf_vglg_h96_s2021 (172s) mse=0.200059
[2026-05-29 19:03:50] START S3_wd1e2_traffic_metatsf_vglg_h96_s2021 :: train.weight_decay=0.01
[2026-05-29 19:07:00] OK    S3_wd1e2_traffic_metatsf_vglg_h96_s2021 (190s) mse=0.561435
[2026-05-29 19:07:00] START S4_do2_etth1_metatsf_vglg_h96_s2021 :: model.dropout=0.2 model.mixer.dropout=0.2
[2026-05-29 19:08:26] OK    S4_do2_etth1_metatsf_vglg_h96_s2021 (86s) mse=0.390296
[2026-05-29 19:08:26] START S4_do2_electricity_metatsf_vglg_h96_s2021 :: model.dropout=0.2 model.mixer.dropout=0.2
[2026-05-29 19:11:25] OK    S4_do2_electricity_metatsf_vglg_h96_s2021 (179s) mse=0.165886
[2026-05-29 19:11:25] START S4_do2_traffic_metatsf_vglg_h96_s2021 :: model.dropout=0.2 model.mixer.dropout=0.2
[2026-05-29 19:13:33] OK    S4_do2_traffic_metatsf_vglg_h96_s2021 (128s) mse=0.575201
[2026-05-29 19:13:33] START S5_do3_etth1_metatsf_vglg_h96_s2021 :: model.dropout=0.3 model.mixer.dropout=0.3
[2026-05-29 19:14:56] OK    S5_do3_etth1_metatsf_vglg_h96_s2021 (83s) mse=0.389925
[2026-05-29 19:14:56] START S5_do3_electricity_metatsf_vglg_h96_s2021 :: model.dropout=0.3 model.mixer.dropout=0.3
[2026-05-29 19:17:57] OK    S5_do3_electricity_metatsf_vglg_h96_s2021 (181s) mse=0.163965
[2026-05-29 19:17:57] START S5_do3_traffic_metatsf_vglg_h96_s2021 :: model.dropout=0.3 model.mixer.dropout=0.3
[2026-05-29 19:20:14] OK    S5_do3_traffic_metatsf_vglg_h96_s2021 (137s) mse=0.562861
[2026-05-29 19:20:14] END reg-scout on GPU 2
