============================================================
data:
  name: etth1
  root_path: data/ETT-small
  data_path: ETTh1.csv
  data_kind: ETTh
  features: M
  target: OT
  freq: h
  n_vars: 7
model:
  name: metatsf_vglg
  type: vglg
  d_model: 256
  n_layers: 2
  dropout: 0.1
  channel_mlp_mult: 2
  revin: true
  affine: true
  mixer:
    type: vglg
    kernel_size: 31
    rank: 8
    dropout: 0.1
    gate_hidden: 16
    gate_entropy_reg: 0.0
    gate_mode: learned
train:
  name: default
  seq_len: 96
  label_len: 48
  pred_len: 96
  batch_size: 32
  num_workers: 4
  train_epochs: 30
  patience: 8
  learning_rate: 0.001
  loss: mse
  lradj: type3
  weight_decay: 0.0
  gradient_clip: 1.0
  use_amp: true
  gpu_resident_data: false
  matmul_precision: highest
  log_interval: 50
  val_interval: 1
  checkpoint_dir: checkpoints
  use_wandb: false
  wandb_project: vglg-tsf
seed: 2021
device: cuda
project: vglg-tsf
run_name: S8_dm256_etth1_metatsf_vglg_h96_s2021
tag: metatsf_tuned2_scout

============================================================
Loaded data | train=8449 val=2785 test=2785
Built model: metatsf_vglg | params=58,858
  epoch 1 batch 50/264 loss=0.415114
  epoch 1 batch 100/264 loss=0.394584
  epoch 1 batch 150/264 loss=0.382740
  epoch 1 batch 200/264 loss=0.373614
  epoch 1 batch 250/264 loss=0.371923
Epoch 1 | train_loss=0.371290 val_mse=0.691549 val_mae=0.546011 (7.4s)
  Validation improved to 0.691549; saved checkpoint.
  epoch 2 batch 50/264 loss=0.351590
  epoch 2 batch 100/264 loss=0.343526
  epoch 2 batch 150/264 loss=0.343707
  epoch 2 batch 200/264 loss=0.344780
  epoch 2 batch 250/264 loss=0.344930
Epoch 2 | train_loss=0.345278 val_mse=0.697565 val_mae=0.548182 (6.9s)
  EarlyStopping: 1/8
  epoch 3 batch 50/264 loss=0.329038
  epoch 3 batch 100/264 loss=0.335073
  epoch 3 batch 150/264 loss=0.336506
  epoch 3 batch 200/264 loss=0.336996
  epoch 3 batch 250/264 loss=0.336215
Epoch 3 | train_loss=0.335792 val_mse=0.691686 val_mae=0.546376 (7.0s)
  EarlyStopping: 2/8
  epoch 4 batch 50/264 loss=0.325681
  epoch 4 batch 100/264 loss=0.326752
  epoch 4 batch 150/264 loss=0.327248
  epoch 4 batch 200/264 loss=0.327731
  epoch 4 batch 250/264 loss=0.329094
Epoch 4 | train_loss=0.328009 val_mse=0.701179 val_mae=0.551006 (7.1s)
  EarlyStopping: 3/8
  epoch 5 batch 50/264 loss=0.319825
  epoch 5 batch 100/264 loss=0.323135
  epoch 5 batch 150/264 loss=0.321633
  epoch 5 batch 200/264 loss=0.320205
  epoch 5 batch 250/264 loss=0.321054
Epoch 5 | train_loss=0.320720 val_mse=0.707234 val_mae=0.556351 (7.1s)
  EarlyStopping: 4/8
  epoch 6 batch 50/264 loss=0.315715
  epoch 6 batch 100/264 loss=0.317865
  epoch 6 batch 150/264 loss=0.314640
  epoch 6 batch 200/264 loss=0.313850
  epoch 6 batch 250/264 loss=0.314154
Epoch 6 | train_loss=0.313976 val_mse=0.704397 val_mae=0.557221 (6.9s)
  EarlyStopping: 5/8
  epoch 7 batch 50/264 loss=0.305542
  epoch 7 batch 100/264 loss=0.306666
  epoch 7 batch 150/264 loss=0.306850
  epoch 7 batch 200/264 loss=0.308294
  epoch 7 batch 250/264 loss=0.307885
Epoch 7 | train_loss=0.308244 val_mse=0.739904 val_mae=0.571186 (7.0s)
  EarlyStopping: 6/8
  epoch 8 batch 50/264 loss=0.299081
  epoch 8 batch 100/264 loss=0.301760
  epoch 8 batch 150/264 loss=0.303996
  epoch 8 batch 200/264 loss=0.304219
  epoch 8 batch 250/264 loss=0.301828
Epoch 8 | train_loss=0.301871 val_mse=0.738512 val_mae=0.569287 (6.8s)
  EarlyStopping: 7/8
  epoch 9 batch 50/264 loss=0.299455
  epoch 9 batch 100/264 loss=0.296071
  epoch 9 batch 150/264 loss=0.295367
  epoch 9 batch 200/264 loss=0.297079
  epoch 9 batch 250/264 loss=0.296341
Epoch 9 | train_loss=0.296602 val_mse=0.737997 val_mae=0.572196 (7.0s)
  EarlyStopping: 8/8
Early stopping at epoch 9.

Test | mse=0.395411 mae=0.403341 rmse=0.628817
